#
# There is insufficient memory for the Java Runtime Environment to continue.
# Native memory allocation (malloc) failed to allocate 1901616 bytes for Chunk::new
# Possible reasons:
#   The system is out of physical RAM or swap space
#   The process is running with CompressedOops enabled, and the Java Heap may be blocking the growth of the native heap
# Possible solutions:
#   Reduce memory load on the system
#   Increase physical memory or swap space
#   Check if swap backing store is full
#   Decrease Java heap size (-Xmx/-Xms)
#   Decrease number of Java threads
#   Decrease Java thread stack sizes (-Xss)
#   Set larger code cache with -XX:ReservedCodeCacheSize=
#   JVM is running with Unscaled Compressed Oops mode in which the Java heap is
#     placed in the first 4GB address space. The Java Heap base address is the
#     maximum limit for the native heap growth. Please use -XX:HeapBaseMinAddress
#     to set the Java Heap base and to place the Java Heap above 4GB virtual address.
# This output file may be truncated or incomplete.
#
#  Out of Memory Error (./src/hotspot/share/memory/arena.cpp:197), pid=7148, tid=4800
#
# JRE version: OpenJDK Runtime Environment (11.0.8+10) (build 11.0.8+10-b944.6842174)
# Java VM: OpenJDK 64-Bit Server VM (11.0.8+10-b944.6842174, mixed mode, tiered, compressed oops, g1 gc, windows-amd64)
# No core dump will be written. Minidumps are not enabled by default on client versions of Windows
#

---------------  S U M M A R Y ------------

Command Line: --add-opens=java.base/java.util=ALL-UNNAMED --add-opens=java.base/java.lang=ALL-UNNAMED --add-opens=java.base/java.lang.invoke=ALL-UNNAMED --add-opens=java.prefs/java.util.prefs=ALL-UNNAMED -Xmx2048m -Dfile.encoding=UTF-8 -Duser.country=RU -Duser.language=ru -Duser.variant org.gradle.launcher.daemon.bootstrap.GradleDaemon 6.7.1

Host: Intel(R) Core(TM) i3-2370M CPU @ 2.40GHz, 4 cores, 3G,  Windows 10 , 64 bit Build 17763 (10.0.17763.2028)
Time: Mon Aug  9 14:03:04 2021 RTZ 2 (ceia) elapsed time: 16 seconds (0d 0h 0m 16s)

---------------  T H R E A D  ---------------

Current thread (0x00000218921d2000):  JavaThread "C2 CompilerThread1" daemon [_thread_in_native, id=4800, stack(0x0000006e85d00000,0x0000006e85e00000)]


Current CompileTask:
C2:  16369 6313 %     4       org.gradle.internal.instantiation.generator.AbstractClassGenerator::inspectType @ 107 (560 bytes)

Stack: [0x0000006e85d00000,0x0000006e85e00000]
Native frames: (J=compiled Java code, j=interpreted, Vv=VM code, C=native code)
V  [jvm.dll+0x5de50a]
V  [jvm.dll+0x7122f5]
V  [jvm.dll+0x71384d]
V  [jvm.dll+0x713f03]
V  [jvm.dll+0x23e728]
V  [jvm.dll+0xb899c]
V  [jvm.dll+0xb8e9c]
V  [jvm.dll+0x35024d]
V  [jvm.dll+0x31dea3]
V  [jvm.dll+0x31d39a]
V  [jvm.dll+0x1f7702]
V  [jvm.dll+0x1f68d4]
V  [jvm.dll+0x17f32c]
V  [jvm.dll+0x205047]
V  [jvm.dll+0x203891]
V  [jvm.dll+0x6dad3f]
V  [jvm.dll+0x6d3895]
V  [jvm.dll+0x5dd4a6]
C  [ucrtbase.dll+0x2268a]
C  [KERNEL32.DLL+0x17974]
C  [ntdll.dll+0x5a2f1]


---------------  P R O C E S S  ---------------

Threads class SMR info:
_java_thread_list=0x000002189166bd40, length=155, elements={
0x00000218f27ab000, 0x00000218fd1d8000, 0x00000218fd1e5800, 0x00000218fd1f7000,
0x00000218fd1fa000, 0x00000218fd1fb000, 0x00000218fd20b000, 0x00000218fd214800,
0x00000218fdccd000, 0x00000218fdced800, 0x00000218ff66b800, 0x00000218ff0cc000,
0x00000218ff1ff000, 0x00000218ff57c000, 0x00000218ff57d000, 0x00000218ff603800,
0x00000218fe836000, 0x00000218fee9c800, 0x00000218fe97f800, 0x00000218fe980800,
0x000002188f006000, 0x000002188f002800, 0x000002188f003800, 0x000002188f000800,
0x000002188f004800, 0x000002188f005000, 0x000002188f007000, 0x000002188f001000,
0x000002188f002000, 0x0000021892563000, 0x0000021892566800, 0x0000021892565000,
0x0000021892561800, 0x0000021892560800, 0x0000021892568000, 0x0000021892565800,
0x0000021892567000, 0x0000021892562800, 0x000002189256d800, 0x0000021892569000,
0x0000021892569800, 0x000002189256c000, 0x000002189256a800, 0x000002189256b800,
0x000002189256d000, 0x00000218924e7000, 0x00000218924e4800, 0x00000218924e2000,
0x00000218924e1000, 0x00000218924e7800, 0x00000218924e5800, 0x00000218924e6000,
0x00000218924e3000, 0x00000218924e8800, 0x00000218924e9800, 0x00000218924e3800,
0x00000218924f0000, 0x00000218924ec000, 0x00000218924ea000, 0x00000218924eb000,
0x00000218924ec800, 0x00000218924ed800, 0x00000218924ee800, 0x00000218924ef000,
0x000002189254f800, 0x000002189254a000, 0x000002189254d000, 0x000002189254b000,
0x000002189254e000, 0x0000021892551800, 0x000002189254b800, 0x0000021892552000,
0x000002189254c800, 0x000002189254f000, 0x0000021892553000, 0x0000021892550800,
0x0000021892555800, 0x0000021892558000, 0x0000021892556000, 0x0000021892557000,
0x0000021892554800, 0x0000021892558800, 0x0000021892554000, 0x0000021890e3b800,
0x0000021890e3f800, 0x0000021890e3e800, 0x0000021890e3a800, 0x0000021890e3c000,
0x0000021890e40800, 0x0000021890e42800, 0x0000021890e3e000, 0x0000021890e3d000,
0x0000021890e44800, 0x0000021890e47000, 0x0000021890e41000, 0x0000021890e47800,
0x0000021890e45000, 0x0000021890e43800, 0x0000021890e46000, 0x0000021890e42000,
0x0000021890e48800, 0x0000021890e49800, 0x000002189261a800, 0x0000021892619800,
0x0000021892619000, 0x000002189261c000, 0x000002189261d800, 0x000002189261b800,
0x0000021892618000, 0x000002189261e800, 0x000002189261f800, 0x0000021892620000,
0x0000021892621000, 0x0000021892622000, 0x000002189261d000, 0x0000021892622800,
0x0000021892624000, 0x0000021892626000, 0x0000021892623800, 0x0000021892625000,
0x0000021892626800, 0x00000218923e9000, 0x00000218923e8000, 0x00000218923e7000,
0x00000218923e9800, 0x00000218923eb800, 0x00000218923ea800, 0x00000218923e5800,
0x00000218923ec000, 0x00000218923e6800, 0x00000218923f0000, 0x00000218923ef800,
0x00000218923f2000, 0x00000218923f1000, 0x00000218923f2800, 0x00000218923ed000,
0x00000218923f3800, 0x00000218923ed800, 0x00000218923f4800, 0x00000218923ee800,
0x0000021890d9f000, 0x0000021890da0000, 0x0000021890da0800, 0x0000021890da1800,
0x0000021890da2800, 0x0000021890da3000, 0x0000021890d9e800, 0x0000021890da9800,
0x0000021890da9000, 0x0000021890da5000, 0x0000021890da5800, 0x0000021890da4000,
0x0000021890da7800, 0x00000218921d2000, 0x0000021890daa800
}

Java Threads: ( => current thread )
  0x00000218f27ab000 JavaThread "main" [_thread_blocked, id=1060, stack(0x0000006efb700000,0x0000006efb800000)]
  0x00000218fd1d8000 JavaThread "Reference Handler" daemon [_thread_blocked, id=4908, stack(0x0000006efbe00000,0x0000006efbf00000)]
  0x00000218fd1e5800 JavaThread "Finalizer" daemon [_thread_blocked, id=5008, stack(0x0000006efbf00000,0x0000006efc000000)]
  0x00000218fd1f7000 JavaThread "Signal Dispatcher" daemon [_thread_blocked, id=32, stack(0x0000006efc000000,0x0000006efc100000)]
  0x00000218fd1fa000 JavaThread "Attach Listener" daemon [_thread_blocked, id=2508, stack(0x0000006efc100000,0x0000006efc200000)]
  0x00000218fd1fb000 JavaThread "C2 CompilerThread0" daemon [_thread_in_native, id=8508, stack(0x0000006efc200000,0x0000006efc300000)]
  0x00000218fd20b000 JavaThread "C1 CompilerThread0" daemon [_thread_in_native, id=3624, stack(0x0000006efc300000,0x0000006efc400000)]
  0x00000218fd214800 JavaThread "Sweeper thread" daemon [_thread_blocked, id=7468, stack(0x0000006efc400000,0x0000006efc500000)]
  0x00000218fdccd000 JavaThread "Common-Cleaner" daemon [_thread_blocked, id=8120, stack(0x0000006efc500000,0x0000006efc600000)]
  0x00000218fdced800 JavaThread "Service Thread" daemon [_thread_blocked, id=7972, stack(0x0000006efc600000,0x0000006efc700000)]
  0x00000218ff66b800 JavaThread "Daemon health stats" [_thread_blocked, id=3660, stack(0x0000006efca00000,0x0000006efcb00000)]
  0x00000218ff0cc000 JavaThread "Incoming local TCP Connector on port 53588" [_thread_in_native, id=5032, stack(0x0000006efce00000,0x0000006efcf00000)]
  0x00000218ff1ff000 JavaThread "Daemon periodic checks" [_thread_blocked, id=5780, stack(0x0000006efcf00000,0x0000006efd000000)]
  0x00000218ff57c000 JavaThread "Daemon" [_thread_blocked, id=3632, stack(0x0000006efd000000,0x0000006efd100000)]
  0x00000218ff57d000 JavaThread "Handler for socket connection from /127.0.0.1:53588 to /127.0.0.1:53589" [_thread_in_native, id=4208, stack(0x0000006efd100000,0x0000006efd200000)]
  0x00000218ff603800 JavaThread "Cancel handler" [_thread_blocked, id=3912, stack(0x0000006efd200000,0x0000006efd300000)]
  0x00000218fe836000 JavaThread "Daemon worker" [_thread_in_vm, id=8752, stack(0x0000006efd400000,0x0000006efd500000)]
  0x00000218fee9c800 JavaThread "Asynchronous log dispatcher for DefaultDaemonConnection: socket connection from /127.0.0.1:53588 to /127.0.0.1:53589" [_thread_blocked, id=4936, stack(0x0000006efd500000,0x0000006efd600000)]
  0x00000218fe97f800 JavaThread "Stdin handler" [_thread_blocked, id=1424, stack(0x0000006efd600000,0x0000006efd700000)]
  0x00000218fe980800 JavaThread "Thread-8" [_thread_blocked, id=4196, stack(0x0000006efd700000,0x0000006efd800000)]
  0x000002188f006000 JavaThread "Cache worker for file hash cache (C:\Users\Home\.gradle\caches\6.7.1\fileHashes)" [_thread_blocked, id=7108, stack(0x0000006efd800000,0x0000006efd900000)]
  0x000002188f002800 JavaThread "File lock request listener" [_thread_in_native, id=6704, stack(0x0000006efd900000,0x0000006efda00000)]
  0x000002188f003800 JavaThread "Cache worker for journal cache (C:\Users\Home\.gradle\caches\journal-1)" [_thread_blocked, id=5156, stack(0x0000006efd300000,0x0000006efd400000)]
  0x000002188f000800 JavaThread "Cache worker for file hash cache (D:\AndroidProjects\TipTime\.gradle\6.7.1\fileHashes)" [_thread_blocked, id=4284, stack(0x0000006efdb00000,0x0000006efdc00000)]
  0x000002188f004800 JavaThread "Cache worker for checksums cache (D:\AndroidProjects\TipTime\.gradle\checksums)" [_thread_blocked, id=8488, stack(0x0000006efda00000,0x0000006efdb00000)]
  0x000002188f005000 JavaThread "Cache worker for cache directory md-supplier (C:\Users\Home\.gradle\caches\6.7.1\md-supplier)" [_thread_blocked, id=7952, stack(0x0000006efdc00000,0x0000006efdd00000)]
  0x000002188f007000 JavaThread "Cache worker for cache directory md-rule (C:\Users\Home\.gradle\caches\6.7.1\md-rule)" [_thread_blocked, id=1072, stack(0x0000006efdd00000,0x0000006efde00000)]
  0x000002188f001000 JavaThread "Cache worker for execution history cache (C:\Users\Home\.gradle\caches\6.7.1\executionHistory)" [_thread_blocked, id=4984, stack(0x0000006efdf00000,0x0000006efe000000)]
  0x000002188f002000 JavaThread "jar transforms" [_thread_blocked, id=1764, stack(0x0000006efe000000,0x0000006efe100000)]
  0x0000021892563000 JavaThread "Cache worker for file content cache (C:\Users\Home\.gradle\caches\6.7.1\fileContent)" [_thread_blocked, id=9020, stack(0x0000006efe100000,0x0000006efe200000)]
  0x0000021892566800 JavaThread "Cache worker for Build Output Cleanup Cache (D:\AndroidProjects\TipTime\.gradle\buildOutputCleanup)" [_thread_blocked, id=8164, stack(0x0000006efe200000,0x0000006efe300000)]
  0x0000021892565000 JavaThread "Build operations" [_thread_blocked, id=2524, stack(0x0000006efe300000,0x0000006efe400000)]
  0x0000021892561800 JavaThread "Build operations Thread 2" [_thread_blocked, id=7560, stack(0x0000006efe400000,0x0000006efe500000)]
  0x0000021892560800 JavaThread "Build operations Thread 3" [_thread_blocked, id=556, stack(0x0000006efe500000,0x0000006efe600000)]
  0x0000021892568000 JavaThread "Build operations Thread 4" [_thread_blocked, id=9096, stack(0x0000006efe600000,0x0000006efe700000)]
  0x0000021892565800 JavaThread "jar transforms Thread 2" [_thread_blocked, id=3016, stack(0x0000006efe700000,0x0000006efe800000)]
  0x0000021892567000 JavaThread "jar transforms Thread 3" [_thread_blocked, id=4996, stack(0x0000006efe800000,0x0000006efe900000)]
  0x0000021892562800 JavaThread "jar transforms Thread 4" [_thread_blocked, id=1724, stack(0x0000006efe900000,0x0000006efea00000)]
  0x000002189256d800 JavaThread "jar transforms Thread 5" [_thread_blocked, id=6504, stack(0x0000006efea00000,0x0000006efeb00000)]
  0x0000021892569000 JavaThread "jar transforms Thread 6" [_thread_blocked, id=5504, stack(0x0000006efeb00000,0x0000006efec00000)]
  0x0000021892569800 JavaThread "jar transforms Thread 7" [_thread_blocked, id=1692, stack(0x0000006efec00000,0x0000006efed00000)]
  0x000002189256c000 JavaThread "jar transforms Thread 8" [_thread_blocked, id=2040, stack(0x0000006efed00000,0x0000006efee00000)]
  0x000002189256a800 JavaThread "jar transforms Thread 9" [_thread_blocked, id=892, stack(0x0000006efee00000,0x0000006efef00000)]
  0x000002189256b800 JavaThread "jar transforms Thread 10" [_thread_blocked, id=5540, stack(0x0000006efef00000,0x0000006eff000000)]
  0x000002189256d000 JavaThread "jar transforms Thread 11" [_thread_blocked, id=1776, stack(0x0000006eff000000,0x0000006eff100000)]
  0x00000218924e7000 JavaThread "jar transforms Thread 12" [_thread_blocked, id=7668, stack(0x0000006eff100000,0x0000006eff200000)]
  0x00000218924e4800 JavaThread "jar transforms Thread 13" [_thread_blocked, id=8436, stack(0x0000006eff200000,0x0000006eff300000)]
  0x00000218924e2000 JavaThread "jar transforms Thread 14" [_thread_blocked, id=5560, stack(0x0000006eff300000,0x0000006eff400000)]
  0x00000218924e1000 JavaThread "jar transforms Thread 15" [_thread_blocked, id=5956, stack(0x0000006eff400000,0x0000006eff500000)]
  0x00000218924e7800 JavaThread "jar transforms Thread 16" [_thread_blocked, id=6536, stack(0x0000006eff500000,0x0000006eff600000)]
  0x00000218924e5800 JavaThread "jar transforms Thread 17" [_thread_blocked, id=8336, stack(0x0000006eff600000,0x0000006eff700000)]
  0x00000218924e6000 JavaThread "jar transforms Thread 18" [_thread_blocked, id=7828, stack(0x0000006eff700000,0x0000006eff800000)]
  0x00000218924e3000 JavaThread "jar transforms Thread 19" [_thread_blocked, id=3132, stack(0x0000006eff800000,0x0000006eff900000)]
  0x00000218924e8800 JavaThread "jar transforms Thread 20" [_thread_blocked, id=948, stack(0x0000006eff900000,0x0000006effa00000)]
  0x00000218924e9800 JavaThread "jar transforms Thread 21" [_thread_blocked, id=1184, stack(0x0000006effa00000,0x0000006effb00000)]
  0x00000218924e3800 JavaThread "jar transforms Thread 22" [_thread_blocked, id=3636, stack(0x0000006effb00000,0x0000006effc00000)]
  0x00000218924f0000 JavaThread "jar transforms Thread 23" [_thread_blocked, id=7904, stack(0x0000006effc00000,0x0000006effd00000)]
  0x00000218924ec000 JavaThread "jar transforms Thread 24" [_thread_blocked, id=7444, stack(0x0000006effd00000,0x0000006effe00000)]
  0x00000218924ea000 JavaThread "jar transforms Thread 25" [_thread_blocked, id=3748, stack(0x0000006effe00000,0x0000006efff00000)]
  0x00000218924eb000 JavaThread "jar transforms Thread 26" [_thread_blocked, id=6360, stack(0x0000006efff00000,0x0000006f00000000)]
  0x00000218924ec800 JavaThread "jar transforms Thread 27" [_thread_blocked, id=3164, stack(0x0000006e80000000,0x0000006e80100000)]
  0x00000218924ed800 JavaThread "jar transforms Thread 28" [_thread_blocked, id=1476, stack(0x0000006e80100000,0x0000006e80200000)]
  0x00000218924ee800 JavaThread "jar transforms Thread 29" [_thread_blocked, id=3760, stack(0x0000006e80200000,0x0000006e80300000)]
  0x00000218924ef000 JavaThread "jar transforms Thread 30" [_thread_blocked, id=1276, stack(0x0000006e80300000,0x0000006e80400000)]
  0x000002189254f800 JavaThread "jar transforms Thread 31" [_thread_blocked, id=8124, stack(0x0000006e80400000,0x0000006e80500000)]
  0x000002189254a000 JavaThread "jar transforms Thread 32" [_thread_blocked, id=7684, stack(0x0000006e80500000,0x0000006e80600000)]
  0x000002189254d000 JavaThread "jar transforms Thread 33" [_thread_blocked, id=1668, stack(0x0000006e80600000,0x0000006e80700000)]
  0x000002189254b000 JavaThread "jar transforms Thread 34" [_thread_blocked, id=1608, stack(0x0000006e80700000,0x0000006e80800000)]
  0x000002189254e000 JavaThread "jar transforms Thread 35" [_thread_blocked, id=8624, stack(0x0000006e80800000,0x0000006e80900000)]
  0x0000021892551800 JavaThread "jar transforms Thread 36" [_thread_blocked, id=6508, stack(0x0000006e80900000,0x0000006e80a00000)]
  0x000002189254b800 JavaThread "jar transforms Thread 37" [_thread_blocked, id=3556, stack(0x0000006e80a00000,0x0000006e80b00000)]
  0x0000021892552000 JavaThread "jar transforms Thread 38" [_thread_blocked, id=2792, stack(0x0000006e80b00000,0x0000006e80c00000)]
  0x000002189254c800 JavaThread "jar transforms Thread 39" [_thread_blocked, id=2236, stack(0x0000006e80c00000,0x0000006e80d00000)]
  0x000002189254f000 JavaThread "jar transforms Thread 40" [_thread_blocked, id=5752, stack(0x0000006e80d00000,0x0000006e80e00000)]
  0x0000021892553000 JavaThread "jar transforms Thread 41" [_thread_blocked, id=1028, stack(0x0000006e80e00000,0x0000006e80f00000)]
  0x0000021892550800 JavaThread "jar transforms Thread 42" [_thread_blocked, id=1548, stack(0x0000006e80f00000,0x0000006e81000000)]
  0x0000021892555800 JavaThread "jar transforms Thread 43" [_thread_blocked, id=7000, stack(0x0000006e81000000,0x0000006e81100000)]
  0x0000021892558000 JavaThread "jar transforms Thread 44" [_thread_blocked, id=4760, stack(0x0000006e81100000,0x0000006e81200000)]
  0x0000021892556000 JavaThread "jar transforms Thread 45" [_thread_blocked, id=6600, stack(0x0000006e81200000,0x0000006e81300000)]
  0x0000021892557000 JavaThread "jar transforms Thread 46" [_thread_blocked, id=6640, stack(0x0000006e81300000,0x0000006e81400000)]
  0x0000021892554800 JavaThread "jar transforms Thread 47" [_thread_blocked, id=5552, stack(0x0000006e81400000,0x0000006e81500000)]
  0x0000021892558800 JavaThread "jar transforms Thread 48" [_thread_blocked, id=5596, stack(0x0000006e81500000,0x0000006e81600000)]
  0x0000021892554000 JavaThread "jar transforms Thread 49" [_thread_blocked, id=9088, stack(0x0000006e81600000,0x0000006e81700000)]
  0x0000021890e3b800 JavaThread "jar transforms Thread 50" [_thread_blocked, id=2384, stack(0x0000006e81700000,0x0000006e81800000)]
  0x0000021890e3f800 JavaThread "jar transforms Thread 51" [_thread_blocked, id=5432, stack(0x0000006e81800000,0x0000006e81900000)]
  0x0000021890e3e800 JavaThread "jar transforms Thread 52" [_thread_blocked, id=4172, stack(0x0000006e81900000,0x0000006e81a00000)]
  0x0000021890e3a800 JavaThread "jar transforms Thread 53" [_thread_blocked, id=8660, stack(0x0000006e81a00000,0x0000006e81b00000)]
  0x0000021890e3c000 JavaThread "jar transforms Thread 54" [_thread_blocked, id=3672, stack(0x0000006e81b00000,0x0000006e81c00000)]
  0x0000021890e40800 JavaThread "jar transforms Thread 55" [_thread_blocked, id=2324, stack(0x0000006e81c00000,0x0000006e81d00000)]
  0x0000021890e42800 JavaThread "jar transforms Thread 56" [_thread_blocked, id=4452, stack(0x0000006e81d00000,0x0000006e81e00000)]
  0x0000021890e3e000 JavaThread "jar transforms Thread 57" [_thread_blocked, id=8632, stack(0x0000006e81e00000,0x0000006e81f00000)]
  0x0000021890e3d000 JavaThread "jar transforms Thread 58" [_thread_blocked, id=3392, stack(0x0000006e81f00000,0x0000006e82000000)]
  0x0000021890e44800 JavaThread "jar transforms Thread 59" [_thread_blocked, id=6944, stack(0x0000006e82000000,0x0000006e82100000)]
  0x0000021890e47000 JavaThread "jar transforms Thread 60" [_thread_blocked, id=7768, stack(0x0000006e82100000,0x0000006e82200000)]
  0x0000021890e41000 JavaThread "jar transforms Thread 61" [_thread_blocked, id=4992, stack(0x0000006e82200000,0x0000006e82300000)]
  0x0000021890e47800 JavaThread "jar transforms Thread 62" [_thread_blocked, id=2244, stack(0x0000006e82300000,0x0000006e82400000)]
  0x0000021890e45000 JavaThread "jar transforms Thread 63" [_thread_blocked, id=1408, stack(0x0000006e82400000,0x0000006e82500000)]
  0x0000021890e43800 JavaThread "jar transforms Thread 64" [_thread_blocked, id=1144, stack(0x0000006e82500000,0x0000006e82600000)]
  0x0000021890e46000 JavaThread "jar transforms Thread 65" [_thread_blocked, id=212, stack(0x0000006e82600000,0x0000006e82700000)]
  0x0000021890e42000 JavaThread "jar transforms Thread 66" [_thread_blocked, id=8356, stack(0x0000006e82700000,0x0000006e82800000)]
  0x0000021890e48800 JavaThread "jar transforms Thread 67" [_thread_blocked, id=3876, stack(0x0000006e82800000,0x0000006e82900000)]
  0x0000021890e49800 JavaThread "jar transforms Thread 68" [_thread_blocked, id=1328, stack(0x0000006e82900000,0x0000006e82a00000)]
  0x000002189261a800 JavaThread "jar transforms Thread 69" [_thread_blocked, id=2960, stack(0x0000006e82a00000,0x0000006e82b00000)]
  0x0000021892619800 JavaThread "jar transforms Thread 70" [_thread_blocked, id=2980, stack(0x0000006e82b00000,0x0000006e82c00000)]
  0x0000021892619000 JavaThread "jar transforms Thread 71" [_thread_blocked, id=200, stack(0x0000006e82c00000,0x0000006e82d00000)]
  0x000002189261c000 JavaThread "jar transforms Thread 72" [_thread_blocked, id=6568, stack(0x0000006e82d00000,0x0000006e82e00000)]
  0x000002189261d800 JavaThread "jar transforms Thread 73" [_thread_blocked, id=8628, stack(0x0000006e82e00000,0x0000006e82f00000)]
  0x000002189261b800 JavaThread "jar transforms Thread 74" [_thread_blocked, id=6864, stack(0x0000006e82f00000,0x0000006e83000000)]
  0x0000021892618000 JavaThread "jar transforms Thread 75" [_thread_blocked, id=2112, stack(0x0000006e83000000,0x0000006e83100000)]
  0x000002189261e800 JavaThread "jar transforms Thread 76" [_thread_blocked, id=6884, stack(0x0000006e83100000,0x0000006e83200000)]
  0x000002189261f800 JavaThread "jar transforms Thread 77" [_thread_blocked, id=7004, stack(0x0000006e83200000,0x0000006e83300000)]
  0x0000021892620000 JavaThread "jar transforms Thread 78" [_thread_blocked, id=1752, stack(0x0000006e83300000,0x0000006e83400000)]
  0x0000021892621000 JavaThread "jar transforms Thread 79" [_thread_blocked, id=6396, stack(0x0000006e83400000,0x0000006e83500000)]
  0x0000021892622000 JavaThread "jar transforms Thread 80" [_thread_blocked, id=3008, stack(0x0000006e83500000,0x0000006e83600000)]
  0x000002189261d000 JavaThread "jar transforms Thread 81" [_thread_blocked, id=4144, stack(0x0000006e83600000,0x0000006e83700000)]
  0x0000021892622800 JavaThread "jar transforms Thread 82" [_thread_blocked, id=1112, stack(0x0000006e83700000,0x0000006e83800000)]
  0x0000021892624000 JavaThread "jar transforms Thread 83" [_thread_blocked, id=4272, stack(0x0000006e83800000,0x0000006e83900000)]
  0x0000021892626000 JavaThread "jar transforms Thread 84" [_thread_blocked, id=7392, stack(0x0000006e83900000,0x0000006e83a00000)]
  0x0000021892623800 JavaThread "jar transforms Thread 85" [_thread_blocked, id=2888, stack(0x0000006e83a00000,0x0000006e83b00000)]
  0x0000021892625000 JavaThread "jar transforms Thread 86" [_thread_blocked, id=5124, stack(0x0000006e83b00000,0x0000006e83c00000)]
  0x0000021892626800 JavaThread "jar transforms Thread 87" [_thread_blocked, id=2752, stack(0x0000006e83c00000,0x0000006e83d00000)]
  0x00000218923e9000 JavaThread "jar transforms Thread 88" [_thread_blocked, id=1464, stack(0x0000006e83d00000,0x0000006e83e00000)]
  0x00000218923e8000 JavaThread "jar transforms Thread 89" [_thread_blocked, id=1976, stack(0x0000006e83e00000,0x0000006e83f00000)]
  0x00000218923e7000 JavaThread "jar transforms Thread 90" [_thread_blocked, id=6484, stack(0x0000006e83f00000,0x0000006e84000000)]
  0x00000218923e9800 JavaThread "jar transforms Thread 91" [_thread_blocked, id=1156, stack(0x0000006e84000000,0x0000006e84100000)]
  0x00000218923eb800 JavaThread "jar transforms Thread 92" [_thread_blocked, id=8968, stack(0x0000006e84100000,0x0000006e84200000)]
  0x00000218923ea800 JavaThread "jar transforms Thread 93" [_thread_blocked, id=4292, stack(0x0000006e84200000,0x0000006e84300000)]
  0x00000218923e5800 JavaThread "jar transforms Thread 94" [_thread_blocked, id=8784, stack(0x0000006e84300000,0x0000006e84400000)]
  0x00000218923ec000 JavaThread "jar transforms Thread 95" [_thread_blocked, id=4240, stack(0x0000006e84400000,0x0000006e84500000)]
  0x00000218923e6800 JavaThread "jar transforms Thread 96" [_thread_blocked, id=3496, stack(0x0000006e84500000,0x0000006e84600000)]
  0x00000218923f0000 JavaThread "jar transforms Thread 97" [_thread_blocked, id=3640, stack(0x0000006e84600000,0x0000006e84700000)]
  0x00000218923ef800 JavaThread "jar transforms Thread 98" [_thread_blocked, id=4460, stack(0x0000006e84700000,0x0000006e84800000)]
  0x00000218923f2000 JavaThread "jar transforms Thread 99" [_thread_blocked, id=5452, stack(0x0000006e84800000,0x0000006e84900000)]
  0x00000218923f1000 JavaThread "jar transforms Thread 100" [_thread_blocked, id=5356, stack(0x0000006e84900000,0x0000006e84a00000)]
  0x00000218923f2800 JavaThread "jar transforms Thread 101" [_thread_blocked, id=7600, stack(0x0000006e84a00000,0x0000006e84b00000)]
  0x00000218923ed000 JavaThread "jar transforms Thread 102" [_thread_blocked, id=2788, stack(0x0000006e84b00000,0x0000006e84c00000)]
  0x00000218923f3800 JavaThread "jar transforms Thread 103" [_thread_blocked, id=1664, stack(0x0000006e84c00000,0x0000006e84d00000)]
  0x00000218923ed800 JavaThread "jar transforms Thread 104" [_thread_blocked, id=1216, stack(0x0000006e84d00000,0x0000006e84e00000)]
  0x00000218923f4800 JavaThread "jar transforms Thread 105" [_thread_blocked, id=624, stack(0x0000006e84e00000,0x0000006e84f00000)]
  0x00000218923ee800 JavaThread "jar transforms Thread 106" [_thread_blocked, id=1360, stack(0x0000006e84f00000,0x0000006e85000000)]
  0x0000021890d9f000 JavaThread "jar transforms Thread 107" [_thread_blocked, id=4812, stack(0x0000006e85000000,0x0000006e85100000)]
  0x0000021890da0000 JavaThread "jar transforms Thread 108" [_thread_blocked, id=5128, stack(0x0000006e85100000,0x0000006e85200000)]
  0x0000021890da0800 JavaThread "jar transforms Thread 109" [_thread_blocked, id=1292, stack(0x0000006e85200000,0x0000006e85300000)]
  0x0000021890da1800 JavaThread "jar transforms Thread 110" [_thread_blocked, id=7836, stack(0x0000006e85300000,0x0000006e85400000)]
  0x0000021890da2800 JavaThread "jar transforms Thread 111" [_thread_blocked, id=4532, stack(0x0000006e85400000,0x0000006e85500000)]
  0x0000021890da3000 JavaThread "jar transforms Thread 112" [_thread_blocked, id=6288, stack(0x0000006e85500000,0x0000006e85600000)]
  0x0000021890d9e800 JavaThread "jar transforms Thread 113" [_thread_blocked, id=428, stack(0x0000006e85600000,0x0000006e85700000)]
  0x0000021890da9800 JavaThread "jar transforms Thread 114" [_thread_blocked, id=8844, stack(0x0000006e85700000,0x0000006e85800000)]
  0x0000021890da9000 JavaThread "jar transforms Thread 115" [_thread_blocked, id=1436, stack(0x0000006e85800000,0x0000006e85900000)]
  0x0000021890da5000 JavaThread "jar transforms Thread 116" [_thread_blocked, id=1384, stack(0x0000006e85900000,0x0000006e85a00000)]
  0x0000021890da5800 JavaThread "jar transforms Thread 117" [_thread_blocked, id=4976, stack(0x0000006e85a00000,0x0000006e85b00000)]
  0x0000021890da4000 JavaThread "jar transforms Thread 118" [_thread_blocked, id=7944, stack(0x0000006e85b00000,0x0000006e85c00000)]
  0x0000021890da7800 JavaThread "jar transforms Thread 119" [_thread_blocked, id=6404, stack(0x0000006e85c00000,0x0000006e85d00000)]
=>0x00000218921d2000 JavaThread "C2 CompilerThread1" daemon [_thread_in_native, id=4800, stack(0x0000006e85d00000,0x0000006e85e00000)]
  0x0000021890daa800 JavaThread "Memory manager" [_thread_blocked, id=5488, stack(0x0000006e85e00000,0x0000006e85f00000)]

Other Threads:
  0x00000218fd1d5800 VMThread "VM Thread" [stack: 0x0000006efbd00000,0x0000006efbe00000] [id=1100]
  0x00000218fdcef000 WatcherThread [stack: 0x0000006efc700000,0x0000006efc800000] [id=3516]
  0x00000218f27c4000 GCTaskThread "GC Thread#0" [stack: 0x0000006efb800000,0x0000006efb900000] [id=6516]
  0x00000218fdf7c000 GCTaskThread "GC Thread#1" [stack: 0x0000006efc900000,0x0000006efca00000] [id=5524]
  0x00000218ff53b000 GCTaskThread "GC Thread#2" [stack: 0x0000006efcb00000,0x0000006efcc00000] [id=4552]
  0x00000218ff42e000 GCTaskThread "GC Thread#3" [stack: 0x0000006efcc00000,0x0000006efcd00000] [id=7876]
  0x00000218f27f6800 ConcurrentGCThread "G1 Main Marker" [stack: 0x0000006efb900000,0x0000006efba00000] [id=4472]
  0x00000218f27f7800 ConcurrentGCThread "G1 Conc#0" [stack: 0x0000006efba00000,0x0000006efbb00000] [id=4560]
  0x00000218f2853000 ConcurrentGCThread "G1 Refine#0" [stack: 0x0000006efbb00000,0x0000006efbc00000] [id=7724]
  0x00000218f2854000 ConcurrentGCThread "G1 Young RemSet Sampling" [stack: 0x0000006efbc00000,0x0000006efbd00000] [id=772]

Threads with active compile tasks:
C2 CompilerThread0  16427 6468       4       sun.reflect.generics.parser.SignatureParser::parsePackageNameAndSimpleClassTypeSignature (119 bytes)
C2 CompilerThread1  16427 6313 %     4       org.gradle.internal.instantiation.generator.AbstractClassGenerator::inspectType @ 107 (560 bytes)

VM state:not at safepoint (normal execution)

VM Mutex/Monitor currently owned by a thread: None

Heap address: 0x0000000080000000, size: 2048 MB, Compressed Oops mode: 32-bit
Narrow klass base: 0x0000000000000000, Narrow klass shift: 3
Compressed class space size: 1073741824 Address: 0x0000000100000000

Heap:
 garbage-first heap   total 133120K, used 70024K [0x0000000080000000, 0x0000000100000000)
  region size 1024K, 20 young (20480K), 6 survivors (6144K)
 Metaspace       used 71012K, capacity 72650K, committed 72832K, reserved 1112064K
  class space    used 9254K, capacity 9827K, committed 9856K, reserved 1048576K
Heap Regions: E=young(eden), S=young(survivor), O=old, HS=humongous(starts), HC=humongous(continues), CS=collection set, F=free, A=archive, TAMS=top-at-mark-start (previous, next)
|   0|0x0000000080000000, 0x0000000080100000, 0x0000000080100000|100%| O|  |TAMS 0x0000000080100000, 0x0000000080000000| Untracked 
|   1|0x0000000080100000, 0x0000000080200000, 0x0000000080200000|100%| O|  |TAMS 0x0000000080200000, 0x0000000080100000| Untracked 
|   2|0x0000000080200000, 0x0000000080300000, 0x0000000080300000|100%| O|  |TAMS 0x0000000080300000, 0x0000000080200000| Untracked 
|   3|0x0000000080300000, 0x0000000080400000, 0x0000000080400000|100%|HS|  |TAMS 0x0000000080400000, 0x0000000080300000| Complete 
|   4|0x0000000080400000, 0x0000000080500000, 0x0000000080500000|100%|HC|  |TAMS 0x0000000080500000, 0x0000000080400000| Complete 
|   5|0x0000000080500000, 0x0000000080600000, 0x0000000080600000|100%|HC|  |TAMS 0x0000000080600000, 0x0000000080500000| Complete 
|   6|0x0000000080600000, 0x0000000080700000, 0x0000000080700000|100%| O|  |TAMS 0x0000000080700000, 0x0000000080600000| Untracked 
|   7|0x0000000080700000, 0x0000000080800000, 0x0000000080800000|100%| O|  |TAMS 0x0000000080800000, 0x0000000080700000| Untracked 
|   8|0x0000000080800000, 0x0000000080900000, 0x0000000080900000|100%| O|  |TAMS 0x0000000080900000, 0x0000000080800000| Untracked 
|   9|0x0000000080900000, 0x0000000080a00000, 0x0000000080a00000|100%| O|  |TAMS 0x0000000080a00000, 0x0000000080900000| Untracked 
|  10|0x0000000080a00000, 0x0000000080b00000, 0x0000000080b00000|100%| O|  |TAMS 0x0000000080b00000, 0x0000000080a00000| Untracked 
|  11|0x0000000080b00000, 0x0000000080c00000, 0x0000000080c00000|100%| O|  |TAMS 0x0000000080c00000, 0x0000000080b00000| Untracked 
|  12|0x0000000080c00000, 0x0000000080d00000, 0x0000000080d00000|100%| O|  |TAMS 0x0000000080d00000, 0x0000000080c00000| Untracked 
|  13|0x0000000080d00000, 0x0000000080e00000, 0x0000000080e00000|100%| O|  |TAMS 0x0000000080e00000, 0x0000000080d00000| Untracked 
|  14|0x0000000080e00000, 0x0000000080f00000, 0x0000000080f00000|100%| O|  |TAMS 0x0000000080f00000, 0x0000000080e00000| Untracked 
|  15|0x0000000080f00000, 0x0000000081000000, 0x0000000081000000|100%| O|  |TAMS 0x0000000081000000, 0x0000000080f00000| Untracked 
|  16|0x0000000081000000, 0x0000000081100000, 0x0000000081100000|100%| O|  |TAMS 0x0000000081100000, 0x0000000081000000| Untracked 
|  17|0x0000000081100000, 0x0000000081200000, 0x0000000081200000|100%| O|  |TAMS 0x0000000081200000, 0x0000000081100000| Untracked 
|  18|0x0000000081200000, 0x0000000081300000, 0x0000000081300000|100%| O|  |TAMS 0x0000000081300000, 0x0000000081200000| Untracked 
|  19|0x0000000081300000, 0x0000000081400000, 0x0000000081400000|100%| O|  |TAMS 0x0000000081400000, 0x0000000081300000| Untracked 
|  20|0x0000000081400000, 0x0000000081500000, 0x0000000081500000|100%| O|  |TAMS 0x0000000081500000, 0x0000000081400000| Untracked 
|  21|0x0000000081500000, 0x0000000081600000, 0x0000000081600000|100%| O|  |TAMS 0x0000000081600000, 0x0000000081500000| Untracked 
|  22|0x0000000081600000, 0x0000000081700000, 0x0000000081700000|100%| O|  |TAMS 0x0000000081700000, 0x0000000081600000| Untracked 
|  23|0x0000000081700000, 0x0000000081800000, 0x0000000081800000|100%| O|  |TAMS 0x0000000081800000, 0x0000000081700000| Untracked 
|  24|0x0000000081800000, 0x0000000081900000, 0x0000000081900000|100%| O|  |TAMS 0x0000000081900000, 0x0000000081800000| Untracked 
|  25|0x0000000081900000, 0x0000000081a00000, 0x0000000081a00000|100%|HS|  |TAMS 0x0000000081a00000, 0x0000000081900000| Complete 
|  26|0x0000000081a00000, 0x0000000081b00000, 0x0000000081b00000|100%|HS|  |TAMS 0x0000000081b00000, 0x0000000081a00000| Complete 
|  27|0x0000000081b00000, 0x0000000081c00000, 0x0000000081c00000|100%|HS|  |TAMS 0x0000000081c00000, 0x0000000081b00000| Complete 
|  28|0x0000000081c00000, 0x0000000081d00000, 0x0000000081d00000|100%|HC|  |TAMS 0x0000000081d00000, 0x0000000081c00000| Complete 
|  29|0x0000000081d00000, 0x0000000081e00000, 0x0000000081e00000|100%|HC|  |TAMS 0x0000000081e00000, 0x0000000081d00000| Complete 
|  30|0x0000000081e00000, 0x0000000081f00000, 0x0000000081f00000|100%|HS|  |TAMS 0x0000000081f00000, 0x0000000081e00000| Complete 
|  31|0x0000000081f00000, 0x0000000082000000, 0x0000000082000000|100%|HC|  |TAMS 0x0000000082000000, 0x0000000081f00000| Complete 
|  32|0x0000000082000000, 0x0000000082100000, 0x0000000082100000|100%| O|  |TAMS 0x0000000082100000, 0x0000000082000000| Untracked 
|  33|0x0000000082100000, 0x0000000082200000, 0x0000000082200000|100%| O|  |TAMS 0x0000000082200000, 0x0000000082100000| Untracked 
|  34|0x0000000082200000, 0x0000000082300000, 0x0000000082300000|100%| O|  |TAMS 0x0000000082300000, 0x0000000082200000| Untracked 
|  35|0x0000000082300000, 0x0000000082400000, 0x0000000082400000|100%| O|  |TAMS 0x0000000082400000, 0x0000000082300000| Untracked 
|  36|0x0000000082400000, 0x0000000082500000, 0x0000000082500000|100%| O|  |TAMS 0x0000000082500000, 0x0000000082400000| Untracked 
|  37|0x0000000082500000, 0x0000000082600000, 0x0000000082600000|100%| O|  |TAMS 0x0000000082600000, 0x0000000082500000| Untracked 
|  38|0x0000000082600000, 0x0000000082700000, 0x0000000082700000|100%| O|  |TAMS 0x0000000082700000, 0x0000000082600000| Untracked 
|  39|0x0000000082700000, 0x0000000082800000, 0x0000000082800000|100%| O|  |TAMS 0x0000000082800000, 0x0000000082700000| Untracked 
|  40|0x0000000082800000, 0x0000000082900000, 0x0000000082900000|100%| O|  |TAMS 0x0000000082900000, 0x0000000082800000| Untracked 
|  41|0x0000000082900000, 0x0000000082a00000, 0x0000000082a00000|100%| O|  |TAMS 0x0000000082a00000, 0x0000000082900000| Untracked 
|  42|0x0000000082a00000, 0x0000000082b00000, 0x0000000082b00000|100%| O|  |TAMS 0x0000000082a00000, 0x0000000082a00000| Untracked 
|  43|0x0000000082b00000, 0x0000000082c00000, 0x0000000082c00000|100%| O|  |TAMS 0x0000000082c00000, 0x0000000082b00000| Untracked 
|  44|0x0000000082c00000, 0x0000000082d00000, 0x0000000082d00000|100%| O|  |TAMS 0x0000000082d00000, 0x0000000082c00000| Untracked 
|  45|0x0000000082d00000, 0x0000000082e00000, 0x0000000082e00000|100%| O|  |TAMS 0x0000000082e00000, 0x0000000082d00000| Untracked 
|  46|0x0000000082e00000, 0x0000000082f00000, 0x0000000082f00000|100%| O|  |TAMS 0x0000000082f00000, 0x0000000082e00000| Untracked 
|  47|0x0000000082f00000, 0x0000000083000000, 0x0000000083000000|100%| O|  |TAMS 0x0000000082f43e00, 0x0000000082f00000| Untracked 
|  48|0x0000000083000000, 0x0000000083100000, 0x0000000083100000|100%| O|  |TAMS 0x0000000083000000, 0x0000000083000000| Untracked 
|  49|0x0000000083100000, 0x0000000083162200, 0x0000000083200000| 38%| O|  |TAMS 0x0000000083100000, 0x0000000083100000| Untracked 
|  50|0x0000000083200000, 0x0000000083200000, 0x0000000083300000|  0%| F|  |TAMS 0x0000000083200000, 0x0000000083200000| Untracked 
|  51|0x0000000083300000, 0x0000000083300000, 0x0000000083400000|  0%| F|  |TAMS 0x0000000083300000, 0x0000000083300000| Untracked 
|  52|0x0000000083400000, 0x0000000083400000, 0x0000000083500000|  0%| F|  |TAMS 0x0000000083400000, 0x0000000083400000| Untracked 
|  53|0x0000000083500000, 0x0000000083500000, 0x0000000083600000|  0%| F|  |TAMS 0x0000000083500000, 0x0000000083500000| Untracked 
|  54|0x0000000083600000, 0x0000000083600000, 0x0000000083700000|  0%| F|  |TAMS 0x0000000083600000, 0x0000000083600000| Untracked 
|  55|0x0000000083700000, 0x0000000083700000, 0x0000000083800000|  0%| F|  |TAMS 0x0000000083700000, 0x0000000083700000| Untracked 
|  56|0x0000000083800000, 0x0000000083800000, 0x0000000083900000|  0%| F|  |TAMS 0x0000000083800000, 0x0000000083800000| Untracked 
|  57|0x0000000083900000, 0x0000000083900000, 0x0000000083a00000|  0%| F|  |TAMS 0x0000000083900000, 0x0000000083900000| Untracked 
|  58|0x0000000083a00000, 0x0000000083a00000, 0x0000000083b00000|  0%| F|  |TAMS 0x0000000083a00000, 0x0000000083a00000| Untracked 
|  59|0x0000000083b00000, 0x0000000083b00000, 0x0000000083c00000|  0%| F|  |TAMS 0x0000000083b00000, 0x0000000083b00000| Untracked 
|  60|0x0000000083c00000, 0x0000000083c00000, 0x0000000083d00000|  0%| F|  |TAMS 0x0000000083c00000, 0x0000000083c00000| Untracked 
|  61|0x0000000083d00000, 0x0000000083d00000, 0x0000000083e00000|  0%| F|  |TAMS 0x0000000083d00000, 0x0000000083d00000| Untracked 
|  62|0x0000000083e00000, 0x0000000083e00000, 0x0000000083f00000|  0%| F|  |TAMS 0x0000000083e00000, 0x0000000083e00000| Untracked 
|  63|0x0000000083f00000, 0x0000000083f00000, 0x0000000084000000|  0%| F|  |TAMS 0x0000000083f00000, 0x0000000083f00000| Untracked 
|  64|0x0000000084000000, 0x0000000084000000, 0x0000000084100000|  0%| F|  |TAMS 0x0000000084000000, 0x0000000084000000| Untracked 
|  65|0x0000000084100000, 0x0000000084100000, 0x0000000084200000|  0%| F|  |TAMS 0x0000000084100000, 0x0000000084100000| Untracked 
|  66|0x0000000084200000, 0x0000000084200000, 0x0000000084300000|  0%| F|  |TAMS 0x0000000084200000, 0x0000000084200000| Untracked 
|  67|0x0000000084300000, 0x0000000084300000, 0x0000000084400000|  0%| F|  |TAMS 0x0000000084300000, 0x0000000084300000| Untracked 
|  68|0x0000000084400000, 0x0000000084400000, 0x0000000084500000|  0%| F|  |TAMS 0x0000000084400000, 0x0000000084400000| Untracked 
|  69|0x0000000084500000, 0x0000000084500000, 0x0000000084600000|  0%| F|  |TAMS 0x0000000084500000, 0x0000000084500000| Untracked 
|  70|0x0000000084600000, 0x0000000084600000, 0x0000000084700000|  0%| F|  |TAMS 0x0000000084600000, 0x0000000084600000| Untracked 
|  71|0x0000000084700000, 0x0000000084700000, 0x0000000084800000|  0%| F|  |TAMS 0x0000000084700000, 0x0000000084700000| Untracked 
|  72|0x0000000084800000, 0x0000000084800000, 0x0000000084900000|  0%| F|  |TAMS 0x0000000084800000, 0x0000000084800000| Untracked 
|  73|0x0000000084900000, 0x0000000084900000, 0x0000000084a00000|  0%| F|  |TAMS 0x0000000084900000, 0x0000000084900000| Untracked 
|  74|0x0000000084a00000, 0x0000000084a00000, 0x0000000084b00000|  0%| F|  |TAMS 0x0000000084a00000, 0x0000000084a00000| Untracked 
|  75|0x0000000084b00000, 0x0000000084b00000, 0x0000000084c00000|  0%| F|  |TAMS 0x0000000084b00000, 0x0000000084b00000| Untracked 
|  76|0x0000000084c00000, 0x0000000084d00000, 0x0000000084d00000|100%| S|CS|TAMS 0x0000000084c00000, 0x0000000084c00000| Complete 
|  77|0x0000000084d00000, 0x0000000084e00000, 0x0000000084e00000|100%| S|CS|TAMS 0x0000000084d00000, 0x0000000084d00000| Complete 
|  78|0x0000000084e00000, 0x0000000084f00000, 0x0000000084f00000|100%| S|CS|TAMS 0x0000000084e00000, 0x0000000084e00000| Complete 
|  79|0x0000000084f00000, 0x0000000084f00000, 0x0000000085000000|  0%| F|  |TAMS 0x0000000084f00000, 0x0000000084f00000| Untracked 
|  80|0x0000000085000000, 0x0000000085000000, 0x0000000085100000|  0%| F|  |TAMS 0x0000000085000000, 0x0000000085000000| Untracked 
|  81|0x0000000085100000, 0x0000000085100000, 0x0000000085200000|  0%| F|  |TAMS 0x0000000085100000, 0x0000000085100000| Untracked 
|  82|0x0000000085200000, 0x0000000085200000, 0x0000000085300000|  0%| F|  |TAMS 0x0000000085200000, 0x0000000085200000| Untracked 
|  83|0x0000000085300000, 0x0000000085300000, 0x0000000085400000|  0%| F|  |TAMS 0x0000000085300000, 0x0000000085300000| Untracked 
|  84|0x0000000085400000, 0x0000000085400000, 0x0000000085500000|  0%| F|  |TAMS 0x0000000085400000, 0x0000000085400000| Untracked 
|  85|0x0000000085500000, 0x0000000085600000, 0x0000000085600000|100%| S|CS|TAMS 0x0000000085500000, 0x0000000085500000| Complete 
|  86|0x0000000085600000, 0x0000000085700000, 0x0000000085700000|100%| S|CS|TAMS 0x0000000085600000, 0x0000000085600000| Complete 
|  87|0x0000000085700000, 0x0000000085800000, 0x0000000085800000|100%| S|CS|TAMS 0x0000000085700000, 0x0000000085700000| Complete 
|  88|0x0000000085800000, 0x0000000085800000, 0x0000000085900000|  0%| F|  |TAMS 0x0000000085800000, 0x0000000085800000| Untracked 
|  89|0x0000000085900000, 0x0000000085900000, 0x0000000085a00000|  0%| F|  |TAMS 0x0000000085900000, 0x0000000085900000| Untracked 
|  90|0x0000000085a00000, 0x0000000085a00000, 0x0000000085b00000|  0%| F|  |TAMS 0x0000000085a00000, 0x0000000085a00000| Untracked 
|  91|0x0000000085b00000, 0x0000000085b00000, 0x0000000085c00000|  0%| F|  |TAMS 0x0000000085b00000, 0x0000000085b00000| Untracked 
|  92|0x0000000085c00000, 0x0000000085c00000, 0x0000000085d00000|  0%| F|  |TAMS 0x0000000085c00000, 0x0000000085c00000| Untracked 
|  93|0x0000000085d00000, 0x0000000085d00000, 0x0000000085e00000|  0%| F|  |TAMS 0x0000000085d00000, 0x0000000085d00000| Untracked 
|  94|0x0000000085e00000, 0x0000000085e00000, 0x0000000085f00000|  0%| F|  |TAMS 0x0000000085e00000, 0x0000000085e00000| Untracked 
|  95|0x0000000085f00000, 0x0000000085f00000, 0x0000000086000000|  0%| F|  |TAMS 0x0000000085f00000, 0x0000000085f00000| Untracked 
|  96|0x0000000086000000, 0x0000000086000000, 0x0000000086100000|  0%| F|  |TAMS 0x0000000086000000, 0x0000000086000000| Untracked 
|  97|0x0000000086100000, 0x0000000086100000, 0x0000000086200000|  0%| F|  |TAMS 0x0000000086100000, 0x0000000086100000| Untracked 
|  98|0x0000000086200000, 0x0000000086200000, 0x0000000086300000|  0%| F|  |TAMS 0x0000000086200000, 0x0000000086200000| Untracked 
|  99|0x0000000086300000, 0x0000000086300000, 0x0000000086400000|  0%| F|  |TAMS 0x0000000086300000, 0x0000000086300000| Untracked 
| 100|0x0000000086400000, 0x0000000086400000, 0x0000000086500000|  0%| F|  |TAMS 0x0000000086400000, 0x0000000086400000| Untracked 
| 101|0x0000000086500000, 0x0000000086500000, 0x0000000086600000|  0%| F|  |TAMS 0x0000000086500000, 0x0000000086500000| Untracked 
| 102|0x0000000086600000, 0x0000000086600000, 0x0000000086700000|  0%| F|  |TAMS 0x0000000086600000, 0x0000000086600000| Untracked 
| 103|0x0000000086700000, 0x0000000086700000, 0x0000000086800000|  0%| F|  |TAMS 0x0000000086700000, 0x0000000086700000| Untracked 
| 104|0x0000000086800000, 0x0000000086800000, 0x0000000086900000|  0%| F|  |TAMS 0x0000000086800000, 0x0000000086800000| Untracked 
| 105|0x0000000086900000, 0x0000000086900000, 0x0000000086a00000|  0%| F|  |TAMS 0x0000000086900000, 0x0000000086900000| Untracked 
| 106|0x0000000086a00000, 0x0000000086a00000, 0x0000000086b00000|  0%| F|  |TAMS 0x0000000086a00000, 0x0000000086a00000| Untracked 
| 107|0x0000000086b00000, 0x0000000086b00000, 0x0000000086c00000|  0%| F|  |TAMS 0x0000000086b00000, 0x0000000086b00000| Untracked 
| 108|0x0000000086c00000, 0x0000000086c00000, 0x0000000086d00000|  0%| F|  |TAMS 0x0000000086c00000, 0x0000000086c00000| Untracked 
| 109|0x0000000086d00000, 0x0000000086d00000, 0x0000000086e00000|  0%| F|  |TAMS 0x0000000086d00000, 0x0000000086d00000| Untracked 
| 110|0x0000000086e00000, 0x0000000086e00000, 0x0000000086f00000|  0%| F|  |TAMS 0x0000000086e00000, 0x0000000086e00000| Untracked 
| 111|0x0000000086f00000, 0x0000000086f00000, 0x0000000087000000|  0%| F|  |TAMS 0x0000000086f00000, 0x0000000086f00000| Untracked 
| 112|0x0000000087000000, 0x0000000087000000, 0x0000000087100000|  0%| F|  |TAMS 0x0000000087000000, 0x0000000087000000| Untracked 
| 113|0x0000000087100000, 0x0000000087100000, 0x0000000087200000|  0%| F|  |TAMS 0x0000000087100000, 0x0000000087100000| Untracked 
| 114|0x0000000087200000, 0x0000000087200000, 0x0000000087300000|  0%| F|  |TAMS 0x0000000087200000, 0x0000000087200000| Untracked 
| 115|0x0000000087300000, 0x0000000087300000, 0x0000000087400000|  0%| F|  |TAMS 0x0000000087300000, 0x0000000087300000| Untracked 
| 116|0x0000000087400000, 0x0000000087500000, 0x0000000087500000|100%| E|  |TAMS 0x0000000087400000, 0x0000000087400000| Complete 
| 117|0x0000000087500000, 0x0000000087600000, 0x0000000087600000|100%| E|CS|TAMS 0x0000000087500000, 0x0000000087500000| Complete 
| 118|0x0000000087600000, 0x0000000087700000, 0x0000000087700000|100%| E|CS|TAMS 0x0000000087600000, 0x0000000087600000| Complete 
| 119|0x0000000087700000, 0x0000000087800000, 0x0000000087800000|100%| E|CS|TAMS 0x0000000087700000, 0x0000000087700000| Complete 
| 120|0x0000000087800000, 0x0000000087900000, 0x0000000087900000|100%| E|CS|TAMS 0x0000000087800000, 0x0000000087800000| Complete 
| 121|0x0000000087900000, 0x0000000087a00000, 0x0000000087a00000|100%| E|CS|TAMS 0x0000000087900000, 0x0000000087900000| Complete 
| 122|0x0000000087a00000, 0x0000000087b00000, 0x0000000087b00000|100%| E|CS|TAMS 0x0000000087a00000, 0x0000000087a00000| Complete 
| 123|0x0000000087b00000, 0x0000000087c00000, 0x0000000087c00000|100%| E|CS|TAMS 0x0000000087b00000, 0x0000000087b00000| Complete 
| 124|0x0000000087c00000, 0x0000000087d00000, 0x0000000087d00000|100%| E|CS|TAMS 0x0000000087c00000, 0x0000000087c00000| Complete 
| 125|0x0000000087d00000, 0x0000000087e00000, 0x0000000087e00000|100%| E|CS|TAMS 0x0000000087d00000, 0x0000000087d00000| Complete 
| 126|0x0000000087e00000, 0x0000000087f00000, 0x0000000087f00000|100%| E|CS|TAMS 0x0000000087e00000, 0x0000000087e00000| Complete 
| 127|0x0000000087f00000, 0x0000000088000000, 0x0000000088000000|100%| E|CS|TAMS 0x0000000087f00000, 0x0000000087f00000| Complete 
| 128|0x0000000088000000, 0x0000000088100000, 0x0000000088100000|100%| E|CS|TAMS 0x0000000088000000, 0x0000000088000000| Complete 
| 129|0x0000000088100000, 0x0000000088200000, 0x0000000088200000|100%| E|CS|TAMS 0x0000000088100000, 0x0000000088100000| Complete 

Card table byte_map: [0x00000218f6520000,0x00000218f6920000] _byte_map_base: 0x00000218f6120000

Marking Bits (Prev, Next): (CMBitMap*) 0x00000218f27ed7e0, (CMBitMap*) 0x00000218f27ed7a8
 Prev Bits: [0x00000218f8d20000, 0x00000218fad20000)
 Next Bits: [0x00000218f6d20000, 0x00000218f8d20000)

Polling page: 0x00000218f0660000

Metaspace:

Usage:
  Non-class:     61.35 MB capacity,    60.33 MB ( 98%) used,   883.56 KB (  1%) free+waste,   162.00 KB ( <1%) overhead. 
      Class:      9.60 MB capacity,     9.04 MB ( 94%) used,   491.86 KB (  5%) free+waste,    75.88 KB ( <1%) overhead. 
       Both:     70.95 MB capacity,    69.37 MB ( 98%) used,     1.34 MB (  2%) free+waste,   237.88 KB ( <1%) overhead. 

Virtual space:
  Non-class space:       62.00 MB reserved,      61.50 MB (>99%) committed 
      Class space:        1.00 GB reserved,       9.63 MB ( <1%) committed 
             Both:        1.06 GB reserved,      71.13 MB (  7%) committed 

Chunk freelists:
   Non-Class:  25.00 KB
       Class:  29.00 KB
        Both:  54.00 KB

MaxMetaspaceSize: 17179869184.00 GB
CompressedClassSpaceSize: 1.00 GB

CodeHeap 'non-profiled nmethods': size=120064Kb used=3512Kb max_used=3512Kb free=116552Kb
 bounds [0x0000021887ac0000, 0x0000021887e30000, 0x000002188f000000]
CodeHeap 'profiled nmethods': size=120000Kb used=13746Kb max_used=13746Kb free=106253Kb
 bounds [0x0000021880590000, 0x0000021881300000, 0x0000021887ac0000]
CodeHeap 'non-nmethods': size=5696Kb used=2254Kb max_used=2296Kb free=3441Kb
 bounds [0x0000021880000000, 0x0000021880270000, 0x0000021880590000]
 total_blobs=7194 nmethods=6348 adapters=756
 compilation: enabled
              stopped_count=0, restarted_count=0
 full_count=0

Compilation events (20 events):
Event: 16.232 Thread 0x00000218fd20b000 6606       1       org.gradle.api.internal.tasks.properties.bean.RuntimeBeanNode::getBean (5 bytes)
Event: 16.232 Thread 0x00000218fd20b000 nmethod 6606 0x0000021887e2da10 code [0x0000021887e2dbc0, 0x0000021887e2dc78]
Event: 16.232 Thread 0x00000218fd20b000 6607       3       java.util.ArrayDeque::addFirst (51 bytes)
Event: 16.232 Thread 0x00000218fd20b000 nmethod 6607 0x00000218812f3d10 code [0x00000218812f3f00, 0x00000218812f4398]
Event: 16.234 Thread 0x00000218fd20b000 6608       3       org.objectweb.asm.AnnotationWriter::create (34 bytes)
Event: 16.235 Thread 0x00000218fd20b000 nmethod 6608 0x00000218812f4510 code [0x00000218812f4720, 0x00000218812f4bb8]
Event: 16.237 Thread 0x00000218fd20b000 6609       3       org.gradle.internal.instantiation.generator.AbstractClassGenerator$GeneratedClassImpl$GeneratedConstructorImpl::<init> (27 bytes)
Event: 16.237 Thread 0x00000218fd20b000 nmethod 6609 0x00000218812f4d90 code [0x00000218812f4f60, 0x00000218812f52a8]
Event: 16.237 Thread 0x00000218fd20b000 6610       3       org.gradle.internal.instantiation.generator.AsmBackedClassGenerator::createUsingConstructor (13 bytes)
Event: 16.238 Thread 0x00000218fd20b000 nmethod 6610 0x00000218812f5410 code [0x00000218812f55e0, 0x00000218812f5938]
Event: 16.239 Thread 0x00000218fd20b000 6614       2       java.util.ArrayDeque::toArray (7 bytes)
Event: 16.239 Thread 0x00000218fd20b000 nmethod 6614 0x00000218812f5a90 code [0x00000218812f5c40, 0x00000218812f5d68]
Event: 16.239 Thread 0x00000218fd20b000 6615       2       java.util.ArrayDeque::toArray (99 bytes)
Event: 16.240 Thread 0x00000218fd20b000 nmethod 6615 0x00000218812f5e10 code [0x00000218812f6000, 0x00000218812f64d8]
Event: 16.242 Thread 0x00000218fd20b000 6616       2       org.objectweb.asm.SymbolTable::putBootstrapMethods (56 bytes)
Event: 16.243 Thread 0x00000218fd20b000 nmethod 6616 0x00000218812f6690 code [0x00000218812f6880, 0x00000218812f6a88]
Event: 16.248 Thread 0x00000218fd20b000 6617       2       java.lang.reflect.Constructor::getTypeParameters (20 bytes)
Event: 16.251 Thread 0x00000218fd20b000 nmethod 6617 0x00000218812f6c90 code [0x00000218812f6ea0, 0x00000218812f7598]
Event: 16.300 Thread 0x00000218fd20b000 6618       2       org.gradle.api.internal.provider.DefaultProviderFactory::provider (23 bytes)
Event: 16.301 Thread 0x00000218fd20b000 nmethod 6618 0x00000218812f7890 code [0x00000218812f7a60, 0x00000218812f7cc8]

GC Heap History (20 events):
Event: 8.073 GC heap before
{Heap before GC invocations=13 (full 0):
 garbage-first heap   total 92160K, used 54814K [0x0000000080000000, 0x0000000100000000)
  region size 1024K, 33 young (33792K), 2 survivors (2048K)
 Metaspace       used 40853K, capacity 41766K, committed 41984K, reserved 1085440K
  class space    used 5210K, capacity 5533K, committed 5632K, reserved 1048576K
}
Event: 8.083 GC heap after
{Heap after GC invocations=14 (full 0):
 garbage-first heap   total 92160K, used 25073K [0x0000000080000000, 0x0000000100000000)
  region size 1024K, 4 young (4096K), 4 survivors (4096K)
 Metaspace       used 40853K, capacity 41766K, committed 41984K, reserved 1085440K
  class space    used 5210K, capacity 5533K, committed 5632K, reserved 1048576K
}
Event: 8.964 GC heap before
{Heap before GC invocations=14 (full 0):
 garbage-first heap   total 92160K, used 57841K [0x0000000080000000, 0x0000000100000000)
  region size 1024K, 36 young (36864K), 4 survivors (4096K)
 Metaspace       used 43522K, capacity 44492K, committed 44672K, reserved 1087488K
  class space    used 5579K, capacity 5935K, committed 6016K, reserved 1048576K
}
Event: 8.977 GC heap after
{Heap after GC invocations=15 (full 0):
 garbage-first heap   total 92160K, used 27121K [0x0000000080000000, 0x0000000100000000)
  region size 1024K, 5 young (5120K), 5 survivors (5120K)
 Metaspace       used 43522K, capacity 44492K, committed 44672K, reserved 1087488K
  class space    used 5579K, capacity 5935K, committed 6016K, reserved 1048576K
}
Event: 9.703 GC heap before
{Heap before GC invocations=15 (full 0):
 garbage-first heap   total 92160K, used 58865K [0x0000000080000000, 0x0000000100000000)
  region size 1024K, 37 young (37888K), 5 survivors (5120K)
 Metaspace       used 44573K, capacity 45600K, committed 45824K, reserved 1089536K
  class space    used 5700K, capacity 6067K, committed 6144K, reserved 1048576K
}
Event: 9.714 GC heap after
{Heap after GC invocations=16 (full 0):
 garbage-first heap   total 110592K, used 27875K [0x0000000080000000, 0x0000000100000000)
  region size 1024K, 3 young (3072K), 3 survivors (3072K)
 Metaspace       used 44573K, capacity 45600K, committed 45824K, reserved 1089536K
  class space    used 5700K, capacity 6067K, committed 6144K, reserved 1048576K
}
Event: 10.964 GC heap before
{Heap before GC invocations=16 (full 0):
 garbage-first heap   total 110592K, used 76003K [0x0000000080000000, 0x0000000100000000)
  region size 1024K, 44 young (45056K), 3 survivors (3072K)
 Metaspace       used 48940K, capacity 50178K, committed 50432K, reserved 1093632K
  class space    used 6216K, capacity 6617K, committed 6656K, reserved 1048576K
}
Event: 10.979 GC heap after
{Heap after GC invocations=17 (full 0):
 garbage-first heap   total 110592K, used 42487K [0x0000000080000000, 0x0000000100000000)
  region size 1024K, 6 young (6144K), 6 survivors (6144K)
 Metaspace       used 48940K, capacity 50178K, committed 50432K, reserved 1093632K
  class space    used 6216K, capacity 6617K, committed 6656K, reserved 1048576K
}
Event: 11.950 GC heap before
{Heap before GC invocations=17 (full 0):
 garbage-first heap   total 110592K, used 79351K [0x0000000080000000, 0x0000000100000000)
  region size 1024K, 42 young (43008K), 6 survivors (6144K)
 Metaspace       used 53769K, capacity 55147K, committed 55296K, reserved 1097728K
  class space    used 6852K, capacity 7309K, committed 7424K, reserved 1048576K
}
Event: 11.959 GC heap after
{Heap after GC invocations=18 (full 0):
 garbage-first heap   total 110592K, used 44240K [0x0000000080000000, 0x0000000100000000)
  region size 1024K, 2 young (2048K), 2 survivors (2048K)
 Metaspace       used 53769K, capacity 55147K, committed 55296K, reserved 1097728K
  class space    used 6852K, capacity 7309K, committed 7424K, reserved 1048576K
}
Event: 12.859 GC heap before
{Heap before GC invocations=18 (full 0):
 garbage-first heap   total 110592K, used 81104K [0x0000000080000000, 0x0000000100000000)
  region size 1024K, 38 young (38912K), 2 survivors (2048K)
 Metaspace       used 58276K, capacity 59726K, committed 60032K, reserved 1101824K
  class space    used 7409K, capacity 7955K, committed 8064K, reserved 1048576K
}
Event: 12.869 GC heap after
{Heap after GC invocations=19 (full 0):
 garbage-first heap   total 110592K, used 47458K [0x0000000080000000, 0x0000000100000000)
  region size 1024K, 5 young (5120K), 5 survivors (5120K)
 Metaspace       used 58276K, capacity 59726K, committed 60032K, reserved 1101824K
  class space    used 7409K, capacity 7955K, committed 8064K, reserved 1048576K
}
Event: 12.954 GC heap before
{Heap before GC invocations=19 (full 0):
 garbage-first heap   total 110592K, used 50530K [0x0000000080000000, 0x0000000100000000)
  region size 1024K, 9 young (9216K), 5 survivors (5120K)
 Metaspace       used 58561K, capacity 59990K, committed 60160K, reserved 1101824K
  class space    used 7433K, capacity 7957K, committed 8064K, reserved 1048576K
}
Event: 12.977 GC heap after
{Heap after GC invocations=20 (full 0):
 garbage-first heap   total 133120K, used 48680K [0x0000000080000000, 0x0000000100000000)
  region size 1024K, 2 young (2048K), 2 survivors (2048K)
 Metaspace       used 58561K, capacity 59990K, committed 60160K, reserved 1101824K
  class space    used 7433K, capacity 7957K, committed 8064K, reserved 1048576K
}
Event: 14.112 GC heap before
{Heap before GC invocations=21 (full 0):
 garbage-first heap   total 133120K, used 88616K [0x0000000080000000, 0x0000000100000000)
  region size 1024K, 41 young (41984K), 2 survivors (2048K)
 Metaspace       used 61657K, capacity 63134K, committed 63488K, reserved 1103872K
  class space    used 7825K, capacity 8335K, committed 8448K, reserved 1048576K
}
Event: 14.121 GC heap after
{Heap after GC invocations=22 (full 0):
 garbage-first heap   total 133120K, used 50557K [0x0000000080000000, 0x0000000100000000)
  region size 1024K, 4 young (4096K), 4 survivors (4096K)
 Metaspace       used 61657K, capacity 63134K, committed 63488K, reserved 1103872K
  class space    used 7825K, capacity 8335K, committed 8448K, reserved 1048576K
}
Event: 15.018 GC heap before
{Heap before GC invocations=22 (full 0):
 garbage-first heap   total 133120K, used 92541K [0x0000000080000000, 0x0000000100000000)
  region size 1024K, 45 young (46080K), 4 survivors (4096K)
 Metaspace       used 65692K, capacity 67170K, committed 67456K, reserved 1107968K
  class space    used 8499K, capacity 9019K, committed 9088K, reserved 1048576K
}
Event: 15.031 GC heap after
{Heap after GC invocations=23 (full 0):
 garbage-first heap   total 133120K, used 53397K [0x0000000080000000, 0x0000000100000000)
  region size 1024K, 6 young (6144K), 6 survivors (6144K)
 Metaspace       used 65692K, capacity 67170K, committed 67456K, reserved 1107968K
  class space    used 8499K, capacity 9019K, committed 9088K, reserved 1048576K
}
Event: 16.042 GC heap before
{Heap before GC invocations=23 (full 0):
 garbage-first heap   total 133120K, used 96405K [0x0000000080000000, 0x0000000100000000)
  region size 1024K, 48 young (49152K), 6 survivors (6144K)
 Metaspace       used 69627K, capacity 71237K, committed 71424K, reserved 1112064K
  class space    used 9059K, capacity 9611K, committed 9728K, reserved 1048576K
}
Event: 16.060 GC heap after
{Heap after GC invocations=24 (full 0):
 garbage-first heap   total 133120K, used 56712K [0x0000000080000000, 0x0000000100000000)
  region size 1024K, 6 young (6144K), 6 survivors (6144K)
 Metaspace       used 69627K, capacity 71237K, committed 71424K, reserved 1112064K
  class space    used 9059K, capacity 9611K, committed 9728K, reserved 1048576K
}

Deoptimization events (20 events):
Event: 15.778 Thread 0x00000218fe836000 Uncommon trap: trap_request=0xffffff4d fr.pc=0x0000021887bbaf60 relative=0x00000000000001a0
Event: 15.778 Thread 0x00000218fe836000 Uncommon trap: reason=unstable_if action=reinterpret pc=0x0000021887bbaf60 method=java.util.HashMap.getNode(ILjava/lang/Object;)Ljava/util/HashMap$Node; @ 84 c2
Event: 15.778 Thread 0x00000218fe836000 DEOPT PACKING pc=0x0000021887bbaf60 sp=0x0000006efd4fa050
Event: 15.778 Thread 0x00000218fe836000 DEOPT UNPACKING pc=0x000002188002742f sp=0x0000006efd4f9fd8 mode 2
Event: 15.837 Thread 0x00000218fe836000 DEOPT PACKING pc=0x0000021881021627 sp=0x0000006efd4f9e50
Event: 15.837 Thread 0x00000218fe836000 DEOPT UNPACKING pc=0x000002188002724e sp=0x0000006efd4f9300 mode 0
Event: 15.897 Thread 0x00000218fe836000 DEOPT PACKING pc=0x0000021881003584 sp=0x0000006efd4f8c60
Event: 15.897 Thread 0x00000218fe836000 DEOPT UNPACKING pc=0x000002188002724e sp=0x0000006efd4f8200 mode 0
Event: 16.063 Thread 0x00000218fe836000 Uncommon trap: trap_request=0xffffff4d fr.pc=0x0000021887c44cfc relative=0x00000000000006fc
Event: 16.063 Thread 0x00000218fe836000 Uncommon trap: reason=unstable_if action=reinterpret pc=0x0000021887c44cfc method=java.util.HashMap.putVal(ILjava/lang/Object;Ljava/lang/Object;ZZ)Ljava/lang/Object; @ 109 c2
Event: 16.063 Thread 0x00000218fe836000 DEOPT PACKING pc=0x0000021887c44cfc sp=0x0000006efd4f8790
Event: 16.063 Thread 0x00000218fe836000 DEOPT UNPACKING pc=0x000002188002742f sp=0x0000006efd4f86a8 mode 2
Event: 16.063 Thread 0x00000218fe836000 Uncommon trap: trap_request=0xffffff4d fr.pc=0x0000021887c08fec relative=0x000000000000066c
Event: 16.063 Thread 0x00000218fe836000 Uncommon trap: reason=unstable_if action=reinterpret pc=0x0000021887c08fec method=java.util.HashMap.putVal(ILjava/lang/Object;Ljava/lang/Object;ZZ)Ljava/lang/Object; @ 109 c2
Event: 16.063 Thread 0x00000218fe836000 DEOPT PACKING pc=0x0000021887c08fec sp=0x0000006efd4f86e0
Event: 16.063 Thread 0x00000218fe836000 DEOPT UNPACKING pc=0x000002188002742f sp=0x0000006efd4f8698 mode 2
Event: 16.235 Thread 0x00000218fe836000 DEOPT PACKING pc=0x0000021881021627 sp=0x0000006efd4f9a10
Event: 16.235 Thread 0x00000218fe836000 DEOPT UNPACKING pc=0x000002188002724e sp=0x0000006efd4f8ec0 mode 0
Event: 16.248 Thread 0x00000218fe836000 DEOPT PACKING pc=0x00000218812be9ec sp=0x0000006efd4fa0d0
Event: 16.248 Thread 0x00000218fe836000 DEOPT UNPACKING pc=0x000002188002724e sp=0x0000006efd4f95e8 mode 0

Classes redefined (0 events):
No events

Internal exceptions (20 events):
Event: 14.244 Thread 0x00000218fe836000 Exception <a 'java/lang/ClassNotFoundException'{0x0000000087748df8}: com/android/build/gradle/internal/CompileOptionsBeanInfo> (0x0000000087748df8) thrown at [./src/hotspot/share/classfile/systemDictionary.cpp, line 231]
Event: 14.245 Thread 0x00000218fe836000 Exception <a 'java/lang/ClassNotFoundException'{0x0000000087760130}: com/android/build/gradle/internal/CompileOptionsCustomizer> (0x0000000087760130) thrown at [./src/hotspot/share/classfile/systemDictionary.cpp, line 231]
Event: 14.247 Thread 0x00000218fe836000 Exception <a 'java/lang/ClassNotFoundException'{0x0000000087784108}: com/android/build/gradle/internal/CompileOptions_DecoratedCustomizer> (0x0000000087784108) thrown at [./src/hotspot/share/classfile/systemDictionary.cpp, line 231]
Event: 14.272 Thread 0x00000218fe836000 Exception <a 'java/lang/ClassNotFoundException'{0x00000000876b5bc8}: org/jetbrains/kotlin/gradle/dsl/KotlinJvmOptionsImplBeanInfo> (0x00000000876b5bc8) thrown at [./src/hotspot/share/classfile/systemDictionary.cpp, line 231]
Event: 14.273 Thread 0x00000218fe836000 Exception <a 'java/lang/ClassNotFoundException'{0x00000000876cd6b8}: org/jetbrains/kotlin/gradle/dsl/KotlinJvmOptionsBaseBeanInfo> (0x00000000876cd6b8) thrown at [./src/hotspot/share/classfile/systemDictionary.cpp, line 231]
Event: 14.273 Thread 0x00000218fe836000 Exception <a 'java/lang/ClassNotFoundException'{0x00000000876e53b0}: org/jetbrains/kotlin/gradle/dsl/KotlinJvmOptionsBaseCustomizer> (0x00000000876e53b0) thrown at [./src/hotspot/share/classfile/systemDictionary.cpp, line 231]
Event: 14.275 Thread 0x00000218fe836000 Exception <a 'java/lang/ClassNotFoundException'{0x0000000087515d48}: org/jetbrains/kotlin/gradle/dsl/KotlinJvmOptionsImplCustomizer> (0x0000000087515d48) thrown at [./src/hotspot/share/classfile/systemDictionary.cpp, line 231]
Event: 15.286 Thread 0x00000218fe836000 Exception <a 'java/lang/ClassNotFoundException'{0x0000000087672080}: com/android/build/gradle/internal/api/ApkVariantOutputImpl_DecoratedBeanInfo> (0x0000000087672080) thrown at [./src/hotspot/share/classfile/systemDictionary.cpp, line 231]
Event: 15.287 Thread 0x00000218fe836000 Exception <a 'java/lang/ClassNotFoundException'{0x000000008768c440}: com/android/build/gradle/internal/api/ApkVariantOutputImplBeanInfo> (0x000000008768c440) thrown at [./src/hotspot/share/classfile/systemDictionary.cpp, line 231]
Event: 15.287 Thread 0x00000218fe836000 Exception <a 'java/lang/ClassNotFoundException'{0x00000000876a3180}: com/android/build/gradle/internal/api/BaseVariantOutputImplBeanInfo> (0x00000000876a3180) thrown at [./src/hotspot/share/classfile/systemDictionary.cpp, line 231]
Event: 15.288 Thread 0x00000218fe836000 Exception <a 'java/lang/ClassNotFoundException'{0x00000000876b9ee8}: com/android/build/gradle/internal/api/BaseVariantOutputImplCustomizer> (0x00000000876b9ee8) thrown at [./src/hotspot/share/classfile/systemDictionary.cpp, line 231]
Event: 15.290 Thread 0x00000218fe836000 Exception <a 'java/lang/ClassNotFoundException'{0x00000000876e3328}: com/android/build/gradle/internal/api/ApkVariantOutputImplCustomizer> (0x00000000876e3328) thrown at [./src/hotspot/share/classfile/systemDictionary.cpp, line 231]
Event: 15.291 Thread 0x00000218fe836000 Exception <a 'java/lang/ClassNotFoundException'{0x0000000087508c98}: com/android/build/gradle/internal/api/ApkVariantOutputImpl_DecoratedCustomizer> (0x0000000087508c98) thrown at [./src/hotspot/share/classfile/systemDictionary.cpp, line 231]
Event: 15.319 Thread 0x00000218fe836000 Exception <a 'java/lang/ClassNotFoundException'{0x0000000087473d40}: com/android/build/gradle/internal/api/ReadOnlyBuildTypeBeanInfo> (0x0000000087473d40) thrown at [./src/hotspot/share/classfile/systemDictionary.cpp, line 231]
Event: 15.319 Thread 0x00000218fe836000 Exception <a 'java/lang/ClassNotFoundException'{0x0000000087489eb0}: com/android/build/gradle/internal/api/ReadOnlyBaseConfigBeanInfo> (0x0000000087489eb0) thrown at [./src/hotspot/share/classfile/systemDictionary.cpp, line 231]
Event: 15.320 Thread 0x00000218fe836000 Exception <a 'java/lang/ClassNotFoundException'{0x00000000874a04d0}: com/android/build/gradle/internal/api/ReadOnlyBaseConfigCustomizer> (0x00000000874a04d0) thrown at [./src/hotspot/share/classfile/systemDictionary.cpp, line 231]
Event: 15.322 Thread 0x00000218fe836000 Exception <a 'java/lang/ClassNotFoundException'{0x00000000874c6b78}: com/android/build/gradle/internal/api/ReadOnlyBuildTypeCustomizer> (0x00000000874c6b78) thrown at [./src/hotspot/share/classfile/systemDictionary.cpp, line 231]
Event: 15.722 Thread 0x00000218fe836000 Exception <a 'java/lang/NoSuchMethodError'{0x00000000867a6e30}: 'void java.lang.invoke.DirectMethodHandle$Holder.invokeStatic(java.lang.Object, java.lang.Object, java.lang.Object, java.lang.Object, java.lang.Object, java.lang.Object, java.lang.Object)'> (0x00000000867a6e30) thrown at [./src/hotspot/share/interpreter/linkResolver.cpp, line 773]
Event: 16.093 Thread 0x00000218fe836000 Exception <a 'java/lang/NoSuchMethodError'{0x000000008809f978}: 'java.lang.Object java.lang.invoke.Invokers$Holder.linkToTargetMethod(java.lang.Object, int, java.lang.Object)'> (0x000000008809f978) thrown at [./src/hotspot/share/interpreter/linkResolver.cpp, line 773]
Event: 16.293 Thread 0x00000218fe836000 Exception <a 'sun/nio/fs/WindowsException'{0x0000000087967e00}> (0x0000000087967e00) thrown at [./src/hotspot/share/prims/jni.cpp, line 615]

Events (20 events):
Event: 16.361 loading class com/android/sdklib/OptionalLibrary
Event: 16.361 loading class com/android/sdklib/OptionalLibrary done
Event: 16.361 loading class com/android/sdklib/repository/generated/common/v1/LibraryType
Event: 16.361 loading class com/android/sdklib/repository/generated/common/v1/LibraryType done
Event: 16.362 loading class com/android/sdklib/repository/generated/common/v2/ObjectFactory
Event: 16.362 loading class com/android/sdklib/repository/generated/common/v2/ObjectFactory done
Event: 16.362 loading class com/android/repository/api/RepoManager
Event: 16.362 loading class com/android/repository/api/RepoManager done
Event: 16.363 loading class com/android/repository/api/ProgressRunner
Event: 16.363 loading class com/android/repository/api/ProgressRunner done
Event: 16.363 loading class com/android/repository/impl/manager/RepoManagerImpl
Event: 16.363 loading class com/android/repository/impl/manager/RepoManagerImpl done
Event: 16.365 loading class com/android/repository/impl/generated/v1/ObjectFactory
Event: 16.365 loading class com/android/repository/impl/generated/v1/ObjectFactory done
Event: 16.366 loading class com/android/repository/impl/meta/CommonFactory
Event: 16.366 loading class com/android/repository/impl/meta/CommonFactory done
Event: 16.366 loading class com/android/repository/impl/meta/RepoPackageImpl$Dependencies
Event: 16.366 loading class com/android/repository/impl/meta/RepoPackageImpl$Dependencies done
Event: 16.367 loading class com/android/repository/impl/generated/v1/DependenciesType
Event: 16.367 loading class com/android/repository/impl/generated/v1/DependenciesType done


Dynamic libraries:
0x00007ff7ab3d0000 - 0x00007ff7ab3da000 	D:\Android\Android Studio\jre\bin\java.exe
0x00007ff9c18f0000 - 0x00007ff9c1add000 	C:\Windows\SYSTEM32\ntdll.dll
0x00007ff9c1010000 - 0x00007ff9c10c3000 	C:\Windows\System32\KERNEL32.DLL
0x00007ff9bda10000 - 0x00007ff9bdca5000 	C:\Windows\System32\KERNELBASE.dll
0x00007ff9be870000 - 0x00007ff9be96a000 	C:\Windows\System32\ucrtbase.dll
0x00007ff9b96a0000 - 0x00007ff9b96b9000 	D:\Android\Android Studio\jre\bin\jli.dll
0x00007ff9bf020000 - 0x00007ff9bf1b8000 	C:\Windows\System32\USER32.dll
0x00007ff9bd9f0000 - 0x00007ff9bda10000 	C:\Windows\System32\win32u.dll
0x00007ff9ada20000 - 0x00007ff9adc99000 	C:\Windows\WinSxS\amd64_microsoft.windows.common-controls_6595b64144ccf1df_6.0.17763.2061_none_de73cf545348ec45\COMCTL32.dll
0x00007ff9c1890000 - 0x00007ff9c18b9000 	C:\Windows\System32\GDI32.dll
0x00007ff9b8c70000 - 0x00007ff9b8c87000 	D:\Android\Android Studio\jre\bin\VCRUNTIME140.dll
0x00007ff9bed30000 - 0x00007ff9bedce000 	C:\Windows\System32\msvcrt.dll
0x00007ff9bdea0000 - 0x00007ff9be03c000 	C:\Windows\System32\gdi32full.dll
0x00007ff9c12c0000 - 0x00007ff9c15ed000 	C:\Windows\System32\combase.dll
0x00007ff9be990000 - 0x00007ff9bea30000 	C:\Windows\System32\msvcp_win.dll
0x00007ff9bef00000 - 0x00007ff9bf01f000 	C:\Windows\System32\RPCRT4.dll
0x00007ff9bea90000 - 0x00007ff9beb12000 	C:\Windows\System32\bcryptPrimitives.dll
0x00007ff9c0fe0000 - 0x00007ff9c100e000 	C:\Windows\System32\IMM32.DLL
0x00007ff9b7b40000 - 0x00007ff9b7bdd000 	D:\Android\Android Studio\jre\bin\msvcp140.dll
0x00007ff995c50000 - 0x00007ff99670c000 	D:\Android\Android Studio\jre\bin\server\jvm.dll
0x00007ff9c10d0000 - 0x00007ff9c1174000 	C:\Windows\System32\ADVAPI32.dll
0x00007ff9bec90000 - 0x00007ff9bed2e000 	C:\Windows\System32\sechost.dll
0x00007ff9bb5d0000 - 0x00007ff9bb5f4000 	C:\Windows\SYSTEM32\WINMM.dll
0x00007ff9bc290000 - 0x00007ff9bc29a000 	C:\Windows\SYSTEM32\VERSION.dll
0x00007ff9bf800000 - 0x00007ff9bf808000 	C:\Windows\System32\PSAPI.DLL
0x00007ff9bb570000 - 0x00007ff9bb59d000 	C:\Windows\SYSTEM32\WINMMBASE.dll
0x00007ff9bd9a0000 - 0x00007ff9bd9ea000 	C:\Windows\System32\cfgmgr32.dll
0x00007ff9b1d90000 - 0x00007ff9b1d99000 	C:\Windows\SYSTEM32\WSOCK32.dll
0x00007ff9c1820000 - 0x00007ff9c188d000 	C:\Windows\System32\ws2_32.DLL
0x00007ff9bd8d0000 - 0x00007ff9bd8e1000 	C:\Windows\System32\kernel.appcore.dll
0x00007ff9a9ea0000 - 0x00007ff9a9eb1000 	D:\Android\Android Studio\jre\bin\verify.dll
0x00007ff9ac1a0000 - 0x00007ff9ac38d000 	C:\Windows\SYSTEM32\DBGHELP.DLL
0x00007ff9ac170000 - 0x00007ff9ac19a000 	C:\Windows\SYSTEM32\dbgcore.DLL
0x00007ff9987a0000 - 0x00007ff9987c9000 	D:\Android\Android Studio\jre\bin\java.dll
0x00007ff9a7b10000 - 0x00007ff9a7b1b000 	D:\Android\Android Studio\jre\bin\jimage.dll
0x00007ff9a75a0000 - 0x00007ff9a75b8000 	D:\Android\Android Studio\jre\bin\zip.dll
0x00007ff9bf8c0000 - 0x00007ff9c0db9000 	C:\Windows\System32\SHELL32.dll
0x00007ff9bf810000 - 0x00007ff9bf8b8000 	C:\Windows\System32\shcore.dll
0x00007ff9be120000 - 0x00007ff9be86b000 	C:\Windows\System32\windows.storage.dll
0x00007ff9bd970000 - 0x00007ff9bd994000 	C:\Windows\System32\profapi.dll
0x00007ff9bd910000 - 0x00007ff9bd96d000 	C:\Windows\System32\powrprof.dll
0x00007ff9c0e40000 - 0x00007ff9c0e92000 	C:\Windows\System32\shlwapi.dll
0x00007ff9be970000 - 0x00007ff9be987000 	C:\Windows\System32\cryptsp.dll
0x00007ff9a6380000 - 0x00007ff9a639a000 	D:\Android\Android Studio\jre\bin\net.dll
0x00007ff9b3be0000 - 0x00007ff9b3cd1000 	C:\Windows\SYSTEM32\WINHTTP.dll
0x00007ff9bd0a0000 - 0x00007ff9bd107000 	C:\Windows\system32\mswsock.dll
0x00007ff9a1720000 - 0x00007ff9a1734000 	D:\Android\Android Studio\jre\bin\nio.dll
0x00007ff9b9fb0000 - 0x00007ff9b9fd7000 	C:\Users\Home\.gradle\native\fdc75f09e3144964f2cf3f50f0aa648679c211496f362492102eb8c894070792\windows-amd64\native-platform.dll
0x00007ff9b6210000 - 0x00007ff9b63a6000 	C:\Users\Home\.gradle\native\12488b8bf47d2d4c9fbf2f6322a914ad602e24e48041cd04a747c6da556b65c4\windows-amd64\native-platform-file-events.dll
0x00007ff9a7a30000 - 0x00007ff9a7a3a000 	D:\Android\Android Studio\jre\bin\management.dll
0x00007ff9a75d0000 - 0x00007ff9a75dc000 	D:\Android\Android Studio\jre\bin\management_ext.dll
0x00007ff9bcc30000 - 0x00007ff9bcc63000 	C:\Windows\system32\rsaenh.dll
0x00007ff9be0f0000 - 0x00007ff9be116000 	C:\Windows\System32\bcrypt.dll
0x00007ff9bd7d0000 - 0x00007ff9bd7f9000 	C:\Windows\SYSTEM32\USERENV.dll
0x00007ff9bd270000 - 0x00007ff9bd27c000 	C:\Windows\SYSTEM32\CRYPTBASE.dll
0x00007ff9bcdc0000 - 0x00007ff9bcdfd000 	C:\Windows\SYSTEM32\IPHLPAPI.DLL
0x00007ff9c1180000 - 0x00007ff9c1188000 	C:\Windows\System32\NSI.dll
0x00007ff9b7280000 - 0x00007ff9b7296000 	C:\Windows\SYSTEM32\dhcpcsvc6.DLL
0x00007ff9b8d20000 - 0x00007ff9b8d3c000 	C:\Windows\SYSTEM32\dhcpcsvc.DLL
0x00007ff9bce00000 - 0x00007ff9bcec6000 	C:\Windows\SYSTEM32\DNSAPI.dll
0x00007ff9b8dd0000 - 0x00007ff9b8ddb000 	C:\Windows\SYSTEM32\WINNSI.DLL

dbghelp: loaded successfully - version: 4.0.5 - missing functions: none
symbol engine: initialized successfully - sym options: 0x614 - pdb path: .;D:\Android\Android Studio\jre\bin;C:\Windows\SYSTEM32;C:\Windows\WinSxS\amd64_microsoft.windows.common-controls_6595b64144ccf1df_6.0.17763.2061_none_de73cf545348ec45;D:\Android\Android Studio\jre\bin\server;C:\Users\Home\.gradle\native\fdc75f09e3144964f2cf3f50f0aa648679c211496f362492102eb8c894070792\windows-amd64;C:\Users\Home\.gradle\native\12488b8bf47d2d4c9fbf2f6322a914ad602e24e48041cd04a747c6da556b65c4\windows-amd64

VM Arguments:
jvm_args: --add-opens=java.base/java.util=ALL-UNNAMED --add-opens=java.base/java.lang=ALL-UNNAMED --add-opens=java.base/java.lang.invoke=ALL-UNNAMED --add-opens=java.prefs/java.util.prefs=ALL-UNNAMED -Xmx2048m -Dfile.encoding=UTF-8 -Duser.country=RU -Duser.language=ru -Duser.variant 
java_command: org.gradle.launcher.daemon.bootstrap.GradleDaemon 6.7.1
java_class_path (initial): C:\Users\Home\.gradle\wrapper\dists\gradle-6.7.1-bin\bwlcbys1h7rz3272sye1xwiv6\gradle-6.7.1\lib\gradle-launcher-6.7.1.jar
Launcher Type: SUN_STANDARD

[Global flags]
     intx CICompilerCount                          = 3                                         {product} {ergonomic}
     uint ConcGCThreads                            = 1                                         {product} {ergonomic}
     uint G1ConcRefinementThreads                  = 4                                         {product} {ergonomic}
   size_t G1HeapRegionSize                         = 1048576                                   {product} {ergonomic}
    uintx GCDrainStackTargetSize                   = 64                                        {product} {ergonomic}
   size_t InitialHeapSize                          = 65011712                                  {product} {ergonomic}
   size_t MarkStackSize                            = 4194304                                   {product} {ergonomic}
   size_t MaxHeapSize                              = 2147483648                                {product} {command line}
   size_t MaxNewSize                               = 1287651328                                {product} {ergonomic}
   size_t MinHeapDeltaBytes                        = 1048576                                   {product} {ergonomic}
    uintx NonNMethodCodeHeapSize                   = 5830732                                {pd product} {ergonomic}
    uintx NonProfiledCodeHeapSize                  = 122913754                              {pd product} {ergonomic}
    uintx ProfiledCodeHeapSize                     = 122913754                              {pd product} {ergonomic}
    uintx ReservedCodeCacheSize                    = 251658240                              {pd product} {ergonomic}
     bool SegmentedCodeCache                       = true                                      {product} {ergonomic}
     bool UseCompressedClassPointers               = true                                 {lp64_product} {ergonomic}
     bool UseCompressedOops                        = true                                 {lp64_product} {ergonomic}
     bool UseG1GC                                  = true                                      {product} {ergonomic}
     bool UseLargePagesIndividualAllocation        = false                                  {pd product} {ergonomic}

Logging:
Log output configuration:
 #0: stdout all=warning uptime,level,tags
 #1: stderr all=off uptime,level,tags

Environment Variables:
PATH=C:\Program Files (x86)\Common Files\Oracle\Java\javapath;C:\Windows\system32;C:\Windows;C:\Windows\System32\Wbem;C:\Windows\System32\WindowsPowerShell\v1.0\;C:\Windows\System32\OpenSSH\;D:\AndroidProjects\Git\cmd;C:\Users\Home\AppData\Local\Microsoft\WindowsApps;
USERNAME=Home
OS=Windows_NT
PROCESSOR_IDENTIFIER=Intel64 Family 6 Model 42 Stepping 7, GenuineIntel



---------------  S Y S T E M  ---------------

OS: Windows 10 , 64 bit Build 17763 (10.0.17763.2028)
OS uptime: 0 days 1:43 hours

CPU:total 4 (initial active 4) (2 cores per cpu, 2 threads per core) family 6 model 42 stepping 7, cmov, cx8, fxsr, mmx, sse, sse2, sse3, ssse3, sse4.1, sse4.2, popcnt, avx, clmul, ht, tsc, tscinvbit

Memory: 4k page, system-wide physical 3932M (359M free)
TotalPageFile size 4732M (AvailPageFile size 5M)
current process WorkingSet (physical memory assigned to process): 343M, peak: 345M
current process commit charge ("private bytes"): 377M, peak: 378M

vm_info: OpenJDK 64-Bit Server VM (11.0.8+10-b944.6842174) for windows-amd64 JRE (11.0.8+10-b944.6842174), built on Sep 19 2020 01:11:42 by "builder" with MS VC++ 14.0 (VS2015)

END.
