#
# There is insufficient memory for the Java Runtime Environment to continue.
# Native memory allocation (malloc) failed to allocate 262160 bytes for Chunk::new
# Possible reasons:
#   The system is out of physical RAM or swap space
#   The process is running with CompressedOops enabled, and the Java Heap may be blocking the growth of the native heap
# Possible solutions:
#   Reduce memory load on the system
#   Increase physical memory or swap space
#   Check if swap backing store is full
#   Decrease Java heap size (-Xmx/-Xms)
#   Decrease number of Java threads
#   Decrease Java thread stack sizes (-Xss)
#   Set larger code cache with -XX:ReservedCodeCacheSize=
#   JVM is running with Unscaled Compressed Oops mode in which the Java heap is
#     placed in the first 4GB address space. The Java Heap base address is the
#     maximum limit for the native heap growth. Please use -XX:HeapBaseMinAddress
#     to set the Java Heap base and to place the Java Heap above 4GB virtual address.
# This output file may be truncated or incomplete.
#
#  Out of Memory Error (./src/hotspot/share/memory/arena.cpp:197), pid=7592, tid=1212
#
# JRE version: OpenJDK Runtime Environment (11.0.8+10) (build 11.0.8+10-b944.6842174)
# Java VM: OpenJDK 64-Bit Server VM (11.0.8+10-b944.6842174, mixed mode, tiered, compressed oops, g1 gc, windows-amd64)
# No core dump will be written. Minidumps are not enabled by default on client versions of Windows
#

---------------  S U M M A R Y ------------

Command Line: org.jetbrains.kotlin.cli.jvm.K2JVMCompiler @D:\AndroidProjects\TipTime\app\build\20210809_12060463822991758240.compiler.options

Host: Intel(R) Core(TM) i3-2370M CPU @ 2.40GHz, 4 cores, 3G,  Windows 10 , 64 bit Build 17763 (10.0.17763.2028)
Time: Mon Aug  9 16:27:21 2021 RTZ 2 (ceia) elapsed time: 5 seconds (0d 0h 0m 5s)

---------------  T H R E A D  ---------------

Current thread (0x0000020cfea13000):  JavaThread "C2 CompilerThread0" daemon [_thread_in_native, id=1212, stack(0x0000007b6e500000,0x0000007b6e600000)]


Current CompileTask:
C2:   5077 2818       4       java.lang.ClassLoader::loadClass (7 bytes)

Stack: [0x0000007b6e500000,0x0000007b6e600000]
Native frames: (J=compiled Java code, j=interpreted, Vv=VM code, C=native code)
V  [jvm.dll+0x5de50a]
V  [jvm.dll+0x7122f5]
V  [jvm.dll+0x71384d]
V  [jvm.dll+0x713f03]
V  [jvm.dll+0x23e728]
V  [jvm.dll+0xb899c]
V  [jvm.dll+0xb8e9c]
V  [jvm.dll+0xb8a98]
V  [jvm.dll+0x5be3b0]
V  [jvm.dll+0x1fde0e]
V  [jvm.dll+0x608ff4]
V  [jvm.dll+0x1f6794]
V  [jvm.dll+0x17f32c]
V  [jvm.dll+0x205047]
V  [jvm.dll+0x203891]
V  [jvm.dll+0x6dad3f]
V  [jvm.dll+0x6d3895]
V  [jvm.dll+0x5dd4a6]
C  [ucrtbase.dll+0x2268a]
C  [KERNEL32.DLL+0x17974]
C  [ntdll.dll+0x5a2f1]


---------------  P R O C E S S  ---------------

Threads class SMR info:
_java_thread_list=0x0000020c833f3f70, length=10, elements={
0x0000020ce77be800, 0x0000020cfe9ab000, 0x0000020cfe9ad000, 0x0000020cfea0c000,
0x0000020cfea0d000, 0x0000020cfea13000, 0x0000020cfea22000, 0x0000020cfea2e000,
0x0000020cff483000, 0x0000020cff48c800
}

Java Threads: ( => current thread )
  0x0000020ce77be800 JavaThread "main" [_thread_in_native, id=4524, stack(0x0000007b6da00000,0x0000007b6db00000)]
  0x0000020cfe9ab000 JavaThread "Reference Handler" daemon [_thread_blocked, id=8, stack(0x0000007b6e100000,0x0000007b6e200000)]
  0x0000020cfe9ad000 JavaThread "Finalizer" daemon [_thread_blocked, id=6936, stack(0x0000007b6e200000,0x0000007b6e300000)]
  0x0000020cfea0c000 JavaThread "Signal Dispatcher" daemon [_thread_blocked, id=7736, stack(0x0000007b6e300000,0x0000007b6e400000)]
  0x0000020cfea0d000 JavaThread "Attach Listener" daemon [_thread_blocked, id=6700, stack(0x0000007b6e400000,0x0000007b6e500000)]
=>0x0000020cfea13000 JavaThread "C2 CompilerThread0" daemon [_thread_in_native, id=1212, stack(0x0000007b6e500000,0x0000007b6e600000)]
  0x0000020cfea22000 JavaThread "C1 CompilerThread0" daemon [_thread_blocked, id=2620, stack(0x0000007b6e600000,0x0000007b6e700000)]
  0x0000020cfea2e000 JavaThread "Sweeper thread" daemon [_thread_blocked, id=1568, stack(0x0000007b6e700000,0x0000007b6e800000)]
  0x0000020cff483000 JavaThread "Service Thread" daemon [_thread_blocked, id=4376, stack(0x0000007b6e800000,0x0000007b6e900000)]
  0x0000020cff48c800 JavaThread "Common-Cleaner" daemon [_thread_blocked, id=4860, stack(0x0000007b6ea00000,0x0000007b6eb00000)]

Other Threads:
  0x0000020cfe986800 VMThread "VM Thread" [stack: 0x0000007b6e000000,0x0000007b6e100000] [id=6896]
  0x0000020cff488000 WatcherThread [stack: 0x0000007b6e900000,0x0000007b6ea00000] [id=1256]
  0x0000020ce77d7800 GCTaskThread "GC Thread#0" [stack: 0x0000007b6db00000,0x0000007b6dc00000] [id=160]
  0x0000020cff948800 GCTaskThread "GC Thread#1" [stack: 0x0000007b6ec00000,0x0000007b6ed00000] [id=5456]
  0x0000020ce77f4000 ConcurrentGCThread "G1 Main Marker" [stack: 0x0000007b6dc00000,0x0000007b6dd00000] [id=4932]
  0x0000020ce77f5800 ConcurrentGCThread "G1 Conc#0" [stack: 0x0000007b6dd00000,0x0000007b6de00000] [id=464]
  0x0000020ce784b800 ConcurrentGCThread "G1 Refine#0" [stack: 0x0000007b6de00000,0x0000007b6df00000] [id=6636]
  0x0000020ce784c800 ConcurrentGCThread "G1 Young RemSet Sampling" [stack: 0x0000007b6df00000,0x0000007b6e000000] [id=5156]

Threads with active compile tasks:
C2 CompilerThread0   5099 2818       4       java.lang.ClassLoader::loadClass (7 bytes)
C1 CompilerThread0   5099 2861  s    3       java.io.BufferedOutputStream::flush (12 bytes)

VM state:not at safepoint (normal execution)

VM Mutex/Monitor currently owned by a thread: None

OutOfMemory and StackOverflow Exception counts:
OutOfMemoryError java_heap_errors=1
LinkageErrors=21

Heap address: 0x00000000c2800000, size: 984 MB, Compressed Oops mode: 32-bit
Narrow klass base: 0x0000000000000000, Narrow klass shift: 3
Compressed class space size: 1073741824 Address: 0x0000000100000000

Heap:
 garbage-first heap   total 76800K, used 32607K [0x00000000c2800000, 0x0000000100000000)
  region size 1024K, 9 young (9216K), 2 survivors (2048K)
 Metaspace       used 42832K, capacity 43303K, committed 43472K, reserved 1087488K
  class space    used 5129K, capacity 5305K, committed 5376K, reserved 1048576K
Heap Regions: E=young(eden), S=young(survivor), O=old, HS=humongous(starts), HC=humongous(continues), CS=collection set, F=free, A=archive, TAMS=top-at-mark-start (previous, next)
|   0|0x00000000c2800000, 0x00000000c2900000, 0x00000000c2900000|100%|HS|  |TAMS 0x00000000c2900000, 0x00000000c2800000| Complete 
|   1|0x00000000c2900000, 0x00000000c2a00000, 0x00000000c2a00000|100%|HC|  |TAMS 0x00000000c2a00000, 0x00000000c2900000| Complete 
|   2|0x00000000c2a00000, 0x00000000c2b00000, 0x00000000c2b00000|100%|HC|  |TAMS 0x00000000c2b00000, 0x00000000c2a00000| Complete 
|   3|0x00000000c2b00000, 0x00000000c2c00000, 0x00000000c2c00000|100%| O|  |TAMS 0x00000000c2c00000, 0x00000000c2b00000| Untracked 
|   4|0x00000000c2c00000, 0x00000000c2d00000, 0x00000000c2d00000|100%| O|  |TAMS 0x00000000c2d00000, 0x00000000c2c00000| Untracked 
|   5|0x00000000c2d00000, 0x00000000c2e00000, 0x00000000c2e00000|100%| O|  |TAMS 0x00000000c2e00000, 0x00000000c2d00000| Untracked 
|   6|0x00000000c2e00000, 0x00000000c2f00000, 0x00000000c2f00000|100%| O|  |TAMS 0x00000000c2f00000, 0x00000000c2e00000| Untracked 
|   7|0x00000000c2f00000, 0x00000000c3000000, 0x00000000c3000000|100%| O|  |TAMS 0x00000000c3000000, 0x00000000c2f00000| Untracked 
|   8|0x00000000c3000000, 0x00000000c3100000, 0x00000000c3100000|100%| O|  |TAMS 0x00000000c3100000, 0x00000000c3000000| Untracked 
|   9|0x00000000c3100000, 0x00000000c3200000, 0x00000000c3200000|100%|HS|  |TAMS 0x00000000c3200000, 0x00000000c3100000| Complete 
|  10|0x00000000c3200000, 0x00000000c3300000, 0x00000000c3300000|100%|HC|  |TAMS 0x00000000c3300000, 0x00000000c3200000| Complete 
|  11|0x00000000c3300000, 0x00000000c3400000, 0x00000000c3400000|100%|HC|  |TAMS 0x00000000c3400000, 0x00000000c3300000| Complete 
|  12|0x00000000c3400000, 0x00000000c3500000, 0x00000000c3500000|100%|HS|  |TAMS 0x00000000c3500000, 0x00000000c3400000| Complete 
|  13|0x00000000c3500000, 0x00000000c3600000, 0x00000000c3600000|100%|HC|  |TAMS 0x00000000c3600000, 0x00000000c3500000| Complete 
|  14|0x00000000c3600000, 0x00000000c3700000, 0x00000000c3700000|100%|HC|  |TAMS 0x00000000c3700000, 0x00000000c3600000| Complete 
|  15|0x00000000c3700000, 0x00000000c3800000, 0x00000000c3800000|100%|HS|  |TAMS 0x00000000c3800000, 0x00000000c3700000| Complete 
|  16|0x00000000c3800000, 0x00000000c3900000, 0x00000000c3900000|100%|HC|  |TAMS 0x00000000c3900000, 0x00000000c3800000| Complete 
|  17|0x00000000c3900000, 0x00000000c3a00000, 0x00000000c3a00000|100%| O|  |TAMS 0x00000000c3a00000, 0x00000000c3900000| Untracked 
|  18|0x00000000c3a00000, 0x00000000c3b00000, 0x00000000c3b00000|100%| O|  |TAMS 0x00000000c3b00000, 0x00000000c3a00000| Untracked 
|  19|0x00000000c3b00000, 0x00000000c3c00000, 0x00000000c3c00000|100%| O|  |TAMS 0x00000000c3c00000, 0x00000000c3b00000| Untracked 
|  20|0x00000000c3c00000, 0x00000000c3d00000, 0x00000000c3d00000|100%| O|  |TAMS 0x00000000c3d00000, 0x00000000c3c00000| Untracked 
|  21|0x00000000c3d00000, 0x00000000c3e00000, 0x00000000c3e00000|100%| O|  |TAMS 0x00000000c3e00000, 0x00000000c3d00000| Untracked 
|  22|0x00000000c3e00000, 0x00000000c3f00000, 0x00000000c3f00000|100%| O|  |TAMS 0x00000000c3f00000, 0x00000000c3e00000| Untracked 
|  23|0x00000000c3f00000, 0x00000000c4000000, 0x00000000c4000000|100%| O|  |TAMS 0x00000000c4000000, 0x00000000c3f00000| Untracked 
|  24|0x00000000c4000000, 0x00000000c4100000, 0x00000000c4100000|100%| O|  |TAMS 0x00000000c4100000, 0x00000000c4000000| Untracked 
|  25|0x00000000c4100000, 0x00000000c4100000, 0x00000000c4200000|  0%| F|  |TAMS 0x00000000c4100000, 0x00000000c4100000| Untracked 
|  26|0x00000000c4200000, 0x00000000c4200000, 0x00000000c4300000|  0%| F|  |TAMS 0x00000000c4200000, 0x00000000c4200000| Untracked 
|  27|0x00000000c4300000, 0x00000000c4300000, 0x00000000c4400000|  0%| F|  |TAMS 0x00000000c4300000, 0x00000000c4300000| Untracked 
|  28|0x00000000c4400000, 0x00000000c4400000, 0x00000000c4500000|  0%| F|  |TAMS 0x00000000c4400000, 0x00000000c4400000| Untracked 
|  29|0x00000000c4500000, 0x00000000c4500000, 0x00000000c4600000|  0%| F|  |TAMS 0x00000000c4500000, 0x00000000c4500000| Untracked 
|  30|0x00000000c4600000, 0x00000000c4600000, 0x00000000c4700000|  0%| F|  |TAMS 0x00000000c4600000, 0x00000000c4600000| Untracked 
|  31|0x00000000c4700000, 0x00000000c4700000, 0x00000000c4800000|  0%| F|  |TAMS 0x00000000c4700000, 0x00000000c4700000| Untracked 
|  32|0x00000000c4800000, 0x00000000c4800000, 0x00000000c4900000|  0%| F|  |TAMS 0x00000000c4800000, 0x00000000c4800000| Untracked 
|  33|0x00000000c4900000, 0x00000000c4900000, 0x00000000c4a00000|  0%| F|  |TAMS 0x00000000c4900000, 0x00000000c4900000| Untracked 
|  34|0x00000000c4a00000, 0x00000000c4a00000, 0x00000000c4b00000|  0%| F|  |TAMS 0x00000000c4a00000, 0x00000000c4a00000| Untracked 
|  35|0x00000000c4b00000, 0x00000000c4b00000, 0x00000000c4c00000|  0%| F|  |TAMS 0x00000000c4b00000, 0x00000000c4b00000| Untracked 
|  36|0x00000000c4c00000, 0x00000000c4c00000, 0x00000000c4d00000|  0%| F|  |TAMS 0x00000000c4c00000, 0x00000000c4c00000| Untracked 
|  37|0x00000000c4d00000, 0x00000000c4d00000, 0x00000000c4e00000|  0%| F|  |TAMS 0x00000000c4d00000, 0x00000000c4d00000| Untracked 
|  38|0x00000000c4e00000, 0x00000000c4e00000, 0x00000000c4f00000|  0%| F|  |TAMS 0x00000000c4e00000, 0x00000000c4e00000| Untracked 
|  39|0x00000000c4f00000, 0x00000000c4f00000, 0x00000000c5000000|  0%| F|  |TAMS 0x00000000c4f00000, 0x00000000c4f00000| Untracked 
|  40|0x00000000c5000000, 0x00000000c5000000, 0x00000000c5100000|  0%| F|  |TAMS 0x00000000c5000000, 0x00000000c5000000| Untracked 
|  41|0x00000000c5100000, 0x00000000c5100000, 0x00000000c5200000|  0%| F|  |TAMS 0x00000000c5100000, 0x00000000c5100000| Untracked 
|  42|0x00000000c5200000, 0x00000000c5200000, 0x00000000c5300000|  0%| F|  |TAMS 0x00000000c5200000, 0x00000000c5200000| Untracked 
|  43|0x00000000c5300000, 0x00000000c5300000, 0x00000000c5400000|  0%| F|  |TAMS 0x00000000c5300000, 0x00000000c5300000| Untracked 
|  44|0x00000000c5400000, 0x00000000c5400000, 0x00000000c5500000|  0%| F|  |TAMS 0x00000000c5400000, 0x00000000c5400000| Untracked 
|  45|0x00000000c5500000, 0x00000000c5500000, 0x00000000c5600000|  0%| F|  |TAMS 0x00000000c5500000, 0x00000000c5500000| Untracked 
|  46|0x00000000c5600000, 0x00000000c5600000, 0x00000000c5700000|  0%| F|  |TAMS 0x00000000c5600000, 0x00000000c5600000| Untracked 
|  47|0x00000000c5700000, 0x00000000c5700000, 0x00000000c5800000|  0%| F|  |TAMS 0x00000000c5700000, 0x00000000c5700000| Untracked 
|  48|0x00000000c5800000, 0x00000000c58d7ff8, 0x00000000c5900000| 84%| S|CS|TAMS 0x00000000c5800000, 0x00000000c5800000| Complete 
|  49|0x00000000c5900000, 0x00000000c5a00000, 0x00000000c5a00000|100%| S|CS|TAMS 0x00000000c5900000, 0x00000000c5900000| Complete 
|  50|0x00000000c5a00000, 0x00000000c5a00000, 0x00000000c5b00000|  0%| F|  |TAMS 0x00000000c5a00000, 0x00000000c5a00000| Untracked 
|  51|0x00000000c5b00000, 0x00000000c5b00000, 0x00000000c5c00000|  0%| F|  |TAMS 0x00000000c5b00000, 0x00000000c5b00000| Untracked 
|  52|0x00000000c5c00000, 0x00000000c5c00000, 0x00000000c5d00000|  0%| F|  |TAMS 0x00000000c5c00000, 0x00000000c5c00000| Untracked 
|  53|0x00000000c5d00000, 0x00000000c5d00000, 0x00000000c5e00000|  0%| F|  |TAMS 0x00000000c5d00000, 0x00000000c5d00000| Untracked 
|  54|0x00000000c5e00000, 0x00000000c5e00000, 0x00000000c5f00000|  0%| F|  |TAMS 0x00000000c5e00000, 0x00000000c5e00000| Untracked 
|  55|0x00000000c5f00000, 0x00000000c5f00000, 0x00000000c6000000|  0%| F|  |TAMS 0x00000000c5f00000, 0x00000000c5f00000| Untracked 
|  56|0x00000000c6000000, 0x00000000c6000000, 0x00000000c6100000|  0%| F|  |TAMS 0x00000000c6000000, 0x00000000c6000000| Untracked 
|  57|0x00000000c6100000, 0x00000000c6100000, 0x00000000c6200000|  0%| F|  |TAMS 0x00000000c6100000, 0x00000000c6100000| Untracked 
|  58|0x00000000c6200000, 0x00000000c6200000, 0x00000000c6300000|  0%| F|  |TAMS 0x00000000c6200000, 0x00000000c6200000| Untracked 
|  59|0x00000000c6300000, 0x00000000c6300000, 0x00000000c6400000|  0%| F|  |TAMS 0x00000000c6300000, 0x00000000c6300000| Untracked 
|  60|0x00000000c6400000, 0x00000000c6400000, 0x00000000c6500000|  0%| F|  |TAMS 0x00000000c6400000, 0x00000000c6400000| Untracked 
|  61|0x00000000c6500000, 0x00000000c6500000, 0x00000000c6600000|  0%| F|  |TAMS 0x00000000c6500000, 0x00000000c6500000| Untracked 
|  62|0x00000000c6600000, 0x00000000c6600000, 0x00000000c6700000|  0%| F|  |TAMS 0x00000000c6600000, 0x00000000c6600000| Untracked 
|  63|0x00000000c6700000, 0x00000000c6700000, 0x00000000c6800000|  0%| F|  |TAMS 0x00000000c6700000, 0x00000000c6700000| Untracked 
|  64|0x00000000c6800000, 0x00000000c6800000, 0x00000000c6900000|  0%| F|  |TAMS 0x00000000c6800000, 0x00000000c6800000| Untracked 
|  65|0x00000000c6900000, 0x00000000c6900000, 0x00000000c6a00000|  0%| F|  |TAMS 0x00000000c6900000, 0x00000000c6900000| Untracked 
|  66|0x00000000c6a00000, 0x00000000c6a00000, 0x00000000c6b00000|  0%| F|  |TAMS 0x00000000c6a00000, 0x00000000c6a00000| Untracked 
|  67|0x00000000c6b00000, 0x00000000c6b00000, 0x00000000c6c00000|  0%| F|  |TAMS 0x00000000c6b00000, 0x00000000c6b00000| Untracked 
|  68|0x00000000c6c00000, 0x00000000c6c7b090, 0x00000000c6d00000| 48%| E|  |TAMS 0x00000000c6c00000, 0x00000000c6c00000| Complete 
|  69|0x00000000c6d00000, 0x00000000c6e00000, 0x00000000c6e00000|100%| E|CS|TAMS 0x00000000c6d00000, 0x00000000c6d00000| Complete 
|  70|0x00000000c6e00000, 0x00000000c6f00000, 0x00000000c6f00000|100%| E|  |TAMS 0x00000000c6e00000, 0x00000000c6e00000| Complete 
|  71|0x00000000c6f00000, 0x00000000c7000000, 0x00000000c7000000|100%| E|CS|TAMS 0x00000000c6f00000, 0x00000000c6f00000| Complete 
|  72|0x00000000c7000000, 0x00000000c7100000, 0x00000000c7100000|100%| E|CS|TAMS 0x00000000c7000000, 0x00000000c7000000| Complete 
|  73|0x00000000c7100000, 0x00000000c7200000, 0x00000000c7200000|100%| E|CS|TAMS 0x00000000c7100000, 0x00000000c7100000| Complete 
|  74|0x00000000c7200000, 0x00000000c7300000, 0x00000000c7300000|100%| E|CS|TAMS 0x00000000c7200000, 0x00000000c7200000| Complete 

Card table byte_map: [0x0000020cfc120000,0x0000020cfc310000] _byte_map_base: 0x0000020cfbb0c000

Marking Bits (Prev, Next): (CMBitMap*) 0x0000020ce77ef588, (CMBitMap*) 0x0000020ce77ef5c0
 Prev Bits: [0x0000020cfc500000, 0x0000020cfd460000)
 Next Bits: [0x0000020cfd460000, 0x0000020cfe3c0000)

Polling page: 0x0000020ce7890000

Metaspace:

Usage:
  Non-class:     37.11 MB capacity,    36.82 MB (>99%) used,   231.09 KB ( <1%) free+waste,    60.56 KB ( <1%) overhead. 
      Class:      5.18 MB capacity,     5.01 MB ( 97%) used,   149.51 KB (  3%) free+waste,    25.94 KB ( <1%) overhead. 
       Both:     42.29 MB capacity,    41.83 MB ( 99%) used,   380.60 KB ( <1%) free+waste,    86.50 KB ( <1%) overhead. 

Virtual space:
  Non-class space:       38.00 MB reserved,      37.20 MB ( 98%) committed 
      Class space:        1.00 GB reserved,       5.25 MB ( <1%) committed 
             Both:        1.04 GB reserved,      42.45 MB (  4%) committed 

Chunk freelists:
   Non-Class:  34.00 KB
       Class:  7.00 KB
        Both:  41.00 KB

MaxMetaspaceSize: 17179869184.00 GB
CompressedClassSpaceSize: 1.00 GB

CodeHeap 'non-profiled nmethods': size=120064Kb used=1113Kb max_used=1113Kb free=118950Kb
 bounds [0x0000020cf43d0000, 0x0000020cf4640000, 0x0000020cfb910000]
CodeHeap 'profiled nmethods': size=120000Kb used=5704Kb max_used=5704Kb free=114295Kb
 bounds [0x0000020cecea0000, 0x0000020ced440000, 0x0000020cf43d0000]
CodeHeap 'non-nmethods': size=5696Kb used=1178Kb max_used=1220Kb free=4517Kb
 bounds [0x0000020cec910000, 0x0000020cecb80000, 0x0000020cecea0000]
 total_blobs=3383 nmethods=2854 adapters=440
 compilation: enabled
              stopped_count=0, restarted_count=0
 full_count=0

Compilation events (20 events):
Event: 5.068 Thread 0x0000020cfea22000 nmethod 2835 0x0000020ced423c90 code [0x0000020ced423e40, 0x0000020ced423fa8]
Event: 5.068 Thread 0x0000020cfea22000 2836       3       org.jetbrains.kotlin.com.intellij.util.containers.IntArrayList::checkRange (52 bytes)
Event: 5.068 Thread 0x0000020cfea22000 nmethod 2836 0x0000020ced424090 code [0x0000020ced424320, 0x0000020ced424d38]
Event: 5.069 Thread 0x0000020cfea22000 2837       3       org.jetbrains.kotlin.com.intellij.util.containers.CaseInsensitiveStringHashingStrategy::equals (13 bytes)
Event: 5.069 Thread 0x0000020cfea22000 nmethod 2837 0x0000020ced425110 code [0x0000020ced425300, 0x0000020ced425768]
Event: 5.069 Thread 0x0000020cfea22000 2838       3       org.jetbrains.kotlin.com.intellij.util.containers.CaseInsensitiveStringHashingStrategy::equals (27 bytes)
Event: 5.070 Thread 0x0000020cfea22000 nmethod 2838 0x0000020ced425890 code [0x0000020ced425a60, 0x0000020ced425ca8]
Event: 5.071 Thread 0x0000020cfea22000 2839       3       org.jetbrains.kotlin.name.Name::identifier (18 bytes)
Event: 5.071 Thread 0x0000020cfea22000 nmethod 2839 0x0000020ced425d90 code [0x0000020ced425f80, 0x0000020ced4262d8]
Event: 5.071 Thread 0x0000020cfea22000 2840       3       org.jetbrains.kotlin.name.ClassId::getPackageFqName (13 bytes)
Event: 5.071 Thread 0x0000020cfea22000 nmethod 2840 0x0000020ced426410 code [0x0000020ced4265c0, 0x0000020ced426748]
Event: 5.071 Thread 0x0000020cfea22000 2841       3       java.lang.String::lastIndexOf (12 bytes)
Event: 5.072 Thread 0x0000020cfea22000 nmethod 2841 0x0000020ced426810 code [0x0000020ced426a00, 0x0000020ced426dd8]
Event: 5.073 Thread 0x0000020cfea22000 2842       3       org.jetbrains.kotlin.com.intellij.openapi.vfs.VirtualFile::getNameWithoutExtension (21 bytes)
Event: 5.073 Thread 0x0000020cfea22000 nmethod 2842 0x0000020ced426f90 code [0x0000020ced427180, 0x0000020ced427498]
Event: 5.073 Thread 0x0000020cfea22000 2843       3       org.jetbrains.kotlin.com.intellij.openapi.util.io.FileUtilRt::getNameWithoutExtension (49 bytes)
Event: 5.074 Thread 0x0000020cfea22000 nmethod 2843 0x0000020ced427590 code [0x0000020ced427780, 0x0000020ced427b68]
Event: 5.074 Thread 0x0000020cfea22000 2844       3       gnu.trove.THashSet::add (41 bytes)
Event: 5.074 Thread 0x0000020cfea22000 nmethod 2844 0x0000020ced427c90 code [0x0000020ced427e80, 0x0000020ced4282b8]
Event: 5.075 Thread 0x0000020cfea22000 2845       3       sun.invoke.util.BytecodeDescriptor::unparseMethod (66 bytes)

GC Heap History (16 events):
Event: 0.665 GC heap before
{Heap before GC invocations=0 (full 0):
 garbage-first heap   total 63488K, used 17408K [0x00000000c2800000, 0x0000000100000000)
  region size 1024K, 14 young (14336K), 0 survivors (0K)
 Metaspace       used 9781K, capacity 9935K, committed 10112K, reserved 1058816K
  class space    used 832K, capacity 884K, committed 896K, reserved 1048576K
}
Event: 0.669 GC heap after
{Heap after GC invocations=1 (full 0):
 garbage-first heap   total 63488K, used 5132K [0x00000000c2800000, 0x0000000100000000)
  region size 1024K, 2 young (2048K), 2 survivors (2048K)
 Metaspace       used 9781K, capacity 9935K, committed 10112K, reserved 1058816K
  class space    used 832K, capacity 884K, committed 896K, reserved 1048576K
}
Event: 1.669 GC heap before
{Heap before GC invocations=1 (full 0):
 garbage-first heap   total 63488K, used 40972K [0x00000000c2800000, 0x0000000100000000)
  region size 1024K, 37 young (37888K), 2 survivors (2048K)
 Metaspace       used 18044K, capacity 18211K, committed 18432K, reserved 1064960K
  class space    used 1844K, capacity 1936K, committed 2048K, reserved 1048576K
}
Event: 1.683 GC heap after
{Heap after GC invocations=2 (full 0):
 garbage-first heap   total 63488K, used 8835K [0x00000000c2800000, 0x0000000100000000)
  region size 1024K, 5 young (5120K), 5 survivors (5120K)
 Metaspace       used 18044K, capacity 18211K, committed 18432K, reserved 1064960K
  class space    used 1844K, capacity 1936K, committed 2048K, reserved 1048576K
}
Event: 1.904 GC heap before
{Heap before GC invocations=2 (full 0):
 garbage-first heap   total 63488K, used 18051K [0x00000000c2800000, 0x0000000100000000)
  region size 1024K, 15 young (15360K), 5 survivors (5120K)
 Metaspace       used 20904K, capacity 21101K, committed 21248K, reserved 1069056K
  class space    used 2220K, capacity 2286K, committed 2304K, reserved 1048576K
}
Event: 1.924 GC heap after
{Heap after GC invocations=3 (full 0):
 garbage-first heap   total 63488K, used 9542K [0x00000000c2800000, 0x0000000100000000)
  region size 1024K, 1 young (1024K), 1 survivors (1024K)
 Metaspace       used 20904K, capacity 21101K, committed 21248K, reserved 1069056K
  class space    used 2220K, capacity 2286K, committed 2304K, reserved 1048576K
}
Event: 2.537 GC heap before
{Heap before GC invocations=4 (full 0):
 garbage-first heap   total 63488K, used 37190K [0x00000000c2800000, 0x0000000100000000)
  region size 1024K, 23 young (23552K), 1 survivors (1024K)
 Metaspace       used 26584K, capacity 26960K, committed 27132K, reserved 1073152K
  class space    used 2840K, capacity 2973K, committed 3072K, reserved 1048576K
}
Event: 2.545 GC heap after
{Heap after GC invocations=5 (full 0):
 garbage-first heap   total 63488K, used 17017K [0x00000000c2800000, 0x0000000100000000)
  region size 1024K, 2 young (2048K), 2 survivors (2048K)
 Metaspace       used 26584K, capacity 26960K, committed 27132K, reserved 1073152K
  class space    used 2840K, capacity 2973K, committed 3072K, reserved 1048576K
}
Event: 3.419 GC heap before
{Heap before GC invocations=5 (full 0):
 garbage-first heap   total 63488K, used 40569K [0x00000000c2800000, 0x0000000100000000)
  region size 1024K, 24 young (24576K), 2 survivors (2048K)
 Metaspace       used 30523K, capacity 30952K, committed 31228K, reserved 1077248K
  class space    used 3621K, capacity 3792K, committed 3840K, reserved 1048576K
}
Event: 3.442 GC heap after
{Heap after GC invocations=6 (full 0):
 garbage-first heap   total 76800K, used 22861K [0x00000000c2800000, 0x0000000100000000)
  region size 1024K, 3 young (3072K), 3 survivors (3072K)
 Metaspace       used 30523K, capacity 30952K, committed 31228K, reserved 1077248K
  class space    used 3621K, capacity 3792K, committed 3840K, reserved 1048576K
}
Event: 4.231 GC heap before
{Heap before GC invocations=6 (full 0):
 garbage-first heap   total 76800K, used 46413K [0x00000000c2800000, 0x0000000100000000)
  region size 1024K, 27 young (27648K), 3 survivors (3072K)
 Metaspace       used 35606K, capacity 36020K, committed 36048K, reserved 1081344K
  class space    used 4176K, capacity 4348K, committed 4352K, reserved 1048576K
}
Event: 4.250 GC heap after
{Heap after GC invocations=7 (full 0):
 garbage-first heap   total 76800K, used 25683K [0x00000000c2800000, 0x0000000100000000)
  region size 1024K, 3 young (3072K), 3 survivors (3072K)
 Metaspace       used 35606K, capacity 36020K, committed 36048K, reserved 1081344K
  class space    used 4176K, capacity 4348K, committed 4352K, reserved 1048576K
}
Event: 4.256 GC heap before
{Heap before GC invocations=7 (full 0):
 garbage-first heap   total 76800K, used 25683K [0x00000000c2800000, 0x0000000100000000)
  region size 1024K, 4 young (4096K), 3 survivors (3072K)
 Metaspace       used 35639K, capacity 36020K, committed 36048K, reserved 1081344K
  class space    used 4178K, capacity 4348K, committed 4352K, reserved 1048576K
}
Event: 4.265 GC heap after
{Heap after GC invocations=8 (full 0):
 garbage-first heap   total 76800K, used 26083K [0x00000000c2800000, 0x0000000100000000)
  region size 1024K, 1 young (1024K), 1 survivors (1024K)
 Metaspace       used 35639K, capacity 36020K, committed 36048K, reserved 1081344K
  class space    used 4178K, capacity 4348K, committed 4352K, reserved 1048576K
}
Event: 4.915 GC heap before
{Heap before GC invocations=9 (full 0):
 garbage-first heap   total 76800K, used 49635K [0x00000000c2800000, 0x0000000100000000)
  region size 1024K, 25 young (25600K), 1 survivors (1024K)
 Metaspace       used 41115K, capacity 41577K, committed 41680K, reserved 1085440K
  class space    used 4911K, capacity 5091K, committed 5120K, reserved 1048576K
}
Event: 4.922 GC heap after
{Heap after GC invocations=10 (full 0):
 garbage-first heap   total 76800K, used 27487K [0x00000000c2800000, 0x0000000100000000)
  region size 1024K, 2 young (2048K), 2 survivors (2048K)
 Metaspace       used 41115K, capacity 41577K, committed 41680K, reserved 1085440K
  class space    used 4911K, capacity 5091K, committed 5120K, reserved 1048576K
}

Deoptimization events (20 events):
Event: 4.786 Thread 0x0000020ce77be800 Uncommon trap: trap_request=0xffffff4d fr.pc=0x0000020cf44a6748 relative=0x0000000000000268
Event: 4.786 Thread 0x0000020ce77be800 Uncommon trap: reason=unstable_if action=reinterpret pc=0x0000020cf44a6748 method=sun.net.www.ParseUtil.firstEncodeIndex(Ljava/lang/String;)I @ 27 c2
Event: 4.786 Thread 0x0000020ce77be800 DEOPT PACKING pc=0x0000020cf44a6748 sp=0x0000007b6daf5c50
Event: 4.786 Thread 0x0000020ce77be800 DEOPT UNPACKING pc=0x0000020cec93742f sp=0x0000007b6daf5a78 mode 2
Event: 4.786 Thread 0x0000020ce77be800 Uncommon trap: trap_request=0xffffff4d fr.pc=0x0000020cf4479714 relative=0x00000000000001f4
Event: 4.786 Thread 0x0000020ce77be800 Uncommon trap: reason=unstable_if action=reinterpret pc=0x0000020cf4479714 method=java.lang.String.indexOf(II)I @ 4 c2
Event: 4.786 Thread 0x0000020ce77be800 DEOPT PACKING pc=0x0000020cf4479714 sp=0x0000007b6daf58e0
Event: 4.786 Thread 0x0000020ce77be800 DEOPT UNPACKING pc=0x0000020cec93742f sp=0x0000007b6daf5890 mode 2
Event: 4.786 Thread 0x0000020ce77be800 Uncommon trap: trap_request=0xffffff4d fr.pc=0x0000020cf447d630 relative=0x0000000000000190
Event: 4.786 Thread 0x0000020ce77be800 Uncommon trap: reason=unstable_if action=reinterpret pc=0x0000020cf447d630 method=java.lang.String.startsWith(Ljava/lang/String;I)Z @ 46 c2
Event: 4.786 Thread 0x0000020ce77be800 DEOPT PACKING pc=0x0000020cf447d630 sp=0x0000007b6daf59e0
Event: 4.786 Thread 0x0000020ce77be800 DEOPT UNPACKING pc=0x0000020cec93742f sp=0x0000007b6daf5948 mode 2
Event: 4.809 Thread 0x0000020ce77be800 Uncommon trap: trap_request=0xffffffde fr.pc=0x0000020cf4482650 relative=0x0000000000000250
Event: 4.809 Thread 0x0000020ce77be800 Uncommon trap: reason=class_check action=maybe_recompile pc=0x0000020cf4482650 method=gnu.trove.TObjectHash.computeHashCode(Ljava/lang/Object;)I @ 5 c2
Event: 4.809 Thread 0x0000020ce77be800 DEOPT PACKING pc=0x0000020cf4482650 sp=0x0000007b6dafd4d0
Event: 4.809 Thread 0x0000020ce77be800 DEOPT UNPACKING pc=0x0000020cec93742f sp=0x0000007b6dafd398 mode 2
Event: 5.057 Thread 0x0000020ce77be800 Uncommon trap: trap_request=0xffffffde fr.pc=0x0000020cf448101c relative=0x000000000000023c
Event: 5.057 Thread 0x0000020ce77be800 Uncommon trap: reason=class_check action=maybe_recompile pc=0x0000020cf448101c method=gnu.trove.TObjectHash.computeHashCode(Ljava/lang/Object;)I @ 5 c2
Event: 5.057 Thread 0x0000020ce77be800 DEOPT PACKING pc=0x0000020cf448101c sp=0x0000007b6dafb040
Event: 5.057 Thread 0x0000020ce77be800 DEOPT UNPACKING pc=0x0000020cec93742f sp=0x0000007b6dafaf68 mode 2

Classes redefined (0 events):
No events

Internal exceptions (20 events):
Event: 1.808 Thread 0x0000020ce77be800 Exception <a 'java/lang/NoSuchMethodError'{0x00000000c6068050}: 'long java.lang.invoke.DirectMethodHandle$Holder.invokeStatic(java.lang.Object)'> (0x00000000c6068050) thrown at [./src/hotspot/share/interpreter/linkResolver.cpp, line 773]
Event: 1.809 Thread 0x0000020ce77be800 Exception <a 'java/lang/NoSuchMethodError'{0x00000000c606aea8}: 'long java.lang.invoke.DirectMethodHandle$Holder.invokeStaticInit(java.lang.Object)'> (0x00000000c606aea8) thrown at [./src/hotspot/share/interpreter/linkResolver.cpp, line 773]
Event: 1.877 Thread 0x0000020ce77be800 Exception <a 'java/lang/NoSuchMethodError'{0x00000000c5dd6830}: 'int java.lang.invoke.DirectMethodHandle$Holder.invokeStaticInit(java.lang.Object, java.lang.Object, java.lang.Object)'> (0x00000000c5dd6830) thrown at [./src/hotspot/share/interpreter/linkResolver.cpp, line 773]
Event: 1.882 Thread 0x0000020ce77be800 Exception <a 'java/lang/NoSuchMethodError'{0x00000000c5c02590}: 'int java.lang.invoke.DirectMethodHandle$Holder.invokeStaticInit(java.lang.Object, java.lang.Object)'> (0x00000000c5c02590) thrown at [./src/hotspot/share/interpreter/linkResolver.cpp, line 773]
Event: 2.247 Thread 0x0000020ce77be800 Exception <a 'java/lang/NoSuchMethodError'{0x00000000c5ddfaf8}: 'java.lang.Object java.lang.invoke.DirectMethodHandle$Holder.invokeStatic(java.lang.Object, java.lang.Object, java.lang.Object, java.lang.Object, java.lang.Object, java.lang.Object, java.lang.Object, java.lang.Object, java.lang.Object, java.lang.Object, java.lang.Object, java.lang.Object, java.lang.Object, java.lang.Object, java.lang.Object)'> (0x00000000c5ddfaf8) thrown at [./src/hotspot/share/interpreter/linkResolver.cpp, line 773]
Event: 2.250 Thread 0x0000020ce77be800 Exception <a 'java/lang/NoSuchMethodError'{0x00000000c5deded0}: 'java.lang.Object java.lang.invoke.DirectMethodHandle$Holder.invokeStatic(java.lang.Object, java.lang.Object, java.lang.Object, java.lang.Object, java.lang.Object, java.lang.Object, java.lang.Object, java.lang.Object, java.lang.Object, java.lang.Object, java.lang.Object, java.lang.Object, java.lang.Object, java.lang.Object, java.lang.Object, java.lang.Object)'> (0x00000000c5deded0) thrown at [./src/hotspot/share/interpreter/linkResolver.cpp, l
Event: 2.253 Thread 0x0000020ce77be800 Exception <a 'java/lang/NoSuchMethodError'{0x00000000c5dfc0e0}: 'java.lang.Object java.lang.invoke.DirectMethodHandle$Holder.invokeSpecial(java.lang.Object, java.lang.Object, int, int, java.lang.Object, java.lang.Object, java.lang.Object)'> (0x00000000c5dfc0e0) thrown at [./src/hotspot/share/interpreter/linkResolver.cpp, line 773]
Event: 2.254 Thread 0x0000020ce77be800 Exception <a 'java/lang/NoSuchMethodError'{0x00000000c5dff918}: 'java.lang.Object java.lang.invoke.DelegatingMethodHandle$Holder.reinvoke_L(java.lang.Object, int, int, java.lang.Object, java.lang.Object, java.lang.Object)'> (0x00000000c5dff918) thrown at [./src/hotspot/share/interpreter/linkResolver.cpp, line 773]
Event: 2.255 Thread 0x0000020ce77be800 Exception <a 'java/lang/NoSuchMethodError'{0x00000000c5c043d0}: 'java.lang.Object java.lang.invoke.DirectMethodHandle$Holder.invokeStatic(java.lang.Object, java.lang.Object, java.lang.Object, java.lang.Object, int)'> (0x00000000c5c043d0) thrown at [./src/hotspot/share/interpreter/linkResolver.cpp, line 773]
Event: 2.319 Thread 0x0000020ce77be800 Implicit null exception at 0x0000020cf44538ac to 0x0000020cf44539da
Event: 2.363 Thread 0x0000020ce77be800 Exception <a 'java/lang/NoSuchMethodError'{0x00000000c5682048}: 'void java.lang.invoke.DirectMethodHandle$Holder.invokeStatic(java.lang.Object, java.lang.Object, java.lang.Object, java.lang.Object)'> (0x00000000c5682048) thrown at [./src/hotspot/share/interpreter/linkResolver.cpp, line 773]
Event: 2.393 Thread 0x0000020ce77be800 Exception <a 'java/lang/NoSuchMethodError'{0x00000000c55d0f78}: 'void java.lang.invoke.DirectMethodHandle$Holder.invokeSpecial(java.lang.Object, java.lang.Object)'> (0x00000000c55d0f78) thrown at [./src/hotspot/share/interpreter/linkResolver.cpp, line 773]
Event: 2.443 Thread 0x0000020ce77be800 Exception <a 'java/lang/NoSuchMethodError'{0x00000000c5276e70}: 'void java.lang.invoke.DirectMethodHandle$Holder.invokeStaticInit(java.lang.Object, java.lang.Object)'> (0x00000000c5276e70) thrown at [./src/hotspot/share/interpreter/linkResolver.cpp, line 773]
Event: 2.453 Thread 0x0000020ce77be800 Exception <a 'java/lang/NoSuchMethodError'{0x00000000c52b5490}: 'void java.lang.invoke.DirectMethodHandle$Holder.invokeInterface(java.lang.Object, java.lang.Object)'> (0x00000000c52b5490) thrown at [./src/hotspot/share/interpreter/linkResolver.cpp, line 773]
Event: 2.568 Thread 0x0000020ce77be800 Exception <a 'java/lang/NoSuchMethodError'{0x00000000c65ce330}: 'void java.lang.invoke.DirectMethodHandle$Holder.invokeVirtual(java.lang.Object, java.lang.Object)'> (0x00000000c65ce330) thrown at [./src/hotspot/share/interpreter/linkResolver.cpp, line 773]
Event: 2.582 Thread 0x0000020ce77be800 Exception <a 'java/lang/NoSuchMethodError'{0x00000000c6445fc0}: 'int java.lang.invoke.DirectMethodHandle$Holder.invokeVirtual(java.lang.Object, java.lang.Object)'> (0x00000000c6445fc0) thrown at [./src/hotspot/share/interpreter/linkResolver.cpp, line 773]
Event: 3.817 Thread 0x0000020ce77be800 Exception <a 'java/lang/NoSuchMethodError'{0x00000000c6826e60}: 'java.lang.Object java.lang.invoke.DirectMethodHandle$Holder.invokeVirtual(java.lang.Object, java.lang.Object, java.lang.Object)'> (0x00000000c6826e60) thrown at [./src/hotspot/share/interpreter/linkResolver.cpp, line 773]
Event: 4.969 Thread 0x0000020ce77be800 Exception <a 'java/lang/NoSuchMethodError'{0x00000000c71de770}: 'java.lang.Object java.lang.invoke.DirectMethodHandle$Holder.invokeStatic(java.lang.Object, java.lang.Object, java.lang.Object, int)'> (0x00000000c71de770) thrown at [./src/hotspot/share/interpreter/linkResolver.cpp, line 773]
Event: 4.969 Thread 0x0000020ce77be800 Exception <a 'java/lang/NoSuchMethodError'{0x00000000c71e23e0}: 'java.lang.Object java.lang.invoke.DirectMethodHandle$Holder.invokeSpecial(java.lang.Object, java.lang.Object, java.lang.Object, java.lang.Object, int)'> (0x00000000c71e23e0) thrown at [./src/hotspot/share/interpreter/linkResolver.cpp, line 773]
Event: 4.969 Thread 0x0000020ce77be800 Exception <a 'java/lang/NoSuchMethodError'{0x00000000c71e56f0}: 'java.lang.Object java.lang.invoke.Invokers$Holder.linkToTargetMethod(java.lang.Object, java.lang.Object, int, java.lang.Object)'> (0x00000000c71e56f0) thrown at [./src/hotspot/share/interpreter/linkResolver.cpp, line 773]

Events (20 events):
Event: 5.070 loading class org/jetbrains/kotlin/load/java/lazy/descriptors/LazyJavaPackageScope$KotlinClassLookupResult$SyntheticClass
Event: 5.070 loading class org/jetbrains/kotlin/load/java/lazy/descriptors/LazyJavaPackageScope$KotlinClassLookupResult$SyntheticClass done
Event: 5.070 loading class org/jetbrains/kotlin/cli/jvm/compiler/KotlinCliJavaFileManagerImpl$findVirtualFileForTopLevelClass$1$1
Event: 5.070 loading class org/jetbrains/kotlin/cli/jvm/compiler/KotlinCliJavaFileManagerImpl$findVirtualFileForTopLevelClass$1$1 done
Event: 5.071 loading class org/jetbrains/kotlin/cli/jvm/compiler/KotlinCliJavaFileManagerImpl$WhenMappings
Event: 5.071 loading class org/jetbrains/kotlin/cli/jvm/compiler/KotlinCliJavaFileManagerImpl$WhenMappings done
Event: 5.071 loading class org/jetbrains/kotlin/load/java/structure/LightClassOriginKind
Event: 5.071 loading class org/jetbrains/kotlin/load/java/structure/LightClassOriginKind done
Event: 5.074 loading class org/jetbrains/kotlin/load/kotlin/KotlinBinaryClassCache$RequestCache
Event: 5.074 loading class org/jetbrains/kotlin/load/kotlin/KotlinBinaryClassCache$RequestCache done
Event: 5.075 loading class org/jetbrains/kotlin/com/intellij/openapi/vfs/VirtualFile
Event: 5.075 loading class org/jetbrains/kotlin/com/intellij/openapi/vfs/VirtualFile done
Event: 5.075 loading class org/jetbrains/kotlin/load/kotlin/KotlinClassFinder$Result
Event: 5.075 loading class org/jetbrains/kotlin/load/kotlin/KotlinClassFinder$Result done
Event: 5.075 loading class org/jetbrains/kotlin/com/intellij/openapi/vfs/VirtualFile
Event: 5.075 loading class org/jetbrains/kotlin/com/intellij/openapi/vfs/VirtualFile done
Event: 5.075 loading class org/jetbrains/kotlin/com/intellij/openapi/util/Computable
Event: 5.075 loading class org/jetbrains/kotlin/com/intellij/openapi/util/Computable done
Event: 5.076 loading class org/jetbrains/kotlin/load/kotlin/VirtualFileKotlinClass
Event: 5.076 loading class org/jetbrains/kotlin/load/kotlin/VirtualFileKotlinClass done


Dynamic libraries:
0x00007ff653060000 - 0x00007ff65306a000 	D:\Android\Android Studio\jre\bin\java.exe
0x00007ff8612a0000 - 0x00007ff86148d000 	C:\Windows\SYSTEM32\ntdll.dll
0x00007ff860800000 - 0x00007ff8608b3000 	C:\Windows\System32\KERNEL32.DLL
0x00007ff85e110000 - 0x00007ff85e3a5000 	C:\Windows\System32\KERNELBASE.dll
0x00007ff85d540000 - 0x00007ff85d63a000 	C:\Windows\System32\ucrtbase.dll
0x00007ff845e80000 - 0x00007ff845e99000 	D:\Android\Android Studio\jre\bin\jli.dll
0x00007ff83da00000 - 0x00007ff83da17000 	D:\Android\Android Studio\jre\bin\VCRUNTIME140.dll
0x00007ff860a70000 - 0x00007ff860c08000 	C:\Windows\System32\USER32.dll
0x00007ff85d8b0000 - 0x00007ff85d8d0000 	C:\Windows\System32\win32u.dll
0x00007ff84e500000 - 0x00007ff84e779000 	C:\Windows\WinSxS\amd64_microsoft.windows.common-controls_6595b64144ccf1df_6.0.17763.2061_none_de73cf545348ec45\COMCTL32.dll
0x00007ff85efa0000 - 0x00007ff85efc9000 	C:\Windows\System32\GDI32.dll
0x00007ff85d670000 - 0x00007ff85d80c000 	C:\Windows\System32\gdi32full.dll
0x00007ff8608c0000 - 0x00007ff86095e000 	C:\Windows\System32\msvcrt.dll
0x00007ff85d810000 - 0x00007ff85d8b0000 	C:\Windows\System32\msvcp_win.dll
0x00007ff85ec70000 - 0x00007ff85ef9d000 	C:\Windows\System32\combase.dll
0x00007ff85e830000 - 0x00007ff85e94f000 	C:\Windows\System32\RPCRT4.dll
0x00007ff85e020000 - 0x00007ff85e0a2000 	C:\Windows\System32\bcryptPrimitives.dll
0x00007ff85e780000 - 0x00007ff85e7ae000 	C:\Windows\System32\IMM32.DLL
0x00007ff833000000 - 0x00007ff83309d000 	D:\Android\Android Studio\jre\bin\msvcp140.dll
0x00007ff834290000 - 0x00007ff834d4c000 	D:\Android\Android Studio\jre\bin\server\jvm.dll
0x00007ff85eb40000 - 0x00007ff85ebe4000 	C:\Windows\System32\ADVAPI32.dll
0x00007ff85e950000 - 0x00007ff85e9ee000 	C:\Windows\System32\sechost.dll
0x00007ff85ea50000 - 0x00007ff85ea58000 	C:\Windows\System32\PSAPI.DLL
0x00007ff8590f0000 - 0x00007ff8590f9000 	C:\Windows\SYSTEM32\WSOCK32.dll
0x00007ff85ae60000 - 0x00007ff85ae84000 	C:\Windows\SYSTEM32\WINMM.dll
0x00007ff861200000 - 0x00007ff86126d000 	C:\Windows\System32\WS2_32.dll
0x00007ff85bdc0000 - 0x00007ff85bdca000 	C:\Windows\SYSTEM32\VERSION.dll
0x00007ff85ae30000 - 0x00007ff85ae5d000 	C:\Windows\SYSTEM32\WINMMBASE.dll
0x00007ff85e460000 - 0x00007ff85e4aa000 	C:\Windows\System32\cfgmgr32.dll
0x00007ff85d2e0000 - 0x00007ff85d2f1000 	C:\Windows\System32\kernel.appcore.dll
0x00007ff857300000 - 0x00007ff857311000 	D:\Android\Android Studio\jre\bin\verify.dll
0x00007ff84c310000 - 0x00007ff84c4fd000 	C:\Windows\SYSTEM32\DBGHELP.DLL
0x00007ff84c560000 - 0x00007ff84c58a000 	C:\Windows\SYSTEM32\dbgcore.DLL
0x00007ff855880000 - 0x00007ff8558a9000 	D:\Android\Android Studio\jre\bin\java.dll
0x00007ff856ec0000 - 0x00007ff856ecb000 	D:\Android\Android Studio\jre\bin\jimage.dll
0x00007ff855860000 - 0x00007ff855878000 	D:\Android\Android Studio\jre\bin\zip.dll
0x00007ff85efd0000 - 0x00007ff8604c9000 	C:\Windows\System32\SHELL32.dll
0x00007ff85e6d0000 - 0x00007ff85e778000 	C:\Windows\System32\shcore.dll
0x00007ff85d8d0000 - 0x00007ff85e01b000 	C:\Windows\System32\windows.storage.dll
0x00007ff85d320000 - 0x00007ff85d344000 	C:\Windows\System32\profapi.dll
0x00007ff85d280000 - 0x00007ff85d2dd000 	C:\Windows\System32\powrprof.dll
0x00007ff860960000 - 0x00007ff8609b2000 	C:\Windows\System32\shlwapi.dll
0x00007ff85e4b0000 - 0x00007ff85e4c7000 	C:\Windows\System32\cryptsp.dll
0x00007ff852420000 - 0x00007ff85243a000 	D:\Android\Android Studio\jre\bin\net.dll
0x00007ff854280000 - 0x00007ff854371000 	C:\Windows\SYSTEM32\WINHTTP.dll
0x00007ff85ca50000 - 0x00007ff85cab7000 	C:\Windows\system32\mswsock.dll
0x00007ff852400000 - 0x00007ff852414000 	D:\Android\Android Studio\jre\bin\nio.dll

dbghelp: loaded successfully - version: 4.0.5 - missing functions: none
symbol engine: initialized successfully - sym options: 0x614 - pdb path: .;D:\Android\Android Studio\jre\bin;C:\Windows\SYSTEM32;C:\Windows\WinSxS\amd64_microsoft.windows.common-controls_6595b64144ccf1df_6.0.17763.2061_none_de73cf545348ec45;D:\Android\Android Studio\jre\bin\server

VM Arguments:
java_command: org.jetbrains.kotlin.cli.jvm.K2JVMCompiler @D:\AndroidProjects\TipTime\app\build\20210809_12060463822991758240.compiler.options
java_class_path (initial): C:\Users\Home\.gradle\caches\modules-2\files-2.1\org.jetbrains.kotlin\kotlin-compiler-embeddable\1.5.21\40ddbcae9ff100473f95370c2d589ba3fc48eed5\kotlin-compiler-embeddable-1.5.21.jar;C:\Users\Home\.gradle\caches\modules-2\files-2.1\org.jetbrains.kotlin\kotlin-reflect\1.5.21\802f1f39735ae1eb2b75714a40fa19bb2e687e96\kotlin-reflect-1.5.21.jar;C:\Users\Home\.gradle\caches\modules-2\files-2.1\org.jetbrains.kotlin\kotlin-stdlib\1.5.21\2f537cad7e9eeb9da73738c8812e1e4cf9b62e4e\kotlin-stdlib-1.5.21.jar;C:\Users\Home\.gradle\caches\modules-2\files-2.1\org.jetbrains.kotlin\kotlin-script-runtime\1.5.21\96d49e89873fde985750af354b6eabb60cfa999b\kotlin-script-runtime-1.5.21.jar;C:\Users\Home\.gradle\caches\modules-2\files-2.1\org.jetbrains.kotlin\kotlin-daemon-embeddable\1.5.21\17255809e66a940dfdf6289bccbdfb5a09f3145\kotlin-daemon-embeddable-1.5.21.jar;C:\Users\Home\.gradle\caches\modules-2\files-2.1\org.jetbrains.intellij.deps\trove4j\1.0.20181211\216c2e14b070f334479d800987affe4054cd563f\trove4j-1.0.20181211.jar;C:\Users\Home\.gradle\caches\modules-2\files-2.1\org.jetbrains\annotations\13.0\919f0dfe192fb4e063e7dacadee7f8bb9a2672a9\annotations-13.0.jar;C:\Users\Home\.gradle\caches\modules-2\files-2.1\org.jetbrains.kotlin\kotlin-stdlib-common\1.5.21\cc8bf3586fd2ebcf234058b9440bb406e62dfacb\kotlin-stdlib-common-1.5.21.jar
Launcher Type: SUN_STANDARD

[Global flags]
     intx CICompilerCount                          = 3                                         {product} {ergonomic}
     uint ConcGCThreads                            = 1                                         {product} {ergonomic}
     uint G1ConcRefinementThreads                  = 4                                         {product} {ergonomic}
   size_t G1HeapRegionSize                         = 1048576                                   {product} {ergonomic}
    uintx GCDrainStackTargetSize                   = 64                                        {product} {ergonomic}
   size_t InitialHeapSize                          = 65011712                                  {product} {ergonomic}
   size_t MarkStackSize                            = 4194304                                   {product} {ergonomic}
   size_t MaxHeapSize                              = 1031798784                                {product} {ergonomic}
   size_t MaxNewSize                               = 618659840                                 {product} {ergonomic}
   size_t MinHeapDeltaBytes                        = 1048576                                   {product} {ergonomic}
    uintx NonNMethodCodeHeapSize                   = 5830732                                {pd product} {ergonomic}
    uintx NonProfiledCodeHeapSize                  = 122913754                              {pd product} {ergonomic}
    uintx ProfiledCodeHeapSize                     = 122913754                              {pd product} {ergonomic}
    uintx ReservedCodeCacheSize                    = 251658240                              {pd product} {ergonomic}
     bool SegmentedCodeCache                       = true                                      {product} {ergonomic}
     bool UseCompressedClassPointers               = true                                 {lp64_product} {ergonomic}
     bool UseCompressedOops                        = true                                 {lp64_product} {ergonomic}
     bool UseG1GC                                  = true                                      {product} {ergonomic}
     bool UseLargePagesIndividualAllocation        = false                                  {pd product} {ergonomic}

Logging:
Log output configuration:
 #0: stdout all=warning uptime,level,tags
 #1: stderr all=off uptime,level,tags

Environment Variables:
PATH=C:\Program Files (x86)\Common Files\Oracle\Java\javapath;C:\Windows\system32;C:\Windows;C:\Windows\System32\Wbem;C:\Windows\System32\WindowsPowerShell\v1.0\;C:\Windows\System32\OpenSSH\;D:\AndroidProjects\Git\cmd;C:\Users\Home\AppData\Local\Microsoft\WindowsApps;
USERNAME=Home
OS=Windows_NT
PROCESSOR_IDENTIFIER=Intel64 Family 6 Model 42 Stepping 7, GenuineIntel



---------------  S Y S T E M  ---------------

OS: Windows 10 , 64 bit Build 17763 (10.0.17763.2028)
OS uptime: 0 days 1:45 hours

CPU:total 4 (initial active 4) (2 cores per cpu, 2 threads per core) family 6 model 42 stepping 7, cmov, cx8, fxsr, mmx, sse, sse2, sse3, ssse3, sse4.1, sse4.2, popcnt, avx, clmul, ht, tsc, tscinvbit

Memory: 4k page, system-wide physical 3932M (385M free)
TotalPageFile size 4732M (AvailPageFile size 5M)
current process WorkingSet (physical memory assigned to process): 204M, peak: 204M
current process commit charge ("private bytes"): 234M, peak: 235M

vm_info: OpenJDK 64-Bit Server VM (11.0.8+10-b944.6842174) for windows-amd64 JRE (11.0.8+10-b944.6842174), built on Sep 19 2020 01:11:42 by "builder" with MS VC++ 14.0 (VS2015)

END.
