#
# There is insufficient memory for the Java Runtime Environment to continue.
# Native memory allocation (malloc) failed to allocate 32744 bytes for ChunkPool::allocate
# Possible reasons:
#   The system is out of physical RAM or swap space
#   The process is running with CompressedOops enabled, and the Java Heap may be blocking the growth of the native heap
# Possible solutions:
#   Reduce memory load on the system
#   Increase physical memory or swap space
#   Check if swap backing store is full
#   Decrease Java heap size (-Xmx/-Xms)
#   Decrease number of Java threads
#   Decrease Java thread stack sizes (-Xss)
#   Set larger code cache with -XX:ReservedCodeCacheSize=
#   JVM is running with Unscaled Compressed Oops mode in which the Java heap is
#     placed in the first 4GB address space. The Java Heap base address is the
#     maximum limit for the native heap growth. Please use -XX:HeapBaseMinAddress
#     to set the Java Heap base and to place the Java Heap above 4GB virtual address.
# This output file may be truncated or incomplete.
#
#  Out of Memory Error (./src/hotspot/share/memory/arena.cpp:81), pid=5192, tid=3376
#
# JRE version: OpenJDK Runtime Environment (11.0.8+10) (build 11.0.8+10-b944.6842174)
# Java VM: OpenJDK 64-Bit Server VM (11.0.8+10-b944.6842174, mixed mode, tiered, compressed oops, g1 gc, windows-amd64)
# No core dump will be written. Minidumps are not enabled by default on client versions of Windows
#

---------------  S U M M A R Y ------------

Command Line: --add-opens=java.base/java.util=ALL-UNNAMED --add-opens=java.base/java.lang=ALL-UNNAMED --add-opens=java.base/java.lang.invoke=ALL-UNNAMED --add-opens=java.prefs/java.util.prefs=ALL-UNNAMED -Xmx2048m -Dfile.encoding=UTF-8 -Duser.country=RU -Duser.language=ru -Duser.variant org.gradle.launcher.daemon.bootstrap.GradleDaemon 6.7.1

Host: Intel(R) Core(TM) i3-2370M CPU @ 2.40GHz, 4 cores, 3G,  Windows 10 , 64 bit Build 17763 (10.0.17763.2028)
Time: Mon Aug  9 16:19:34 2021 RTZ 2 (ceia) elapsed time: 37 seconds (0d 0h 0m 37s)

---------------  T H R E A D  ---------------

Current thread (0x00000251e3b75000):  JavaThread "C1 CompilerThread0" daemon [_thread_in_native, id=3376, stack(0x0000006c47900000,0x0000006c47a00000)]


Current CompileTask:
C1:  37506 14011       2       com.android.tools.r8.dex.P$g::a (9 bytes)

Stack: [0x0000006c47900000,0x0000006c47a00000]
Native frames: (J=compiled Java code, j=interpreted, Vv=VM code, C=native code)
V  [jvm.dll+0x5de50a]
V  [jvm.dll+0x7122f5]
V  [jvm.dll+0x71384d]
V  [jvm.dll+0x713f03]
V  [jvm.dll+0x23e728]
V  [jvm.dll+0xb8beb]
V  [jvm.dll+0xb8e9c]
V  [jvm.dll+0x23f260]
V  [jvm.dll+0x11f73b]
V  [jvm.dll+0x11eeb4]
V  [jvm.dll+0x11e277]
V  [jvm.dll+0x11fe47]
V  [jvm.dll+0x205047]
V  [jvm.dll+0x203891]
V  [jvm.dll+0x6dad3f]
V  [jvm.dll+0x6d3895]
V  [jvm.dll+0x5dd4a6]
C  [ucrtbase.dll+0x2268a]
C  [KERNEL32.DLL+0x17974]
C  [ntdll.dll+0x5a2f1]


---------------  P R O C E S S  ---------------

Threads class SMR info:
_java_thread_list=0x00000251edfabb40, length=171, elements={
0x00000251c81a9000, 0x00000251e3b4a000, 0x00000251e3b4d800, 0x00000251e3b67000,
0x00000251e3b6a000, 0x00000251e3b6b000, 0x00000251e3b75000, 0x00000251e3bad800,
0x00000251e4632000, 0x00000251e4651000, 0x00000251e5d32800, 0x00000251e473f000,
0x00000251e568c000, 0x00000251e59dc800, 0x00000251e6e7b800, 0x00000251e5de0000,
0x00000251e6a36800, 0x00000251e70e3800, 0x00000251e70e4800, 0x00000251e670a000,
0x00000251e670e000, 0x00000251e670b000, 0x00000251e6709000, 0x00000251e670b800,
0x00000251e6708800, 0x00000251e670c800, 0x00000251e670d000, 0x00000251e670f000,
0x00000251e62c6000, 0x00000251e62ca000, 0x00000251e62c4800, 0x00000251e62cb000,
0x00000251e62c7800, 0x00000251e62c5000, 0x00000251e62c9800, 0x00000251e62cb800,
0x00000251e62c7000, 0x00000251e62cf000, 0x00000251e62d0000, 0x00000251e62d1800,
0x00000251e62d0800, 0x00000251e62d2800, 0x00000251e62cd800, 0x00000251e62ce000,
0x00000251e62cc800, 0x00000251e62d3000, 0x00000251e7022000, 0x00000251e7024000,
0x00000251e701f800, 0x00000251e701f000, 0x00000251e7020800, 0x00000251e7023000,
0x00000251e701e000, 0x00000251e7024800, 0x00000251e7025800, 0x00000251e7027000,
0x00000251e7026800, 0x00000251e7021800, 0x00000251e702d000, 0x00000251e702a800,
0x00000251e702b000, 0x00000251e7028800, 0x00000251e702c000, 0x00000251e7028000,
0x00000251e7029800, 0x00000251eac57000, 0x00000251eac54800, 0x00000251eac58000,
0x00000251eac55800, 0x00000251eac56800, 0x00000251eac54000, 0x00000251eac52800,
0x00000251eac53000, 0x00000251eac5b800, 0x00000251eac5c000, 0x00000251eac5d000,
0x00000251eac5d800, 0x00000251eac5e800, 0x00000251eac59000, 0x00000251eac59800,
0x00000251eac5f800, 0x00000251eac60000, 0x00000251eac5a800, 0x00000251eac61000,
0x00000251e78d0800, 0x00000251e78d6000, 0x00000251e78d2000, 0x00000251e78d2800,
0x00000251e78d4800, 0x00000251e78d7000, 0x00000251e78d3800, 0x00000251e78d5000,
0x00000251e78d1000, 0x00000251e78d9800, 0x00000251e78dc800, 0x00000251e78dd800,
0x00000251e78db000, 0x00000251e78db800, 0x00000251e78d7800, 0x00000251e78de000,
0x00000251e78d8800, 0x00000251e78df000, 0x00000251e78da000, 0x00000251e810d800,
0x00000251e8110000, 0x00000251e810e800, 0x00000251e810b800, 0x00000251e8111000,
0x00000251e810f800, 0x00000251e8112000, 0x00000251e810c000, 0x00000251e8112800,
0x00000251e810d000, 0x00000251e8113800, 0x00000251e8118800, 0x00000251e811a000,
0x00000251e8119000, 0x00000251e8114800, 0x00000251e8115000, 0x00000251e8116000,
0x00000251e8116800, 0x00000251e8117800, 0x00000251e9ceb800, 0x00000251e9cea000,
0x00000251e9cea800, 0x00000251e9cee000, 0x00000251e9cec800, 0x00000251e9ced000,
0x00000251e9ce8000, 0x00000251e9cef000, 0x00000251e9ce9000, 0x00000251e9cef800,
0x00000251e9cf3800, 0x00000251e9cf5800, 0x00000251e9cf4800, 0x00000251e9cf6000,
0x00000251e9cf0800, 0x00000251e9cf2000, 0x00000251e9cf3000, 0x00000251e9cf7000,
0x00000251e9cf1000, 0x00000251e778e000, 0x00000251e7789000, 0x00000251e7788800,
0x00000251e778c800, 0x00000251e778f800, 0x00000251e778b000, 0x00000251e778d800,
0x00000251e778a000, 0x00000251e778b800, 0x00000251e7790800, 0x00000251e7791800,
0x00000251e7794800, 0x00000251e7792000, 0x00000251e778f000, 0x00000251e7795800,
0x00000251e7796800, 0x00000251e7793000, 0x00000251e7794000, 0x00000251e7797000,
0x00000251ed8e7000, 0x00000251ed8e7800, 0x00000251ed8eb800, 0x00000251ed8eb000,
0x00000251ed8e8800, 0x00000251ed8e9800, 0x00000251ed8e6000, 0x00000251ed8ec800,
0x00000251ee0c5000, 0x00000251ee0c8800, 0x00000251ee0c6000
}

Java Threads: ( => current thread )
  0x00000251c81a9000 JavaThread "main" [_thread_blocked, id=3236, stack(0x0000006c46d00000,0x0000006c46e00000)]
  0x00000251e3b4a000 JavaThread "Reference Handler" daemon [_thread_blocked, id=2524, stack(0x0000006c47400000,0x0000006c47500000)]
  0x00000251e3b4d800 JavaThread "Finalizer" daemon [_thread_blocked, id=5312, stack(0x0000006c47500000,0x0000006c47600000)]
  0x00000251e3b67000 JavaThread "Signal Dispatcher" daemon [_thread_blocked, id=6660, stack(0x0000006c47600000,0x0000006c47700000)]
  0x00000251e3b6a000 JavaThread "Attach Listener" daemon [_thread_blocked, id=2416, stack(0x0000006c47700000,0x0000006c47800000)]
  0x00000251e3b6b000 JavaThread "C2 CompilerThread0" daemon [_thread_in_native, id=2816, stack(0x0000006c47800000,0x0000006c47900000)]
=>0x00000251e3b75000 JavaThread "C1 CompilerThread0" daemon [_thread_in_native, id=3376, stack(0x0000006c47900000,0x0000006c47a00000)]
  0x00000251e3bad800 JavaThread "Sweeper thread" daemon [_thread_blocked, id=4304, stack(0x0000006c47a00000,0x0000006c47b00000)]
  0x00000251e4632000 JavaThread "Common-Cleaner" daemon [_thread_blocked, id=216, stack(0x0000006c47b00000,0x0000006c47c00000)]
  0x00000251e4651000 JavaThread "Service Thread" daemon [_thread_blocked, id=3000, stack(0x0000006c47c00000,0x0000006c47d00000)]
  0x00000251e5d32800 JavaThread "Daemon health stats" [_thread_blocked, id=2904, stack(0x0000006c48000000,0x0000006c48100000)]
  0x00000251e473f000 JavaThread "Incoming local TCP Connector on port 59680" [_thread_in_native, id=6132, stack(0x0000006c48400000,0x0000006c48500000)]
  0x00000251e568c000 JavaThread "Daemon periodic checks" [_thread_blocked, id=3636, stack(0x0000006c48500000,0x0000006c48600000)]
  0x00000251e59dc800 JavaThread "Daemon" [_thread_blocked, id=6116, stack(0x0000006c48600000,0x0000006c48700000)]
  0x00000251e6e7b800 JavaThread "Handler for socket connection from /127.0.0.1:59680 to /127.0.0.1:59681" [_thread_in_native, id=204, stack(0x0000006c48700000,0x0000006c48800000)]
  0x00000251e5de0000 JavaThread "Cancel handler" [_thread_blocked, id=2184, stack(0x0000006c48800000,0x0000006c48900000)]
  0x00000251e6a36800 JavaThread "Daemon worker" [_thread_blocked, id=2596, stack(0x0000006c48900000,0x0000006c48a00000)]
  0x00000251e70e3800 JavaThread "Asynchronous log dispatcher for DefaultDaemonConnection: socket connection from /127.0.0.1:59680 to /127.0.0.1:59681" [_thread_blocked, id=5280, stack(0x0000006c48a00000,0x0000006c48b00000)]
  0x00000251e70e4800 JavaThread "Stdin handler" [_thread_blocked, id=1020, stack(0x0000006c48b00000,0x0000006c48c00000)]
  0x00000251e670a000 JavaThread "Thread-8" [_thread_blocked, id=1004, stack(0x0000006c48c00000,0x0000006c48d00000)]
  0x00000251e670e000 JavaThread "Cache worker for file hash cache (C:\Users\Home\.gradle\caches\6.7.1\fileHashes)" [_thread_blocked, id=1128, stack(0x0000006c48d00000,0x0000006c48e00000)]
  0x00000251e670b000 JavaThread "File lock request listener" [_thread_in_native, id=1564, stack(0x0000006c48e00000,0x0000006c48f00000)]
  0x00000251e6709000 JavaThread "Cache worker for journal cache (C:\Users\Home\.gradle\caches\journal-1)" [_thread_blocked, id=2292, stack(0x0000006c48f00000,0x0000006c49000000)]
  0x00000251e670b800 JavaThread "Cache worker for file hash cache (D:\AndroidProjects\TipTime\.gradle\6.7.1\fileHashes)" [_thread_blocked, id=5128, stack(0x0000006c49100000,0x0000006c49200000)]
  0x00000251e6708800 JavaThread "Cache worker for checksums cache (D:\AndroidProjects\TipTime\.gradle\checksums)" [_thread_blocked, id=5372, stack(0x0000006c49200000,0x0000006c49300000)]
  0x00000251e670c800 JavaThread "Cache worker for cache directory md-supplier (C:\Users\Home\.gradle\caches\6.7.1\md-supplier)" [_thread_blocked, id=7020, stack(0x0000006c49300000,0x0000006c49400000)]
  0x00000251e670d000 JavaThread "Cache worker for cache directory md-rule (C:\Users\Home\.gradle\caches\6.7.1\md-rule)" [_thread_blocked, id=380, stack(0x0000006c49400000,0x0000006c49500000)]
  0x00000251e670f000 JavaThread "Cache worker for execution history cache (C:\Users\Home\.gradle\caches\6.7.1\executionHistory)" [_thread_blocked, id=6216, stack(0x0000006c49500000,0x0000006c49600000)]
  0x00000251e62c6000 JavaThread "jar transforms" [_thread_blocked, id=3412, stack(0x0000006c49600000,0x0000006c49700000)]
  0x00000251e62ca000 JavaThread "Cache worker for file content cache (C:\Users\Home\.gradle\caches\6.7.1\fileContent)" [_thread_blocked, id=1064, stack(0x0000006c49700000,0x0000006c49800000)]
  0x00000251e62c4800 JavaThread "Cache worker for Build Output Cleanup Cache (D:\AndroidProjects\TipTime\.gradle\buildOutputCleanup)" [_thread_blocked, id=5760, stack(0x0000006c49800000,0x0000006c49900000)]
  0x00000251e62cb000 JavaThread "Build operations" [_thread_blocked, id=3288, stack(0x0000006c49900000,0x0000006c49a00000)]
  0x00000251e62c7800 JavaThread "Build operations Thread 2" [_thread_blocked, id=312, stack(0x0000006c49a00000,0x0000006c49b00000)]
  0x00000251e62c5000 JavaThread "Build operations Thread 3" [_thread_blocked, id=3012, stack(0x0000006c49b00000,0x0000006c49c00000)]
  0x00000251e62c9800 JavaThread "Build operations Thread 4" [_thread_blocked, id=2116, stack(0x0000006c49c00000,0x0000006c49d00000)]
  0x00000251e62cb800 JavaThread "jar transforms Thread 2" [_thread_blocked, id=6964, stack(0x0000006c49d00000,0x0000006c49e00000)]
  0x00000251e62c7000 JavaThread "jar transforms Thread 3" [_thread_blocked, id=960, stack(0x0000006c49e00000,0x0000006c49f00000)]
  0x00000251e62cf000 JavaThread "jar transforms Thread 4" [_thread_blocked, id=560, stack(0x0000006c49f00000,0x0000006c4a000000)]
  0x00000251e62d0000 JavaThread "jar transforms Thread 5" [_thread_blocked, id=5968, stack(0x0000006c4a000000,0x0000006c4a100000)]
  0x00000251e62d1800 JavaThread "jar transforms Thread 6" [_thread_blocked, id=1408, stack(0x0000006c4a100000,0x0000006c4a200000)]
  0x00000251e62d0800 JavaThread "jar transforms Thread 7" [_thread_blocked, id=5916, stack(0x0000006c4a200000,0x0000006c4a300000)]
  0x00000251e62d2800 JavaThread "jar transforms Thread 8" [_thread_blocked, id=556, stack(0x0000006c4a300000,0x0000006c4a400000)]
  0x00000251e62cd800 JavaThread "jar transforms Thread 9" [_thread_blocked, id=3388, stack(0x0000006c4a400000,0x0000006c4a500000)]
  0x00000251e62ce000 JavaThread "jar transforms Thread 10" [_thread_blocked, id=6364, stack(0x0000006c4a500000,0x0000006c4a600000)]
  0x00000251e62cc800 JavaThread "jar transforms Thread 11" [_thread_blocked, id=6160, stack(0x0000006c4a600000,0x0000006c4a700000)]
  0x00000251e62d3000 JavaThread "jar transforms Thread 12" [_thread_blocked, id=6320, stack(0x0000006c4a700000,0x0000006c4a800000)]
  0x00000251e7022000 JavaThread "jar transforms Thread 13" [_thread_blocked, id=5808, stack(0x0000006c4a800000,0x0000006c4a900000)]
  0x00000251e7024000 JavaThread "jar transforms Thread 14" [_thread_blocked, id=6148, stack(0x0000006c4a900000,0x0000006c4aa00000)]
  0x00000251e701f800 JavaThread "jar transforms Thread 15" [_thread_blocked, id=2664, stack(0x0000006c4aa00000,0x0000006c4ab00000)]
  0x00000251e701f000 JavaThread "jar transforms Thread 16" [_thread_blocked, id=6788, stack(0x0000006c4ab00000,0x0000006c4ac00000)]
  0x00000251e7020800 JavaThread "jar transforms Thread 17" [_thread_blocked, id=6812, stack(0x0000006c4ac00000,0x0000006c4ad00000)]
  0x00000251e7023000 JavaThread "jar transforms Thread 18" [_thread_blocked, id=6952, stack(0x0000006c4ad00000,0x0000006c4ae00000)]
  0x00000251e701e000 JavaThread "jar transforms Thread 19" [_thread_blocked, id=4996, stack(0x0000006c4ae00000,0x0000006c4af00000)]
  0x00000251e7024800 JavaThread "jar transforms Thread 20" [_thread_blocked, id=3224, stack(0x0000006c4af00000,0x0000006c4b000000)]
  0x00000251e7025800 JavaThread "jar transforms Thread 21" [_thread_blocked, id=2444, stack(0x0000006c4b000000,0x0000006c4b100000)]
  0x00000251e7027000 JavaThread "jar transforms Thread 22" [_thread_blocked, id=5492, stack(0x0000006c4b100000,0x0000006c4b200000)]
  0x00000251e7026800 JavaThread "jar transforms Thread 23" [_thread_blocked, id=420, stack(0x0000006c4b200000,0x0000006c4b300000)]
  0x00000251e7021800 JavaThread "jar transforms Thread 24" [_thread_blocked, id=6100, stack(0x0000006c4b300000,0x0000006c4b400000)]
  0x00000251e702d000 JavaThread "jar transforms Thread 25" [_thread_blocked, id=3336, stack(0x0000006c4b400000,0x0000006c4b500000)]
  0x00000251e702a800 JavaThread "jar transforms Thread 26" [_thread_blocked, id=1048, stack(0x0000006c4b500000,0x0000006c4b600000)]
  0x00000251e702b000 JavaThread "jar transforms Thread 27" [_thread_blocked, id=6220, stack(0x0000006c4b600000,0x0000006c4b700000)]
  0x00000251e7028800 JavaThread "jar transforms Thread 28" [_thread_blocked, id=4760, stack(0x0000006c4b700000,0x0000006c4b800000)]
  0x00000251e702c000 JavaThread "jar transforms Thread 29" [_thread_blocked, id=7100, stack(0x0000006c4b800000,0x0000006c4b900000)]
  0x00000251e7028000 JavaThread "jar transforms Thread 30" [_thread_blocked, id=1988, stack(0x0000006c4b900000,0x0000006c4ba00000)]
  0x00000251e7029800 JavaThread "jar transforms Thread 31" [_thread_blocked, id=7044, stack(0x0000006c4ba00000,0x0000006c4bb00000)]
  0x00000251eac57000 JavaThread "jar transforms Thread 32" [_thread_blocked, id=3596, stack(0x0000006c4bb00000,0x0000006c4bc00000)]
  0x00000251eac54800 JavaThread "jar transforms Thread 33" [_thread_blocked, id=6652, stack(0x0000006c4bc00000,0x0000006c4bd00000)]
  0x00000251eac58000 JavaThread "jar transforms Thread 34" [_thread_blocked, id=3736, stack(0x0000006c4bd00000,0x0000006c4be00000)]
  0x00000251eac55800 JavaThread "jar transforms Thread 35" [_thread_blocked, id=2604, stack(0x0000006c4be00000,0x0000006c4bf00000)]
  0x00000251eac56800 JavaThread "jar transforms Thread 36" [_thread_blocked, id=1824, stack(0x0000006c4bf00000,0x0000006c4c000000)]
  0x00000251eac54000 JavaThread "jar transforms Thread 37" [_thread_blocked, id=2000, stack(0x0000006c4c000000,0x0000006c4c100000)]
  0x00000251eac52800 JavaThread "jar transforms Thread 38" [_thread_blocked, id=3892, stack(0x0000006c4c100000,0x0000006c4c200000)]
  0x00000251eac53000 JavaThread "jar transforms Thread 39" [_thread_blocked, id=3360, stack(0x0000006c4c200000,0x0000006c4c300000)]
  0x00000251eac5b800 JavaThread "jar transforms Thread 40" [_thread_blocked, id=6828, stack(0x0000006c4c300000,0x0000006c4c400000)]
  0x00000251eac5c000 JavaThread "jar transforms Thread 41" [_thread_blocked, id=1644, stack(0x0000006c4c400000,0x0000006c4c500000)]
  0x00000251eac5d000 JavaThread "jar transforms Thread 42" [_thread_blocked, id=3100, stack(0x0000006c4c500000,0x0000006c4c600000)]
  0x00000251eac5d800 JavaThread "jar transforms Thread 43" [_thread_blocked, id=1816, stack(0x0000006c4c600000,0x0000006c4c700000)]
  0x00000251eac5e800 JavaThread "jar transforms Thread 44" [_thread_blocked, id=3748, stack(0x0000006c4c700000,0x0000006c4c800000)]
  0x00000251eac59000 JavaThread "jar transforms Thread 45" [_thread_blocked, id=7144, stack(0x0000006c4c800000,0x0000006c4c900000)]
  0x00000251eac59800 JavaThread "jar transforms Thread 46" [_thread_blocked, id=6880, stack(0x0000006c4c900000,0x0000006c4ca00000)]
  0x00000251eac5f800 JavaThread "jar transforms Thread 47" [_thread_blocked, id=6676, stack(0x0000006c4ca00000,0x0000006c4cb00000)]
  0x00000251eac60000 JavaThread "jar transforms Thread 48" [_thread_blocked, id=5552, stack(0x0000006c4cb00000,0x0000006c4cc00000)]
  0x00000251eac5a800 JavaThread "jar transforms Thread 49" [_thread_blocked, id=3192, stack(0x0000006c4cc00000,0x0000006c4cd00000)]
  0x00000251eac61000 JavaThread "jar transforms Thread 50" [_thread_blocked, id=4696, stack(0x0000006c4cd00000,0x0000006c4ce00000)]
  0x00000251e78d0800 JavaThread "jar transforms Thread 51" [_thread_blocked, id=1092, stack(0x0000006c4ce00000,0x0000006c4cf00000)]
  0x00000251e78d6000 JavaThread "jar transforms Thread 52" [_thread_blocked, id=188, stack(0x0000006c4cf00000,0x0000006c4d000000)]
  0x00000251e78d2000 JavaThread "jar transforms Thread 53" [_thread_blocked, id=6296, stack(0x0000006c4d000000,0x0000006c4d100000)]
  0x00000251e78d2800 JavaThread "jar transforms Thread 54" [_thread_blocked, id=4324, stack(0x0000006c4d100000,0x0000006c4d200000)]
  0x00000251e78d4800 JavaThread "jar transforms Thread 55" [_thread_blocked, id=1304, stack(0x0000006c4d200000,0x0000006c4d300000)]
  0x00000251e78d7000 JavaThread "jar transforms Thread 56" [_thread_blocked, id=3120, stack(0x0000006c4d300000,0x0000006c4d400000)]
  0x00000251e78d3800 JavaThread "jar transforms Thread 57" [_thread_blocked, id=2244, stack(0x0000006c4d400000,0x0000006c4d500000)]
  0x00000251e78d5000 JavaThread "jar transforms Thread 58" [_thread_blocked, id=4384, stack(0x0000006c4d500000,0x0000006c4d600000)]
  0x00000251e78d1000 JavaThread "jar transforms Thread 59" [_thread_blocked, id=2196, stack(0x0000006c4d600000,0x0000006c4d700000)]
  0x00000251e78d9800 JavaThread "jar transforms Thread 60" [_thread_blocked, id=6668, stack(0x0000006c4d700000,0x0000006c4d800000)]
  0x00000251e78dc800 JavaThread "jar transforms Thread 61" [_thread_blocked, id=1436, stack(0x0000006c4d800000,0x0000006c4d900000)]
  0x00000251e78dd800 JavaThread "jar transforms Thread 62" [_thread_blocked, id=1384, stack(0x0000006c4d900000,0x0000006c4da00000)]
  0x00000251e78db000 JavaThread "jar transforms Thread 63" [_thread_blocked, id=4372, stack(0x0000006c4da00000,0x0000006c4db00000)]
  0x00000251e78db800 JavaThread "jar transforms Thread 64" [_thread_blocked, id=372, stack(0x0000006c4db00000,0x0000006c4dc00000)]
  0x00000251e78d7800 JavaThread "jar transforms Thread 65" [_thread_blocked, id=6596, stack(0x0000006c4dc00000,0x0000006c4dd00000)]
  0x00000251e78de000 JavaThread "jar transforms Thread 66" [_thread_blocked, id=7012, stack(0x0000006c4dd00000,0x0000006c4de00000)]
  0x00000251e78d8800 JavaThread "jar transforms Thread 67" [_thread_blocked, id=6208, stack(0x0000006c4de00000,0x0000006c4df00000)]
  0x00000251e78df000 JavaThread "jar transforms Thread 68" [_thread_blocked, id=1008, stack(0x0000006c4df00000,0x0000006c4e000000)]
  0x00000251e78da000 JavaThread "jar transforms Thread 69" [_thread_blocked, id=632, stack(0x0000006c4e000000,0x0000006c4e100000)]
  0x00000251e810d800 JavaThread "jar transforms Thread 70" [_thread_blocked, id=1960, stack(0x0000006c4e100000,0x0000006c4e200000)]
  0x00000251e8110000 JavaThread "jar transforms Thread 71" [_thread_blocked, id=5500, stack(0x0000006c4e200000,0x0000006c4e300000)]
  0x00000251e810e800 JavaThread "jar transforms Thread 72" [_thread_blocked, id=4300, stack(0x0000006c4e300000,0x0000006c4e400000)]
  0x00000251e810b800 JavaThread "jar transforms Thread 73" [_thread_blocked, id=1616, stack(0x0000006c4e400000,0x0000006c4e500000)]
  0x00000251e8111000 JavaThread "jar transforms Thread 74" [_thread_blocked, id=1948, stack(0x0000006c4e500000,0x0000006c4e600000)]
  0x00000251e810f800 JavaThread "jar transforms Thread 75" [_thread_blocked, id=2096, stack(0x0000006c4e600000,0x0000006c4e700000)]
  0x00000251e8112000 JavaThread "jar transforms Thread 76" [_thread_blocked, id=1400, stack(0x0000006c4e700000,0x0000006c4e800000)]
  0x00000251e810c000 JavaThread "jar transforms Thread 77" [_thread_blocked, id=6500, stack(0x0000006c4e800000,0x0000006c4e900000)]
  0x00000251e8112800 JavaThread "jar transforms Thread 78" [_thread_blocked, id=3344, stack(0x0000006c4e900000,0x0000006c4ea00000)]
  0x00000251e810d000 JavaThread "jar transforms Thread 79" [_thread_blocked, id=6532, stack(0x0000006c4ea00000,0x0000006c4eb00000)]
  0x00000251e8113800 JavaThread "jar transforms Thread 80" [_thread_blocked, id=2008, stack(0x0000006c4eb00000,0x0000006c4ec00000)]
  0x00000251e8118800 JavaThread "jar transforms Thread 81" [_thread_blocked, id=3704, stack(0x0000006c4ec00000,0x0000006c4ed00000)]
  0x00000251e811a000 JavaThread "jar transforms Thread 82" [_thread_blocked, id=1992, stack(0x0000006c4ed00000,0x0000006c4ee00000)]
  0x00000251e8119000 JavaThread "jar transforms Thread 83" [_thread_blocked, id=3500, stack(0x0000006c4ee00000,0x0000006c4ef00000)]
  0x00000251e8114800 JavaThread "jar transforms Thread 84" [_thread_blocked, id=4156, stack(0x0000006c4ef00000,0x0000006c4f000000)]
  0x00000251e8115000 JavaThread "jar transforms Thread 85" [_thread_blocked, id=6704, stack(0x0000006c4f000000,0x0000006c4f100000)]
  0x00000251e8116000 JavaThread "jar transforms Thread 86" [_thread_blocked, id=104, stack(0x0000006c4f100000,0x0000006c4f200000)]
  0x00000251e8116800 JavaThread "jar transforms Thread 87" [_thread_blocked, id=5688, stack(0x0000006c4f200000,0x0000006c4f300000)]
  0x00000251e8117800 JavaThread "jar transforms Thread 88" [_thread_blocked, id=4280, stack(0x0000006c4f300000,0x0000006c4f400000)]
  0x00000251e9ceb800 JavaThread "jar transforms Thread 89" [_thread_blocked, id=6280, stack(0x0000006c4f400000,0x0000006c4f500000)]
  0x00000251e9cea000 JavaThread "jar transforms Thread 90" [_thread_blocked, id=4724, stack(0x0000006c4f500000,0x0000006c4f600000)]
  0x00000251e9cea800 JavaThread "jar transforms Thread 91" [_thread_blocked, id=2200, stack(0x0000006c4f600000,0x0000006c4f700000)]
  0x00000251e9cee000 JavaThread "jar transforms Thread 92" [_thread_blocked, id=4544, stack(0x0000006c4f700000,0x0000006c4f800000)]
  0x00000251e9cec800 JavaThread "jar transforms Thread 93" [_thread_blocked, id=6664, stack(0x0000006c4f800000,0x0000006c4f900000)]
  0x00000251e9ced000 JavaThread "jar transforms Thread 94" [_thread_blocked, id=2572, stack(0x0000006c4f900000,0x0000006c4fa00000)]
  0x00000251e9ce8000 JavaThread "jar transforms Thread 95" [_thread_blocked, id=680, stack(0x0000006c4fa00000,0x0000006c4fb00000)]
  0x00000251e9cef000 JavaThread "jar transforms Thread 96" [_thread_blocked, id=4104, stack(0x0000006c4fb00000,0x0000006c4fc00000)]
  0x00000251e9ce9000 JavaThread "jar transforms Thread 97" [_thread_blocked, id=192, stack(0x0000006c4fc00000,0x0000006c4fd00000)]
  0x00000251e9cef800 JavaThread "jar transforms Thread 98" [_thread_blocked, id=1560, stack(0x0000006c4fd00000,0x0000006c4fe00000)]
  0x00000251e9cf3800 JavaThread "jar transforms Thread 99" [_thread_blocked, id=3924, stack(0x0000006c4fe00000,0x0000006c4ff00000)]
  0x00000251e9cf5800 JavaThread "jar transforms Thread 100" [_thread_blocked, id=2532, stack(0x0000006c4ff00000,0x0000006c50000000)]
  0x00000251e9cf4800 JavaThread "jar transforms Thread 101" [_thread_blocked, id=5656, stack(0x0000006c50000000,0x0000006c50100000)]
  0x00000251e9cf6000 JavaThread "jar transforms Thread 102" [_thread_blocked, id=2176, stack(0x0000006c50100000,0x0000006c50200000)]
  0x00000251e9cf0800 JavaThread "jar transforms Thread 103" [_thread_blocked, id=2844, stack(0x0000006c50200000,0x0000006c50300000)]
  0x00000251e9cf2000 JavaThread "jar transforms Thread 104" [_thread_blocked, id=6184, stack(0x0000006c50300000,0x0000006c50400000)]
  0x00000251e9cf3000 JavaThread "jar transforms Thread 105" [_thread_blocked, id=2580, stack(0x0000006c50400000,0x0000006c50500000)]
  0x00000251e9cf7000 JavaThread "jar transforms Thread 106" [_thread_blocked, id=2948, stack(0x0000006c50500000,0x0000006c50600000)]
  0x00000251e9cf1000 JavaThread "jar transforms Thread 107" [_thread_blocked, id=7068, stack(0x0000006c50600000,0x0000006c50700000)]
  0x00000251e778e000 JavaThread "jar transforms Thread 108" [_thread_blocked, id=1468, stack(0x0000006c50700000,0x0000006c50800000)]
  0x00000251e7789000 JavaThread "jar transforms Thread 109" [_thread_blocked, id=7040, stack(0x0000006c50800000,0x0000006c50900000)]
  0x00000251e7788800 JavaThread "jar transforms Thread 110" [_thread_blocked, id=2288, stack(0x0000006c50900000,0x0000006c50a00000)]
  0x00000251e778c800 JavaThread "jar transforms Thread 111" [_thread_blocked, id=6276, stack(0x0000006c50a00000,0x0000006c50b00000)]
  0x00000251e778f800 JavaThread "jar transforms Thread 112" [_thread_blocked, id=1040, stack(0x0000006c50b00000,0x0000006c50c00000)]
  0x00000251e778b000 JavaThread "jar transforms Thread 113" [_thread_blocked, id=5932, stack(0x0000006c50c00000,0x0000006c50d00000)]
  0x00000251e778d800 JavaThread "jar transforms Thread 114" [_thread_blocked, id=4548, stack(0x0000006c50d00000,0x0000006c50e00000)]
  0x00000251e778a000 JavaThread "jar transforms Thread 115" [_thread_blocked, id=5928, stack(0x0000006c50e00000,0x0000006c50f00000)]
  0x00000251e778b800 JavaThread "jar transforms Thread 116" [_thread_blocked, id=1324, stack(0x0000006c50f00000,0x0000006c51000000)]
  0x00000251e7790800 JavaThread "jar transforms Thread 117" [_thread_blocked, id=4492, stack(0x0000006c51000000,0x0000006c51100000)]
  0x00000251e7791800 JavaThread "jar transforms Thread 118" [_thread_blocked, id=2744, stack(0x0000006c51100000,0x0000006c51200000)]
  0x00000251e7794800 JavaThread "jar transforms Thread 119" [_thread_blocked, id=3760, stack(0x0000006c51200000,0x0000006c51300000)]
  0x00000251e7792000 JavaThread "Memory manager" [_thread_blocked, id=396, stack(0x0000006c51300000,0x0000006c51400000)]
  0x00000251e778f000 JavaThread "build event listener" [_thread_blocked, id=4916, stack(0x0000006c51400000,0x0000006c51500000)]
  0x00000251e7795800 JavaThread "build event listener" [_thread_blocked, id=1608, stack(0x0000006c51500000,0x0000006c51600000)]
  0x00000251e7796800 JavaThread "Execution worker for ':'" [_thread_blocked, id=1640, stack(0x0000006c51600000,0x0000006c51700000)]
  0x00000251e7793000 JavaThread "Execution worker for ':' Thread 2" [_thread_blocked, id=5216, stack(0x0000006c51700000,0x0000006c51800000)]
  0x00000251e7794000 JavaThread "Execution worker for ':' Thread 3" [_thread_blocked, id=4004, stack(0x0000006c51800000,0x0000006c51900000)]
  0x00000251e7797000 JavaThread "Cache worker for execution history cache (D:\AndroidProjects\TipTime\.gradle\6.7.1\executionHistory)" [_thread_blocked, id=936, stack(0x0000006c51900000,0x0000006c51a00000)]
  0x00000251ed8e7000 JavaThread "WorkerExecutor Queue" [_thread_blocked, id=2872, stack(0x0000006c51a00000,0x0000006c51b00000)]
  0x00000251ed8e7800 JavaThread "WorkerExecutor Queue Thread 2" [_thread_blocked, id=4844, stack(0x0000006c51b00000,0x0000006c51c00000)]
  0x00000251ed8eb800 JavaThread "WorkerExecutor Queue Thread 4" [_thread_in_Java, id=2092, stack(0x0000006c51d00000,0x0000006c51e00000)]
  0x00000251ed8eb000 JavaThread "pool-4-thread-1" [_thread_blocked, id=3988, stack(0x0000006c49000000,0x0000006c49100000)]
  0x00000251ed8e8800 JavaThread "stderr" [_thread_in_native, id=4464, stack(0x0000006c51e00000,0x0000006c51f00000)]
  0x00000251ed8e9800 JavaThread "stdout" [_thread_in_native, id=6540, stack(0x0000006c51f00000,0x0000006c52000000)]
  0x00000251ed8e6000 JavaThread "WorkerExecutor Queue Thread 5" [_thread_blocked, id=2464, stack(0x0000006c52000000,0x0000006c52100000)]
  0x00000251ed8ec800 JavaThread "ForkJoinPool-1-worker-3" daemon [_thread_blocked, id=1284, stack(0x0000006c52100000,0x0000006c52200000)]
  0x00000251ee0c5000 JavaThread "ForkJoinPool-1-worker-5" daemon [_thread_blocked, id=6188, stack(0x0000006c52200000,0x0000006c52300000)]
  0x00000251ee0c8800 JavaThread "ForkJoinPool-1-worker-7" daemon [_thread_blocked, id=6992, stack(0x0000006c52300000,0x0000006c52400000)]
  0x00000251ee0c6000 JavaThread "ForkJoinPool-1-worker-1" daemon [_thread_blocked, id=6620, stack(0x0000006c52400000,0x0000006c52500000)]

Other Threads:
  0x00000251e3b47800 VMThread "VM Thread" [stack: 0x0000006c47300000,0x0000006c47400000] [id=5448]
  0x00000251e4652000 WatcherThread [stack: 0x0000006c47d00000,0x0000006c47e00000] [id=5476]
  0x00000251c81c2800 GCTaskThread "GC Thread#0" [stack: 0x0000006c46e00000,0x0000006c46f00000] [id=2404]
  0x00000251e4ceb000 GCTaskThread "GC Thread#1" [stack: 0x0000006c47f00000,0x0000006c48000000] [id=924]
  0x00000251e6a9b800 GCTaskThread "GC Thread#2" [stack: 0x0000006c48100000,0x0000006c48200000] [id=5788]
  0x00000251e5c99000 GCTaskThread "GC Thread#3" [stack: 0x0000006c48200000,0x0000006c48300000] [id=868]
  0x00000251c81f3800 ConcurrentGCThread "G1 Main Marker" [stack: 0x0000006c46f00000,0x0000006c47000000] [id=6204]
  0x00000251c81f6000 ConcurrentGCThread "G1 Conc#0" [stack: 0x0000006c47000000,0x0000006c47100000] [id=6112]
  0x00000251c824e000 ConcurrentGCThread "G1 Refine#0" [stack: 0x0000006c47100000,0x0000006c47200000] [id=4908]
  0x00000251e62eb000 ConcurrentGCThread "G1 Refine#1" [stack: 0x0000006c52500000,0x0000006c52600000] [id=4128]
  0x00000251c824f800 ConcurrentGCThread "G1 Young RemSet Sampling" [stack: 0x0000006c47200000,0x0000006c47300000] [id=6444]

Threads with active compile tasks:
C2 CompilerThread0  37556 13632 %     4       com.android.tools.r8.dex.n::a @ 315 (913 bytes)
C1 CompilerThread0  37556 14011       2       com.android.tools.r8.dex.P$g::a (9 bytes)

VM state:not at safepoint (normal execution)

VM Mutex/Monitor currently owned by a thread: None

Heap address: 0x0000000080000000, size: 2048 MB, Compressed Oops mode: 32-bit
Narrow klass base: 0x0000000000000000, Narrow klass shift: 3
Compressed class space size: 1073741824 Address: 0x0000000100000000

Heap:
 garbage-first heap   total 286720K, used 189440K [0x0000000080000000, 0x0000000100000000)
  region size 1024K, 43 young (44032K), 6 survivors (6144K)
 Metaspace       used 105241K, capacity 107714K, committed 107776K, reserved 1142784K
  class space    used 13415K, capacity 14308K, committed 14336K, reserved 1048576K
Heap Regions: E=young(eden), S=young(survivor), O=old, HS=humongous(starts), HC=humongous(continues), CS=collection set, F=free, A=archive, TAMS=top-at-mark-start (previous, next)
|   0|0x0000000080000000, 0x0000000080100000, 0x0000000080100000|100%| O|  |TAMS 0x0000000080100000, 0x0000000080000000| Untracked 
|   1|0x0000000080100000, 0x0000000080200000, 0x0000000080200000|100%| O|  |TAMS 0x0000000080200000, 0x0000000080100000| Complete 
|   2|0x0000000080200000, 0x0000000080300000, 0x0000000080300000|100%| O|  |TAMS 0x0000000080300000, 0x0000000080200000| Untracked 
|   3|0x0000000080300000, 0x0000000080400000, 0x0000000080400000|100%|HS|  |TAMS 0x0000000080400000, 0x0000000080300000| Complete 
|   4|0x0000000080400000, 0x0000000080500000, 0x0000000080500000|100%|HC|  |TAMS 0x0000000080500000, 0x0000000080400000| Complete 
|   5|0x0000000080500000, 0x0000000080600000, 0x0000000080600000|100%|HC|  |TAMS 0x0000000080600000, 0x0000000080500000| Complete 
|   6|0x0000000080600000, 0x0000000080700000, 0x0000000080700000|100%| O|  |TAMS 0x0000000080700000, 0x0000000080600000| Untracked 
|   7|0x0000000080700000, 0x0000000080800000, 0x0000000080800000|100%| O|  |TAMS 0x0000000080800000, 0x0000000080700000| Untracked 
|   8|0x0000000080800000, 0x0000000080900000, 0x0000000080900000|100%| O|  |TAMS 0x0000000080900000, 0x0000000080800000| Untracked 
|   9|0x0000000080900000, 0x0000000080a00000, 0x0000000080a00000|100%| O|  |TAMS 0x0000000080a00000, 0x0000000080900000| Untracked 
|  10|0x0000000080a00000, 0x0000000080b00000, 0x0000000080b00000|100%| O|  |TAMS 0x0000000080b00000, 0x0000000080a00000| Untracked 
|  11|0x0000000080b00000, 0x0000000080c00000, 0x0000000080c00000|100%| O|  |TAMS 0x0000000080c00000, 0x0000000080b00000| Untracked 
|  12|0x0000000080c00000, 0x0000000080d00000, 0x0000000080d00000|100%| O|  |TAMS 0x0000000080d00000, 0x0000000080c00000| Untracked 
|  13|0x0000000080d00000, 0x0000000080e00000, 0x0000000080e00000|100%| O|  |TAMS 0x0000000080e00000, 0x0000000080d00000| Complete 
|  14|0x0000000080e00000, 0x0000000080f00000, 0x0000000080f00000|100%| O|  |TAMS 0x0000000080f00000, 0x0000000080e00000| Untracked 
|  15|0x0000000080f00000, 0x0000000081000000, 0x0000000081000000|100%| O|  |TAMS 0x0000000081000000, 0x0000000080f00000| Untracked 
|  16|0x0000000081000000, 0x0000000081100000, 0x0000000081100000|100%| O|  |TAMS 0x0000000081100000, 0x0000000081000000| Untracked 
|  17|0x0000000081100000, 0x0000000081200000, 0x0000000081200000|100%| O|  |TAMS 0x0000000081200000, 0x0000000081100000| Complete 
|  18|0x0000000081200000, 0x0000000081300000, 0x0000000081300000|100%| O|  |TAMS 0x0000000081300000, 0x0000000081200000| Untracked 
|  19|0x0000000081300000, 0x0000000081400000, 0x0000000081400000|100%| O|  |TAMS 0x0000000081400000, 0x0000000081300000| Untracked 
|  20|0x0000000081400000, 0x0000000081500000, 0x0000000081500000|100%| O|  |TAMS 0x0000000081500000, 0x0000000081400000| Untracked 
|  21|0x0000000081500000, 0x0000000081600000, 0x0000000081600000|100%| O|  |TAMS 0x0000000081600000, 0x0000000081500000| Untracked 
|  22|0x0000000081600000, 0x0000000081700000, 0x0000000081700000|100%| O|  |TAMS 0x0000000081700000, 0x0000000081600000| Untracked 
|  23|0x0000000081700000, 0x0000000081800000, 0x0000000081800000|100%|HS|  |TAMS 0x0000000081800000, 0x0000000081700000| Complete 
|  24|0x0000000081800000, 0x0000000081900000, 0x0000000081900000|100%|HS|  |TAMS 0x0000000081900000, 0x0000000081800000| Complete 
|  25|0x0000000081900000, 0x0000000081a00000, 0x0000000081a00000|100%|HS|  |TAMS 0x0000000081a00000, 0x0000000081900000| Complete 
|  26|0x0000000081a00000, 0x0000000081b00000, 0x0000000081b00000|100%|HC|  |TAMS 0x0000000081b00000, 0x0000000081a00000| Complete 
|  27|0x0000000081b00000, 0x0000000081c00000, 0x0000000081c00000|100%|HC|  |TAMS 0x0000000081c00000, 0x0000000081b00000| Complete 
|  28|0x0000000081c00000, 0x0000000081d00000, 0x0000000081d00000|100%|HS|  |TAMS 0x0000000081d00000, 0x0000000081c00000| Complete 
|  29|0x0000000081d00000, 0x0000000081e00000, 0x0000000081e00000|100%|HC|  |TAMS 0x0000000081e00000, 0x0000000081d00000| Complete 
|  30|0x0000000081e00000, 0x0000000081f00000, 0x0000000081f00000|100%| O|  |TAMS 0x0000000081f00000, 0x0000000081e00000| Untracked 
|  31|0x0000000081f00000, 0x0000000082000000, 0x0000000082000000|100%| O|  |TAMS 0x0000000082000000, 0x0000000081f00000| Untracked 
|  32|0x0000000082000000, 0x0000000082100000, 0x0000000082100000|100%| O|  |TAMS 0x0000000082100000, 0x0000000082000000| Untracked 
|  33|0x0000000082100000, 0x0000000082200000, 0x0000000082200000|100%| O|  |TAMS 0x0000000082200000, 0x0000000082100000| Untracked 
|  34|0x0000000082200000, 0x0000000082300000, 0x0000000082300000|100%| O|  |TAMS 0x0000000082300000, 0x0000000082200000| Untracked 
|  35|0x0000000082300000, 0x0000000082400000, 0x0000000082400000|100%| O|  |TAMS 0x0000000082400000, 0x0000000082300000| Complete 
|  36|0x0000000082400000, 0x0000000082500000, 0x0000000082500000|100%| O|  |TAMS 0x0000000082500000, 0x0000000082400000| Untracked 
|  37|0x0000000082500000, 0x0000000082600000, 0x0000000082600000|100%| O|  |TAMS 0x0000000082600000, 0x0000000082500000| Untracked 
|  38|0x0000000082600000, 0x0000000082700000, 0x0000000082700000|100%| O|  |TAMS 0x0000000082700000, 0x0000000082600000| Complete 
|  39|0x0000000082700000, 0x0000000082800000, 0x0000000082800000|100%| O|  |TAMS 0x0000000082800000, 0x0000000082700000| Untracked 
|  40|0x0000000082800000, 0x0000000082900000, 0x0000000082900000|100%| O|  |TAMS 0x0000000082900000, 0x0000000082800000| Untracked 
|  41|0x0000000082900000, 0x0000000082a00000, 0x0000000082a00000|100%| O|  |TAMS 0x0000000082a00000, 0x0000000082900000| Untracked 
|  42|0x0000000082a00000, 0x0000000082b00000, 0x0000000082b00000|100%| O|  |TAMS 0x0000000082b00000, 0x0000000082a00000| Complete 
|  43|0x0000000082b00000, 0x0000000082c00000, 0x0000000082c00000|100%| O|  |TAMS 0x0000000082c00000, 0x0000000082b00000| Untracked 
|  44|0x0000000082c00000, 0x0000000082d00000, 0x0000000082d00000|100%| O|  |TAMS 0x0000000082d00000, 0x0000000082c00000| Untracked 
|  45|0x0000000082d00000, 0x0000000082e00000, 0x0000000082e00000|100%| O|  |TAMS 0x0000000082e00000, 0x0000000082d00000| Untracked 
|  46|0x0000000082e00000, 0x0000000082f00000, 0x0000000082f00000|100%| O|  |TAMS 0x0000000082f00000, 0x0000000082e00000| Complete 
|  47|0x0000000082f00000, 0x0000000083000000, 0x0000000083000000|100%| O|  |TAMS 0x0000000083000000, 0x0000000082f00000| Untracked 
|  48|0x0000000083000000, 0x0000000083100000, 0x0000000083100000|100%| O|  |TAMS 0x0000000083100000, 0x0000000083000000| Untracked 
|  49|0x0000000083100000, 0x0000000083200000, 0x0000000083200000|100%| O|  |TAMS 0x0000000083200000, 0x0000000083100000| Untracked 
|  50|0x0000000083200000, 0x0000000083300000, 0x0000000083300000|100%| O|  |TAMS 0x0000000083300000, 0x0000000083200000| Untracked 
|  51|0x0000000083300000, 0x0000000083400000, 0x0000000083400000|100%| O|  |TAMS 0x0000000083400000, 0x0000000083300000| Untracked 
|  52|0x0000000083400000, 0x0000000083500000, 0x0000000083500000|100%| O|  |TAMS 0x0000000083500000, 0x0000000083400000| Untracked 
|  53|0x0000000083500000, 0x0000000083600000, 0x0000000083600000|100%| O|  |TAMS 0x0000000083600000, 0x0000000083500000| Untracked 
|  54|0x0000000083600000, 0x0000000083700000, 0x0000000083700000|100%| O|  |TAMS 0x0000000083700000, 0x0000000083600000| Untracked 
|  55|0x0000000083700000, 0x0000000083800000, 0x0000000083800000|100%| O|  |TAMS 0x0000000083800000, 0x0000000083700000| Untracked 
|  56|0x0000000083800000, 0x0000000083900000, 0x0000000083900000|100%| O|  |TAMS 0x0000000083900000, 0x0000000083800000| Untracked 
|  57|0x0000000083900000, 0x0000000083a00000, 0x0000000083a00000|100%| O|  |TAMS 0x0000000083a00000, 0x0000000083900000| Complete 
|  58|0x0000000083a00000, 0x0000000083b00000, 0x0000000083b00000|100%| O|  |TAMS 0x0000000083b00000, 0x0000000083a00000| Complete 
|  59|0x0000000083b00000, 0x0000000083c00000, 0x0000000083c00000|100%| O|  |TAMS 0x0000000083c00000, 0x0000000083b00000| Untracked 
|  60|0x0000000083c00000, 0x0000000083d00000, 0x0000000083d00000|100%| O|  |TAMS 0x0000000083d00000, 0x0000000083c00000| Untracked 
|  61|0x0000000083d00000, 0x0000000083e00000, 0x0000000083e00000|100%| O|  |TAMS 0x0000000083e00000, 0x0000000083d00000| Complete 
|  62|0x0000000083e00000, 0x0000000083f00000, 0x0000000083f00000|100%| O|  |TAMS 0x0000000083f00000, 0x0000000083e00000| Untracked 
|  63|0x0000000083f00000, 0x0000000084000000, 0x0000000084000000|100%| O|  |TAMS 0x0000000084000000, 0x0000000083f00000| Untracked 
|  64|0x0000000084000000, 0x0000000084100000, 0x0000000084100000|100%| O|  |TAMS 0x0000000084100000, 0x0000000084000000| Complete 
|  65|0x0000000084100000, 0x0000000084200000, 0x0000000084200000|100%| O|  |TAMS 0x0000000084200000, 0x0000000084100000| Untracked 
|  66|0x0000000084200000, 0x0000000084300000, 0x0000000084300000|100%| O|  |TAMS 0x0000000084300000, 0x0000000084200000| Complete 
|  67|0x0000000084300000, 0x0000000084400000, 0x0000000084400000|100%| O|  |TAMS 0x0000000084400000, 0x0000000084300000| Complete 
|  68|0x0000000084400000, 0x0000000084500000, 0x0000000084500000|100%|HS|  |TAMS 0x0000000084500000, 0x0000000084400000| Complete 
|  69|0x0000000084500000, 0x0000000084600000, 0x0000000084600000|100%|HC|  |TAMS 0x0000000084600000, 0x0000000084500000| Complete 
|  70|0x0000000084600000, 0x0000000084700000, 0x0000000084700000|100%|HC|  |TAMS 0x0000000084700000, 0x0000000084600000| Complete 
|  71|0x0000000084700000, 0x0000000084800000, 0x0000000084800000|100%|HS|  |TAMS 0x0000000084800000, 0x0000000084700000| Complete 
|  72|0x0000000084800000, 0x0000000084900000, 0x0000000084900000|100%|HC|  |TAMS 0x0000000084900000, 0x0000000084800000| Complete 
|  73|0x0000000084900000, 0x0000000084a00000, 0x0000000084a00000|100%|HS|  |TAMS 0x0000000084a00000, 0x0000000084900000| Complete 
|  74|0x0000000084a00000, 0x0000000084b00000, 0x0000000084b00000|100%|HS|  |TAMS 0x0000000084b00000, 0x0000000084a00000| Complete 
|  75|0x0000000084b00000, 0x0000000084c00000, 0x0000000084c00000|100%|HS|  |TAMS 0x0000000084c00000, 0x0000000084b00000| Complete 
|  76|0x0000000084c00000, 0x0000000084d00000, 0x0000000084d00000|100%|HS|  |TAMS 0x0000000084d00000, 0x0000000084c00000| Complete 
|  77|0x0000000084d00000, 0x0000000084e00000, 0x0000000084e00000|100%| O|  |TAMS 0x0000000084e00000, 0x0000000084d00000| Untracked 
|  78|0x0000000084e00000, 0x0000000084f00000, 0x0000000084f00000|100%|HS|  |TAMS 0x0000000084f00000, 0x0000000084e00000| Complete 
|  79|0x0000000084f00000, 0x0000000085000000, 0x0000000085000000|100%| O|  |TAMS 0x0000000085000000, 0x0000000084f00000| Complete 
|  80|0x0000000085000000, 0x0000000085100000, 0x0000000085100000|100%| O|  |TAMS 0x0000000085100000, 0x0000000085000000| Complete 
|  81|0x0000000085100000, 0x0000000085200000, 0x0000000085200000|100%| O|  |TAMS 0x0000000085200000, 0x0000000085100000| Complete 
|  82|0x0000000085200000, 0x0000000085300000, 0x0000000085300000|100%| O|  |TAMS 0x0000000085300000, 0x0000000085200000| Complete 
|  83|0x0000000085300000, 0x0000000085400000, 0x0000000085400000|100%|HS|  |TAMS 0x0000000085400000, 0x0000000085300000| Complete 
|  84|0x0000000085400000, 0x0000000085500000, 0x0000000085500000|100%|HC|  |TAMS 0x0000000085500000, 0x0000000085400000| Complete 
|  85|0x0000000085500000, 0x0000000085600000, 0x0000000085600000|100%|HC|  |TAMS 0x0000000085600000, 0x0000000085500000| Complete 
|  86|0x0000000085600000, 0x0000000085700000, 0x0000000085700000|100%| O|  |TAMS 0x0000000085700000, 0x0000000085600000| Untracked 
|  87|0x0000000085700000, 0x0000000085800000, 0x0000000085800000|100%| O|  |TAMS 0x0000000085800000, 0x0000000085700000| Complete 
|  88|0x0000000085800000, 0x0000000085900000, 0x0000000085900000|100%| O|  |TAMS 0x0000000085900000, 0x0000000085800000| Untracked 
|  89|0x0000000085900000, 0x0000000085a00000, 0x0000000085a00000|100%| O|  |TAMS 0x0000000085a00000, 0x0000000085900000| Complete 
|  90|0x0000000085a00000, 0x0000000085b00000, 0x0000000085b00000|100%| O|  |TAMS 0x0000000085b00000, 0x0000000085a00000| Complete 
|  91|0x0000000085b00000, 0x0000000085c00000, 0x0000000085c00000|100%| O|  |TAMS 0x0000000085c00000, 0x0000000085b00000| Complete 
|  92|0x0000000085c00000, 0x0000000085d00000, 0x0000000085d00000|100%| O|  |TAMS 0x0000000085d00000, 0x0000000085c00000| Untracked 
|  93|0x0000000085d00000, 0x0000000085e00000, 0x0000000085e00000|100%| O|  |TAMS 0x0000000085e00000, 0x0000000085d00000| Complete 
|  94|0x0000000085e00000, 0x0000000085f00000, 0x0000000085f00000|100%| O|  |TAMS 0x0000000085f00000, 0x0000000085e00000| Untracked 
|  95|0x0000000085f00000, 0x0000000086000000, 0x0000000086000000|100%|HS|  |TAMS 0x0000000086000000, 0x0000000085f00000| Complete 
|  96|0x0000000086000000, 0x0000000086100000, 0x0000000086100000|100%| O|  |TAMS 0x0000000086100000, 0x0000000086000000| Untracked 
|  97|0x0000000086100000, 0x0000000086200000, 0x0000000086200000|100%|HS|  |TAMS 0x0000000086200000, 0x0000000086100000| Complete 
|  98|0x0000000086200000, 0x0000000086300000, 0x0000000086300000|100%|HC|  |TAMS 0x0000000086300000, 0x0000000086200000| Complete 
|  99|0x0000000086300000, 0x0000000086400000, 0x0000000086400000|100%| O|  |TAMS 0x0000000086400000, 0x0000000086300000| Untracked 
| 100|0x0000000086400000, 0x0000000086500000, 0x0000000086500000|100%|HS|  |TAMS 0x0000000086500000, 0x0000000086400000| Complete 
| 101|0x0000000086500000, 0x0000000086600000, 0x0000000086600000|100%| O|  |TAMS 0x0000000086600000, 0x0000000086500000| Untracked 
| 102|0x0000000086600000, 0x0000000086700000, 0x0000000086700000|100%| O|  |TAMS 0x0000000086700000, 0x0000000086600000| Untracked 
| 103|0x0000000086700000, 0x0000000086800000, 0x0000000086800000|100%| O|  |TAMS 0x0000000086800000, 0x0000000086700000| Untracked 
| 104|0x0000000086800000, 0x0000000086900000, 0x0000000086900000|100%| O|  |TAMS 0x0000000086900000, 0x0000000086800000| Untracked 
| 105|0x0000000086900000, 0x0000000086a00000, 0x0000000086a00000|100%| O|  |TAMS 0x0000000086a00000, 0x0000000086900000| Untracked 
| 106|0x0000000086a00000, 0x0000000086b00000, 0x0000000086b00000|100%| O|  |TAMS 0x0000000086b00000, 0x0000000086a00000| Untracked 
| 107|0x0000000086b00000, 0x0000000086c00000, 0x0000000086c00000|100%| O|  |TAMS 0x0000000086c00000, 0x0000000086b00000| Untracked 
| 108|0x0000000086c00000, 0x0000000086d00000, 0x0000000086d00000|100%| O|  |TAMS 0x0000000086d00000, 0x0000000086c00000| Untracked 
| 109|0x0000000086d00000, 0x0000000086e00000, 0x0000000086e00000|100%| O|  |TAMS 0x0000000086e00000, 0x0000000086d00000| Untracked 
| 110|0x0000000086e00000, 0x0000000086f00000, 0x0000000086f00000|100%| O|  |TAMS 0x0000000086f00000, 0x0000000086e00000| Untracked 
| 111|0x0000000086f00000, 0x0000000087000000, 0x0000000087000000|100%| O|  |TAMS 0x0000000087000000, 0x0000000086f00000| Untracked 
| 112|0x0000000087000000, 0x0000000087100000, 0x0000000087100000|100%| O|  |TAMS 0x0000000087100000, 0x0000000087000000| Complete 
| 113|0x0000000087100000, 0x0000000087200000, 0x0000000087200000|100%| O|  |TAMS 0x0000000087200000, 0x0000000087100000| Untracked 
| 114|0x0000000087200000, 0x0000000087300000, 0x0000000087300000|100%| O|  |TAMS 0x0000000087300000, 0x0000000087200000| Untracked 
| 115|0x0000000087300000, 0x0000000087400000, 0x0000000087400000|100%| O|  |TAMS 0x0000000087400000, 0x0000000087300000| Untracked 
| 116|0x0000000087400000, 0x0000000087500000, 0x0000000087500000|100%| O|  |TAMS 0x0000000087500000, 0x0000000087400000| Complete 
| 117|0x0000000087500000, 0x0000000087600000, 0x0000000087600000|100%| O|  |TAMS 0x0000000087600000, 0x0000000087500000| Complete 
| 118|0x0000000087600000, 0x0000000087700000, 0x0000000087700000|100%| O|  |TAMS 0x0000000087700000, 0x0000000087600000| Untracked 
| 119|0x0000000087700000, 0x0000000087800000, 0x0000000087800000|100%| O|  |TAMS 0x0000000087800000, 0x0000000087700000| Untracked 
| 120|0x0000000087800000, 0x0000000087900000, 0x0000000087900000|100%| O|  |TAMS 0x0000000087900000, 0x0000000087800000| Complete 
| 121|0x0000000087900000, 0x0000000087a00000, 0x0000000087a00000|100%| O|  |TAMS 0x0000000087a00000, 0x0000000087900000| Complete 
| 122|0x0000000087a00000, 0x0000000087b00000, 0x0000000087b00000|100%| O|  |TAMS 0x0000000087b00000, 0x0000000087a00000| Untracked 
| 123|0x0000000087b00000, 0x0000000087c00000, 0x0000000087c00000|100%| O|  |TAMS 0x0000000087c00000, 0x0000000087b00000| Complete 
| 124|0x0000000087c00000, 0x0000000087d00000, 0x0000000087d00000|100%| O|  |TAMS 0x0000000087d00000, 0x0000000087c00000| Untracked 
| 125|0x0000000087d00000, 0x0000000087e00000, 0x0000000087e00000|100%| O|  |TAMS 0x0000000087e00000, 0x0000000087d00000| Untracked 
| 126|0x0000000087e00000, 0x0000000087f00000, 0x0000000087f00000|100%| O|  |TAMS 0x0000000087f00000, 0x0000000087e00000| Untracked 
| 127|0x0000000087f00000, 0x0000000088000000, 0x0000000088000000|100%| O|  |TAMS 0x0000000088000000, 0x0000000087f00000| Untracked 
| 128|0x0000000088000000, 0x0000000088100000, 0x0000000088100000|100%| O|  |TAMS 0x0000000088100000, 0x0000000088000000| Untracked 
| 129|0x0000000088100000, 0x0000000088200000, 0x0000000088200000|100%| O|  |TAMS 0x0000000088200000, 0x0000000088100000| Complete 
| 130|0x0000000088200000, 0x0000000088300000, 0x0000000088300000|100%| O|  |TAMS 0x0000000088300000, 0x0000000088200000| Complete 
| 131|0x0000000088300000, 0x0000000088400000, 0x0000000088400000|100%| O|  |TAMS 0x0000000088400000, 0x0000000088300000| Untracked 
| 132|0x0000000088400000, 0x0000000088500000, 0x0000000088500000|100%| O|  |TAMS 0x0000000088500000, 0x0000000088400000| Untracked 
| 133|0x0000000088500000, 0x0000000088600000, 0x0000000088600000|100%| O|  |TAMS 0x0000000088600000, 0x0000000088500000| Untracked 
| 134|0x0000000088600000, 0x0000000088700000, 0x0000000088700000|100%| O|  |TAMS 0x0000000088700000, 0x0000000088600000| Untracked 
| 135|0x0000000088700000, 0x0000000088800000, 0x0000000088800000|100%| O|  |TAMS 0x0000000088800000, 0x0000000088700000| Untracked 
| 136|0x0000000088800000, 0x0000000088900000, 0x0000000088900000|100%| O|  |TAMS 0x0000000088900000, 0x0000000088800000| Untracked 
| 137|0x0000000088900000, 0x0000000088a00000, 0x0000000088a00000|100%| O|  |TAMS 0x0000000088a00000, 0x0000000088900000| Untracked 
| 138|0x0000000088a00000, 0x0000000088b00000, 0x0000000088b00000|100%| O|  |TAMS 0x0000000088b00000, 0x0000000088a00000| Untracked 
| 139|0x0000000088b00000, 0x0000000088c00000, 0x0000000088c00000|100%| O|  |TAMS 0x0000000088c00000, 0x0000000088b00000| Untracked 
| 140|0x0000000088c00000, 0x0000000088d00000, 0x0000000088d00000|100%| O|  |TAMS 0x0000000088d00000, 0x0000000088c00000| Untracked 
| 141|0x0000000088d00000, 0x0000000088e00000, 0x0000000088e00000|100%| O|  |TAMS 0x0000000088e00000, 0x0000000088d00000| Untracked 
| 142|0x0000000088e00000, 0x0000000088f00000, 0x0000000088f00000|100%| O|  |TAMS 0x0000000088f00000, 0x0000000088e00000| Untracked 
| 143|0x0000000088f00000, 0x0000000088f00000, 0x0000000089000000|  0%| F|  |TAMS 0x0000000088f00000, 0x0000000088f00000| Untracked 
| 144|0x0000000089000000, 0x0000000089000000, 0x0000000089100000|  0%| F|  |TAMS 0x0000000089000000, 0x0000000089000000| Untracked 
| 145|0x0000000089100000, 0x0000000089100000, 0x0000000089200000|  0%| F|  |TAMS 0x0000000089100000, 0x0000000089100000| Untracked 
| 146|0x0000000089200000, 0x0000000089200000, 0x0000000089300000|  0%| F|  |TAMS 0x0000000089200000, 0x0000000089200000| Untracked 
| 147|0x0000000089300000, 0x0000000089300000, 0x0000000089400000|  0%| F|  |TAMS 0x0000000089300000, 0x0000000089300000| Untracked 
| 148|0x0000000089400000, 0x0000000089400000, 0x0000000089500000|  0%| F|  |TAMS 0x0000000089400000, 0x0000000089400000| Untracked 
| 149|0x0000000089500000, 0x0000000089500000, 0x0000000089600000|  0%| F|  |TAMS 0x0000000089500000, 0x0000000089500000| Untracked 
| 150|0x0000000089600000, 0x0000000089600000, 0x0000000089700000|  0%| F|  |TAMS 0x0000000089600000, 0x0000000089600000| Untracked 
| 151|0x0000000089700000, 0x0000000089700000, 0x0000000089800000|  0%| F|  |TAMS 0x0000000089700000, 0x0000000089700000| Untracked 
| 152|0x0000000089800000, 0x0000000089800000, 0x0000000089900000|  0%| F|  |TAMS 0x0000000089800000, 0x0000000089800000| Untracked 
| 153|0x0000000089900000, 0x0000000089900000, 0x0000000089a00000|  0%| F|  |TAMS 0x0000000089900000, 0x0000000089900000| Untracked 
| 154|0x0000000089a00000, 0x0000000089a00000, 0x0000000089b00000|  0%| F|  |TAMS 0x0000000089a00000, 0x0000000089a00000| Untracked 
| 155|0x0000000089b00000, 0x0000000089b00000, 0x0000000089c00000|  0%| F|  |TAMS 0x0000000089b00000, 0x0000000089b00000| Untracked 
| 156|0x0000000089c00000, 0x0000000089c00000, 0x0000000089d00000|  0%| F|  |TAMS 0x0000000089c00000, 0x0000000089c00000| Untracked 
| 157|0x0000000089d00000, 0x0000000089d00000, 0x0000000089e00000|  0%| F|  |TAMS 0x0000000089d00000, 0x0000000089d00000| Untracked 
| 158|0x0000000089e00000, 0x0000000089e00000, 0x0000000089f00000|  0%| F|  |TAMS 0x0000000089e00000, 0x0000000089e00000| Untracked 
| 159|0x0000000089f00000, 0x0000000089f00000, 0x000000008a000000|  0%| F|  |TAMS 0x0000000089f00000, 0x0000000089f00000| Untracked 
| 160|0x000000008a000000, 0x000000008a000000, 0x000000008a100000|  0%| F|  |TAMS 0x000000008a000000, 0x000000008a000000| Untracked 
| 161|0x000000008a100000, 0x000000008a100000, 0x000000008a200000|  0%| F|  |TAMS 0x000000008a100000, 0x000000008a100000| Untracked 
| 162|0x000000008a200000, 0x000000008a200000, 0x000000008a300000|  0%| F|  |TAMS 0x000000008a200000, 0x000000008a200000| Untracked 
| 163|0x000000008a300000, 0x000000008a300000, 0x000000008a400000|  0%| F|  |TAMS 0x000000008a300000, 0x000000008a300000| Untracked 
| 164|0x000000008a400000, 0x000000008a400000, 0x000000008a500000|  0%| F|  |TAMS 0x000000008a400000, 0x000000008a400000| Untracked 
| 165|0x000000008a500000, 0x000000008a500000, 0x000000008a600000|  0%| F|  |TAMS 0x000000008a500000, 0x000000008a500000| Untracked 
| 166|0x000000008a600000, 0x000000008a600000, 0x000000008a700000|  0%| F|  |TAMS 0x000000008a600000, 0x000000008a600000| Untracked 
| 167|0x000000008a700000, 0x000000008a700000, 0x000000008a800000|  0%| F|  |TAMS 0x000000008a700000, 0x000000008a700000| Untracked 
| 168|0x000000008a800000, 0x000000008a800000, 0x000000008a900000|  0%| F|  |TAMS 0x000000008a800000, 0x000000008a800000| Untracked 
| 169|0x000000008a900000, 0x000000008a900000, 0x000000008aa00000|  0%| F|  |TAMS 0x000000008a900000, 0x000000008a900000| Untracked 
| 170|0x000000008aa00000, 0x000000008aa00000, 0x000000008ab00000|  0%| F|  |TAMS 0x000000008aa00000, 0x000000008aa00000| Untracked 
| 171|0x000000008ab00000, 0x000000008ab00000, 0x000000008ac00000|  0%| F|  |TAMS 0x000000008ab00000, 0x000000008ab00000| Untracked 
| 172|0x000000008ac00000, 0x000000008ac00000, 0x000000008ad00000|  0%| F|  |TAMS 0x000000008ac00000, 0x000000008ac00000| Untracked 
| 173|0x000000008ad00000, 0x000000008ad00000, 0x000000008ae00000|  0%| F|  |TAMS 0x000000008ad00000, 0x000000008ad00000| Untracked 
| 174|0x000000008ae00000, 0x000000008ae00000, 0x000000008af00000|  0%| F|  |TAMS 0x000000008ae00000, 0x000000008ae00000| Untracked 
| 175|0x000000008af00000, 0x000000008af00000, 0x000000008b000000|  0%| F|  |TAMS 0x000000008af00000, 0x000000008af00000| Untracked 
| 176|0x000000008b000000, 0x000000008b000000, 0x000000008b100000|  0%| F|  |TAMS 0x000000008b000000, 0x000000008b000000| Untracked 
| 177|0x000000008b100000, 0x000000008b100000, 0x000000008b200000|  0%| F|  |TAMS 0x000000008b100000, 0x000000008b100000| Untracked 
| 178|0x000000008b200000, 0x000000008b300000, 0x000000008b300000|100%| S|CS|TAMS 0x000000008b200000, 0x000000008b200000| Complete 
| 179|0x000000008b300000, 0x000000008b400000, 0x000000008b400000|100%| S|CS|TAMS 0x000000008b300000, 0x000000008b300000| Complete 
| 180|0x000000008b400000, 0x000000008b500000, 0x000000008b500000|100%| S|CS|TAMS 0x000000008b400000, 0x000000008b400000| Complete 
| 181|0x000000008b500000, 0x000000008b600000, 0x000000008b600000|100%| S|CS|TAMS 0x000000008b500000, 0x000000008b500000| Complete 
| 182|0x000000008b600000, 0x000000008b700000, 0x000000008b700000|100%| S|CS|TAMS 0x000000008b600000, 0x000000008b600000| Complete 
| 183|0x000000008b700000, 0x000000008b800000, 0x000000008b800000|100%| S|CS|TAMS 0x000000008b700000, 0x000000008b700000| Complete 
| 184|0x000000008b800000, 0x000000008b800000, 0x000000008b900000|  0%| F|  |TAMS 0x000000008b800000, 0x000000008b800000| Untracked 
| 185|0x000000008b900000, 0x000000008b900000, 0x000000008ba00000|  0%| F|  |TAMS 0x000000008b900000, 0x000000008b900000| Untracked 
| 186|0x000000008ba00000, 0x000000008ba00000, 0x000000008bb00000|  0%| F|  |TAMS 0x000000008ba00000, 0x000000008ba00000| Untracked 
| 187|0x000000008bb00000, 0x000000008bb00000, 0x000000008bc00000|  0%| F|  |TAMS 0x000000008bb00000, 0x000000008bb00000| Untracked 
| 188|0x000000008bc00000, 0x000000008bc00000, 0x000000008bd00000|  0%| F|  |TAMS 0x000000008bc00000, 0x000000008bc00000| Untracked 
| 189|0x000000008bd00000, 0x000000008bd00000, 0x000000008be00000|  0%| F|  |TAMS 0x000000008bd00000, 0x000000008bd00000| Untracked 
| 190|0x000000008be00000, 0x000000008be00000, 0x000000008bf00000|  0%| F|  |TAMS 0x000000008be00000, 0x000000008be00000| Untracked 
| 191|0x000000008bf00000, 0x000000008bf00000, 0x000000008c000000|  0%| F|  |TAMS 0x000000008bf00000, 0x000000008bf00000| Untracked 
| 192|0x000000008c000000, 0x000000008c000000, 0x000000008c100000|  0%| F|  |TAMS 0x000000008c000000, 0x000000008c000000| Untracked 
| 193|0x000000008c100000, 0x000000008c100000, 0x000000008c200000|  0%| F|  |TAMS 0x000000008c100000, 0x000000008c100000| Untracked 
| 194|0x000000008c200000, 0x000000008c200000, 0x000000008c300000|  0%| F|  |TAMS 0x000000008c200000, 0x000000008c200000| Untracked 
| 195|0x000000008c300000, 0x000000008c300000, 0x000000008c400000|  0%| F|  |TAMS 0x000000008c300000, 0x000000008c300000| Untracked 
| 196|0x000000008c400000, 0x000000008c400000, 0x000000008c500000|  0%| F|  |TAMS 0x000000008c400000, 0x000000008c400000| Untracked 
| 197|0x000000008c500000, 0x000000008c500000, 0x000000008c600000|  0%| F|  |TAMS 0x000000008c500000, 0x000000008c500000| Untracked 
| 198|0x000000008c600000, 0x000000008c600000, 0x000000008c700000|  0%| F|  |TAMS 0x000000008c600000, 0x000000008c600000| Untracked 
| 199|0x000000008c700000, 0x000000008c700000, 0x000000008c800000|  0%| F|  |TAMS 0x000000008c700000, 0x000000008c700000| Untracked 
| 200|0x000000008c800000, 0x000000008c800000, 0x000000008c900000|  0%| F|  |TAMS 0x000000008c800000, 0x000000008c800000| Untracked 
| 201|0x000000008c900000, 0x000000008c900000, 0x000000008ca00000|  0%| F|  |TAMS 0x000000008c900000, 0x000000008c900000| Untracked 
| 202|0x000000008ca00000, 0x000000008ca00000, 0x000000008cb00000|  0%| F|  |TAMS 0x000000008ca00000, 0x000000008ca00000| Untracked 
| 203|0x000000008cb00000, 0x000000008cb00000, 0x000000008cc00000|  0%| F|  |TAMS 0x000000008cb00000, 0x000000008cb00000| Untracked 
| 204|0x000000008cc00000, 0x000000008cc00000, 0x000000008cd00000|  0%| F|  |TAMS 0x000000008cc00000, 0x000000008cc00000| Untracked 
| 205|0x000000008cd00000, 0x000000008cd00000, 0x000000008ce00000|  0%| F|  |TAMS 0x000000008cd00000, 0x000000008cd00000| Untracked 
| 206|0x000000008ce00000, 0x000000008ce00000, 0x000000008cf00000|  0%| F|  |TAMS 0x000000008ce00000, 0x000000008ce00000| Untracked 
| 207|0x000000008cf00000, 0x000000008cf00000, 0x000000008d000000|  0%| F|  |TAMS 0x000000008cf00000, 0x000000008cf00000| Untracked 
| 208|0x000000008d000000, 0x000000008d000000, 0x000000008d100000|  0%| F|  |TAMS 0x000000008d000000, 0x000000008d000000| Untracked 
| 209|0x000000008d100000, 0x000000008d100000, 0x000000008d200000|  0%| F|  |TAMS 0x000000008d100000, 0x000000008d100000| Untracked 
| 210|0x000000008d200000, 0x000000008d200000, 0x000000008d300000|  0%| F|  |TAMS 0x000000008d200000, 0x000000008d200000| Untracked 
| 211|0x000000008d300000, 0x000000008d300000, 0x000000008d400000|  0%| F|  |TAMS 0x000000008d300000, 0x000000008d300000| Untracked 
| 212|0x000000008d400000, 0x000000008d400000, 0x000000008d500000|  0%| F|  |TAMS 0x000000008d400000, 0x000000008d400000| Untracked 
| 213|0x000000008d500000, 0x000000008d500000, 0x000000008d600000|  0%| F|  |TAMS 0x000000008d500000, 0x000000008d500000| Untracked 
| 214|0x000000008d600000, 0x000000008d600000, 0x000000008d700000|  0%| F|  |TAMS 0x000000008d600000, 0x000000008d600000| Untracked 
| 215|0x000000008d700000, 0x000000008d700000, 0x000000008d800000|  0%| F|  |TAMS 0x000000008d700000, 0x000000008d700000| Untracked 
| 216|0x000000008d800000, 0x000000008d800000, 0x000000008d900000|  0%| F|  |TAMS 0x000000008d800000, 0x000000008d800000| Untracked 
| 217|0x000000008d900000, 0x000000008d900000, 0x000000008da00000|  0%| F|  |TAMS 0x000000008d900000, 0x000000008d900000| Untracked 
| 218|0x000000008da00000, 0x000000008da00000, 0x000000008db00000|  0%| F|  |TAMS 0x000000008da00000, 0x000000008da00000| Untracked 
| 219|0x000000008db00000, 0x000000008db00000, 0x000000008dc00000|  0%| F|  |TAMS 0x000000008db00000, 0x000000008db00000| Untracked 
| 220|0x000000008dc00000, 0x000000008dc00000, 0x000000008dd00000|  0%| F|  |TAMS 0x000000008dc00000, 0x000000008dc00000| Untracked 
| 221|0x000000008dd00000, 0x000000008dd00000, 0x000000008de00000|  0%| F|  |TAMS 0x000000008dd00000, 0x000000008dd00000| Untracked 
| 222|0x000000008de00000, 0x000000008de00000, 0x000000008df00000|  0%| F|  |TAMS 0x000000008de00000, 0x000000008de00000| Untracked 
| 223|0x000000008df00000, 0x000000008df00000, 0x000000008e000000|  0%| F|  |TAMS 0x000000008df00000, 0x000000008df00000| Untracked 
| 224|0x000000008e000000, 0x000000008e000000, 0x000000008e100000|  0%| F|  |TAMS 0x000000008e000000, 0x000000008e000000| Untracked 
| 225|0x000000008e100000, 0x000000008e100000, 0x000000008e200000|  0%| F|  |TAMS 0x000000008e100000, 0x000000008e100000| Untracked 
| 226|0x000000008e200000, 0x000000008e200000, 0x000000008e300000|  0%| F|  |TAMS 0x000000008e200000, 0x000000008e200000| Untracked 
| 227|0x000000008e300000, 0x000000008e300000, 0x000000008e400000|  0%| F|  |TAMS 0x000000008e300000, 0x000000008e300000| Untracked 
| 228|0x000000008e400000, 0x000000008e400000, 0x000000008e500000|  0%| F|  |TAMS 0x000000008e400000, 0x000000008e400000| Untracked 
| 229|0x000000008e500000, 0x000000008e500000, 0x000000008e600000|  0%| F|  |TAMS 0x000000008e500000, 0x000000008e500000| Untracked 
| 230|0x000000008e600000, 0x000000008e600000, 0x000000008e700000|  0%| F|  |TAMS 0x000000008e600000, 0x000000008e600000| Untracked 
| 231|0x000000008e700000, 0x000000008e700000, 0x000000008e800000|  0%| F|  |TAMS 0x000000008e700000, 0x000000008e700000| Untracked 
| 232|0x000000008e800000, 0x000000008e800000, 0x000000008e900000|  0%| F|  |TAMS 0x000000008e800000, 0x000000008e800000| Untracked 
| 233|0x000000008e900000, 0x000000008e900000, 0x000000008ea00000|  0%| F|  |TAMS 0x000000008e900000, 0x000000008e900000| Untracked 
| 234|0x000000008ea00000, 0x000000008ea00000, 0x000000008eb00000|  0%| F|  |TAMS 0x000000008ea00000, 0x000000008ea00000| Untracked 
| 235|0x000000008eb00000, 0x000000008eb00000, 0x000000008ec00000|  0%| F|  |TAMS 0x000000008eb00000, 0x000000008eb00000| Untracked 
| 236|0x000000008ec00000, 0x000000008ec00000, 0x000000008ed00000|  0%| F|  |TAMS 0x000000008ec00000, 0x000000008ec00000| Untracked 
| 237|0x000000008ed00000, 0x000000008ed00000, 0x000000008ee00000|  0%| F|  |TAMS 0x000000008ed00000, 0x000000008ed00000| Untracked 
| 238|0x000000008ee00000, 0x000000008ee00000, 0x000000008ef00000|  0%| F|  |TAMS 0x000000008ee00000, 0x000000008ee00000| Untracked 
| 239|0x000000008ef00000, 0x000000008ef00000, 0x000000008f000000|  0%| F|  |TAMS 0x000000008ef00000, 0x000000008ef00000| Untracked 
| 240|0x000000008f000000, 0x000000008f000000, 0x000000008f100000|  0%| F|  |TAMS 0x000000008f000000, 0x000000008f000000| Untracked 
| 241|0x000000008f100000, 0x000000008f100000, 0x000000008f200000|  0%| F|  |TAMS 0x000000008f100000, 0x000000008f100000| Untracked 
| 242|0x000000008f200000, 0x000000008f200000, 0x000000008f300000|  0%| F|  |TAMS 0x000000008f200000, 0x000000008f200000| Untracked 
| 243|0x000000008f300000, 0x000000008f400000, 0x000000008f400000|100%| E|  |TAMS 0x000000008f300000, 0x000000008f300000| Complete 
| 244|0x000000008f400000, 0x000000008f500000, 0x000000008f500000|100%| E|CS|TAMS 0x000000008f400000, 0x000000008f400000| Complete 
| 245|0x000000008f500000, 0x000000008f600000, 0x000000008f600000|100%| E|CS|TAMS 0x000000008f500000, 0x000000008f500000| Complete 
| 246|0x000000008f600000, 0x000000008f700000, 0x000000008f700000|100%| E|CS|TAMS 0x000000008f600000, 0x000000008f600000| Complete 
| 247|0x000000008f700000, 0x000000008f800000, 0x000000008f800000|100%| E|CS|TAMS 0x000000008f700000, 0x000000008f700000| Complete 
| 248|0x000000008f800000, 0x000000008f900000, 0x000000008f900000|100%| E|CS|TAMS 0x000000008f800000, 0x000000008f800000| Complete 
| 249|0x000000008f900000, 0x000000008fa00000, 0x000000008fa00000|100%| E|CS|TAMS 0x000000008f900000, 0x000000008f900000| Complete 
| 250|0x000000008fa00000, 0x000000008fb00000, 0x000000008fb00000|100%| E|CS|TAMS 0x000000008fa00000, 0x000000008fa00000| Complete 
| 251|0x000000008fb00000, 0x000000008fc00000, 0x000000008fc00000|100%| E|CS|TAMS 0x000000008fb00000, 0x000000008fb00000| Complete 
| 252|0x000000008fc00000, 0x000000008fd00000, 0x000000008fd00000|100%| E|CS|TAMS 0x000000008fc00000, 0x000000008fc00000| Complete 
| 253|0x000000008fd00000, 0x000000008fe00000, 0x000000008fe00000|100%| E|CS|TAMS 0x000000008fd00000, 0x000000008fd00000| Complete 
| 254|0x000000008fe00000, 0x000000008ff00000, 0x000000008ff00000|100%| E|CS|TAMS 0x000000008fe00000, 0x000000008fe00000| Complete 
| 255|0x000000008ff00000, 0x0000000090000000, 0x0000000090000000|100%| E|CS|TAMS 0x000000008ff00000, 0x000000008ff00000| Complete 
| 256|0x0000000090000000, 0x0000000090100000, 0x0000000090100000|100%| E|CS|TAMS 0x0000000090000000, 0x0000000090000000| Complete 
| 257|0x0000000090100000, 0x0000000090200000, 0x0000000090200000|100%| E|CS|TAMS 0x0000000090100000, 0x0000000090100000| Complete 
| 258|0x0000000090200000, 0x0000000090300000, 0x0000000090300000|100%| E|CS|TAMS 0x0000000090200000, 0x0000000090200000| Complete 
| 259|0x0000000090300000, 0x0000000090400000, 0x0000000090400000|100%| E|CS|TAMS 0x0000000090300000, 0x0000000090300000| Complete 
| 260|0x0000000090400000, 0x0000000090500000, 0x0000000090500000|100%| E|CS|TAMS 0x0000000090400000, 0x0000000090400000| Complete 
| 261|0x0000000090500000, 0x0000000090600000, 0x0000000090600000|100%| E|CS|TAMS 0x0000000090500000, 0x0000000090500000| Complete 
| 262|0x0000000090600000, 0x0000000090700000, 0x0000000090700000|100%| E|CS|TAMS 0x0000000090600000, 0x0000000090600000| Complete 
| 263|0x0000000090700000, 0x0000000090800000, 0x0000000090800000|100%| E|CS|TAMS 0x0000000090700000, 0x0000000090700000| Complete 
| 264|0x0000000090800000, 0x0000000090900000, 0x0000000090900000|100%| E|CS|TAMS 0x0000000090800000, 0x0000000090800000| Complete 
| 265|0x0000000090900000, 0x0000000090a00000, 0x0000000090a00000|100%| E|CS|TAMS 0x0000000090900000, 0x0000000090900000| Complete 
| 266|0x0000000090a00000, 0x0000000090b00000, 0x0000000090b00000|100%| E|CS|TAMS 0x0000000090a00000, 0x0000000090a00000| Complete 
| 267|0x0000000090b00000, 0x0000000090c00000, 0x0000000090c00000|100%| E|CS|TAMS 0x0000000090b00000, 0x0000000090b00000| Complete 
| 268|0x0000000090c00000, 0x0000000090d00000, 0x0000000090d00000|100%| E|CS|TAMS 0x0000000090c00000, 0x0000000090c00000| Complete 
| 269|0x0000000090d00000, 0x0000000090e00000, 0x0000000090e00000|100%| E|CS|TAMS 0x0000000090d00000, 0x0000000090d00000| Complete 
| 270|0x0000000090e00000, 0x0000000090f00000, 0x0000000090f00000|100%| E|CS|TAMS 0x0000000090e00000, 0x0000000090e00000| Complete 
| 271|0x0000000090f00000, 0x0000000091000000, 0x0000000091000000|100%| E|CS|TAMS 0x0000000090f00000, 0x0000000090f00000| Complete 
| 272|0x0000000091000000, 0x0000000091100000, 0x0000000091100000|100%| E|CS|TAMS 0x0000000091000000, 0x0000000091000000| Complete 
| 273|0x0000000091100000, 0x0000000091200000, 0x0000000091200000|100%| E|CS|TAMS 0x0000000091100000, 0x0000000091100000| Complete 
| 274|0x0000000091200000, 0x0000000091300000, 0x0000000091300000|100%| E|CS|TAMS 0x0000000091200000, 0x0000000091200000| Complete 
| 275|0x0000000091300000, 0x0000000091400000, 0x0000000091400000|100%| E|CS|TAMS 0x0000000091300000, 0x0000000091300000| Complete 
| 276|0x0000000091400000, 0x0000000091500000, 0x0000000091500000|100%| E|CS|TAMS 0x0000000091400000, 0x0000000091400000| Complete 
| 277|0x0000000091500000, 0x0000000091600000, 0x0000000091600000|100%| E|CS|TAMS 0x0000000091500000, 0x0000000091500000| Complete 
| 278|0x0000000091600000, 0x0000000091700000, 0x0000000091700000|100%| E|CS|TAMS 0x0000000091600000, 0x0000000091600000| Complete 
| 279|0x0000000091700000, 0x0000000091800000, 0x0000000091800000|100%| E|CS|TAMS 0x0000000091700000, 0x0000000091700000| Complete 

Card table byte_map: [0x00000251dcd20000,0x00000251dd120000] _byte_map_base: 0x00000251dc920000

Marking Bits (Prev, Next): (CMBitMap*) 0x00000251c81eadf0, (CMBitMap*) 0x00000251c81eadb8
 Prev Bits: [0x00000251df520000, 0x00000251e1520000)
 Next Bits: [0x00000251dd520000, 0x00000251df520000)

Polling page: 0x00000251c8280000

Metaspace:

Usage:
  Non-class:     91.22 MB capacity,    89.67 MB ( 98%) used,     1.27 MB (  1%) free+waste,   282.44 KB ( <1%) overhead. 
      Class:     13.97 MB capacity,    13.10 MB ( 94%) used,   765.02 KB (  5%) free+waste,   127.31 KB ( <1%) overhead. 
       Both:    105.19 MB capacity,   102.77 MB ( 98%) used,     2.01 MB (  2%) free+waste,   409.75 KB ( <1%) overhead. 

Virtual space:
  Non-class space:       92.00 MB reserved,      91.25 MB (>99%) committed 
      Class space:        1.00 GB reserved,      14.00 MB (  1%) committed 
             Both:        1.09 GB reserved,     105.25 MB (  9%) committed 

Chunk freelists:
   Non-Class:  34.00 KB
       Class:  28.00 KB
        Both:  62.00 KB

MaxMetaspaceSize: 17179869184.00 GB
CompressedClassSpaceSize: 1.00 GB

CodeHeap 'non-profiled nmethods': size=120064Kb used=6779Kb max_used=7195Kb free=113284Kb
 bounds [0x00000251d4db0000, 0x00000251d54c0000, 0x00000251dc2f0000]
CodeHeap 'profiled nmethods': size=120000Kb used=26662Kb max_used=28007Kb free=93337Kb
 bounds [0x00000251cd880000, 0x00000251cf3f0000, 0x00000251d4db0000]
CodeHeap 'non-nmethods': size=5696Kb used=2296Kb max_used=2333Kb free=3399Kb
 bounds [0x00000251cd2f0000, 0x00000251cd560000, 0x00000251cd880000]
 total_blobs=13219 nmethods=12316 adapters=814
 compilation: enabled
              stopped_count=0, restarted_count=0
 full_count=0

Compilation events (20 events):
Event: 37.497 Thread 0x00000251e3b75000 nmethod 14001 0x00000251cdf28b10 code [0x00000251cdf28cc0, 0x00000251cdf28e18]
Event: 37.497 Thread 0x00000251e3b75000 14002       2       com.android.tools.r8.graph.t0$u::a (20 bytes)
Event: 37.497 Thread 0x00000251e3b75000 nmethod 14002 0x00000251cdf30c10 code [0x00000251cdf30dc0, 0x00000251cdf30f28]
Event: 37.497 Thread 0x00000251e3b75000 14003       2       java.util.stream.SpinedBuffer::<init> (18 bytes)
Event: 37.497 Thread 0x00000251e3b75000 nmethod 14003 0x00000251cdf30790 code [0x00000251cdf30940, 0x00000251cdf30b38]
Event: 37.497 Thread 0x00000251e3b75000 14004       2       java.util.Spliterators::checkFromToBounds (74 bytes)
Event: 37.499 Thread 0x00000251e3b75000 nmethod 14004 0x00000251cdf2fb90 code [0x00000251cdf2fde0, 0x00000251cdf30408]
Event: 37.499 Thread 0x00000251e3b75000 14005       2       java.util.Arrays::stream (8 bytes)
Event: 37.499 Thread 0x00000251e3b75000 nmethod 14005 0x00000251cdf35c90 code [0x00000251cdf35e80, 0x00000251cdf361a8]
Event: 37.499 Thread 0x00000251e3b75000 14006       2       java.util.Arrays::stream (11 bytes)
Event: 37.500 Thread 0x00000251e3b75000 nmethod 14006 0x00000251cdf35510 code [0x00000251cdf35700, 0x00000251cdf35a48]
Event: 37.500 Thread 0x00000251e3b75000 14008       2       com.android.tools.r8.graph.a0::a (60 bytes)
Event: 37.501 Thread 0x00000251e3b75000 nmethod 14008 0x00000251cdf34e10 code [0x00000251cdf35000, 0x00000251cdf352e8]
Event: 37.501 Thread 0x00000251e3b75000 14007       2       java.util.Arrays::spliterator (10 bytes)
Event: 37.501 Thread 0x00000251e3b75000 nmethod 14007 0x00000251cdf2f510 code [0x00000251cdf2f6e0, 0x00000251cdf2f948]
Event: 37.501 Thread 0x00000251e3b75000 14009       2       java.util.Collections$SetFromMap::size (10 bytes)
Event: 37.502 Thread 0x00000251e3b75000 nmethod 14009 0x00000251cdf34a90 code [0x00000251cdf34c40, 0x00000251cdf34d68]
Event: 37.502 Thread 0x00000251e3b75000 14010       1       com.android.tools.r8.graph.c0::A (5 bytes)
Event: 37.502 Thread 0x00000251e3b75000 nmethod 14010 0x00000251d4e4f810 code [0x00000251d4e4f9c0, 0x00000251d4e4fa78]
Event: 37.502 Thread 0x00000251e3b75000 14011       2       com.android.tools.r8.dex.P$g::a (9 bytes)

GC Heap History (20 events):
Event: 27.792 GC heap before
{Heap before GC invocations=36 (full 0):
 garbage-first heap   total 192512K, used 134144K [0x0000000080000000, 0x0000000100000000)
  region size 1024K, 42 young (43008K), 5 survivors (5120K)
 Metaspace       used 87465K, capacity 89464K, committed 89600K, reserved 1126400K
  class space    used 11015K, capacity 11717K, committed 11776K, reserved 1048576K
}
Event: 27.809 GC heap after
{Heap after GC invocations=37 (full 0):
 garbage-first heap   total 192512K, used 102209K [0x0000000080000000, 0x0000000100000000)
  region size 1024K, 5 young (5120K), 5 survivors (5120K)
 Metaspace       used 87465K, capacity 89464K, committed 89600K, reserved 1126400K
  class space    used 11015K, capacity 11717K, committed 11776K, reserved 1048576K
}
Event: 28.957 GC heap before
{Heap before GC invocations=38 (full 0):
 garbage-first heap   total 192512K, used 127809K [0x0000000080000000, 0x0000000100000000)
  region size 1024K, 42 young (43008K), 5 survivors (5120K)
 Metaspace       used 88258K, capacity 90227K, committed 90496K, reserved 1128448K
  class space    used 11093K, capacity 11800K, committed 11904K, reserved 1048576K
}
Event: 28.970 GC heap after
{Heap after GC invocations=39 (full 0):
 garbage-first heap   total 231424K, used 87665K [0x0000000080000000, 0x0000000100000000)
  region size 1024K, 1 young (1024K), 1 survivors (1024K)
 Metaspace       used 88258K, capacity 90227K, committed 90496K, reserved 1128448K
  class space    used 11093K, capacity 11800K, committed 11904K, reserved 1048576K
}
Event: 29.618 GC heap before
{Heap before GC invocations=39 (full 0):
 garbage-first heap   total 231424K, used 96881K [0x0000000080000000, 0x0000000100000000)
  region size 1024K, 11 young (11264K), 1 survivors (1024K)
 Metaspace       used 88587K, capacity 90577K, committed 90752K, reserved 1128448K
  class space    used 11112K, capacity 11810K, committed 11904K, reserved 1048576K
}
Event: 29.624 GC heap after
{Heap after GC invocations=40 (full 0):
 garbage-first heap   total 231424K, used 81867K [0x0000000080000000, 0x0000000100000000)
  region size 1024K, 1 young (1024K), 1 survivors (1024K)
 Metaspace       used 88587K, capacity 90577K, committed 90752K, reserved 1128448K
  class space    used 11112K, capacity 11810K, committed 11904K, reserved 1048576K
}
Event: 31.859 GC heap before
{Heap before GC invocations=40 (full 0):
 garbage-first heap   total 231424K, used 146379K [0x0000000080000000, 0x0000000100000000)
  region size 1024K, 65 young (66560K), 1 survivors (1024K)
 Metaspace       used 90790K, capacity 92744K, committed 93056K, reserved 1130496K
  class space    used 11362K, capacity 12072K, committed 12160K, reserved 1048576K
}
Event: 31.872 GC heap after
{Heap after GC invocations=41 (full 0):
 garbage-first heap   total 231424K, used 84403K [0x0000000080000000, 0x0000000100000000)
  region size 1024K, 4 young (4096K), 4 survivors (4096K)
 Metaspace       used 90790K, capacity 92744K, committed 93056K, reserved 1130496K
  class space    used 11362K, capacity 12072K, committed 12160K, reserved 1048576K
}
Event: 32.951 GC heap before
{Heap before GC invocations=41 (full 0):
 garbage-first heap   total 231424K, used 155059K [0x0000000080000000, 0x0000000100000000)
  region size 1024K, 74 young (75776K), 4 survivors (4096K)
 Metaspace       used 94640K, capacity 96745K, committed 96896K, reserved 1134592K
  class space    used 11889K, capacity 12609K, committed 12672K, reserved 1048576K
}
Event: 32.966 GC heap after
{Heap after GC invocations=42 (full 0):
 garbage-first heap   total 231424K, used 87441K [0x0000000080000000, 0x0000000100000000)
  region size 1024K, 7 young (7168K), 7 survivors (7168K)
 Metaspace       used 94640K, capacity 96745K, committed 96896K, reserved 1134592K
  class space    used 11889K, capacity 12609K, committed 12672K, reserved 1048576K
}
Event: 34.495 GC heap before
{Heap before GC invocations=42 (full 0):
 garbage-first heap   total 231424K, used 164241K [0x0000000080000000, 0x0000000100000000)
  region size 1024K, 83 young (84992K), 7 survivors (7168K)
 Metaspace       used 102033K, capacity 104343K, committed 104448K, reserved 1140736K
  class space    used 12921K, capacity 13741K, committed 13824K, reserved 1048576K
}
Event: 34.524 GC heap after
{Heap after GC invocations=43 (full 0):
 garbage-first heap   total 231424K, used 94128K [0x0000000080000000, 0x0000000100000000)
  region size 1024K, 11 young (11264K), 11 survivors (11264K)
 Metaspace       used 102033K, capacity 104343K, committed 104448K, reserved 1140736K
  class space    used 12921K, capacity 13741K, committed 13824K, reserved 1048576K
}
Event: 35.054 GC heap before
{Heap before GC invocations=43 (full 0):
 garbage-first heap   total 231424K, used 136112K [0x0000000080000000, 0x0000000100000000)
  region size 1024K, 33 young (33792K), 11 survivors (11264K)
 Metaspace       used 103590K, capacity 106047K, committed 106240K, reserved 1140736K
  class space    used 13152K, capacity 14023K, committed 14080K, reserved 1048576K
}
Event: 35.085 GC heap after
{Heap after GC invocations=44 (full 0):
 garbage-first heap   total 231424K, used 112723K [0x0000000080000000, 0x0000000100000000)
  region size 1024K, 9 young (9216K), 9 survivors (9216K)
 Metaspace       used 103590K, capacity 106047K, committed 106240K, reserved 1140736K
  class space    used 13152K, capacity 14023K, committed 14080K, reserved 1048576K
}
Event: 35.917 GC heap before
{Heap before GC invocations=45 (full 0):
 garbage-first heap   total 231424K, used 165971K [0x0000000080000000, 0x0000000100000000)
  region size 1024K, 58 young (59392K), 9 survivors (9216K)
 Metaspace       used 104920K, capacity 107419K, committed 107520K, reserved 1142784K
  class space    used 13411K, capacity 14309K, committed 14336K, reserved 1048576K
}
Event: 35.980 GC heap after
{Heap after GC invocations=46 (full 0):
 garbage-first heap   total 231424K, used 133120K [0x0000000080000000, 0x0000000100000000)
  region size 1024K, 8 young (8192K), 8 survivors (8192K)
 Metaspace       used 104920K, capacity 107419K, committed 107520K, reserved 1142784K
  class space    used 13411K, capacity 14309K, committed 14336K, reserved 1048576K
}
Event: 36.008 GC heap before
{Heap before GC invocations=46 (full 0):
 garbage-first heap   total 231424K, used 136192K [0x0000000080000000, 0x0000000100000000)
  region size 1024K, 11 young (11264K), 8 survivors (8192K)
 Metaspace       used 104922K, capacity 107419K, committed 107520K, reserved 1142784K
  class space    used 13411K, capacity 14309K, committed 14336K, reserved 1048576K
}
Event: 36.045 GC heap after
{Heap after GC invocations=47 (full 0):
 garbage-first heap   total 231424K, used 130048K [0x0000000080000000, 0x0000000100000000)
  region size 1024K, 2 young (2048K), 2 survivors (2048K)
 Metaspace       used 104922K, capacity 107419K, committed 107520K, reserved 1142784K
  class space    used 13411K, capacity 14309K, committed 14336K, reserved 1048576K
}
Event: 36.460 GC heap before
{Heap before GC invocations=47 (full 0):
 garbage-first heap   total 231424K, used 171008K [0x0000000080000000, 0x0000000100000000)
  region size 1024K, 42 young (43008K), 2 survivors (2048K)
 Metaspace       used 105035K, capacity 107497K, committed 107776K, reserved 1142784K
  class space    used 13411K, capacity 14309K, committed 14336K, reserved 1048576K
}
Event: 36.513 GC heap after
{Heap after GC invocations=48 (full 0):
 garbage-first heap   total 286720K, used 152576K [0x0000000080000000, 0x0000000100000000)
  region size 1024K, 6 young (6144K), 6 survivors (6144K)
 Metaspace       used 105035K, capacity 107497K, committed 107776K, reserved 1142784K
  class space    used 13411K, capacity 14309K, committed 14336K, reserved 1048576K
}

Deoptimization events (20 events):
Event: 37.132 Thread 0x00000251ee0c6000 DEOPT PACKING pc=0x00000251cdcf98f4 sp=0x0000006c524fea90
Event: 37.132 Thread 0x00000251ee0c6000 DEOPT UNPACKING pc=0x00000251cd31724e sp=0x0000006c524fdf60 mode 0
Event: 37.135 Thread 0x00000251ee0c6000 DEOPT PACKING pc=0x00000251cdd1cdef sp=0x0000006c524feab0
Event: 37.135 Thread 0x00000251ee0c6000 DEOPT UNPACKING pc=0x00000251cd31724e sp=0x0000006c524fdf68 mode 0
Event: 37.273 Thread 0x00000251ed8eb800 DEOPT PACKING pc=0x00000251cf2a47b8 sp=0x0000006c51dfd990
Event: 37.273 Thread 0x00000251ed8eb800 DEOPT UNPACKING pc=0x00000251cd31724e sp=0x0000006c51dfce08 mode 0
Event: 37.284 Thread 0x00000251ed8eb800 DEOPT PACKING pc=0x00000251cf2a47b8 sp=0x0000006c51dfd970
Event: 37.284 Thread 0x00000251ed8eb800 DEOPT UNPACKING pc=0x00000251cd31724e sp=0x0000006c51dfcde8 mode 0
Event: 37.292 Thread 0x00000251ed8eb800 DEOPT PACKING pc=0x00000251cf2a47b8 sp=0x0000006c51dfd970
Event: 37.292 Thread 0x00000251ed8eb800 DEOPT UNPACKING pc=0x00000251cd31724e sp=0x0000006c51dfcde8 mode 0
Event: 37.301 Thread 0x00000251ed8eb800 DEOPT PACKING pc=0x00000251cf2a47b8 sp=0x0000006c51dfd970
Event: 37.301 Thread 0x00000251ed8eb800 DEOPT UNPACKING pc=0x00000251cd31724e sp=0x0000006c51dfcde8 mode 0
Event: 37.308 Thread 0x00000251ed8eb800 DEOPT PACKING pc=0x00000251cf2a47b8 sp=0x0000006c51dfd850
Event: 37.308 Thread 0x00000251ed8eb800 DEOPT UNPACKING pc=0x00000251cd31724e sp=0x0000006c51dfccc8 mode 0
Event: 37.315 Thread 0x00000251ed8eb800 DEOPT PACKING pc=0x00000251cf2a47b8 sp=0x0000006c51dfd970
Event: 37.315 Thread 0x00000251ed8eb800 DEOPT UNPACKING pc=0x00000251cd31724e sp=0x0000006c51dfcde8 mode 0
Event: 37.322 Thread 0x00000251ed8eb800 DEOPT PACKING pc=0x00000251cf2a47b8 sp=0x0000006c51dfd820
Event: 37.322 Thread 0x00000251ed8eb800 DEOPT UNPACKING pc=0x00000251cd31724e sp=0x0000006c51dfcc98 mode 0
Event: 37.345 Thread 0x00000251ed8ec800 DEOPT PACKING pc=0x00000251cde0a2dc sp=0x0000006c521fea60
Event: 37.345 Thread 0x00000251ed8ec800 DEOPT UNPACKING pc=0x00000251cd31724e sp=0x0000006c521fdf20 mode 0

Classes redefined (0 events):
No events

Internal exceptions (20 events):
Event: 33.732 Thread 0x00000251ed8e7800 Exception <a 'java/lang/NoSuchMethodError'{0x000000008b55d078}: 'java.lang.Object java.lang.invoke.DirectMethodHandle$Holder.invokeStaticInit(java.lang.Object, java.lang.Object, long, java.lang.Object)'> (0x000000008b55d078) thrown at [./src/hotspot/share/interpreter/linkResolver.cpp, line 773]
Event: 33.732 Thread 0x00000251e62c9800 Exception <a 'java/lang/NoSuchMethodError'{0x000000008b310738}: 'void java.lang.invoke.DirectMethodHandle$Holder.invokeStatic(java.lang.Object, java.lang.Object, java.lang.Object, int)'> (0x000000008b310738) thrown at [./src/hotspot/share/interpreter/linkResolver.cpp, line 773]
Event: 33.733 Thread 0x00000251ed8e7800 Exception <a 'java/lang/NoSuchMethodError'{0x000000008b563210}: 'java.lang.Object java.lang.invoke.DirectMethodHandle$Holder.invokeStatic(java.lang.Object, java.lang.Object, long)'> (0x000000008b563210) thrown at [./src/hotspot/share/interpreter/linkResolver.cpp, line 773]
Event: 33.734 Thread 0x00000251e62c9800 Exception <a 'java/lang/IncompatibleClassChangeError'{0x000000008b31a190}: Found class java.lang.Object, but interface was expected> (0x000000008b31a190) thrown at [./src/hotspot/share/interpreter/linkResolver.cpp, line 839]
Event: 33.734 Thread 0x00000251ed8e7800 Exception <a 'java/lang/NoSuchMethodError'{0x000000008b32c660}: 'java.lang.Object java.lang.invoke.Invokers$Holder.linkToTargetMethod(java.lang.Object, long, java.lang.Object)'> (0x000000008b32c660) thrown at [./src/hotspot/share/interpreter/linkResolver.cpp, line 773]
Event: 34.060 Thread 0x00000251e62c9800 Exception <a 'java/lang/NoSuchMethodError'{0x000000008ac33330}: 'void java.lang.invoke.DirectMethodHandle$Holder.invokeStaticInit(java.lang.Object, java.lang.Object, java.lang.Object, java.lang.Object, java.lang.Object)'> (0x000000008ac33330) thrown at [./src/hotspot/share/interpreter/linkResolver.cpp, line 773]
Event: 34.062 Thread 0x00000251e62c9800 Exception <a 'java/lang/NoSuchMethodError'{0x000000008ac3ccd0}: 'java.lang.Object java.lang.invoke.DirectMethodHandle$Holder.invokeStatic(java.lang.Object, int, java.lang.Object, java.lang.Object)'> (0x000000008ac3ccd0) thrown at [./src/hotspot/share/interpreter/linkResolver.cpp, line 773]
Event: 34.099 Thread 0x00000251e62c9800 Exception <a 'java/lang/NoSuchMethodError'{0x000000008abdba80}: 'long java.lang.invoke.DirectMethodHandle$Holder.invokeStatic(java.lang.Object, java.lang.Object)'> (0x000000008abdba80) thrown at [./src/hotspot/share/interpreter/linkResolver.cpp, line 773]
Event: 34.109 Thread 0x00000251e62c9800 Exception <a 'java/lang/NoSuchMethodError'{0x000000008aa523c8}: 'void java.lang.invoke.DirectMethodHandle$Holder.invokeSpecial(java.lang.Object, java.lang.Object, int, java.lang.Object)'> (0x000000008aa523c8) thrown at [./src/hotspot/share/interpreter/linkResolver.cpp, line 773]
Event: 34.229 Thread 0x00000251ed8e7800 Exception <a 'java/lang/NoSuchMethodError'{0x000000008a47b578}: 'int java.lang.invoke.DirectMethodHandle$Holder.invokeSpecialIFC(java.lang.Object, java.lang.Object, java.lang.Object)'> (0x000000008a47b578) thrown at [./src/hotspot/share/interpreter/linkResolver.cpp, line 773]
Event: 34.285 Thread 0x00000251e62c9800 Exception <a 'java/lang/NoSuchMethodError'{0x000000008a1f6038}: 'java.lang.Object java.lang.invoke.DirectMethodHandle$Holder.invokeVirtual(java.lang.Object, java.lang.Object, int, java.lang.Object)'> (0x000000008a1f6038) thrown at [./src/hotspot/share/interpreter/linkResolver.cpp, line 773]
Event: 34.334 Thread 0x00000251e62c9800 Exception <a 'java/lang/NoSuchMethodError'{0x0000000089d4d218}: 'void java.lang.invoke.DirectMethodHandle$Holder.invokeVirtual(java.lang.Object, java.lang.Object, int, java.lang.Object)'> (0x0000000089d4d218) thrown at [./src/hotspot/share/interpreter/linkResolver.cpp, line 773]
Event: 34.443 Thread 0x00000251e62c9800 Exception <a 'java/lang/NoSuchMethodError'{0x00000000899f35f0}: 'java.lang.Object java.lang.invoke.DirectMethodHandle$Holder.newInvokeSpecial(java.lang.Object, int)'> (0x00000000899f35f0) thrown at [./src/hotspot/share/interpreter/linkResolver.cpp, line 773]
Event: 34.531 Thread 0x00000251e62c9800 Exception <a 'java/lang/NoSuchMethodError'{0x000000008e1327b0}: 'java.lang.Object java.lang.invoke.DirectMethodHandle$Holder.invokeSpecial(java.lang.Object, java.lang.Object, java.lang.Object, java.lang.Object, java.lang.Object, java.lang.Object, java.lang.Object, java.lang.Object, java.lang.Object, java.lang.Object)'> (0x000000008e1327b0) thrown at [./src/hotspot/share/interpreter/linkResolver.cpp, line 773]
Event: 34.532 Thread 0x00000251e62c9800 Exception <a 'java/lang/NoSuchMethodError'{0x000000008e136df0}: 'java.lang.Object java.lang.invoke.Invokers$Holder.linkToTargetMethod(java.lang.Object, java.lang.Object, java.lang.Object, java.lang.Object, java.lang.Object, java.lang.Object, java.lang.Object, java.lang.Object, java.lang.Object)'> (0x000000008e136df0) thrown at [./src/hotspot/share/interpreter/linkResolver.cpp, line 773]
Event: 34.542 Thread 0x00000251ed8eb800 Exception <a 'java/lang/NoSuchMethodError'{0x000000008e0d0a40}: 'java.lang.Object java.lang.invoke.DirectMethodHandle$Holder.invokeVirtual(java.lang.Object, java.lang.Object, int)'> (0x000000008e0d0a40) thrown at [./src/hotspot/share/interpreter/linkResolver.cpp, line 773]
Event: 34.691 Thread 0x00000251e62c9800 Exception <a 'java/lang/NoSuchMethodError'{0x000000008d9887e0}: 'void java.lang.invoke.DirectMethodHandle$Holder.invokeVirtual(java.lang.Object, java.lang.Object, int)'> (0x000000008d9887e0) thrown at [./src/hotspot/share/interpreter/linkResolver.cpp, line 773]
Event: 34.724 Thread 0x00000251e62c9800 Exception <a 'sun/nio/fs/WindowsException'{0x000000008d6ad1b8}> (0x000000008d6ad1b8) thrown at [./src/hotspot/share/prims/jni.cpp, line 615]
Event: 34.790 Thread 0x00000251e7793000 Exception <a 'java/lang/NoSuchMethodError'{0x000000008d335a88}: <clinit>> (0x000000008d335a88) thrown at [./src/hotspot/share/prims/jni.cpp, line 1362]
Event: 35.030 Thread 0x00000251ed8eb800 Exception <a 'sun/nio/fs/WindowsException'{0x000000008cd947f8}> (0x000000008cd947f8) thrown at [./src/hotspot/share/prims/jni.cpp, line 615]

Events (20 events):
Event: 37.094 Executing VM operation: CGC_Operation
Event: 37.130 Executing VM operation: CGC_Operation done
Event: 37.166 loading class com/android/tools/r8/graph/v1
Event: 37.166 loading class com/android/tools/r8/graph/v1 done
Event: 37.166 loading class com/android/tools/r8/graph/e0
Event: 37.166 loading class com/android/tools/r8/graph/e0 done
Event: 37.166 loading class com/android/tools/r8/graph/v1
Event: 37.166 loading class com/android/tools/r8/graph/v1 done
Event: 37.412 Executing VM operation: CGC_Operation
Event: 37.412 Executing VM operation: CGC_Operation done
Event: 37.414 Executing VM operation: RevokeBias
Event: 37.414 Executing VM operation: RevokeBias done
Event: 37.475 loading class com/android/tools/r8/graph/R0$d
Event: 37.475 loading class com/android/tools/r8/graph/R0$d done
Event: 37.475 loading class com/android/tools/r8/graph/j0
Event: 37.475 loading class com/android/tools/r8/graph/j0 done
Event: 37.475 loading class com/android/tools/r8/graph/R0$f
Event: 37.475 loading class com/android/tools/r8/graph/R0$f done
Event: 37.475 loading class com/android/tools/r8/graph/R0$f
Event: 37.475 loading class com/android/tools/r8/graph/R0$f done


Dynamic libraries:
0x00007ff653060000 - 0x00007ff65306a000 	D:\Android\Android Studio\jre\bin\java.exe
0x00007ff8612a0000 - 0x00007ff86148d000 	C:\Windows\SYSTEM32\ntdll.dll
0x00007ff860800000 - 0x00007ff8608b3000 	C:\Windows\System32\KERNEL32.DLL
0x00007ff85e110000 - 0x00007ff85e3a5000 	C:\Windows\System32\KERNELBASE.dll
0x00007ff85d540000 - 0x00007ff85d63a000 	C:\Windows\System32\ucrtbase.dll
0x00007ff845e80000 - 0x00007ff845e99000 	D:\Android\Android Studio\jre\bin\jli.dll
0x00007ff860a70000 - 0x00007ff860c08000 	C:\Windows\System32\USER32.dll
0x00007ff85d8b0000 - 0x00007ff85d8d0000 	C:\Windows\System32\win32u.dll
0x00007ff85efa0000 - 0x00007ff85efc9000 	C:\Windows\System32\GDI32.dll
0x00007ff85d670000 - 0x00007ff85d80c000 	C:\Windows\System32\gdi32full.dll
0x00007ff85d810000 - 0x00007ff85d8b0000 	C:\Windows\System32\msvcp_win.dll
0x00007ff84e500000 - 0x00007ff84e779000 	C:\Windows\WinSxS\amd64_microsoft.windows.common-controls_6595b64144ccf1df_6.0.17763.2061_none_de73cf545348ec45\COMCTL32.dll
0x00007ff8608c0000 - 0x00007ff86095e000 	C:\Windows\System32\msvcrt.dll
0x00007ff85ec70000 - 0x00007ff85ef9d000 	C:\Windows\System32\combase.dll
0x00007ff85e830000 - 0x00007ff85e94f000 	C:\Windows\System32\RPCRT4.dll
0x00007ff85e020000 - 0x00007ff85e0a2000 	C:\Windows\System32\bcryptPrimitives.dll
0x00007ff83da00000 - 0x00007ff83da17000 	D:\Android\Android Studio\jre\bin\VCRUNTIME140.dll
0x00007ff85e780000 - 0x00007ff85e7ae000 	C:\Windows\System32\IMM32.DLL
0x00007ff833000000 - 0x00007ff83309d000 	D:\Android\Android Studio\jre\bin\msvcp140.dll
0x00007ff834290000 - 0x00007ff834d4c000 	D:\Android\Android Studio\jre\bin\server\jvm.dll
0x00007ff85eb40000 - 0x00007ff85ebe4000 	C:\Windows\System32\ADVAPI32.dll
0x00007ff85e950000 - 0x00007ff85e9ee000 	C:\Windows\System32\sechost.dll
0x00007ff85ea50000 - 0x00007ff85ea58000 	C:\Windows\System32\PSAPI.DLL
0x00007ff8590f0000 - 0x00007ff8590f9000 	C:\Windows\SYSTEM32\WSOCK32.dll
0x00007ff861200000 - 0x00007ff86126d000 	C:\Windows\System32\WS2_32.dll
0x00007ff85bdc0000 - 0x00007ff85bdca000 	C:\Windows\SYSTEM32\VERSION.dll
0x00007ff85ae60000 - 0x00007ff85ae84000 	C:\Windows\SYSTEM32\WINMM.dll
0x00007ff85ae30000 - 0x00007ff85ae5d000 	C:\Windows\SYSTEM32\WINMMBASE.dll
0x00007ff85e460000 - 0x00007ff85e4aa000 	C:\Windows\System32\cfgmgr32.dll
0x00007ff85d2e0000 - 0x00007ff85d2f1000 	C:\Windows\System32\kernel.appcore.dll
0x00007ff857300000 - 0x00007ff857311000 	D:\Android\Android Studio\jre\bin\verify.dll
0x00007ff84c310000 - 0x00007ff84c4fd000 	C:\Windows\SYSTEM32\DBGHELP.DLL
0x00007ff84c560000 - 0x00007ff84c58a000 	C:\Windows\SYSTEM32\dbgcore.DLL
0x00007ff855880000 - 0x00007ff8558a9000 	D:\Android\Android Studio\jre\bin\java.dll
0x00007ff856ec0000 - 0x00007ff856ecb000 	D:\Android\Android Studio\jre\bin\jimage.dll
0x00007ff855860000 - 0x00007ff855878000 	D:\Android\Android Studio\jre\bin\zip.dll
0x00007ff85efd0000 - 0x00007ff8604c9000 	C:\Windows\System32\SHELL32.dll
0x00007ff85e6d0000 - 0x00007ff85e778000 	C:\Windows\System32\shcore.dll
0x00007ff85d8d0000 - 0x00007ff85e01b000 	C:\Windows\System32\windows.storage.dll
0x00007ff85d320000 - 0x00007ff85d344000 	C:\Windows\System32\profapi.dll
0x00007ff85d280000 - 0x00007ff85d2dd000 	C:\Windows\System32\powrprof.dll
0x00007ff860960000 - 0x00007ff8609b2000 	C:\Windows\System32\shlwapi.dll
0x00007ff85e4b0000 - 0x00007ff85e4c7000 	C:\Windows\System32\cryptsp.dll
0x00007ff852420000 - 0x00007ff85243a000 	D:\Android\Android Studio\jre\bin\net.dll
0x00007ff854280000 - 0x00007ff854371000 	C:\Windows\SYSTEM32\WINHTTP.dll
0x00007ff85ca50000 - 0x00007ff85cab7000 	C:\Windows\system32\mswsock.dll
0x00007ff852400000 - 0x00007ff852414000 	D:\Android\Android Studio\jre\bin\nio.dll
0x00007ff85bcf0000 - 0x00007ff85bd17000 	C:\Users\Home\.gradle\native\fdc75f09e3144964f2cf3f50f0aa648679c211496f362492102eb8c894070792\windows-amd64\native-platform.dll
0x00007ff8327b0000 - 0x00007ff832946000 	C:\Users\Home\.gradle\native\12488b8bf47d2d4c9fbf2f6322a914ad602e24e48041cd04a747c6da556b65c4\windows-amd64\native-platform-file-events.dll
0x00007ff851860000 - 0x00007ff85186a000 	D:\Android\Android Studio\jre\bin\management.dll
0x00007ff847b60000 - 0x00007ff847b6c000 	D:\Android\Android Studio\jre\bin\management_ext.dll
0x00007ff85c5e0000 - 0x00007ff85c613000 	C:\Windows\system32\rsaenh.dll
0x00007ff85d640000 - 0x00007ff85d666000 	C:\Windows\System32\bcrypt.dll
0x00007ff85d180000 - 0x00007ff85d1a9000 	C:\Windows\SYSTEM32\USERENV.dll
0x00007ff85cc20000 - 0x00007ff85cc2c000 	C:\Windows\SYSTEM32\CRYPTBASE.dll
0x00007ff85c770000 - 0x00007ff85c7ad000 	C:\Windows\SYSTEM32\IPHLPAPI.DLL
0x00007ff85ea60000 - 0x00007ff85ea68000 	C:\Windows\System32\NSI.dll
0x00007ff855840000 - 0x00007ff855856000 	C:\Windows\SYSTEM32\dhcpcsvc6.DLL
0x00007ff856f60000 - 0x00007ff856f7c000 	C:\Windows\SYSTEM32\dhcpcsvc.DLL
0x00007ff85c7b0000 - 0x00007ff85c876000 	C:\Windows\SYSTEM32\DNSAPI.dll
0x00007ff8585f0000 - 0x00007ff8585fb000 	C:\Windows\SYSTEM32\WINNSI.DLL

dbghelp: loaded successfully - version: 4.0.5 - missing functions: none
symbol engine: initialized successfully - sym options: 0x614 - pdb path: .;D:\Android\Android Studio\jre\bin;C:\Windows\SYSTEM32;C:\Windows\WinSxS\amd64_microsoft.windows.common-controls_6595b64144ccf1df_6.0.17763.2061_none_de73cf545348ec45;D:\Android\Android Studio\jre\bin\server;C:\Users\Home\.gradle\native\fdc75f09e3144964f2cf3f50f0aa648679c211496f362492102eb8c894070792\windows-amd64;C:\Users\Home\.gradle\native\12488b8bf47d2d4c9fbf2f6322a914ad602e24e48041cd04a747c6da556b65c4\windows-amd64

VM Arguments:
jvm_args: --add-opens=java.base/java.util=ALL-UNNAMED --add-opens=java.base/java.lang=ALL-UNNAMED --add-opens=java.base/java.lang.invoke=ALL-UNNAMED --add-opens=java.prefs/java.util.prefs=ALL-UNNAMED -Xmx2048m -Dfile.encoding=UTF-8 -Duser.country=RU -Duser.language=ru -Duser.variant 
java_command: org.gradle.launcher.daemon.bootstrap.GradleDaemon 6.7.1
java_class_path (initial): C:\Users\Home\.gradle\wrapper\dists\gradle-6.7.1-bin\bwlcbys1h7rz3272sye1xwiv6\gradle-6.7.1\lib\gradle-launcher-6.7.1.jar
Launcher Type: SUN_STANDARD

[Global flags]
     intx CICompilerCount                          = 3                                         {product} {ergonomic}
     uint ConcGCThreads                            = 1                                         {product} {ergonomic}
     uint G1ConcRefinementThreads                  = 4                                         {product} {ergonomic}
   size_t G1HeapRegionSize                         = 1048576                                   {product} {ergonomic}
    uintx GCDrainStackTargetSize                   = 64                                        {product} {ergonomic}
   size_t InitialHeapSize                          = 65011712                                  {product} {ergonomic}
   size_t MarkStackSize                            = 4194304                                   {product} {ergonomic}
   size_t MaxHeapSize                              = 2147483648                                {product} {command line}
   size_t MaxNewSize                               = 1287651328                                {product} {ergonomic}
   size_t MinHeapDeltaBytes                        = 1048576                                   {product} {ergonomic}
    uintx NonNMethodCodeHeapSize                   = 5830732                                {pd product} {ergonomic}
    uintx NonProfiledCodeHeapSize                  = 122913754                              {pd product} {ergonomic}
    uintx ProfiledCodeHeapSize                     = 122913754                              {pd product} {ergonomic}
    uintx ReservedCodeCacheSize                    = 251658240                              {pd product} {ergonomic}
     bool SegmentedCodeCache                       = true                                      {product} {ergonomic}
     bool UseCompressedClassPointers               = true                                 {lp64_product} {ergonomic}
     bool UseCompressedOops                        = true                                 {lp64_product} {ergonomic}
     bool UseG1GC                                  = true                                      {product} {ergonomic}
     bool UseLargePagesIndividualAllocation        = false                                  {pd product} {ergonomic}

Logging:
Log output configuration:
 #0: stdout all=warning uptime,level,tags
 #1: stderr all=off uptime,level,tags

Environment Variables:
PATH=C:\Program Files (x86)\Common Files\Oracle\Java\javapath;C:\Windows\system32;C:\Windows;C:\Windows\System32\Wbem;C:\Windows\System32\WindowsPowerShell\v1.0\;C:\Windows\System32\OpenSSH\;D:\AndroidProjects\Git\cmd;C:\Users\Home\AppData\Local\Microsoft\WindowsApps;
USERNAME=Home
OS=Windows_NT
PROCESSOR_IDENTIFIER=Intel64 Family 6 Model 42 Stepping 7, GenuineIntel



---------------  S Y S T E M  ---------------

OS: Windows 10 , 64 bit Build 17763 (10.0.17763.2028)
OS uptime: 0 days 1:37 hours

CPU:total 4 (initial active 4) (2 cores per cpu, 2 threads per core) family 6 model 42 stepping 7, cmov, cx8, fxsr, mmx, sse, sse2, sse3, ssse3, sse4.1, sse4.2, popcnt, avx, clmul, ht, tsc, tscinvbit

Memory: 4k page, system-wide physical 3932M (303M free)
TotalPageFile size 4732M (AvailPageFile size 2M)
current process WorkingSet (physical memory assigned to process): 550M, peak: 550M
current process commit charge ("private bytes"): 601M, peak: 601M

vm_info: OpenJDK 64-Bit Server VM (11.0.8+10-b944.6842174) for windows-amd64 JRE (11.0.8+10-b944.6842174), built on Sep 19 2020 01:11:42 by "builder" with MS VC++ 14.0 (VS2015)

END.
