#
# There is insufficient memory for the Java Runtime Environment to continue.
# Native memory allocation (malloc) failed to allocate 529296 bytes for Chunk::new
# Possible reasons:
#   The system is out of physical RAM or swap space
#   The process is running with CompressedOops enabled, and the Java Heap may be blocking the growth of the native heap
# Possible solutions:
#   Reduce memory load on the system
#   Increase physical memory or swap space
#   Check if swap backing store is full
#   Decrease Java heap size (-Xmx/-Xms)
#   Decrease number of Java threads
#   Decrease Java thread stack sizes (-Xss)
#   Set larger code cache with -XX:ReservedCodeCacheSize=
#   JVM is running with Unscaled Compressed Oops mode in which the Java heap is
#     placed in the first 4GB address space. The Java Heap base address is the
#     maximum limit for the native heap growth. Please use -XX:HeapBaseMinAddress
#     to set the Java Heap base and to place the Java Heap above 4GB virtual address.
# This output file may be truncated or incomplete.
#
#  Out of Memory Error (./src/hotspot/share/memory/arena.cpp:197), pid=7424, tid=5604
#
# JRE version: OpenJDK Runtime Environment (11.0.8+10) (build 11.0.8+10-b944.6842174)
# Java VM: OpenJDK 64-Bit Server VM (11.0.8+10-b944.6842174, mixed mode, tiered, compressed oops, g1 gc, windows-amd64)
# No core dump will be written. Minidumps are not enabled by default on client versions of Windows
#

---------------  S U M M A R Y ------------

Command Line: org.jetbrains.kotlin.cli.jvm.K2JVMCompiler @D:\AndroidProjects\TipTime\app\build\20210809_8993341294529733891.compiler.options

Host: Intel(R) Core(TM) i3-2370M CPU @ 2.40GHz, 4 cores, 3G,  Windows 10 , 64 bit Build 17763 (10.0.17763.2028)
Time: Mon Aug  9 16:27:56 2021 RTZ 2 (ceia) elapsed time: 3 seconds (0d 0h 0m 3s)

---------------  T H R E A D  ---------------

Current thread (0x000001d07dded000):  JavaThread "C2 CompilerThread0" daemon [_thread_in_native, id=5604, stack(0x0000003e83700000,0x0000003e83800000)]


Current CompileTask:
C2:   3332 2221   !   4       java.net.URL::<init> (543 bytes)

Stack: [0x0000003e83700000,0x0000003e83800000]
Native frames: (J=compiled Java code, j=interpreted, Vv=VM code, C=native code)
V  [jvm.dll+0x5de50a]
V  [jvm.dll+0x7122f5]
V  [jvm.dll+0x71384d]
V  [jvm.dll+0x713f03]
V  [jvm.dll+0x23e728]
V  [jvm.dll+0xb899c]
V  [jvm.dll+0xb8e9c]
V  [jvm.dll+0x2b20e4]
V  [jvm.dll+0x502098]
V  [jvm.dll+0x1ff393]
V  [jvm.dll+0x1f917c]
V  [jvm.dll+0x1f685f]
V  [jvm.dll+0x17f32c]
V  [jvm.dll+0x205047]
V  [jvm.dll+0x203891]
V  [jvm.dll+0x6dad3f]
V  [jvm.dll+0x6d3895]
V  [jvm.dll+0x5dd4a6]
C  [ucrtbase.dll+0x2268a]
C  [KERNEL32.DLL+0x17974]
C  [ntdll.dll+0x5a2f1]


---------------  P R O C E S S  ---------------

Threads class SMR info:
_java_thread_list=0x000001d07e858760, length=11, elements={
0x000001d073b79800, 0x000001d07dd6c000, 0x000001d07dd96000, 0x000001d07dde9000,
0x000001d07ddea000, 0x000001d07dded000, 0x000001d07ddfb800, 0x000001d07de05000,
0x000001d07e852000, 0x000001d07e85b000, 0x000001d07e8a1000
}

Java Threads: ( => current thread )
  0x000001d073b79800 JavaThread "main" [_thread_in_vm, id=3644, stack(0x0000003e82c00000,0x0000003e82d00000)]
  0x000001d07dd6c000 JavaThread "Reference Handler" daemon [_thread_blocked, id=3492, stack(0x0000003e83300000,0x0000003e83400000)]
  0x000001d07dd96000 JavaThread "Finalizer" daemon [_thread_blocked, id=2580, stack(0x0000003e83400000,0x0000003e83500000)]
  0x000001d07dde9000 JavaThread "Signal Dispatcher" daemon [_thread_blocked, id=6960, stack(0x0000003e83500000,0x0000003e83600000)]
  0x000001d07ddea000 JavaThread "Attach Listener" daemon [_thread_blocked, id=1488, stack(0x0000003e83600000,0x0000003e83700000)]
=>0x000001d07dded000 JavaThread "C2 CompilerThread0" daemon [_thread_in_native, id=5604, stack(0x0000003e83700000,0x0000003e83800000)]
  0x000001d07ddfb800 JavaThread "C1 CompilerThread0" daemon [_thread_blocked, id=7648, stack(0x0000003e83800000,0x0000003e83900000)]
  0x000001d07de05000 JavaThread "Sweeper thread" daemon [_thread_blocked, id=7652, stack(0x0000003e83900000,0x0000003e83a00000)]
  0x000001d07e852000 JavaThread "Service Thread" daemon [_thread_blocked, id=7492, stack(0x0000003e83a00000,0x0000003e83b00000)]
  0x000001d07e85b000 JavaThread "Common-Cleaner" daemon [_thread_blocked, id=7428, stack(0x0000003e83c00000,0x0000003e83d00000)]
  0x000001d07e8a1000 JavaThread "C2 CompilerThread1" daemon [_thread_in_native, id=7308, stack(0x0000003e83d00000,0x0000003e83e00000)]

Other Threads:
  0x000001d07dd6a000 VMThread "VM Thread" [stack: 0x0000003e83200000,0x0000003e83300000] [id=5636]
  0x000001d07e853000 WatcherThread [stack: 0x0000003e83b00000,0x0000003e83c00000] [id=7500]
  0x000001d073b90000 GCTaskThread "GC Thread#0" [stack: 0x0000003e82d00000,0x0000003e82e00000] [id=6948]
  0x000001d07ed63800 GCTaskThread "GC Thread#1" [stack: 0x0000003e83e00000,0x0000003e83f00000] [id=7616]
  0x000001d073bb0800 ConcurrentGCThread "G1 Main Marker" [stack: 0x0000003e82e00000,0x0000003e82f00000] [id=7372]
  0x000001d073bb2000 ConcurrentGCThread "G1 Conc#0" [stack: 0x0000003e82f00000,0x0000003e83000000] [id=3568]
  0x000001d073c0b000 ConcurrentGCThread "G1 Refine#0" [stack: 0x0000003e83000000,0x0000003e83100000] [id=1992]
  0x000001d073c0c000 ConcurrentGCThread "G1 Young RemSet Sampling" [stack: 0x0000003e83100000,0x0000003e83200000] [id=5900]

Threads with active compile tasks:
C2 CompilerThread0   3358 2221   !   4       java.net.URL::<init> (543 bytes)
C2 CompilerThread1   3358 1969   !   4       jdk.internal.loader.BuiltinClassLoader::loadClassOrNull (143 bytes)

VM state:not at safepoint (normal execution)

VM Mutex/Monitor currently owned by a thread: None

Heap address: 0x00000000c2800000, size: 984 MB, Compressed Oops mode: 32-bit
Narrow klass base: 0x0000000000000000, Narrow klass shift: 3
Compressed class space size: 1073741824 Address: 0x0000000100000000

Heap:
 garbage-first heap   total 76800K, used 27036K [0x00000000c2800000, 0x0000000100000000)
  region size 1024K, 9 young (9216K), 4 survivors (4096K)
 Metaspace       used 31613K, capacity 32040K, committed 32124K, reserved 1077248K
  class space    used 3761K, capacity 3920K, committed 3968K, reserved 1048576K
Heap Regions: E=young(eden), S=young(survivor), O=old, HS=humongous(starts), HC=humongous(continues), CS=collection set, F=free, A=archive, TAMS=top-at-mark-start (previous, next)
|   0|0x00000000c2800000, 0x00000000c2900000, 0x00000000c2900000|100%|HS|  |TAMS 0x00000000c2900000, 0x00000000c2800000| Complete 
|   1|0x00000000c2900000, 0x00000000c2a00000, 0x00000000c2a00000|100%|HC|  |TAMS 0x00000000c2a00000, 0x00000000c2900000| Complete 
|   2|0x00000000c2a00000, 0x00000000c2b00000, 0x00000000c2b00000|100%|HC|  |TAMS 0x00000000c2b00000, 0x00000000c2a00000| Complete 
|   3|0x00000000c2b00000, 0x00000000c2c00000, 0x00000000c2c00000|100%| O|  |TAMS 0x00000000c2c00000, 0x00000000c2b00000| Untracked 
|   4|0x00000000c2c00000, 0x00000000c2d00000, 0x00000000c2d00000|100%| O|  |TAMS 0x00000000c2d00000, 0x00000000c2c00000| Untracked 
|   5|0x00000000c2d00000, 0x00000000c2e00000, 0x00000000c2e00000|100%| O|  |TAMS 0x00000000c2e00000, 0x00000000c2d00000| Untracked 
|   6|0x00000000c2e00000, 0x00000000c2f00000, 0x00000000c2f00000|100%| O|  |TAMS 0x00000000c2f00000, 0x00000000c2e00000| Untracked 
|   7|0x00000000c2f00000, 0x00000000c3000000, 0x00000000c3000000|100%| O|  |TAMS 0x00000000c3000000, 0x00000000c2f00000| Untracked 
|   8|0x00000000c3000000, 0x00000000c3100000, 0x00000000c3100000|100%| O|  |TAMS 0x00000000c30a4200, 0x00000000c3000000| Untracked 
|   9|0x00000000c3100000, 0x00000000c3200000, 0x00000000c3200000|100%|HS|  |TAMS 0x00000000c3100000, 0x00000000c3100000| Complete 
|  10|0x00000000c3200000, 0x00000000c3300000, 0x00000000c3300000|100%|HC|  |TAMS 0x00000000c3200000, 0x00000000c3200000| Complete 
|  11|0x00000000c3300000, 0x00000000c3400000, 0x00000000c3400000|100%|HC|  |TAMS 0x00000000c3300000, 0x00000000c3300000| Complete 
|  12|0x00000000c3400000, 0x00000000c3500000, 0x00000000c3500000|100%|HS|  |TAMS 0x00000000c3400000, 0x00000000c3400000| Complete 
|  13|0x00000000c3500000, 0x00000000c3600000, 0x00000000c3600000|100%|HC|  |TAMS 0x00000000c3500000, 0x00000000c3500000| Complete 
|  14|0x00000000c3600000, 0x00000000c3700000, 0x00000000c3700000|100%|HC|  |TAMS 0x00000000c3600000, 0x00000000c3600000| Complete 
|  15|0x00000000c3700000, 0x00000000c3800000, 0x00000000c3800000|100%|HS|  |TAMS 0x00000000c3700000, 0x00000000c3700000| Complete 
|  16|0x00000000c3800000, 0x00000000c3900000, 0x00000000c3900000|100%|HC|  |TAMS 0x00000000c3800000, 0x00000000c3800000| Complete 
|  17|0x00000000c3900000, 0x00000000c3a00000, 0x00000000c3a00000|100%| O|  |TAMS 0x00000000c3900000, 0x00000000c3900000| Untracked 
|  18|0x00000000c3a00000, 0x00000000c3a67200, 0x00000000c3b00000| 40%| O|  |TAMS 0x00000000c3a00000, 0x00000000c3a00000| Untracked 
|  19|0x00000000c3b00000, 0x00000000c3b00000, 0x00000000c3c00000|  0%| F|  |TAMS 0x00000000c3b00000, 0x00000000c3b00000| Untracked 
|  20|0x00000000c3c00000, 0x00000000c3c00000, 0x00000000c3d00000|  0%| F|  |TAMS 0x00000000c3c00000, 0x00000000c3c00000| Untracked 
|  21|0x00000000c3d00000, 0x00000000c3d00000, 0x00000000c3e00000|  0%| F|  |TAMS 0x00000000c3d00000, 0x00000000c3d00000| Untracked 
|  22|0x00000000c3e00000, 0x00000000c3e00000, 0x00000000c3f00000|  0%| F|  |TAMS 0x00000000c3e00000, 0x00000000c3e00000| Untracked 
|  23|0x00000000c3f00000, 0x00000000c3f00000, 0x00000000c4000000|  0%| F|  |TAMS 0x00000000c3f00000, 0x00000000c3f00000| Untracked 
|  24|0x00000000c4000000, 0x00000000c4000000, 0x00000000c4100000|  0%| F|  |TAMS 0x00000000c4000000, 0x00000000c4000000| Untracked 
|  25|0x00000000c4100000, 0x00000000c4100000, 0x00000000c4200000|  0%| F|  |TAMS 0x00000000c4100000, 0x00000000c4100000| Untracked 
|  26|0x00000000c4200000, 0x00000000c4200000, 0x00000000c4300000|  0%| F|  |TAMS 0x00000000c4200000, 0x00000000c4200000| Untracked 
|  27|0x00000000c4300000, 0x00000000c4300000, 0x00000000c4400000|  0%| F|  |TAMS 0x00000000c4300000, 0x00000000c4300000| Untracked 
|  28|0x00000000c4400000, 0x00000000c4400000, 0x00000000c4500000|  0%| F|  |TAMS 0x00000000c4400000, 0x00000000c4400000| Untracked 
|  29|0x00000000c4500000, 0x00000000c4500000, 0x00000000c4600000|  0%| F|  |TAMS 0x00000000c4500000, 0x00000000c4500000| Untracked 
|  30|0x00000000c4600000, 0x00000000c4600000, 0x00000000c4700000|  0%| F|  |TAMS 0x00000000c4600000, 0x00000000c4600000| Untracked 
|  31|0x00000000c4700000, 0x00000000c4700000, 0x00000000c4800000|  0%| F|  |TAMS 0x00000000c4700000, 0x00000000c4700000| Untracked 
|  32|0x00000000c4800000, 0x00000000c4800000, 0x00000000c4900000|  0%| F|  |TAMS 0x00000000c4800000, 0x00000000c4800000| Untracked 
|  33|0x00000000c4900000, 0x00000000c4a00000, 0x00000000c4a00000|100%| S|CS|TAMS 0x00000000c4900000, 0x00000000c4900000| Complete 
|  34|0x00000000c4a00000, 0x00000000c4b00000, 0x00000000c4b00000|100%| S|CS|TAMS 0x00000000c4a00000, 0x00000000c4a00000| Complete 
|  35|0x00000000c4b00000, 0x00000000c4c00000, 0x00000000c4c00000|100%| S|CS|TAMS 0x00000000c4b00000, 0x00000000c4b00000| Complete 
|  36|0x00000000c4c00000, 0x00000000c4c00000, 0x00000000c4d00000|  0%| F|  |TAMS 0x00000000c4c00000, 0x00000000c4c00000| Untracked 
|  37|0x00000000c4d00000, 0x00000000c4d00000, 0x00000000c4e00000|  0%| F|  |TAMS 0x00000000c4d00000, 0x00000000c4d00000| Untracked 
|  38|0x00000000c4e00000, 0x00000000c4e00000, 0x00000000c4f00000|  0%| F|  |TAMS 0x00000000c4e00000, 0x00000000c4e00000| Untracked 
|  39|0x00000000c4f00000, 0x00000000c5000000, 0x00000000c5000000|100%| S|CS|TAMS 0x00000000c4f00000, 0x00000000c4f00000| Complete 
|  40|0x00000000c5000000, 0x00000000c5000000, 0x00000000c5100000|  0%| F|  |TAMS 0x00000000c5000000, 0x00000000c5000000| Untracked 
|  41|0x00000000c5100000, 0x00000000c5100000, 0x00000000c5200000|  0%| F|  |TAMS 0x00000000c5100000, 0x00000000c5100000| Untracked 
|  42|0x00000000c5200000, 0x00000000c5200000, 0x00000000c5300000|  0%| F|  |TAMS 0x00000000c5200000, 0x00000000c5200000| Untracked 
|  43|0x00000000c5300000, 0x00000000c5300000, 0x00000000c5400000|  0%| F|  |TAMS 0x00000000c5300000, 0x00000000c5300000| Untracked 
|  44|0x00000000c5400000, 0x00000000c5400000, 0x00000000c5500000|  0%| F|  |TAMS 0x00000000c5400000, 0x00000000c5400000| Untracked 
|  45|0x00000000c5500000, 0x00000000c5500000, 0x00000000c5600000|  0%| F|  |TAMS 0x00000000c5500000, 0x00000000c5500000| Untracked 
|  46|0x00000000c5600000, 0x00000000c5600000, 0x00000000c5700000|  0%| F|  |TAMS 0x00000000c5600000, 0x00000000c5600000| Untracked 
|  47|0x00000000c5700000, 0x00000000c5700000, 0x00000000c5800000|  0%| F|  |TAMS 0x00000000c5700000, 0x00000000c5700000| Untracked 
|  48|0x00000000c5800000, 0x00000000c5800000, 0x00000000c5900000|  0%| F|  |TAMS 0x00000000c5800000, 0x00000000c5800000| Untracked 
|  49|0x00000000c5900000, 0x00000000c5900000, 0x00000000c5a00000|  0%| F|  |TAMS 0x00000000c5900000, 0x00000000c5900000| Untracked 
|  50|0x00000000c5a00000, 0x00000000c5a00000, 0x00000000c5b00000|  0%| F|  |TAMS 0x00000000c5a00000, 0x00000000c5a00000| Untracked 
|  51|0x00000000c5b00000, 0x00000000c5b00000, 0x00000000c5c00000|  0%| F|  |TAMS 0x00000000c5b00000, 0x00000000c5b00000| Untracked 
|  52|0x00000000c5c00000, 0x00000000c5c00000, 0x00000000c5d00000|  0%| F|  |TAMS 0x00000000c5c00000, 0x00000000c5c00000| Untracked 
|  53|0x00000000c5d00000, 0x00000000c5d00000, 0x00000000c5e00000|  0%| F|  |TAMS 0x00000000c5d00000, 0x00000000c5d00000| Untracked 
|  54|0x00000000c5e00000, 0x00000000c5e00000, 0x00000000c5f00000|  0%| F|  |TAMS 0x00000000c5e00000, 0x00000000c5e00000| Untracked 
|  55|0x00000000c5f00000, 0x00000000c5f00000, 0x00000000c6000000|  0%| F|  |TAMS 0x00000000c5f00000, 0x00000000c5f00000| Untracked 
|  56|0x00000000c6000000, 0x00000000c6000000, 0x00000000c6100000|  0%| F|  |TAMS 0x00000000c6000000, 0x00000000c6000000| Untracked 
|  57|0x00000000c6100000, 0x00000000c6100000, 0x00000000c6200000|  0%| F|  |TAMS 0x00000000c6100000, 0x00000000c6100000| Untracked 
|  58|0x00000000c6200000, 0x00000000c6200000, 0x00000000c6300000|  0%| F|  |TAMS 0x00000000c6200000, 0x00000000c6200000| Untracked 
|  59|0x00000000c6300000, 0x00000000c6300000, 0x00000000c6400000|  0%| F|  |TAMS 0x00000000c6300000, 0x00000000c6300000| Untracked 
|  60|0x00000000c6400000, 0x00000000c6400000, 0x00000000c6500000|  0%| F|  |TAMS 0x00000000c6400000, 0x00000000c6400000| Untracked 
|  61|0x00000000c6500000, 0x00000000c6500000, 0x00000000c6600000|  0%| F|  |TAMS 0x00000000c6500000, 0x00000000c6500000| Untracked 
|  62|0x00000000c6600000, 0x00000000c6600000, 0x00000000c6700000|  0%| F|  |TAMS 0x00000000c6600000, 0x00000000c6600000| Untracked 
|  63|0x00000000c6700000, 0x00000000c6700000, 0x00000000c6800000|  0%| F|  |TAMS 0x00000000c6700000, 0x00000000c6700000| Untracked 
|  64|0x00000000c6800000, 0x00000000c6800000, 0x00000000c6900000|  0%| F|  |TAMS 0x00000000c6800000, 0x00000000c6800000| Untracked 
|  65|0x00000000c6900000, 0x00000000c6900000, 0x00000000c6a00000|  0%| F|  |TAMS 0x00000000c6900000, 0x00000000c6900000| Untracked 
|  66|0x00000000c6a00000, 0x00000000c6a00000, 0x00000000c6b00000|  0%| F|  |TAMS 0x00000000c6a00000, 0x00000000c6a00000| Untracked 
|  67|0x00000000c6b00000, 0x00000000c6b00000, 0x00000000c6c00000|  0%| F|  |TAMS 0x00000000c6b00000, 0x00000000c6b00000| Untracked 
|  68|0x00000000c6c00000, 0x00000000c6c00000, 0x00000000c6d00000|  0%| F|  |TAMS 0x00000000c6c00000, 0x00000000c6c00000| Untracked 
|  69|0x00000000c6d00000, 0x00000000c6d00000, 0x00000000c6e00000|  0%| F|  |TAMS 0x00000000c6d00000, 0x00000000c6d00000| Untracked 
|  70|0x00000000c6e00000, 0x00000000c6e80800, 0x00000000c6f00000| 50%| E|  |TAMS 0x00000000c6e00000, 0x00000000c6e00000| Complete 
|  71|0x00000000c6f00000, 0x00000000c7000000, 0x00000000c7000000|100%| E|CS|TAMS 0x00000000c6f00000, 0x00000000c6f00000| Complete 
|  72|0x00000000c7000000, 0x00000000c7100000, 0x00000000c7100000|100%| E|CS|TAMS 0x00000000c7000000, 0x00000000c7000000| Complete 
|  73|0x00000000c7100000, 0x00000000c7200000, 0x00000000c7200000|100%| E|CS|TAMS 0x00000000c7100000, 0x00000000c7100000| Complete 
|  74|0x00000000c7200000, 0x00000000c7300000, 0x00000000c7300000|100%| E|CS|TAMS 0x00000000c7200000, 0x00000000c7200000| Complete 

Card table byte_map: [0x000001d079520000,0x000001d079710000] _byte_map_base: 0x000001d078f0c000

Marking Bits (Prev, Next): (CMBitMap*) 0x000001d073bac0b0, (CMBitMap*) 0x000001d073bac078
 Prev Bits: [0x000001d07a860000, 0x000001d07b7c0000)
 Next Bits: [0x000001d079900000, 0x000001d07a860000)

Polling page: 0x000001d0739a0000

Metaspace:

Usage:
  Non-class:     27.46 MB capacity,    27.20 MB (>99%) used,   222.18 KB ( <1%) free+waste,    46.00 KB ( <1%) overhead. 
      Class:      3.83 MB capacity,     3.67 MB ( 96%) used,   137.69 KB (  4%) free+waste,    20.75 KB ( <1%) overhead. 
       Both:     31.29 MB capacity,    30.87 MB ( 99%) used,   359.87 KB (  1%) free+waste,    66.75 KB ( <1%) overhead. 

Virtual space:
  Non-class space:       28.00 MB reserved,      27.50 MB ( 98%) committed 
      Class space:        1.00 GB reserved,       3.88 MB ( <1%) committed 
             Both:        1.03 GB reserved,      31.37 MB (  3%) committed 

Chunk freelists:
   Non-Class:  36.00 KB
       Class:  16.00 KB
        Both:  52.00 KB

MaxMetaspaceSize: 17179869184.00 GB
CompressedClassSpaceSize: 1.00 GB

CodeHeap 'non-profiled nmethods': size=120064Kb used=757Kb max_used=757Kb free=119306Kb
 bounds [0x000001d007ac0000, 0x000001d007d30000, 0x000001d00f000000]
CodeHeap 'profiled nmethods': size=120000Kb used=4023Kb max_used=4023Kb free=115976Kb
 bounds [0x000001d000590000, 0x000001d000980000, 0x000001d007ac0000]
CodeHeap 'non-nmethods': size=5696Kb used=1163Kb max_used=1179Kb free=4532Kb
 bounds [0x000001d000000000, 0x000001d000270000, 0x000001d000590000]
 total_blobs=2719 nmethods=2211 adapters=419
 compilation: enabled
              stopped_count=0, restarted_count=0
 full_count=0

Compilation events (20 events):
Event: 3.222 Thread 0x000001d07ddfb800 2213       3       java.io.WinNTFileSystem::isLetter (30 bytes)
Event: 3.222 Thread 0x000001d07ddfb800 nmethod 2213 0x000001d00097ab90 code [0x000001d00097ad40, 0x000001d00097af58]
Event: 3.222 Thread 0x000001d07ddfb800 2215       3       java.lang.Character::isJavaIdentifierPart (9 bytes)
Event: 3.222 Thread 0x000001d07ddfb800 nmethod 2215 0x000001d00097b010 code [0x000001d00097b1e0, 0x000001d00097b3b8]
Event: 3.222 Thread 0x000001d07ddfb800 2216       3       java.lang.CharacterDataLatin1::isJavaIdentifierPart (20 bytes)
Event: 3.223 Thread 0x000001d07ddfb800 nmethod 2216 0x000001d00097b490 code [0x000001d00097b660, 0x000001d00097b878]
Event: 3.223 Thread 0x000001d07ddfb800 2212       3       java.lang.String::indexOf (18 bytes)
Event: 3.223 Thread 0x000001d07ddfb800 nmethod 2212 0x000001d00097b990 code [0x000001d00097bb60, 0x000001d00097be28]
Event: 3.223 Thread 0x000001d07ddfb800 2218       3       java.lang.Class::privateGetDeclaredConstructors (79 bytes)
Event: 3.224 Thread 0x000001d07ddfb800 nmethod 2218 0x000001d00097bf90 code [0x000001d00097c1a0, 0x000001d00097c6a8]
Event: 3.224 Thread 0x000001d07ddfb800 2219       3       jdk.internal.reflect.ReflectionFactory::copyConstructor (10 bytes)
Event: 3.224 Thread 0x000001d07ddfb800 nmethod 2219 0x000001d00097c890 code [0x000001d00097ca80, 0x000001d00097cd88]
Event: 3.225 Thread 0x000001d07ddfb800 2220       3       kotlin.reflect.jvm.internal.pcollections.IntTree::plus (111 bytes)
Event: 3.226 Thread 0x000001d07ddfb800 nmethod 2220 0x000001d00097cf10 code [0x000001d00097d140, 0x000001d00097d7d8]
Event: 3.231 Thread 0x000001d07dded000 nmethod 2214 0x000001d007b7c810 code [0x000001d007b7c9c0, 0x000001d007b7cf18]
Event: 3.231 Thread 0x000001d07dded000 2217       4       java.util.HashMap::hash (20 bytes)
Event: 3.233 Thread 0x000001d07dded000 nmethod 2217 0x000001d007b7d190 code [0x000001d007b7d320, 0x000001d007b7d3d8]
Event: 3.243 Thread 0x000001d07dded000 2221   !   4       java.net.URL::<init> (543 bytes)
Event: 3.293 Thread 0x000001d07ddfb800 2223       3       jdk.internal.reflect.ConstructorAccessorImpl::<init> (5 bytes)
Event: 3.294 Thread 0x000001d07ddfb800 nmethod 2223 0x000001d00097da10 code [0x000001d00097dbc0, 0x000001d00097dd78]

GC Heap History (10 events):
Event: 0.604 GC heap before
{Heap before GC invocations=0 (full 0):
 garbage-first heap   total 63488K, used 17408K [0x00000000c2800000, 0x0000000100000000)
  region size 1024K, 14 young (14336K), 0 survivors (0K)
 Metaspace       used 9785K, capacity 9935K, committed 10112K, reserved 1058816K
  class space    used 832K, capacity 884K, committed 896K, reserved 1048576K
}
Event: 0.609 GC heap after
{Heap after GC invocations=1 (full 0):
 garbage-first heap   total 63488K, used 5124K [0x00000000c2800000, 0x0000000100000000)
  region size 1024K, 2 young (2048K), 2 survivors (2048K)
 Metaspace       used 9785K, capacity 9935K, committed 10112K, reserved 1058816K
  class space    used 832K, capacity 884K, committed 896K, reserved 1048576K
}
Event: 1.583 GC heap before
{Heap before GC invocations=1 (full 0):
 garbage-first heap   total 63488K, used 40964K [0x00000000c2800000, 0x0000000100000000)
  region size 1024K, 37 young (37888K), 2 survivors (2048K)
 Metaspace       used 17950K, capacity 18115K, committed 18304K, reserved 1064960K
  class space    used 1830K, capacity 1904K, committed 1920K, reserved 1048576K
}
Event: 1.604 GC heap after
{Heap after GC invocations=2 (full 0):
 garbage-first heap   total 63488K, used 8866K [0x00000000c2800000, 0x0000000100000000)
  region size 1024K, 5 young (5120K), 5 survivors (5120K)
 Metaspace       used 17950K, capacity 18115K, committed 18304K, reserved 1064960K
  class space    used 1830K, capacity 1904K, committed 1920K, reserved 1048576K
}
Event: 1.824 GC heap before
{Heap before GC invocations=2 (full 0):
 garbage-first heap   total 63488K, used 19106K [0x00000000c2800000, 0x0000000100000000)
  region size 1024K, 16 young (16384K), 5 survivors (5120K)
 Metaspace       used 20921K, capacity 21101K, committed 21248K, reserved 1069056K
  class space    used 2221K, capacity 2286K, committed 2304K, reserved 1048576K
}
Event: 1.837 GC heap after
{Heap after GC invocations=3 (full 0):
 garbage-first heap   total 63488K, used 9552K [0x00000000c2800000, 0x0000000100000000)
  region size 1024K, 1 young (1024K), 1 survivors (1024K)
 Metaspace       used 20921K, capacity 21101K, committed 21248K, reserved 1069056K
  class space    used 2221K, capacity 2286K, committed 2304K, reserved 1048576K
}
Event: 2.459 GC heap before
{Heap before GC invocations=4 (full 0):
 garbage-first heap   total 63488K, used 37200K [0x00000000c2800000, 0x0000000100000000)
  region size 1024K, 23 young (23552K), 1 survivors (1024K)
 Metaspace       used 26600K, capacity 26960K, committed 27132K, reserved 1073152K
  class space    used 2846K, capacity 2973K, committed 3072K, reserved 1048576K
}
Event: 2.467 GC heap after
{Heap after GC invocations=5 (full 0):
 garbage-first heap   total 63488K, used 17158K [0x00000000c2800000, 0x0000000100000000)
  region size 1024K, 3 young (3072K), 3 survivors (3072K)
 Metaspace       used 26600K, capacity 26960K, committed 27132K, reserved 1073152K
  class space    used 2846K, capacity 2973K, committed 3072K, reserved 1048576K
}
Event: 3.188 GC heap before
{Heap before GC invocations=5 (full 0):
 garbage-first heap   total 63488K, used 40710K [0x00000000c2800000, 0x0000000100000000)
  region size 1024K, 25 young (25600K), 3 survivors (3072K)
 Metaspace       used 30523K, capacity 30952K, committed 31228K, reserved 1077248K
  class space    used 3622K, capacity 3792K, committed 3840K, reserved 1048576K
}
Event: 3.213 GC heap after
{Heap after GC invocations=6 (full 0):
 garbage-first heap   total 76800K, used 22940K [0x00000000c2800000, 0x0000000100000000)
  region size 1024K, 4 young (4096K), 4 survivors (4096K)
 Metaspace       used 30523K, capacity 30952K, committed 31228K, reserved 1077248K
  class space    used 3622K, capacity 3792K, committed 3840K, reserved 1048576K
}

Deoptimization events (20 events):
Event: 3.138 Thread 0x000001d073b79800 Uncommon trap: trap_request=0xffffffde fr.pc=0x000001d007b7498c relative=0x000000000000006c
Event: 3.138 Thread 0x000001d073b79800 Uncommon trap: reason=class_check action=maybe_recompile pc=0x000001d007b7498c method=gnu.trove.TObjectHash.equals(Ljava/lang/Object;Ljava/lang/Object;)Z @ 6 c2
Event: 3.138 Thread 0x000001d073b79800 DEOPT PACKING pc=0x000001d007b7498c sp=0x0000003e82cfe690
Event: 3.138 Thread 0x000001d073b79800 DEOPT UNPACKING pc=0x000001d00002742f sp=0x0000003e82cfe610 mode 2
Event: 3.139 Thread 0x000001d073b79800 Uncommon trap: trap_request=0xffffffde fr.pc=0x000001d007b74f44 relative=0x0000000000000084
Event: 3.139 Thread 0x000001d073b79800 Uncommon trap: reason=class_check action=maybe_recompile pc=0x000001d007b74f44 method=gnu.trove.TObjectHash.computeHashCode(Ljava/lang/Object;)I @ 5 c2
Event: 3.139 Thread 0x000001d073b79800 DEOPT PACKING pc=0x000001d007b74f44 sp=0x0000003e82cfe670
Event: 3.139 Thread 0x000001d073b79800 DEOPT UNPACKING pc=0x000001d00002742f sp=0x0000003e82cfe600 mode 2
Event: 3.139 Thread 0x000001d073b79800 Uncommon trap: trap_request=0xffffffde fr.pc=0x000001d007b7498c relative=0x000000000000006c
Event: 3.139 Thread 0x000001d073b79800 Uncommon trap: reason=class_check action=maybe_recompile pc=0x000001d007b7498c method=gnu.trove.TObjectHash.equals(Ljava/lang/Object;Ljava/lang/Object;)Z @ 6 c2
Event: 3.139 Thread 0x000001d073b79800 DEOPT PACKING pc=0x000001d007b7498c sp=0x0000003e82cfe670
Event: 3.139 Thread 0x000001d073b79800 DEOPT UNPACKING pc=0x000001d00002742f sp=0x0000003e82cfe5f0 mode 2
Event: 3.139 Thread 0x000001d073b79800 Uncommon trap: trap_request=0xffffffde fr.pc=0x000001d007b7498c relative=0x000000000000006c
Event: 3.139 Thread 0x000001d073b79800 Uncommon trap: reason=class_check action=maybe_recompile pc=0x000001d007b7498c method=gnu.trove.TObjectHash.equals(Ljava/lang/Object;Ljava/lang/Object;)Z @ 6 c2
Event: 3.139 Thread 0x000001d073b79800 DEOPT PACKING pc=0x000001d007b7498c sp=0x0000003e82cfe700
Event: 3.139 Thread 0x000001d073b79800 DEOPT UNPACKING pc=0x000001d00002742f sp=0x0000003e82cfe680 mode 2
Event: 3.139 Thread 0x000001d073b79800 Uncommon trap: trap_request=0xffffffde fr.pc=0x000001d007b7498c relative=0x000000000000006c
Event: 3.139 Thread 0x000001d073b79800 Uncommon trap: reason=class_check action=maybe_recompile pc=0x000001d007b7498c method=gnu.trove.TObjectHash.equals(Ljava/lang/Object;Ljava/lang/Object;)Z @ 6 c2
Event: 3.139 Thread 0x000001d073b79800 DEOPT PACKING pc=0x000001d007b7498c sp=0x0000003e82cfe700
Event: 3.139 Thread 0x000001d073b79800 DEOPT UNPACKING pc=0x000001d00002742f sp=0x0000003e82cfe680 mode 2

Classes redefined (0 events):
No events

Internal exceptions (18 events):
Event: 1.480 Thread 0x000001d073b79800 Exception <a 'java/lang/NoSuchMethodError'{0x00000000c441a2b0}: 'int java.lang.invoke.DirectMethodHandle$Holder.invokeSpecialIFC(java.lang.Object, java.lang.Object, int)'> (0x00000000c441a2b0) thrown at [./src/hotspot/share/interpreter/linkResolver.cpp, line 773]
Event: 1.696 Thread 0x000001d073b79800 Exception <a 'java/lang/NoSuchMethodError'{0x00000000c614f110}: 'java.lang.Object java.lang.invoke.DirectMethodHandle$Holder.invokeStaticInit(java.lang.Object, int)'> (0x00000000c614f110) thrown at [./src/hotspot/share/interpreter/linkResolver.cpp, line 773]
Event: 1.730 Thread 0x000001d073b79800 Exception <a 'java/lang/NoSuchMethodError'{0x00000000c60e6218}: 'long java.lang.invoke.DirectMethodHandle$Holder.invokeStatic(java.lang.Object)'> (0x00000000c60e6218) thrown at [./src/hotspot/share/interpreter/linkResolver.cpp, line 773]
Event: 1.730 Thread 0x000001d073b79800 Exception <a 'java/lang/NoSuchMethodError'{0x00000000c60e9070}: 'long java.lang.invoke.DirectMethodHandle$Holder.invokeStaticInit(java.lang.Object)'> (0x00000000c60e9070) thrown at [./src/hotspot/share/interpreter/linkResolver.cpp, line 773]
Event: 1.797 Thread 0x000001d073b79800 Exception <a 'java/lang/NoSuchMethodError'{0x00000000c5c86918}: 'int java.lang.invoke.DirectMethodHandle$Holder.invokeStaticInit(java.lang.Object, java.lang.Object, java.lang.Object)'> (0x00000000c5c86918) thrown at [./src/hotspot/share/interpreter/linkResolver.cpp, line 773]
Event: 1.803 Thread 0x000001d073b79800 Exception <a 'java/lang/NoSuchMethodError'{0x00000000c5cb20e0}: 'int java.lang.invoke.DirectMethodHandle$Holder.invokeStaticInit(java.lang.Object, java.lang.Object)'> (0x00000000c5cb20e0) thrown at [./src/hotspot/share/interpreter/linkResolver.cpp, line 773]
Event: 2.157 Thread 0x000001d073b79800 Exception <a 'java/lang/NoSuchMethodError'{0x00000000c5ddebe8}: 'java.lang.Object java.lang.invoke.DirectMethodHandle$Holder.invokeStatic(java.lang.Object, java.lang.Object, java.lang.Object, java.lang.Object, java.lang.Object, java.lang.Object, java.lang.Object, java.lang.Object, java.lang.Object, java.lang.Object, java.lang.Object, java.lang.Object, java.lang.Object, java.lang.Object, java.lang.Object)'> (0x00000000c5ddebe8) thrown at [./src/hotspot/share/interpreter/linkResolver.cpp, line 773]
Event: 2.161 Thread 0x000001d073b79800 Exception <a 'java/lang/NoSuchMethodError'{0x00000000c5decfc0}: 'java.lang.Object java.lang.invoke.DirectMethodHandle$Holder.invokeStatic(java.lang.Object, java.lang.Object, java.lang.Object, java.lang.Object, java.lang.Object, java.lang.Object, java.lang.Object, java.lang.Object, java.lang.Object, java.lang.Object, java.lang.Object, java.lang.Object, java.lang.Object, java.lang.Object, java.lang.Object, java.lang.Object)'> (0x00000000c5decfc0) thrown at [./src/hotspot/share/interpreter/linkResolver.cpp, l
Event: 2.164 Thread 0x000001d073b79800 Exception <a 'java/lang/NoSuchMethodError'{0x00000000c5dfb338}: 'java.lang.Object java.lang.invoke.DirectMethodHandle$Holder.invokeSpecial(java.lang.Object, java.lang.Object, int, int, java.lang.Object, java.lang.Object, java.lang.Object)'> (0x00000000c5dfb338) thrown at [./src/hotspot/share/interpreter/linkResolver.cpp, line 773]
Event: 2.164 Thread 0x000001d073b79800 Exception <a 'java/lang/NoSuchMethodError'{0x00000000c5dfeb70}: 'java.lang.Object java.lang.invoke.DelegatingMethodHandle$Holder.reinvoke_L(java.lang.Object, int, int, java.lang.Object, java.lang.Object, java.lang.Object)'> (0x00000000c5dfeb70) thrown at [./src/hotspot/share/interpreter/linkResolver.cpp, line 773]
Event: 2.166 Thread 0x000001d073b79800 Exception <a 'java/lang/NoSuchMethodError'{0x00000000c5c03390}: 'java.lang.Object java.lang.invoke.DirectMethodHandle$Holder.invokeStatic(java.lang.Object, java.lang.Object, java.lang.Object, java.lang.Object, int)'> (0x00000000c5c03390) thrown at [./src/hotspot/share/interpreter/linkResolver.cpp, line 773]
Event: 2.227 Thread 0x000001d073b79800 Implicit null exception at 0x000001d007b494ac to 0x000001d007b495ce
Event: 2.281 Thread 0x000001d073b79800 Exception <a 'java/lang/NoSuchMethodError'{0x00000000c56834b0}: 'void java.lang.invoke.DirectMethodHandle$Holder.invokeStatic(java.lang.Object, java.lang.Object, java.lang.Object, java.lang.Object)'> (0x00000000c56834b0) thrown at [./src/hotspot/share/interpreter/linkResolver.cpp, line 773]
Event: 2.309 Thread 0x000001d073b79800 Exception <a 'java/lang/NoSuchMethodError'{0x00000000c55d2548}: 'void java.lang.invoke.DirectMethodHandle$Holder.invokeSpecial(java.lang.Object, java.lang.Object)'> (0x00000000c55d2548) thrown at [./src/hotspot/share/interpreter/linkResolver.cpp, line 773]
Event: 2.359 Thread 0x000001d073b79800 Exception <a 'java/lang/NoSuchMethodError'{0x00000000c52752d0}: 'void java.lang.invoke.DirectMethodHandle$Holder.invokeStaticInit(java.lang.Object, java.lang.Object)'> (0x00000000c52752d0) thrown at [./src/hotspot/share/interpreter/linkResolver.cpp, line 773]
Event: 2.371 Thread 0x000001d073b79800 Exception <a 'java/lang/NoSuchMethodError'{0x00000000c52b38e8}: 'void java.lang.invoke.DirectMethodHandle$Holder.invokeInterface(java.lang.Object, java.lang.Object)'> (0x00000000c52b38e8) thrown at [./src/hotspot/share/interpreter/linkResolver.cpp, line 773]
Event: 2.501 Thread 0x000001d073b79800 Exception <a 'java/lang/NoSuchMethodError'{0x00000000c65ce4c8}: 'void java.lang.invoke.DirectMethodHandle$Holder.invokeVirtual(java.lang.Object, java.lang.Object)'> (0x00000000c65ce4c8) thrown at [./src/hotspot/share/interpreter/linkResolver.cpp, line 773]
Event: 2.516 Thread 0x000001d073b79800 Exception <a 'java/lang/NoSuchMethodError'{0x00000000c6445fc0}: 'int java.lang.invoke.DirectMethodHandle$Holder.invokeVirtual(java.lang.Object, java.lang.Object)'> (0x00000000c6445fc0) thrown at [./src/hotspot/share/interpreter/linkResolver.cpp, line 773]

Events (20 events):
Event: 3.321 loading class org/jetbrains/kotlin/protobuf/FieldSet
Event: 3.321 loading class org/jetbrains/kotlin/protobuf/FieldSet done
Event: 3.322 loading class org/jetbrains/kotlin/protobuf/SmallSortedMap
Event: 3.322 loading class org/jetbrains/kotlin/protobuf/SmallSortedMap done
Event: 3.324 loading class org/jetbrains/kotlin/protobuf/LazyFieldLite
Event: 3.324 loading class org/jetbrains/kotlin/protobuf/LazyFieldLite done
Event: 3.324 loading class org/jetbrains/kotlin/protobuf/LazyField
Event: 3.324 loading class org/jetbrains/kotlin/protobuf/LazyField done
Event: 3.326 loading class org/jetbrains/kotlin/protobuf/SmallSortedMap$1
Event: 3.326 loading class org/jetbrains/kotlin/protobuf/SmallSortedMap$1 done
Event: 3.326 loading class org/jetbrains/kotlin/protobuf/SmallSortedMap$EmptySet
Event: 3.326 loading class org/jetbrains/kotlin/protobuf/SmallSortedMap$EmptySet done
Event: 3.327 loading class org/jetbrains/kotlin/protobuf/SmallSortedMap$EmptySet$1
Event: 3.327 loading class org/jetbrains/kotlin/protobuf/SmallSortedMap$EmptySet$1 done
Event: 3.327 loading class org/jetbrains/kotlin/protobuf/SmallSortedMap$EmptySet$2
Event: 3.327 loading class org/jetbrains/kotlin/protobuf/SmallSortedMap$EmptySet$2 done
Event: 3.327 loading class org/jetbrains/kotlin/protobuf/ByteString
Event: 3.327 loading class org/jetbrains/kotlin/protobuf/ByteString done
Event: 3.329 loading class org/jetbrains/kotlin/protobuf/LiteralByteString
Event: 3.329 loading class org/jetbrains/kotlin/protobuf/LiteralByteString done


Dynamic libraries:
0x00007ff653060000 - 0x00007ff65306a000 	D:\Android\Android Studio\jre\bin\java.exe
0x00007ff8612a0000 - 0x00007ff86148d000 	C:\Windows\SYSTEM32\ntdll.dll
0x00007ff860800000 - 0x00007ff8608b3000 	C:\Windows\System32\KERNEL32.DLL
0x00007ff85e110000 - 0x00007ff85e3a5000 	C:\Windows\System32\KERNELBASE.dll
0x00007ff85d540000 - 0x00007ff85d63a000 	C:\Windows\System32\ucrtbase.dll
0x00007ff83da00000 - 0x00007ff83da17000 	D:\Android\Android Studio\jre\bin\VCRUNTIME140.dll
0x00007ff845e80000 - 0x00007ff845e99000 	D:\Android\Android Studio\jre\bin\jli.dll
0x00007ff860a70000 - 0x00007ff860c08000 	C:\Windows\System32\USER32.dll
0x00007ff85d8b0000 - 0x00007ff85d8d0000 	C:\Windows\System32\win32u.dll
0x00007ff84e500000 - 0x00007ff84e779000 	C:\Windows\WinSxS\amd64_microsoft.windows.common-controls_6595b64144ccf1df_6.0.17763.2061_none_de73cf545348ec45\COMCTL32.dll
0x00007ff85efa0000 - 0x00007ff85efc9000 	C:\Windows\System32\GDI32.dll
0x00007ff8608c0000 - 0x00007ff86095e000 	C:\Windows\System32\msvcrt.dll
0x00007ff85d670000 - 0x00007ff85d80c000 	C:\Windows\System32\gdi32full.dll
0x00007ff85ec70000 - 0x00007ff85ef9d000 	C:\Windows\System32\combase.dll
0x00007ff85d810000 - 0x00007ff85d8b0000 	C:\Windows\System32\msvcp_win.dll
0x00007ff85e830000 - 0x00007ff85e94f000 	C:\Windows\System32\RPCRT4.dll
0x00007ff85e020000 - 0x00007ff85e0a2000 	C:\Windows\System32\bcryptPrimitives.dll
0x00007ff85e780000 - 0x00007ff85e7ae000 	C:\Windows\System32\IMM32.DLL
0x00007ff833000000 - 0x00007ff83309d000 	D:\Android\Android Studio\jre\bin\msvcp140.dll
0x00007ff834290000 - 0x00007ff834d4c000 	D:\Android\Android Studio\jre\bin\server\jvm.dll
0x00007ff85eb40000 - 0x00007ff85ebe4000 	C:\Windows\System32\ADVAPI32.dll
0x00007ff85e950000 - 0x00007ff85e9ee000 	C:\Windows\System32\sechost.dll
0x00007ff85ea50000 - 0x00007ff85ea58000 	C:\Windows\System32\PSAPI.DLL
0x00007ff8590f0000 - 0x00007ff8590f9000 	C:\Windows\SYSTEM32\WSOCK32.dll
0x00007ff85ae60000 - 0x00007ff85ae84000 	C:\Windows\SYSTEM32\WINMM.dll
0x00007ff85bdc0000 - 0x00007ff85bdca000 	C:\Windows\SYSTEM32\VERSION.dll
0x00007ff861200000 - 0x00007ff86126d000 	C:\Windows\System32\WS2_32.dll
0x00007ff85ae30000 - 0x00007ff85ae5d000 	C:\Windows\SYSTEM32\WINMMBASE.dll
0x00007ff85e460000 - 0x00007ff85e4aa000 	C:\Windows\System32\cfgmgr32.dll
0x00007ff85d2e0000 - 0x00007ff85d2f1000 	C:\Windows\System32\kernel.appcore.dll
0x00007ff857300000 - 0x00007ff857311000 	D:\Android\Android Studio\jre\bin\verify.dll
0x00007ff84c310000 - 0x00007ff84c4fd000 	C:\Windows\SYSTEM32\DBGHELP.DLL
0x00007ff84c560000 - 0x00007ff84c58a000 	C:\Windows\SYSTEM32\dbgcore.DLL
0x00007ff855880000 - 0x00007ff8558a9000 	D:\Android\Android Studio\jre\bin\java.dll
0x00007ff856ec0000 - 0x00007ff856ecb000 	D:\Android\Android Studio\jre\bin\jimage.dll
0x00007ff855860000 - 0x00007ff855878000 	D:\Android\Android Studio\jre\bin\zip.dll
0x00007ff85efd0000 - 0x00007ff8604c9000 	C:\Windows\System32\SHELL32.dll
0x00007ff85e6d0000 - 0x00007ff85e778000 	C:\Windows\System32\shcore.dll
0x00007ff85d8d0000 - 0x00007ff85e01b000 	C:\Windows\System32\windows.storage.dll
0x00007ff85d320000 - 0x00007ff85d344000 	C:\Windows\System32\profapi.dll
0x00007ff85d280000 - 0x00007ff85d2dd000 	C:\Windows\System32\powrprof.dll
0x00007ff860960000 - 0x00007ff8609b2000 	C:\Windows\System32\shlwapi.dll
0x00007ff85e4b0000 - 0x00007ff85e4c7000 	C:\Windows\System32\cryptsp.dll
0x00007ff852420000 - 0x00007ff85243a000 	D:\Android\Android Studio\jre\bin\net.dll
0x00007ff854280000 - 0x00007ff854371000 	C:\Windows\SYSTEM32\WINHTTP.dll
0x00007ff85ca50000 - 0x00007ff85cab7000 	C:\Windows\system32\mswsock.dll
0x00007ff852400000 - 0x00007ff852414000 	D:\Android\Android Studio\jre\bin\nio.dll

dbghelp: loaded successfully - version: 4.0.5 - missing functions: none
symbol engine: initialized successfully - sym options: 0x614 - pdb path: .;D:\Android\Android Studio\jre\bin;C:\Windows\SYSTEM32;C:\Windows\WinSxS\amd64_microsoft.windows.common-controls_6595b64144ccf1df_6.0.17763.2061_none_de73cf545348ec45;D:\Android\Android Studio\jre\bin\server

VM Arguments:
java_command: org.jetbrains.kotlin.cli.jvm.K2JVMCompiler @D:\AndroidProjects\TipTime\app\build\20210809_8993341294529733891.compiler.options
java_class_path (initial): C:\Users\Home\.gradle\caches\modules-2\files-2.1\org.jetbrains.kotlin\kotlin-compiler-embeddable\1.5.21\40ddbcae9ff100473f95370c2d589ba3fc48eed5\kotlin-compiler-embeddable-1.5.21.jar;C:\Users\Home\.gradle\caches\modules-2\files-2.1\org.jetbrains.kotlin\kotlin-reflect\1.5.21\802f1f39735ae1eb2b75714a40fa19bb2e687e96\kotlin-reflect-1.5.21.jar;C:\Users\Home\.gradle\caches\modules-2\files-2.1\org.jetbrains.kotlin\kotlin-stdlib\1.5.21\2f537cad7e9eeb9da73738c8812e1e4cf9b62e4e\kotlin-stdlib-1.5.21.jar;C:\Users\Home\.gradle\caches\modules-2\files-2.1\org.jetbrains.kotlin\kotlin-script-runtime\1.5.21\96d49e89873fde985750af354b6eabb60cfa999b\kotlin-script-runtime-1.5.21.jar;C:\Users\Home\.gradle\caches\modules-2\files-2.1\org.jetbrains.kotlin\kotlin-daemon-embeddable\1.5.21\17255809e66a940dfdf6289bccbdfb5a09f3145\kotlin-daemon-embeddable-1.5.21.jar;C:\Users\Home\.gradle\caches\modules-2\files-2.1\org.jetbrains.intellij.deps\trove4j\1.0.20181211\216c2e14b070f334479d800987affe4054cd563f\trove4j-1.0.20181211.jar;C:\Users\Home\.gradle\caches\modules-2\files-2.1\org.jetbrains\annotations\13.0\919f0dfe192fb4e063e7dacadee7f8bb9a2672a9\annotations-13.0.jar;C:\Users\Home\.gradle\caches\modules-2\files-2.1\org.jetbrains.kotlin\kotlin-stdlib-common\1.5.21\cc8bf3586fd2ebcf234058b9440bb406e62dfacb\kotlin-stdlib-common-1.5.21.jar
Launcher Type: SUN_STANDARD

[Global flags]
     intx CICompilerCount                          = 3                                         {product} {ergonomic}
     uint ConcGCThreads                            = 1                                         {product} {ergonomic}
     uint G1ConcRefinementThreads                  = 4                                         {product} {ergonomic}
   size_t G1HeapRegionSize                         = 1048576                                   {product} {ergonomic}
    uintx GCDrainStackTargetSize                   = 64                                        {product} {ergonomic}
   size_t InitialHeapSize                          = 65011712                                  {product} {ergonomic}
   size_t MarkStackSize                            = 4194304                                   {product} {ergonomic}
   size_t MaxHeapSize                              = 1031798784                                {product} {ergonomic}
   size_t MaxNewSize                               = 618659840                                 {product} {ergonomic}
   size_t MinHeapDeltaBytes                        = 1048576                                   {product} {ergonomic}
    uintx NonNMethodCodeHeapSize                   = 5830732                                {pd product} {ergonomic}
    uintx NonProfiledCodeHeapSize                  = 122913754                              {pd product} {ergonomic}
    uintx ProfiledCodeHeapSize                     = 122913754                              {pd product} {ergonomic}
    uintx ReservedCodeCacheSize                    = 251658240                              {pd product} {ergonomic}
     bool SegmentedCodeCache                       = true                                      {product} {ergonomic}
     bool UseCompressedClassPointers               = true                                 {lp64_product} {ergonomic}
     bool UseCompressedOops                        = true                                 {lp64_product} {ergonomic}
     bool UseG1GC                                  = true                                      {product} {ergonomic}
     bool UseLargePagesIndividualAllocation        = false                                  {pd product} {ergonomic}

Logging:
Log output configuration:
 #0: stdout all=warning uptime,level,tags
 #1: stderr all=off uptime,level,tags

Environment Variables:
PATH=C:\Program Files (x86)\Common Files\Oracle\Java\javapath;C:\Windows\system32;C:\Windows;C:\Windows\System32\Wbem;C:\Windows\System32\WindowsPowerShell\v1.0\;C:\Windows\System32\OpenSSH\;D:\AndroidProjects\Git\cmd;C:\Users\Home\AppData\Local\Microsoft\WindowsApps;
USERNAME=Home
OS=Windows_NT
PROCESSOR_IDENTIFIER=Intel64 Family 6 Model 42 Stepping 7, GenuineIntel



---------------  S Y S T E M  ---------------

OS: Windows 10 , 64 bit Build 17763 (10.0.17763.2028)
OS uptime: 0 days 1:46 hours

CPU:total 4 (initial active 4) (2 cores per cpu, 2 threads per core) family 6 model 42 stepping 7, cmov, cx8, fxsr, mmx, sse, sse2, sse3, ssse3, sse4.1, sse4.2, popcnt, avx, clmul, ht, tsc, tscinvbit

Memory: 4k page, system-wide physical 3932M (410M free)
TotalPageFile size 4732M (AvailPageFile size 5M)
current process WorkingSet (physical memory assigned to process): 189M, peak: 189M
current process commit charge ("private bytes"): 230M, peak: 230M

vm_info: OpenJDK 64-Bit Server VM (11.0.8+10-b944.6842174) for windows-amd64 JRE (11.0.8+10-b944.6842174), built on Sep 19 2020 01:11:42 by "builder" with MS VC++ 14.0 (VS2015)

END.
