#
# There is insufficient memory for the Java Runtime Environment to continue.
# Native memory allocation (malloc) failed to allocate 1604496 bytes for Chunk::new
# Possible reasons:
#   The system is out of physical RAM or swap space
#   The process is running with CompressedOops enabled, and the Java Heap may be blocking the growth of the native heap
# Possible solutions:
#   Reduce memory load on the system
#   Increase physical memory or swap space
#   Check if swap backing store is full
#   Decrease Java heap size (-Xmx/-Xms)
#   Decrease number of Java threads
#   Decrease Java thread stack sizes (-Xss)
#   Set larger code cache with -XX:ReservedCodeCacheSize=
#   JVM is running with Unscaled Compressed Oops mode in which the Java heap is
#     placed in the first 4GB address space. The Java Heap base address is the
#     maximum limit for the native heap growth. Please use -XX:HeapBaseMinAddress
#     to set the Java Heap base and to place the Java Heap above 4GB virtual address.
# This output file may be truncated or incomplete.
#
#  Out of Memory Error (./src/hotspot/share/memory/arena.cpp:197), pid=7280, tid=1776
#
# JRE version: OpenJDK Runtime Environment (11.0.8+10) (build 11.0.8+10-b944.6842174)
# Java VM: OpenJDK 64-Bit Server VM (11.0.8+10-b944.6842174, mixed mode, tiered, compressed oops, g1 gc, windows-amd64)
# No core dump will be written. Minidumps are not enabled by default on client versions of Windows
#

---------------  S U M M A R Y ------------

Command Line: org.jetbrains.kotlin.cli.jvm.K2JVMCompiler @D:\AndroidProjects\TipTime\app\build\20210809_6137704714514136174.compiler.options

Host: Intel(R) Core(TM) i3-2370M CPU @ 2.40GHz, 4 cores, 3G,  Windows 10 , 64 bit Build 17763 (10.0.17763.2028)
Time: Mon Aug  9 16:26:52 2021 RTZ 2 (ceia) elapsed time: 6 seconds (0d 0h 0m 6s)

---------------  T H R E A D  ---------------

Current thread (0x000001c61309d000):  JavaThread "C2 CompilerThread0" daemon [_thread_in_native, id=1776, stack(0x0000001495200000,0x0000001495300000)]


Current CompileTask:
C2:   6674 3769       4       org.jetbrains.kotlin.load.java.structure.impl.classFiles.BinaryClassSignatureParser::parseTypeString (128 bytes)

Stack: [0x0000001495200000,0x0000001495300000]
Native frames: (J=compiled Java code, j=interpreted, Vv=VM code, C=native code)
V  [jvm.dll+0x5de50a]
V  [jvm.dll+0x7122f5]
V  [jvm.dll+0x71384d]
V  [jvm.dll+0x713f03]
V  [jvm.dll+0x23e728]
V  [jvm.dll+0xb899c]
V  [jvm.dll+0xb8e9c]
V  [jvm.dll+0x35020b]
V  [jvm.dll+0x31dea3]
V  [jvm.dll+0x31d39a]
V  [jvm.dll+0x1f7702]
V  [jvm.dll+0x1f68d4]
V  [jvm.dll+0x17f32c]
V  [jvm.dll+0x205047]
V  [jvm.dll+0x203891]
V  [jvm.dll+0x6dad3f]
V  [jvm.dll+0x6d3895]
V  [jvm.dll+0x5dd4a6]
C  [ucrtbase.dll+0x2268a]
C  [KERNEL32.DLL+0x17974]
C  [ntdll.dll+0x5a2f1]


---------------  P R O C E S S  ---------------

Threads class SMR info:
_java_thread_list=0x000001c618c01270, length=10, elements={
0x000001c67bbc9800, 0x000001c61303e000, 0x000001c613047000, 0x000001c61309b000,
0x000001c61309c000, 0x000001c61309d000, 0x000001c6130ac800, 0x000001c6130b1800,
0x000001c613a11000, 0x000001c613a1a800
}

Java Threads: ( => current thread )
  0x000001c67bbc9800 JavaThread "main" [_thread_in_Java, id=8144, stack(0x0000001494700000,0x0000001494800000)]
  0x000001c61303e000 JavaThread "Reference Handler" daemon [_thread_blocked, id=7656, stack(0x0000001494e00000,0x0000001494f00000)]
  0x000001c613047000 JavaThread "Finalizer" daemon [_thread_blocked, id=8012, stack(0x0000001494f00000,0x0000001495000000)]
  0x000001c61309b000 JavaThread "Signal Dispatcher" daemon [_thread_blocked, id=1372, stack(0x0000001495000000,0x0000001495100000)]
  0x000001c61309c000 JavaThread "Attach Listener" daemon [_thread_blocked, id=976, stack(0x0000001495100000,0x0000001495200000)]
=>0x000001c61309d000 JavaThread "C2 CompilerThread0" daemon [_thread_in_native, id=1776, stack(0x0000001495200000,0x0000001495300000)]
  0x000001c6130ac800 JavaThread "C1 CompilerThread0" daemon [_thread_in_native, id=7704, stack(0x0000001495300000,0x0000001495400000)]
  0x000001c6130b1800 JavaThread "Sweeper thread" daemon [_thread_blocked, id=7640, stack(0x0000001495400000,0x0000001495500000)]
  0x000001c613a11000 JavaThread "Service Thread" daemon [_thread_blocked, id=7672, stack(0x0000001495500000,0x0000001495600000)]
  0x000001c613a1a800 JavaThread "Common-Cleaner" daemon [_thread_blocked, id=7964, stack(0x0000001495700000,0x0000001495800000)]

Other Threads:
  0x000001c61301a000 VMThread "VM Thread" [stack: 0x0000001494d00000,0x0000001494e00000] [id=8048]
  0x000001c613a15800 WatcherThread [stack: 0x0000001495600000,0x0000001495700000] [id=7972]
  0x000001c67bbe2000 GCTaskThread "GC Thread#0" [stack: 0x0000001494800000,0x0000001494900000] [id=8072]
  0x000001c613cd7000 GCTaskThread "GC Thread#1" [stack: 0x0000001495900000,0x0000001495a00000] [id=7448]
  0x000001c67bc00000 ConcurrentGCThread "G1 Main Marker" [stack: 0x0000001494900000,0x0000001494a00000] [id=8068]
  0x000001c67bc01000 ConcurrentGCThread "G1 Conc#0" [stack: 0x0000001494a00000,0x0000001494b00000] [id=8064]
  0x000001c67bc5c000 ConcurrentGCThread "G1 Refine#0" [stack: 0x0000001494b00000,0x0000001494c00000] [id=8056]
  0x000001c67bc5d000 ConcurrentGCThread "G1 Young RemSet Sampling" [stack: 0x0000001494c00000,0x0000001494d00000] [id=8052]

Threads with active compile tasks:
C2 CompilerThread0   6693 3769       4       org.jetbrains.kotlin.load.java.structure.impl.classFiles.BinaryClassSignatureParser::parseTypeString (128 bytes)
C1 CompilerThread0   6693 4067       2       org.jetbrains.kotlin.load.java.lazy.descriptors.LazyJavaScope$functions$1::invoke (90 bytes)

VM state:not at safepoint (normal execution)

VM Mutex/Monitor currently owned by a thread:  ([mutex/lock_event])
[0x000001c67bbc6950] MethodData_lock - owner thread: 0x000001c6130ac800

Heap address: 0x00000000c2800000, size: 984 MB, Compressed Oops mode: 32-bit
Narrow klass base: 0x0000000000000000, Narrow klass shift: 3
Compressed class space size: 1073741824 Address: 0x0000000100000000

Heap:
 garbage-first heap   total 98304K, used 49888K [0x00000000c2800000, 0x0000000100000000)
  region size 1024K, 19 young (19456K), 2 survivors (2048K)
 Metaspace       used 49708K, capacity 50285K, committed 50588K, reserved 1093632K
  class space    used 5791K, capacity 6008K, committed 6092K, reserved 1048576K
Heap Regions: E=young(eden), S=young(survivor), O=old, HS=humongous(starts), HC=humongous(continues), CS=collection set, F=free, A=archive, TAMS=top-at-mark-start (previous, next)
|   0|0x00000000c2800000, 0x00000000c2900000, 0x00000000c2900000|100%|HS|  |TAMS 0x00000000c2900000, 0x00000000c2800000| Complete 
|   1|0x00000000c2900000, 0x00000000c2a00000, 0x00000000c2a00000|100%|HC|  |TAMS 0x00000000c2a00000, 0x00000000c2900000| Complete 
|   2|0x00000000c2a00000, 0x00000000c2b00000, 0x00000000c2b00000|100%|HC|  |TAMS 0x00000000c2b00000, 0x00000000c2a00000| Complete 
|   3|0x00000000c2b00000, 0x00000000c2c00000, 0x00000000c2c00000|100%| O|  |TAMS 0x00000000c2c00000, 0x00000000c2b00000| Untracked 
|   4|0x00000000c2c00000, 0x00000000c2d00000, 0x00000000c2d00000|100%| O|  |TAMS 0x00000000c2d00000, 0x00000000c2c00000| Untracked 
|   5|0x00000000c2d00000, 0x00000000c2e00000, 0x00000000c2e00000|100%| O|  |TAMS 0x00000000c2e00000, 0x00000000c2d00000| Untracked 
|   6|0x00000000c2e00000, 0x00000000c2f00000, 0x00000000c2f00000|100%| O|  |TAMS 0x00000000c2f00000, 0x00000000c2e00000| Untracked 
|   7|0x00000000c2f00000, 0x00000000c3000000, 0x00000000c3000000|100%| O|  |TAMS 0x00000000c3000000, 0x00000000c2f00000| Untracked 
|   8|0x00000000c3000000, 0x00000000c3100000, 0x00000000c3100000|100%| O|  |TAMS 0x00000000c3100000, 0x00000000c3000000| Untracked 
|   9|0x00000000c3100000, 0x00000000c3200000, 0x00000000c3200000|100%|HS|  |TAMS 0x00000000c3200000, 0x00000000c3100000| Complete 
|  10|0x00000000c3200000, 0x00000000c3300000, 0x00000000c3300000|100%|HC|  |TAMS 0x00000000c3300000, 0x00000000c3200000| Complete 
|  11|0x00000000c3300000, 0x00000000c3400000, 0x00000000c3400000|100%|HC|  |TAMS 0x00000000c3400000, 0x00000000c3300000| Complete 
|  12|0x00000000c3400000, 0x00000000c3500000, 0x00000000c3500000|100%|HS|  |TAMS 0x00000000c3500000, 0x00000000c3400000| Complete 
|  13|0x00000000c3500000, 0x00000000c3600000, 0x00000000c3600000|100%|HC|  |TAMS 0x00000000c3600000, 0x00000000c3500000| Complete 
|  14|0x00000000c3600000, 0x00000000c3700000, 0x00000000c3700000|100%|HC|  |TAMS 0x00000000c3700000, 0x00000000c3600000| Complete 
|  15|0x00000000c3700000, 0x00000000c3800000, 0x00000000c3800000|100%|HS|  |TAMS 0x00000000c3800000, 0x00000000c3700000| Complete 
|  16|0x00000000c3800000, 0x00000000c3900000, 0x00000000c3900000|100%|HC|  |TAMS 0x00000000c3900000, 0x00000000c3800000| Complete 
|  17|0x00000000c3900000, 0x00000000c3a00000, 0x00000000c3a00000|100%| O|  |TAMS 0x00000000c3a00000, 0x00000000c3900000| Untracked 
|  18|0x00000000c3a00000, 0x00000000c3b00000, 0x00000000c3b00000|100%| O|  |TAMS 0x00000000c3b00000, 0x00000000c3a00000| Untracked 
|  19|0x00000000c3b00000, 0x00000000c3c00000, 0x00000000c3c00000|100%| O|  |TAMS 0x00000000c3c00000, 0x00000000c3b00000| Untracked 
|  20|0x00000000c3c00000, 0x00000000c3d00000, 0x00000000c3d00000|100%| O|  |TAMS 0x00000000c3d00000, 0x00000000c3c00000| Untracked 
|  21|0x00000000c3d00000, 0x00000000c3e00000, 0x00000000c3e00000|100%| O|  |TAMS 0x00000000c3e00000, 0x00000000c3d00000| Untracked 
|  22|0x00000000c3e00000, 0x00000000c3f00000, 0x00000000c3f00000|100%| O|  |TAMS 0x00000000c3e94600, 0x00000000c3e00000| Untracked 
|  23|0x00000000c3f00000, 0x00000000c4000000, 0x00000000c4000000|100%| O|  |TAMS 0x00000000c3f00000, 0x00000000c3f00000| Untracked 
|  24|0x00000000c4000000, 0x00000000c4100000, 0x00000000c4100000|100%| O|  |TAMS 0x00000000c4000000, 0x00000000c4000000| Untracked 
|  25|0x00000000c4100000, 0x00000000c4200000, 0x00000000c4200000|100%| O|  |TAMS 0x00000000c4100000, 0x00000000c4100000| Untracked 
|  26|0x00000000c4200000, 0x00000000c4300000, 0x00000000c4300000|100%| O|  |TAMS 0x00000000c4200000, 0x00000000c4200000| Untracked 
|  27|0x00000000c4300000, 0x00000000c4400000, 0x00000000c4400000|100%| O|  |TAMS 0x00000000c4300000, 0x00000000c4300000| Untracked 
|  28|0x00000000c4400000, 0x00000000c4500000, 0x00000000c4500000|100%| O|  |TAMS 0x00000000c4400000, 0x00000000c4400000| Untracked 
|  29|0x00000000c4500000, 0x00000000c4600000, 0x00000000c4600000|100%| O|  |TAMS 0x00000000c4500000, 0x00000000c4500000| Untracked 
|  30|0x00000000c4600000, 0x00000000c46bf200, 0x00000000c4700000| 74%| O|  |TAMS 0x00000000c4600000, 0x00000000c4600000| Untracked 
|  31|0x00000000c4700000, 0x00000000c4700000, 0x00000000c4800000|  0%| F|  |TAMS 0x00000000c4700000, 0x00000000c4700000| Untracked 
|  32|0x00000000c4800000, 0x00000000c4800000, 0x00000000c4900000|  0%| F|  |TAMS 0x00000000c4800000, 0x00000000c4800000| Untracked 
|  33|0x00000000c4900000, 0x00000000c4900000, 0x00000000c4a00000|  0%| F|  |TAMS 0x00000000c4900000, 0x00000000c4900000| Untracked 
|  34|0x00000000c4a00000, 0x00000000c4a00000, 0x00000000c4b00000|  0%| F|  |TAMS 0x00000000c4a00000, 0x00000000c4a00000| Untracked 
|  35|0x00000000c4b00000, 0x00000000c4b00000, 0x00000000c4c00000|  0%| F|  |TAMS 0x00000000c4b00000, 0x00000000c4b00000| Untracked 
|  36|0x00000000c4c00000, 0x00000000c4c00000, 0x00000000c4d00000|  0%| F|  |TAMS 0x00000000c4c00000, 0x00000000c4c00000| Untracked 
|  37|0x00000000c4d00000, 0x00000000c4d00000, 0x00000000c4e00000|  0%| F|  |TAMS 0x00000000c4d00000, 0x00000000c4d00000| Untracked 
|  38|0x00000000c4e00000, 0x00000000c4e00000, 0x00000000c4f00000|  0%| F|  |TAMS 0x00000000c4e00000, 0x00000000c4e00000| Untracked 
|  39|0x00000000c4f00000, 0x00000000c4f00000, 0x00000000c5000000|  0%| F|  |TAMS 0x00000000c4f00000, 0x00000000c4f00000| Untracked 
|  40|0x00000000c5000000, 0x00000000c5000000, 0x00000000c5100000|  0%| F|  |TAMS 0x00000000c5000000, 0x00000000c5000000| Untracked 
|  41|0x00000000c5100000, 0x00000000c5100000, 0x00000000c5200000|  0%| F|  |TAMS 0x00000000c5100000, 0x00000000c5100000| Untracked 
|  42|0x00000000c5200000, 0x00000000c5200000, 0x00000000c5300000|  0%| F|  |TAMS 0x00000000c5200000, 0x00000000c5200000| Untracked 
|  43|0x00000000c5300000, 0x00000000c5300000, 0x00000000c5400000|  0%| F|  |TAMS 0x00000000c5300000, 0x00000000c5300000| Untracked 
|  44|0x00000000c5400000, 0x00000000c5400000, 0x00000000c5500000|  0%| F|  |TAMS 0x00000000c5400000, 0x00000000c5400000| Untracked 
|  45|0x00000000c5500000, 0x00000000c5500000, 0x00000000c5600000|  0%| F|  |TAMS 0x00000000c5500000, 0x00000000c5500000| Untracked 
|  46|0x00000000c5600000, 0x00000000c56f8f88, 0x00000000c5700000| 97%| S|CS|TAMS 0x00000000c5600000, 0x00000000c5600000| Complete 
|  47|0x00000000c5700000, 0x00000000c5700000, 0x00000000c5800000|  0%| F|  |TAMS 0x00000000c5700000, 0x00000000c5700000| Untracked 
|  48|0x00000000c5800000, 0x00000000c5800000, 0x00000000c5900000|  0%| F|  |TAMS 0x00000000c5800000, 0x00000000c5800000| Untracked 
|  49|0x00000000c5900000, 0x00000000c5900000, 0x00000000c5a00000|  0%| F|  |TAMS 0x00000000c5900000, 0x00000000c5900000| Untracked 
|  50|0x00000000c5a00000, 0x00000000c5b00000, 0x00000000c5b00000|100%| S|CS|TAMS 0x00000000c5a00000, 0x00000000c5a00000| Complete 
|  51|0x00000000c5b00000, 0x00000000c5b00000, 0x00000000c5c00000|  0%| F|  |TAMS 0x00000000c5b00000, 0x00000000c5b00000| Untracked 
|  52|0x00000000c5c00000, 0x00000000c5c00000, 0x00000000c5d00000|  0%| F|  |TAMS 0x00000000c5c00000, 0x00000000c5c00000| Untracked 
|  53|0x00000000c5d00000, 0x00000000c5d00000, 0x00000000c5e00000|  0%| F|  |TAMS 0x00000000c5d00000, 0x00000000c5d00000| Untracked 
|  54|0x00000000c5e00000, 0x00000000c5e00000, 0x00000000c5f00000|  0%| F|  |TAMS 0x00000000c5e00000, 0x00000000c5e00000| Untracked 
|  55|0x00000000c5f00000, 0x00000000c5f00000, 0x00000000c6000000|  0%| F|  |TAMS 0x00000000c5f00000, 0x00000000c5f00000| Untracked 
|  56|0x00000000c6000000, 0x00000000c6000000, 0x00000000c6100000|  0%| F|  |TAMS 0x00000000c6000000, 0x00000000c6000000| Untracked 
|  57|0x00000000c6100000, 0x00000000c6100000, 0x00000000c6200000|  0%| F|  |TAMS 0x00000000c6100000, 0x00000000c6100000| Untracked 
|  58|0x00000000c6200000, 0x00000000c6200000, 0x00000000c6300000|  0%| F|  |TAMS 0x00000000c6200000, 0x00000000c6200000| Untracked 
|  59|0x00000000c6300000, 0x00000000c6300000, 0x00000000c6400000|  0%| F|  |TAMS 0x00000000c6300000, 0x00000000c6300000| Untracked 
|  60|0x00000000c6400000, 0x00000000c6400000, 0x00000000c6500000|  0%| F|  |TAMS 0x00000000c6400000, 0x00000000c6400000| Untracked 
|  61|0x00000000c6500000, 0x00000000c6500000, 0x00000000c6600000|  0%| F|  |TAMS 0x00000000c6500000, 0x00000000c6500000| Untracked 
|  62|0x00000000c6600000, 0x00000000c6600000, 0x00000000c6700000|  0%| F|  |TAMS 0x00000000c6600000, 0x00000000c6600000| Untracked 
|  63|0x00000000c6700000, 0x00000000c6700000, 0x00000000c6800000|  0%| F|  |TAMS 0x00000000c6700000, 0x00000000c6700000| Untracked 
|  64|0x00000000c6800000, 0x00000000c6800000, 0x00000000c6900000|  0%| F|  |TAMS 0x00000000c6800000, 0x00000000c6800000| Untracked 
|  65|0x00000000c6900000, 0x00000000c6900000, 0x00000000c6a00000|  0%| F|  |TAMS 0x00000000c6900000, 0x00000000c6900000| Untracked 
|  66|0x00000000c6a00000, 0x00000000c6a00000, 0x00000000c6b00000|  0%| F|  |TAMS 0x00000000c6a00000, 0x00000000c6a00000| Untracked 
|  67|0x00000000c6b00000, 0x00000000c6b00000, 0x00000000c6c00000|  0%| F|  |TAMS 0x00000000c6b00000, 0x00000000c6b00000| Untracked 
|  68|0x00000000c6c00000, 0x00000000c6c00000, 0x00000000c6d00000|  0%| F|  |TAMS 0x00000000c6c00000, 0x00000000c6c00000| Untracked 
|  69|0x00000000c6d00000, 0x00000000c6d00000, 0x00000000c6e00000|  0%| F|  |TAMS 0x00000000c6d00000, 0x00000000c6d00000| Untracked 
|  70|0x00000000c6e00000, 0x00000000c6e00000, 0x00000000c6f00000|  0%| F|  |TAMS 0x00000000c6e00000, 0x00000000c6e00000| Untracked 
|  71|0x00000000c6f00000, 0x00000000c6f00000, 0x00000000c7000000|  0%| F|  |TAMS 0x00000000c6f00000, 0x00000000c6f00000| Untracked 
|  72|0x00000000c7000000, 0x00000000c7000000, 0x00000000c7100000|  0%| F|  |TAMS 0x00000000c7000000, 0x00000000c7000000| Untracked 
|  73|0x00000000c7100000, 0x00000000c7100000, 0x00000000c7200000|  0%| F|  |TAMS 0x00000000c7100000, 0x00000000c7100000| Untracked 
|  74|0x00000000c7200000, 0x00000000c7200000, 0x00000000c7300000|  0%| F|  |TAMS 0x00000000c7200000, 0x00000000c7200000| Untracked 
|  75|0x00000000c7300000, 0x00000000c7300000, 0x00000000c7400000|  0%| F|  |TAMS 0x00000000c7300000, 0x00000000c7300000| Untracked 
|  76|0x00000000c7400000, 0x00000000c7400000, 0x00000000c7500000|  0%| F|  |TAMS 0x00000000c7400000, 0x00000000c7400000| Untracked 
|  77|0x00000000c7500000, 0x00000000c7500000, 0x00000000c7600000|  0%| F|  |TAMS 0x00000000c7500000, 0x00000000c7500000| Untracked 
|  78|0x00000000c7600000, 0x00000000c7600000, 0x00000000c7700000|  0%| F|  |TAMS 0x00000000c7600000, 0x00000000c7600000| Untracked 
|  79|0x00000000c7700000, 0x00000000c7800000, 0x00000000c7800000|100%| E|  |TAMS 0x00000000c7700000, 0x00000000c7700000| Complete 
|  80|0x00000000c7800000, 0x00000000c7900000, 0x00000000c7900000|100%| E|CS|TAMS 0x00000000c7800000, 0x00000000c7800000| Complete 
|  81|0x00000000c7900000, 0x00000000c7a00000, 0x00000000c7a00000|100%| E|CS|TAMS 0x00000000c7900000, 0x00000000c7900000| Complete 
|  82|0x00000000c7a00000, 0x00000000c7b00000, 0x00000000c7b00000|100%| E|CS|TAMS 0x00000000c7a00000, 0x00000000c7a00000| Complete 
|  83|0x00000000c7b00000, 0x00000000c7c00000, 0x00000000c7c00000|100%| E|CS|TAMS 0x00000000c7b00000, 0x00000000c7b00000| Complete 
|  84|0x00000000c7c00000, 0x00000000c7d00000, 0x00000000c7d00000|100%| E|CS|TAMS 0x00000000c7c00000, 0x00000000c7c00000| Complete 
|  85|0x00000000c7d00000, 0x00000000c7e00000, 0x00000000c7e00000|100%| E|CS|TAMS 0x00000000c7d00000, 0x00000000c7d00000| Complete 
|  86|0x00000000c7e00000, 0x00000000c7f00000, 0x00000000c7f00000|100%| E|CS|TAMS 0x00000000c7e00000, 0x00000000c7e00000| Complete 
|  87|0x00000000c7f00000, 0x00000000c8000000, 0x00000000c8000000|100%| E|CS|TAMS 0x00000000c7f00000, 0x00000000c7f00000| Complete 
|  88|0x00000000c8000000, 0x00000000c8100000, 0x00000000c8100000|100%| E|CS|TAMS 0x00000000c8000000, 0x00000000c8000000| Complete 
|  89|0x00000000c8100000, 0x00000000c8200000, 0x00000000c8200000|100%| E|CS|TAMS 0x00000000c8100000, 0x00000000c8100000| Complete 
|  90|0x00000000c8200000, 0x00000000c8300000, 0x00000000c8300000|100%| E|CS|TAMS 0x00000000c8200000, 0x00000000c8200000| Complete 
|  91|0x00000000c8300000, 0x00000000c8400000, 0x00000000c8400000|100%| E|CS|TAMS 0x00000000c8300000, 0x00000000c8300000| Complete 
|  92|0x00000000c8400000, 0x00000000c8500000, 0x00000000c8500000|100%| E|CS|TAMS 0x00000000c8400000, 0x00000000c8400000| Complete 
|  93|0x00000000c8500000, 0x00000000c8600000, 0x00000000c8600000|100%| E|CS|TAMS 0x00000000c8500000, 0x00000000c8500000| Complete 
|  94|0x00000000c8600000, 0x00000000c8700000, 0x00000000c8700000|100%| E|CS|TAMS 0x00000000c8600000, 0x00000000c8600000| Complete 
|  95|0x00000000c8700000, 0x00000000c8800000, 0x00000000c8800000|100%| E|CS|TAMS 0x00000000c8700000, 0x00000000c8700000| Complete 

Card table byte_map: [0x000001c67f730000,0x000001c67f920000] _byte_map_base: 0x000001c67f11c000

Marking Bits (Prev, Next): (CMBitMap*) 0x000001c67bbfb288, (CMBitMap*) 0x000001c67bbfb2c0
 Prev Bits: [0x000001c60f000000, 0x000001c60ff60000)
 Next Bits: [0x000001c60ff60000, 0x000001c610ec0000)

Polling page: 0x000001c679a60000

Metaspace:

Usage:
  Non-class:     43.24 MB capacity,    42.90 MB (>99%) used,   274.09 KB ( <1%) free+waste,    74.25 KB ( <1%) overhead. 
      Class:      5.87 MB capacity,     5.66 MB ( 96%) used,   183.77 KB (  3%) free+waste,    33.06 KB ( <1%) overhead. 
       Both:     49.11 MB capacity,    48.55 MB ( 99%) used,   457.85 KB ( <1%) free+waste,   107.31 KB ( <1%) overhead. 

Virtual space:
  Non-class space:       44.00 MB reserved,      43.45 MB ( 99%) committed 
      Class space:        1.00 GB reserved,       5.95 MB ( <1%) committed 
             Both:        1.04 GB reserved,      49.40 MB (  5%) committed 

Chunk freelists:
   Non-Class:  27.00 KB
       Class:  8.00 KB
        Both:  35.00 KB

MaxMetaspaceSize: 17179869184.00 GB
CompressedClassSpaceSize: 1.00 GB

CodeHeap 'non-profiled nmethods': size=120064Kb used=1446Kb max_used=1446Kb free=118617Kb
 bounds [0x000001c607ac0000, 0x000001c607d30000, 0x000001c60f000000]
CodeHeap 'profiled nmethods': size=120000Kb used=8102Kb max_used=8102Kb free=111897Kb
 bounds [0x000001c600590000, 0x000001c600d80000, 0x000001c607ac0000]
CodeHeap 'non-nmethods': size=5696Kb used=1186Kb max_used=1247Kb free=4509Kb
 bounds [0x000001c600000000, 0x000001c600270000, 0x000001c600590000]
 total_blobs=4576 nmethods=4034 adapters=453
 compilation: enabled
              stopped_count=0, restarted_count=0
 full_count=0

Compilation events (20 events):
Event: 6.661 Thread 0x000001c6130ac800 nmethod 4039 0x000001c600d63a90 code [0x000001c600d63de0, 0x000001c600d64e08]
Event: 6.661 Thread 0x000001c6130ac800 4042       2       org.jetbrains.kotlin.load.java.lazy.LazyJavaAnnotations::<init> (17 bytes)
Event: 6.661 Thread 0x000001c6130ac800 nmethod 4042 0x000001c600d65590 code [0x000001c600d65740, 0x000001c600d65868]
Event: 6.661 Thread 0x000001c6130ac800 4041       2       org.jetbrains.kotlin.types.UnwrappedType::<init> (5 bytes)
Event: 6.662 Thread 0x000001c6130ac800 nmethod 4041 0x000001c600d65910 code [0x000001c600d65ac0, 0x000001c600d65bb8]
Event: 6.662 Thread 0x000001c6130ac800 4034       2       org.jetbrains.kotlin.load.java.lazy.descriptors.LazyJavaScope::<init> (269 bytes)
Event: 6.665 Thread 0x000001c6130ac800 nmethod 4034 0x000001c600d65c90 code [0x000001c600d65fa0, 0x000001c600d66f48]
Event: 6.665 Thread 0x000001c6130ac800 4035       2       org.jetbrains.kotlin.load.java.lazy.descriptors.LazyJavaScope$allDescriptors$1::<init> (11 bytes)
Event: 6.665 Thread 0x000001c6130ac800 nmethod 4035 0x000001c600d67590 code [0x000001c600d67740, 0x000001c600d67898]
Event: 6.665 Thread 0x000001c6130ac800 4043       1       org.jetbrains.kotlin.descriptors.impl.LazyPackageViewDescriptorImpl::getMemberScope (5 bytes)
Event: 6.665 Thread 0x000001c6130ac800 nmethod 4043 0x000001c607c28790 code [0x000001c607c28940, 0x000001c607c289f8]
Event: 6.665 Thread 0x000001c6130ac800 4044       2       org.jetbrains.kotlin.resolve.OverridingStrategy::setOverriddenDescriptors (20 bytes)
Event: 6.666 Thread 0x000001c6130ac800 nmethod 4044 0x000001c600d67910 code [0x000001c600d67b60, 0x000001c600d67fa8]
Event: 6.666 Thread 0x000001c6130ac800 4045       2       org.jetbrains.kotlin.descriptors.impl.SimpleFunctionDescriptorImpl::<init> (57 bytes)
Event: 6.667 Thread 0x000001c6130ac800 nmethod 4045 0x000001c600d68290 code [0x000001c600d68480, 0x000001c600d686d8]
Event: 6.667 Thread 0x000001c6130ac800 4048       2       org.jetbrains.kotlin.load.java.lazy.descriptors.LazyJavaClassMemberScope::getFunctionsFromSupertypes (96 bytes)
Event: 6.668 Thread 0x000001c6130ac800 nmethod 4048 0x000001c600d68810 code [0x000001c600d68a60, 0x000001c600d68f38]
Event: 6.668 Thread 0x000001c6130ac800 4049       2       org.jetbrains.kotlin.descriptors.impl.SimpleFunctionDescriptorImpl::initialize (84 bytes)
Event: 6.668 Thread 0x000001c6130ac800 nmethod 4049 0x000001c600d69210 code [0x000001c600d69400, 0x000001c600d697b8]
Event: 6.669 Thread 0x000001c6130ac800 4052       2       org.jetbrains.kotlin.load.java.typeEnhancement.SignatureEnhancement::enhanceSignature (1236 bytes)

GC Heap History (18 events):
Event: 0.591 GC heap before
{Heap before GC invocations=0 (full 0):
 garbage-first heap   total 63488K, used 17408K [0x00000000c2800000, 0x0000000100000000)
  region size 1024K, 14 young (14336K), 0 survivors (0K)
 Metaspace       used 9786K, capacity 9935K, committed 10112K, reserved 1058816K
  class space    used 832K, capacity 884K, committed 896K, reserved 1048576K
}
Event: 0.595 GC heap after
{Heap after GC invocations=1 (full 0):
 garbage-first heap   total 63488K, used 5124K [0x00000000c2800000, 0x0000000100000000)
  region size 1024K, 2 young (2048K), 2 survivors (2048K)
 Metaspace       used 9786K, capacity 9935K, committed 10112K, reserved 1058816K
  class space    used 832K, capacity 884K, committed 896K, reserved 1048576K
}
Event: 1.763 GC heap before
{Heap before GC invocations=1 (full 0):
 garbage-first heap   total 63488K, used 40964K [0x00000000c2800000, 0x0000000100000000)
  region size 1024K, 37 young (37888K), 2 survivors (2048K)
 Metaspace       used 17939K, capacity 18115K, committed 18304K, reserved 1064960K
  class space    used 1829K, capacity 1904K, committed 1920K, reserved 1048576K
}
Event: 1.781 GC heap after
{Heap after GC invocations=2 (full 0):
 garbage-first heap   total 63488K, used 8829K [0x00000000c2800000, 0x0000000100000000)
  region size 1024K, 5 young (5120K), 5 survivors (5120K)
 Metaspace       used 17939K, capacity 18115K, committed 18304K, reserved 1064960K
  class space    used 1829K, capacity 1904K, committed 1920K, reserved 1048576K
}
Event: 2.027 GC heap before
{Heap before GC invocations=2 (full 0):
 garbage-first heap   total 63488K, used 19069K [0x00000000c2800000, 0x0000000100000000)
  region size 1024K, 16 young (16384K), 5 survivors (5120K)
 Metaspace       used 20911K, capacity 21101K, committed 21248K, reserved 1069056K
  class space    used 2220K, capacity 2286K, committed 2304K, reserved 1048576K
}
Event: 2.040 GC heap after
{Heap after GC invocations=3 (full 0):
 garbage-first heap   total 63488K, used 9548K [0x00000000c2800000, 0x0000000100000000)
  region size 1024K, 1 young (1024K), 1 survivors (1024K)
 Metaspace       used 20911K, capacity 21101K, committed 21248K, reserved 1069056K
  class space    used 2220K, capacity 2286K, committed 2304K, reserved 1048576K
}
Event: 2.694 GC heap before
{Heap before GC invocations=4 (full 0):
 garbage-first heap   total 63488K, used 37196K [0x00000000c2800000, 0x0000000100000000)
  region size 1024K, 23 young (23552K), 1 survivors (1024K)
 Metaspace       used 26585K, capacity 26960K, committed 27132K, reserved 1073152K
  class space    used 2845K, capacity 2973K, committed 3072K, reserved 1048576K
}
Event: 2.700 GC heap after
{Heap after GC invocations=5 (full 0):
 garbage-first heap   total 63488K, used 17143K [0x00000000c2800000, 0x0000000100000000)
  region size 1024K, 3 young (3072K), 3 survivors (3072K)
 Metaspace       used 26585K, capacity 26960K, committed 27132K, reserved 1073152K
  class space    used 2845K, capacity 2973K, committed 3072K, reserved 1048576K
}
Event: 3.374 GC heap before
{Heap before GC invocations=5 (full 0):
 garbage-first heap   total 63488K, used 40695K [0x00000000c2800000, 0x0000000100000000)
  region size 1024K, 25 young (25600K), 3 survivors (3072K)
 Metaspace       used 30519K, capacity 30888K, committed 30972K, reserved 1077248K
  class space    used 3622K, capacity 3792K, committed 3840K, reserved 1048576K
}
Event: 3.395 GC heap after
{Heap after GC invocations=6 (full 0):
 garbage-first heap   total 76800K, used 22944K [0x00000000c2800000, 0x0000000100000000)
  region size 1024K, 4 young (4096K), 4 survivors (4096K)
 Metaspace       used 30519K, capacity 30888K, committed 30972K, reserved 1077248K
  class space    used 3622K, capacity 3792K, committed 3840K, reserved 1048576K
}
Event: 4.119 GC heap before
{Heap before GC invocations=6 (full 0):
 garbage-first heap   total 76800K, used 47520K [0x00000000c2800000, 0x0000000100000000)
  region size 1024K, 29 young (29696K), 4 survivors (4096K)
 Metaspace       used 35617K, capacity 36020K, committed 36048K, reserved 1081344K
  class space    used 4178K, capacity 4348K, committed 4352K, reserved 1048576K
}
Event: 4.138 GC heap after
{Heap after GC invocations=7 (full 0):
 garbage-first heap   total 76800K, used 25836K [0x00000000c2800000, 0x0000000100000000)
  region size 1024K, 3 young (3072K), 3 survivors (3072K)
 Metaspace       used 35617K, capacity 36020K, committed 36048K, reserved 1081344K
  class space    used 4178K, capacity 4348K, committed 4352K, reserved 1048576K
}
Event: 4.823 GC heap before
{Heap before GC invocations=8 (full 0):
 garbage-first heap   total 76800K, used 50412K [0x00000000c2800000, 0x0000000100000000)
  region size 1024K, 28 young (28672K), 3 survivors (3072K)
 Metaspace       used 41389K, capacity 41871K, committed 42012K, reserved 1085440K
  class space    used 4940K, capacity 5125K, committed 5196K, reserved 1048576K
}
Event: 4.837 GC heap after
{Heap after GC invocations=9 (full 0):
 garbage-first heap   total 76800K, used 27648K [0x00000000c2800000, 0x0000000100000000)
  region size 1024K, 2 young (2048K), 2 survivors (2048K)
 Metaspace       used 41389K, capacity 41871K, committed 42012K, reserved 1085440K
  class space    used 4940K, capacity 5125K, committed 5196K, reserved 1048576K
}
Event: 5.687 GC heap before
{Heap before GC invocations=9 (full 0):
 garbage-first heap   total 76800K, used 53248K [0x00000000c2800000, 0x0000000100000000)
  region size 1024K, 27 young (27648K), 2 survivors (2048K)
 Metaspace       used 44844K, capacity 45287K, committed 45468K, reserved 1089536K
  class space    used 5312K, capacity 5475K, committed 5580K, reserved 1048576K
}
Event: 5.711 GC heap after
{Heap after GC invocations=10 (full 0):
 garbage-first heap   total 76800K, used 31744K [0x00000000c2800000, 0x0000000100000000)
  region size 1024K, 4 young (4096K), 4 survivors (4096K)
 Metaspace       used 44844K, capacity 45287K, committed 45468K, reserved 1089536K
  class space    used 5312K, capacity 5475K, committed 5580K, reserved 1048576K
}
Event: 6.015 GC heap before
{Heap before GC invocations=10 (full 0):
 garbage-first heap   total 76800K, used 55296K [0x00000000c2800000, 0x0000000100000000)
  region size 1024K, 28 young (28672K), 4 survivors (4096K)
 Metaspace       used 46010K, capacity 46518K, committed 46876K, reserved 1091584K
  class space    used 5411K, capacity 5606K, committed 5708K, reserved 1048576K
}
Event: 6.032 GC heap after
{Heap after GC invocations=11 (full 0):
 garbage-first heap   total 98304K, used 33504K [0x00000000c2800000, 0x0000000100000000)
  region size 1024K, 2 young (2048K), 2 survivors (2048K)
 Metaspace       used 46010K, capacity 46518K, committed 46876K, reserved 1091584K
  class space    used 5411K, capacity 5606K, committed 5708K, reserved 1048576K
}

Deoptimization events (20 events):
Event: 5.447 Thread 0x000001c67bbc9800 Uncommon trap: trap_request=0xffffffc6 fr.pc=0x000001c607b962b4 relative=0x0000000000000534
Event: 5.447 Thread 0x000001c67bbc9800 Uncommon trap: reason=bimorphic_or_optimized_type_check action=maybe_recompile pc=0x000001c607b962b4 method=org.jetbrains.kotlin.protobuf.CodedInputStream.tryRefillBuffer(I)Z @ 177 c2
Event: 5.447 Thread 0x000001c67bbc9800 DEOPT PACKING pc=0x000001c607b962b4 sp=0x00000014947f6fd0
Event: 5.447 Thread 0x000001c67bbc9800 DEOPT UNPACKING pc=0x000001c60002742f sp=0x00000014947f6eb8 mode 2
Event: 5.455 Thread 0x000001c67bbc9800 Uncommon trap: trap_request=0xffffffc6 fr.pc=0x000001c607b962b4 relative=0x0000000000000534
Event: 5.455 Thread 0x000001c67bbc9800 Uncommon trap: reason=bimorphic_or_optimized_type_check action=maybe_recompile pc=0x000001c607b962b4 method=org.jetbrains.kotlin.protobuf.CodedInputStream.tryRefillBuffer(I)Z @ 177 c2
Event: 5.455 Thread 0x000001c67bbc9800 DEOPT PACKING pc=0x000001c607b962b4 sp=0x00000014947f72a0
Event: 5.455 Thread 0x000001c67bbc9800 DEOPT UNPACKING pc=0x000001c60002742f sp=0x00000014947f7188 mode 2
Event: 5.492 Thread 0x000001c67bbc9800 Uncommon trap: trap_request=0xffffffc6 fr.pc=0x000001c607b962b4 relative=0x0000000000000534
Event: 5.492 Thread 0x000001c67bbc9800 Uncommon trap: reason=bimorphic_or_optimized_type_check action=maybe_recompile pc=0x000001c607b962b4 method=org.jetbrains.kotlin.protobuf.CodedInputStream.tryRefillBuffer(I)Z @ 177 c2
Event: 5.492 Thread 0x000001c67bbc9800 DEOPT PACKING pc=0x000001c607b962b4 sp=0x00000014947f77b0
Event: 5.492 Thread 0x000001c67bbc9800 DEOPT UNPACKING pc=0x000001c60002742f sp=0x00000014947f7698 mode 2
Event: 5.496 Thread 0x000001c67bbc9800 Uncommon trap: trap_request=0xffffffc6 fr.pc=0x000001c607b96ca8 relative=0x0000000000000248
Event: 5.496 Thread 0x000001c67bbc9800 Uncommon trap: reason=bimorphic_or_optimized_type_check action=maybe_recompile pc=0x000001c607b96ca8 method=org.jetbrains.kotlin.protobuf.CodedInputStream.tryRefillBuffer(I)Z @ 177 c2
Event: 5.496 Thread 0x000001c67bbc9800 DEOPT PACKING pc=0x000001c607b96ca8 sp=0x00000014947f7760
Event: 5.496 Thread 0x000001c67bbc9800 DEOPT UNPACKING pc=0x000001c60002742f sp=0x00000014947f7698 mode 2
Event: 5.563 Thread 0x000001c67bbc9800 DEOPT PACKING pc=0x000001c600ab7dff sp=0x00000014947f9120
Event: 5.563 Thread 0x000001c67bbc9800 DEOPT UNPACKING pc=0x000001c60002724e sp=0x00000014947f8570 mode 0
Event: 5.905 Thread 0x000001c67bbc9800 DEOPT PACKING pc=0x000001c600ab7dff sp=0x00000014947fb220
Event: 5.905 Thread 0x000001c67bbc9800 DEOPT UNPACKING pc=0x000001c60002724e sp=0x00000014947fa670 mode 0

Classes redefined (0 events):
No events

Internal exceptions (20 events):
Event: 1.999 Thread 0x000001c67bbc9800 Exception <a 'java/lang/NoSuchMethodError'{0x00000000c5c89878}: 'int java.lang.invoke.DirectMethodHandle$Holder.invokeStaticInit(java.lang.Object, java.lang.Object, java.lang.Object)'> (0x00000000c5c89878) thrown at [./src/hotspot/share/interpreter/linkResolver.cpp, line 773]
Event: 2.004 Thread 0x000001c67bbc9800 Exception <a 'java/lang/NoSuchMethodError'{0x00000000c5cb5040}: 'int java.lang.invoke.DirectMethodHandle$Holder.invokeStaticInit(java.lang.Object, java.lang.Object)'> (0x00000000c5cb5040) thrown at [./src/hotspot/share/interpreter/linkResolver.cpp, line 773]
Event: 2.404 Thread 0x000001c67bbc9800 Exception <a 'java/lang/NoSuchMethodError'{0x00000000c5ddf028}: 'java.lang.Object java.lang.invoke.DirectMethodHandle$Holder.invokeStatic(java.lang.Object, java.lang.Object, java.lang.Object, java.lang.Object, java.lang.Object, java.lang.Object, java.lang.Object, java.lang.Object, java.lang.Object, java.lang.Object, java.lang.Object, java.lang.Object, java.lang.Object, java.lang.Object, java.lang.Object)'> (0x00000000c5ddf028) thrown at [./src/hotspot/share/interpreter/linkResolver.cpp, line 773]
Event: 2.407 Thread 0x000001c67bbc9800 Exception <a 'java/lang/NoSuchMethodError'{0x00000000c5ded030}: 'java.lang.Object java.lang.invoke.DirectMethodHandle$Holder.invokeStatic(java.lang.Object, java.lang.Object, java.lang.Object, java.lang.Object, java.lang.Object, java.lang.Object, java.lang.Object, java.lang.Object, java.lang.Object, java.lang.Object, java.lang.Object, java.lang.Object, java.lang.Object, java.lang.Object, java.lang.Object, java.lang.Object)'> (0x00000000c5ded030) thrown at [./src/hotspot/share/interpreter/linkResolver.cpp, l
Event: 2.413 Thread 0x000001c67bbc9800 Exception <a 'java/lang/NoSuchMethodError'{0x00000000c5dfb348}: 'java.lang.Object java.lang.invoke.DirectMethodHandle$Holder.invokeSpecial(java.lang.Object, java.lang.Object, int, int, java.lang.Object, java.lang.Object, java.lang.Object)'> (0x00000000c5dfb348) thrown at [./src/hotspot/share/interpreter/linkResolver.cpp, line 773]
Event: 2.414 Thread 0x000001c67bbc9800 Exception <a 'java/lang/NoSuchMethodError'{0x00000000c5dfeb80}: 'java.lang.Object java.lang.invoke.DelegatingMethodHandle$Holder.reinvoke_L(java.lang.Object, int, int, java.lang.Object, java.lang.Object, java.lang.Object)'> (0x00000000c5dfeb80) thrown at [./src/hotspot/share/interpreter/linkResolver.cpp, line 773]
Event: 2.415 Thread 0x000001c67bbc9800 Exception <a 'java/lang/NoSuchMethodError'{0x00000000c5c03390}: 'java.lang.Object java.lang.invoke.DirectMethodHandle$Holder.invokeStatic(java.lang.Object, java.lang.Object, java.lang.Object, java.lang.Object, int)'> (0x00000000c5c03390) thrown at [./src/hotspot/share/interpreter/linkResolver.cpp, line 773]
Event: 2.480 Thread 0x000001c67bbc9800 Implicit null exception at 0x000001c607b4632c to 0x000001c607b4644e
Event: 2.530 Thread 0x000001c67bbc9800 Exception <a 'java/lang/NoSuchMethodError'{0x00000000c5683470}: 'void java.lang.invoke.DirectMethodHandle$Holder.invokeStatic(java.lang.Object, java.lang.Object, java.lang.Object, java.lang.Object)'> (0x00000000c5683470) thrown at [./src/hotspot/share/interpreter/linkResolver.cpp, line 773]
Event: 2.559 Thread 0x000001c67bbc9800 Exception <a 'java/lang/NoSuchMethodError'{0x00000000c55d20d0}: 'void java.lang.invoke.DirectMethodHandle$Holder.invokeSpecial(java.lang.Object, java.lang.Object)'> (0x00000000c55d20d0) thrown at [./src/hotspot/share/interpreter/linkResolver.cpp, line 773]
Event: 2.608 Thread 0x000001c67bbc9800 Exception <a 'java/lang/NoSuchMethodError'{0x00000000c5276c08}: 'void java.lang.invoke.DirectMethodHandle$Holder.invokeStaticInit(java.lang.Object, java.lang.Object)'> (0x00000000c5276c08) thrown at [./src/hotspot/share/interpreter/linkResolver.cpp, line 773]
Event: 2.621 Thread 0x000001c67bbc9800 Exception <a 'java/lang/NoSuchMethodError'{0x00000000c52b5230}: 'void java.lang.invoke.DirectMethodHandle$Holder.invokeInterface(java.lang.Object, java.lang.Object)'> (0x00000000c52b5230) thrown at [./src/hotspot/share/interpreter/linkResolver.cpp, line 773]
Event: 2.727 Thread 0x000001c67bbc9800 Exception <a 'java/lang/NoSuchMethodError'{0x00000000c65ce4d0}: 'void java.lang.invoke.DirectMethodHandle$Holder.invokeVirtual(java.lang.Object, java.lang.Object)'> (0x00000000c65ce4d0) thrown at [./src/hotspot/share/interpreter/linkResolver.cpp, line 773]
Event: 2.742 Thread 0x000001c67bbc9800 Exception <a 'java/lang/NoSuchMethodError'{0x00000000c6445fc0}: 'int java.lang.invoke.DirectMethodHandle$Holder.invokeVirtual(java.lang.Object, java.lang.Object)'> (0x00000000c6445fc0) thrown at [./src/hotspot/share/interpreter/linkResolver.cpp, line 773]
Event: 3.745 Thread 0x000001c67bbc9800 Exception <a 'java/lang/NoSuchMethodError'{0x00000000c6818670}: 'java.lang.Object java.lang.invoke.DirectMethodHandle$Holder.invokeVirtual(java.lang.Object, java.lang.Object, java.lang.Object)'> (0x00000000c6818670) thrown at [./src/hotspot/share/interpreter/linkResolver.cpp, line 773]
Event: 4.872 Thread 0x000001c67bbc9800 Exception <a 'java/lang/NoSuchMethodError'{0x00000000c72cf268}: 'java.lang.Object java.lang.invoke.DirectMethodHandle$Holder.invokeStatic(java.lang.Object, java.lang.Object, java.lang.Object, int)'> (0x00000000c72cf268) thrown at [./src/hotspot/share/interpreter/linkResolver.cpp, line 773]
Event: 4.873 Thread 0x000001c67bbc9800 Exception <a 'java/lang/NoSuchMethodError'{0x00000000c72d2ed8}: 'java.lang.Object java.lang.invoke.DirectMethodHandle$Holder.invokeSpecial(java.lang.Object, java.lang.Object, java.lang.Object, java.lang.Object, int)'> (0x00000000c72d2ed8) thrown at [./src/hotspot/share/interpreter/linkResolver.cpp, line 773]
Event: 4.873 Thread 0x000001c67bbc9800 Exception <a 'java/lang/NoSuchMethodError'{0x00000000c72d61e8}: 'java.lang.Object java.lang.invoke.Invokers$Holder.linkToTargetMethod(java.lang.Object, java.lang.Object, int, java.lang.Object)'> (0x00000000c72d61e8) thrown at [./src/hotspot/share/interpreter/linkResolver.cpp, line 773]
Event: 5.234 Thread 0x000001c67bbc9800 Exception <a 'java/lang/NoSuchMethodError'{0x00000000c6aa7928}: 'java.lang.Object java.lang.invoke.Invokers$Holder.linkToTargetMethod(java.lang.Object, int, java.lang.Object)'> (0x00000000c6aa7928) thrown at [./src/hotspot/share/interpreter/linkResolver.cpp, line 773]
Event: 6.518 Thread 0x000001c67bbc9800 Exception <a 'java/lang/NoSuchMethodError'{0x00000000c7a3d288}: 'java.lang.Object java.lang.invoke.DirectMethodHandle$Holder.invokeStaticInit(java.lang.Object, java.lang.Object, java.lang.Object)'> (0x00000000c7a3d288) thrown at [./src/hotspot/share/interpreter/linkResolver.cpp, line 773]

Events (20 events):
Event: 6.557 loading class org/jetbrains/kotlin/load/java/ErasedOverridabilityCondition$isOverridable$signatureTypes$1
Event: 6.557 loading class org/jetbrains/kotlin/load/java/ErasedOverridabilityCondition$isOverridable$signatureTypes$1 done
Event: 6.558 loading class org/jetbrains/kotlin/load/java/lazy/types/RawSubstitution
Event: 6.558 loading class org/jetbrains/kotlin/load/java/lazy/types/RawSubstitution done
Event: 6.560 loading class org/jetbrains/kotlin/types/TypeSubstitutor$VarianceConflictType
Event: 6.560 loading class org/jetbrains/kotlin/types/TypeSubstitutor$VarianceConflictType done
Event: 6.560 loading class org/jetbrains/kotlin/types/TypeSubstitutor$2
Event: 6.560 loading class org/jetbrains/kotlin/types/TypeSubstitutor$2 done
Event: 6.560 loading class org/jetbrains/kotlin/types/TypeCapabilitiesKt
Event: 6.560 loading class org/jetbrains/kotlin/types/TypeCapabilitiesKt done
Event: 6.561 loading class org/jetbrains/kotlin/load/java/ErasedOverridabilityCondition$WhenMappings
Event: 6.561 loading class org/jetbrains/kotlin/load/java/ErasedOverridabilityCondition$WhenMappings done
Event: 6.567 loading class org/jetbrains/kotlin/descriptors/impl/FunctionDescriptorImpl$1
Event: 6.567 loading class org/jetbrains/kotlin/descriptors/impl/FunctionDescriptorImpl$1 done
Event: 6.574 loading class org/jetbrains/kotlin/load/java/structure/impl/classFiles/AnnotationsAndParameterCollectorMethodVisitor$visitAnnotationDefault$1
Event: 6.574 loading class org/jetbrains/kotlin/load/java/structure/impl/classFiles/AnnotationsAndParameterCollectorMethodVisitor$visitAnnotationDefault$1 done
Event: 6.584 loading class org/jetbrains/kotlin/builtins/KotlinBuiltIns$Primitives
Event: 6.584 loading class org/jetbrains/kotlin/builtins/KotlinBuiltIns$Primitives done
Event: 6.585 loading class org/jetbrains/kotlin/load/java/structure/ListBasedJavaAnnotationOwner$DefaultImpls
Event: 6.585 loading class org/jetbrains/kotlin/load/java/structure/ListBasedJavaAnnotationOwner$DefaultImpls done


Dynamic libraries:
0x00007ff653060000 - 0x00007ff65306a000 	D:\Android\Android Studio\jre\bin\java.exe
0x00007ff8612a0000 - 0x00007ff86148d000 	C:\Windows\SYSTEM32\ntdll.dll
0x00007ff860800000 - 0x00007ff8608b3000 	C:\Windows\System32\KERNEL32.DLL
0x00007ff85e110000 - 0x00007ff85e3a5000 	C:\Windows\System32\KERNELBASE.dll
0x00007ff85d540000 - 0x00007ff85d63a000 	C:\Windows\System32\ucrtbase.dll
0x00007ff845e80000 - 0x00007ff845e99000 	D:\Android\Android Studio\jre\bin\jli.dll
0x00007ff83da00000 - 0x00007ff83da17000 	D:\Android\Android Studio\jre\bin\VCRUNTIME140.dll
0x00007ff860a70000 - 0x00007ff860c08000 	C:\Windows\System32\USER32.dll
0x00007ff85d8b0000 - 0x00007ff85d8d0000 	C:\Windows\System32\win32u.dll
0x00007ff84e500000 - 0x00007ff84e779000 	C:\Windows\WinSxS\amd64_microsoft.windows.common-controls_6595b64144ccf1df_6.0.17763.2061_none_de73cf545348ec45\COMCTL32.dll
0x00007ff85efa0000 - 0x00007ff85efc9000 	C:\Windows\System32\GDI32.dll
0x00007ff8608c0000 - 0x00007ff86095e000 	C:\Windows\System32\msvcrt.dll
0x00007ff85d670000 - 0x00007ff85d80c000 	C:\Windows\System32\gdi32full.dll
0x00007ff85d810000 - 0x00007ff85d8b0000 	C:\Windows\System32\msvcp_win.dll
0x00007ff85ec70000 - 0x00007ff85ef9d000 	C:\Windows\System32\combase.dll
0x00007ff85e830000 - 0x00007ff85e94f000 	C:\Windows\System32\RPCRT4.dll
0x00007ff85e020000 - 0x00007ff85e0a2000 	C:\Windows\System32\bcryptPrimitives.dll
0x00007ff85e780000 - 0x00007ff85e7ae000 	C:\Windows\System32\IMM32.DLL
0x00007ff833000000 - 0x00007ff83309d000 	D:\Android\Android Studio\jre\bin\msvcp140.dll
0x00007ff834290000 - 0x00007ff834d4c000 	D:\Android\Android Studio\jre\bin\server\jvm.dll
0x00007ff85eb40000 - 0x00007ff85ebe4000 	C:\Windows\System32\ADVAPI32.dll
0x00007ff85e950000 - 0x00007ff85e9ee000 	C:\Windows\System32\sechost.dll
0x00007ff85ea50000 - 0x00007ff85ea58000 	C:\Windows\System32\PSAPI.DLL
0x00007ff8590f0000 - 0x00007ff8590f9000 	C:\Windows\SYSTEM32\WSOCK32.dll
0x00007ff861200000 - 0x00007ff86126d000 	C:\Windows\System32\WS2_32.dll
0x00007ff85bdc0000 - 0x00007ff85bdca000 	C:\Windows\SYSTEM32\VERSION.dll
0x00007ff85ae60000 - 0x00007ff85ae84000 	C:\Windows\SYSTEM32\WINMM.dll
0x00007ff85ae30000 - 0x00007ff85ae5d000 	C:\Windows\SYSTEM32\WINMMBASE.dll
0x00007ff85e460000 - 0x00007ff85e4aa000 	C:\Windows\System32\cfgmgr32.dll
0x00007ff85d2e0000 - 0x00007ff85d2f1000 	C:\Windows\System32\kernel.appcore.dll
0x00007ff857300000 - 0x00007ff857311000 	D:\Android\Android Studio\jre\bin\verify.dll
0x00007ff84c310000 - 0x00007ff84c4fd000 	C:\Windows\SYSTEM32\DBGHELP.DLL
0x00007ff84c560000 - 0x00007ff84c58a000 	C:\Windows\SYSTEM32\dbgcore.DLL
0x00007ff855880000 - 0x00007ff8558a9000 	D:\Android\Android Studio\jre\bin\java.dll
0x00007ff856ec0000 - 0x00007ff856ecb000 	D:\Android\Android Studio\jre\bin\jimage.dll
0x00007ff855860000 - 0x00007ff855878000 	D:\Android\Android Studio\jre\bin\zip.dll
0x00007ff85efd0000 - 0x00007ff8604c9000 	C:\Windows\System32\SHELL32.dll
0x00007ff85e6d0000 - 0x00007ff85e778000 	C:\Windows\System32\shcore.dll
0x00007ff85d8d0000 - 0x00007ff85e01b000 	C:\Windows\System32\windows.storage.dll
0x00007ff85d320000 - 0x00007ff85d344000 	C:\Windows\System32\profapi.dll
0x00007ff85d280000 - 0x00007ff85d2dd000 	C:\Windows\System32\powrprof.dll
0x00007ff860960000 - 0x00007ff8609b2000 	C:\Windows\System32\shlwapi.dll
0x00007ff85e4b0000 - 0x00007ff85e4c7000 	C:\Windows\System32\cryptsp.dll
0x00007ff852420000 - 0x00007ff85243a000 	D:\Android\Android Studio\jre\bin\net.dll
0x00007ff854280000 - 0x00007ff854371000 	C:\Windows\SYSTEM32\WINHTTP.dll
0x00007ff85ca50000 - 0x00007ff85cab7000 	C:\Windows\system32\mswsock.dll
0x00007ff852400000 - 0x00007ff852414000 	D:\Android\Android Studio\jre\bin\nio.dll

dbghelp: loaded successfully - version: 4.0.5 - missing functions: none
symbol engine: initialized successfully - sym options: 0x614 - pdb path: .;D:\Android\Android Studio\jre\bin;C:\Windows\SYSTEM32;C:\Windows\WinSxS\amd64_microsoft.windows.common-controls_6595b64144ccf1df_6.0.17763.2061_none_de73cf545348ec45;D:\Android\Android Studio\jre\bin\server

VM Arguments:
java_command: org.jetbrains.kotlin.cli.jvm.K2JVMCompiler @D:\AndroidProjects\TipTime\app\build\20210809_6137704714514136174.compiler.options
java_class_path (initial): C:\Users\Home\.gradle\caches\modules-2\files-2.1\org.jetbrains.kotlin\kotlin-compiler-embeddable\1.5.21\40ddbcae9ff100473f95370c2d589ba3fc48eed5\kotlin-compiler-embeddable-1.5.21.jar;C:\Users\Home\.gradle\caches\modules-2\files-2.1\org.jetbrains.kotlin\kotlin-reflect\1.5.21\802f1f39735ae1eb2b75714a40fa19bb2e687e96\kotlin-reflect-1.5.21.jar;C:\Users\Home\.gradle\caches\modules-2\files-2.1\org.jetbrains.kotlin\kotlin-stdlib\1.5.21\2f537cad7e9eeb9da73738c8812e1e4cf9b62e4e\kotlin-stdlib-1.5.21.jar;C:\Users\Home\.gradle\caches\modules-2\files-2.1\org.jetbrains.kotlin\kotlin-script-runtime\1.5.21\96d49e89873fde985750af354b6eabb60cfa999b\kotlin-script-runtime-1.5.21.jar;C:\Users\Home\.gradle\caches\modules-2\files-2.1\org.jetbrains.kotlin\kotlin-daemon-embeddable\1.5.21\17255809e66a940dfdf6289bccbdfb5a09f3145\kotlin-daemon-embeddable-1.5.21.jar;C:\Users\Home\.gradle\caches\modules-2\files-2.1\org.jetbrains.intellij.deps\trove4j\1.0.20181211\216c2e14b070f334479d800987affe4054cd563f\trove4j-1.0.20181211.jar;C:\Users\Home\.gradle\caches\modules-2\files-2.1\org.jetbrains\annotations\13.0\919f0dfe192fb4e063e7dacadee7f8bb9a2672a9\annotations-13.0.jar;C:\Users\Home\.gradle\caches\modules-2\files-2.1\org.jetbrains.kotlin\kotlin-stdlib-common\1.5.21\cc8bf3586fd2ebcf234058b9440bb406e62dfacb\kotlin-stdlib-common-1.5.21.jar
Launcher Type: SUN_STANDARD

[Global flags]
     intx CICompilerCount                          = 3                                         {product} {ergonomic}
     uint ConcGCThreads                            = 1                                         {product} {ergonomic}
     uint G1ConcRefinementThreads                  = 4                                         {product} {ergonomic}
   size_t G1HeapRegionSize                         = 1048576                                   {product} {ergonomic}
    uintx GCDrainStackTargetSize                   = 64                                        {product} {ergonomic}
   size_t InitialHeapSize                          = 65011712                                  {product} {ergonomic}
   size_t MarkStackSize                            = 4194304                                   {product} {ergonomic}
   size_t MaxHeapSize                              = 1031798784                                {product} {ergonomic}
   size_t MaxNewSize                               = 618659840                                 {product} {ergonomic}
   size_t MinHeapDeltaBytes                        = 1048576                                   {product} {ergonomic}
    uintx NonNMethodCodeHeapSize                   = 5830732                                {pd product} {ergonomic}
    uintx NonProfiledCodeHeapSize                  = 122913754                              {pd product} {ergonomic}
    uintx ProfiledCodeHeapSize                     = 122913754                              {pd product} {ergonomic}
    uintx ReservedCodeCacheSize                    = 251658240                              {pd product} {ergonomic}
     bool SegmentedCodeCache                       = true                                      {product} {ergonomic}
     bool UseCompressedClassPointers               = true                                 {lp64_product} {ergonomic}
     bool UseCompressedOops                        = true                                 {lp64_product} {ergonomic}
     bool UseG1GC                                  = true                                      {product} {ergonomic}
     bool UseLargePagesIndividualAllocation        = false                                  {pd product} {ergonomic}

Logging:
Log output configuration:
 #0: stdout all=warning uptime,level,tags
 #1: stderr all=off uptime,level,tags

Environment Variables:
PATH=C:\Program Files (x86)\Common Files\Oracle\Java\javapath;C:\Windows\system32;C:\Windows;C:\Windows\System32\Wbem;C:\Windows\System32\WindowsPowerShell\v1.0\;C:\Windows\System32\OpenSSH\;D:\AndroidProjects\Git\cmd;C:\Users\Home\AppData\Local\Microsoft\WindowsApps;
USERNAME=Home
OS=Windows_NT
PROCESSOR_IDENTIFIER=Intel64 Family 6 Model 42 Stepping 7, GenuineIntel



---------------  S Y S T E M  ---------------

OS: Windows 10 , 64 bit Build 17763 (10.0.17763.2028)
OS uptime: 0 days 1:45 hours

CPU:total 4 (initial active 4) (2 cores per cpu, 2 threads per core) family 6 model 42 stepping 7, cmov, cx8, fxsr, mmx, sse, sse2, sse3, ssse3, sse4.1, sse4.2, popcnt, avx, clmul, ht, tsc, tscinvbit

Memory: 4k page, system-wide physical 3932M (366M free)
TotalPageFile size 4732M (AvailPageFile size 5M)
current process WorkingSet (physical memory assigned to process): 241M, peak: 241M
current process commit charge ("private bytes"): 275M, peak: 276M

vm_info: OpenJDK 64-Bit Server VM (11.0.8+10-b944.6842174) for windows-amd64 JRE (11.0.8+10-b944.6842174), built on Sep 19 2020 01:11:42 by "builder" with MS VC++ 14.0 (VS2015)

END.
