#
# There is insufficient memory for the Java Runtime Environment to continue.
# Native memory allocation (malloc) failed to allocate 1870576 bytes for Chunk::new
# Possible reasons:
#   The system is out of physical RAM or swap space
#   The process is running with CompressedOops enabled, and the Java Heap may be blocking the growth of the native heap
# Possible solutions:
#   Reduce memory load on the system
#   Increase physical memory or swap space
#   Check if swap backing store is full
#   Decrease Java heap size (-Xmx/-Xms)
#   Decrease number of Java threads
#   Decrease Java thread stack sizes (-Xss)
#   Set larger code cache with -XX:ReservedCodeCacheSize=
#   JVM is running with Unscaled Compressed Oops mode in which the Java heap is
#     placed in the first 4GB address space. The Java Heap base address is the
#     maximum limit for the native heap growth. Please use -XX:HeapBaseMinAddress
#     to set the Java Heap base and to place the Java Heap above 4GB virtual address.
# This output file may be truncated or incomplete.
#
#  Out of Memory Error (./src/hotspot/share/memory/arena.cpp:197), pid=3820, tid=1044
#
# JRE version: OpenJDK Runtime Environment (11.0.8+10) (build 11.0.8+10-b944.6842174)
# Java VM: OpenJDK 64-Bit Server VM (11.0.8+10-b944.6842174, mixed mode, tiered, compressed oops, g1 gc, windows-amd64)
# No core dump will be written. Minidumps are not enabled by default on client versions of Windows
#

---------------  S U M M A R Y ------------

Command Line: --add-opens=java.base/java.util=ALL-UNNAMED --add-opens=java.base/java.lang=ALL-UNNAMED --add-opens=java.base/java.lang.invoke=ALL-UNNAMED --add-opens=java.prefs/java.util.prefs=ALL-UNNAMED -Xmx2048m -Dfile.encoding=UTF-8 -Duser.country=RU -Duser.language=ru -Duser.variant org.gradle.launcher.daemon.bootstrap.GradleDaemon 6.7.1

Host: Intel(R) Core(TM) i3-2370M CPU @ 2.40GHz, 4 cores, 3G,  Windows 10 , 64 bit Build 17763 (10.0.17763.2028)
Time: Mon Aug  9 14:03:28 2021 RTZ 2 (ceia) elapsed time: 13 seconds (0d 0h 0m 13s)

---------------  T H R E A D  ---------------

Current thread (0x0000026f66962000):  JavaThread "C2 CompilerThread0" daemon [_thread_in_native, id=1044, stack(0x000000c8b3700000,0x000000c8b3800000)]


Current CompileTask:
C2:  13490 6090       4       java.lang.invoke.MethodType::makeImpl (108 bytes)

Stack: [0x000000c8b3700000,0x000000c8b3800000]
Native frames: (J=compiled Java code, j=interpreted, Vv=VM code, C=native code)
V  [jvm.dll+0x5de50a]
V  [jvm.dll+0x7122f5]
V  [jvm.dll+0x71384d]
V  [jvm.dll+0x713f03]
V  [jvm.dll+0x23e728]
V  [jvm.dll+0xb899c]
V  [jvm.dll+0xb8e9c]
V  [jvm.dll+0x35020b]
V  [jvm.dll+0x31dea3]
V  [jvm.dll+0x31d39a]
V  [jvm.dll+0x1f7702]
V  [jvm.dll+0x1f68d4]
V  [jvm.dll+0x17f32c]
V  [jvm.dll+0x205047]
V  [jvm.dll+0x203891]
V  [jvm.dll+0x6dad3f]
V  [jvm.dll+0x6d3895]
V  [jvm.dll+0x5dd4a6]
C  [ucrtbase.dll+0x2268a]
C  [KERNEL32.DLL+0x17974]
C  [ntdll.dll+0x5a2f1]


---------------  P R O C E S S  ---------------

Threads class SMR info:
_java_thread_list=0x0000026f6cc062e0, length=155, elements={
0x0000026f4afab800, 0x0000026f66942000, 0x0000026f66945800, 0x0000026f66960000,
0x0000026f66961000, 0x0000026f66962000, 0x0000026f6696c800, 0x0000026f66970000,
0x0000026f67424000, 0x0000026f67450800, 0x0000026f690e4000, 0x0000026f69121800,
0x0000026f6839c800, 0x0000026f6872e800, 0x0000026f67f6a000, 0x0000026f68794800,
0x0000026f67f0c800, 0x0000026f681a2000, 0x0000026f68c36000, 0x0000026f6891b000,
0x0000026f691d0800, 0x0000026f691d1000, 0x0000026f691cf800, 0x0000026f68501000,
0x0000026f691d2000, 0x0000026f691ce800, 0x0000026f691cc800, 0x0000026f691d3000,
0x0000026f691cd000, 0x0000026f691ce000, 0x0000026f6787c000, 0x0000026f67879000,
0x0000026f6787f800, 0x0000026f6787b800, 0x0000026f67879800, 0x0000026f67880000,
0x0000026f6787a800, 0x0000026f67883800, 0x0000026f67886800, 0x0000026f67882000,
0x0000026f67881000, 0x0000026f67885000, 0x0000026f67884800, 0x0000026f67882800,
0x0000026f67886000, 0x0000026f67887800, 0x0000026f6997e000, 0x0000026f69978800,
0x0000026f6997a000, 0x0000026f6997b000, 0x0000026f6997b800, 0x0000026f6997c800,
0x0000026f6997d800, 0x0000026f69979800, 0x0000026f69984800, 0x0000026f69980800,
0x0000026f69980000, 0x0000026f6997f000, 0x0000026f69986800, 0x0000026f69987000,
0x0000026f69981800, 0x0000026f69982800, 0x0000026f69983000, 0x0000026f69984000,
0x0000026f69985800, 0x0000026f67f76800, 0x0000026f67f77800, 0x0000026f67f72000,
0x0000026f67f72800, 0x0000026f67f76000, 0x0000026f67f74800, 0x0000026f67f78800,
0x0000026f67f79000, 0x0000026f67f73800, 0x0000026f67f7a000, 0x0000026f67f7b000,
0x0000026f67f75000, 0x0000026f67f7b800, 0x0000026f67f7c800, 0x0000026f67f80800,
0x0000026f67f7f000, 0x0000026f67f7d800, 0x0000026f67f7e000, 0x0000026f67f7f800,
0x0000026f6b972800, 0x0000026f6b973000, 0x0000026f6b974000, 0x0000026f6b974800,
0x0000026f6b975800, 0x0000026f6b971800, 0x0000026f6b976800, 0x0000026f6b970800,
0x0000026f6b978000, 0x0000026f6b97d000, 0x0000026f6b979000, 0x0000026f6b97a800,
0x0000026f6b97c000, 0x0000026f6b97b800, 0x0000026f6b979800, 0x0000026f6b977000,
0x0000026f6b97e800, 0x0000026f6b97d800, 0x0000026f6b97f800, 0x0000026f6b433800,
0x0000026f6b435000, 0x0000026f6b436000, 0x0000026f6b430800, 0x0000026f6b432800,
0x0000026f6b434800, 0x0000026f6b437000, 0x0000026f6b431000, 0x0000026f6b437800,
0x0000026f6b432000, 0x0000026f6b43e000, 0x0000026f6b43b000, 0x0000026f6b438800,
0x0000026f6b439800, 0x0000026f6b43f000, 0x0000026f6b43b800, 0x0000026f6b43a000,
0x0000026f6b43c800, 0x0000026f6b43d800, 0x0000026f6baa6000, 0x0000026f6baa7000,
0x0000026f6baa7800, 0x0000026f6baa9000, 0x0000026f6baa4800, 0x0000026f6baa8800,
0x0000026f6baa3800, 0x0000026f6baaa000, 0x0000026f6baab000, 0x0000026f6baa5000,
0x0000026f6baaf000, 0x0000026f6bab0000, 0x0000026f6baac800, 0x0000026f6bab0800,
0x0000026f6bab1800, 0x0000026f6baad800, 0x0000026f6baab800, 0x0000026f6baae000,
0x0000026f6bab2000, 0x0000026f6b4ea800, 0x0000026f6b4eb800, 0x0000026f6b4ec800,
0x0000026f6b4ed000, 0x0000026f6b4ee000, 0x0000026f6b4e8000, 0x0000026f6b4ea000,
0x0000026f6b4ee800, 0x0000026f6b4e9000, 0x0000026f6b4f3000, 0x0000026f6b4ef800,
0x0000026f6b4f4800, 0x0000026f6b4f6000, 0x0000026f6b4f0800
}

Java Threads: ( => current thread )
  0x0000026f4afab800 JavaThread "main" [_thread_blocked, id=2456, stack(0x000000c8b2c00000,0x000000c8b2d00000)]
  0x0000026f66942000 JavaThread "Reference Handler" daemon [_thread_blocked, id=1036, stack(0x000000c8b3300000,0x000000c8b3400000)]
  0x0000026f66945800 JavaThread "Finalizer" daemon [_thread_blocked, id=1688, stack(0x000000c8b3400000,0x000000c8b3500000)]
  0x0000026f66960000 JavaThread "Signal Dispatcher" daemon [_thread_blocked, id=4140, stack(0x000000c8b3500000,0x000000c8b3600000)]
  0x0000026f66961000 JavaThread "Attach Listener" daemon [_thread_blocked, id=9008, stack(0x000000c8b3600000,0x000000c8b3700000)]
=>0x0000026f66962000 JavaThread "C2 CompilerThread0" daemon [_thread_in_native, id=1044, stack(0x000000c8b3700000,0x000000c8b3800000)]
  0x0000026f6696c800 JavaThread "C1 CompilerThread0" daemon [_thread_in_vm, id=2584, stack(0x000000c8b3800000,0x000000c8b3900000)]
  0x0000026f66970000 JavaThread "Sweeper thread" daemon [_thread_blocked, id=1920, stack(0x000000c8b3900000,0x000000c8b3a00000)]
  0x0000026f67424000 JavaThread "Common-Cleaner" daemon [_thread_blocked, id=4176, stack(0x000000c8b3a00000,0x000000c8b3b00000)]
  0x0000026f67450800 JavaThread "Service Thread" daemon [_thread_blocked, id=9076, stack(0x000000c8b3b00000,0x000000c8b3c00000)]
  0x0000026f690e4000 JavaThread "Daemon health stats" [_thread_blocked, id=5172, stack(0x000000c8b3f00000,0x000000c8b4000000)]
  0x0000026f69121800 JavaThread "Incoming local TCP Connector on port 53594" [_thread_in_native, id=7332, stack(0x000000c8b4100000,0x000000c8b4200000)]
  0x0000026f6839c800 JavaThread "Daemon periodic checks" [_thread_blocked, id=7936, stack(0x000000c8b4200000,0x000000c8b4300000)]
  0x0000026f6872e800 JavaThread "Daemon" [_thread_blocked, id=8112, stack(0x000000c8b4300000,0x000000c8b4400000)]
  0x0000026f67f6a000 JavaThread "Handler for socket connection from /127.0.0.1:53594 to /127.0.0.1:53595" [_thread_in_native, id=7496, stack(0x000000c8b4400000,0x000000c8b4500000)]
  0x0000026f68794800 JavaThread "Cancel handler" [_thread_blocked, id=1296, stack(0x000000c8b4500000,0x000000c8b4600000)]
  0x0000026f67f0c800 JavaThread "Daemon worker" [_thread_in_Java, id=780, stack(0x000000c8b4600000,0x000000c8b4700000)]
  0x0000026f681a2000 JavaThread "Asynchronous log dispatcher for DefaultDaemonConnection: socket connection from /127.0.0.1:53594 to /127.0.0.1:53595" [_thread_blocked, id=6532, stack(0x000000c8b4700000,0x000000c8b4800000)]
  0x0000026f68c36000 JavaThread "Stdin handler" [_thread_blocked, id=1780, stack(0x000000c8b4800000,0x000000c8b4900000)]
  0x0000026f6891b000 JavaThread "Thread-8" [_thread_blocked, id=4504, stack(0x000000c8b4900000,0x000000c8b4a00000)]
  0x0000026f691d0800 JavaThread "Cache worker for file hash cache (C:\Users\Home\.gradle\caches\6.7.1\fileHashes)" [_thread_blocked, id=7924, stack(0x000000c8b4c00000,0x000000c8b4d00000)]
  0x0000026f691d1000 JavaThread "File lock request listener" [_thread_in_native, id=5740, stack(0x000000c8b4d00000,0x000000c8b4e00000)]
  0x0000026f691cf800 JavaThread "Cache worker for journal cache (C:\Users\Home\.gradle\caches\journal-1)" [_thread_blocked, id=6328, stack(0x000000c8b4e00000,0x000000c8b4f00000)]
  0x0000026f68501000 JavaThread "C2 CompilerThread1" daemon [_thread_in_native, id=7304, stack(0x000000c8b4f00000,0x000000c8b5000000)]
  0x0000026f691d2000 JavaThread "Cache worker for file hash cache (D:\AndroidProjects\TipTime\.gradle\6.7.1\fileHashes)" [_thread_blocked, id=8616, stack(0x000000c8b5000000,0x000000c8b5100000)]
  0x0000026f691ce800 JavaThread "Cache worker for checksums cache (D:\AndroidProjects\TipTime\.gradle\checksums)" [_thread_blocked, id=8876, stack(0x000000c8b5100000,0x000000c8b5200000)]
  0x0000026f691cc800 JavaThread "Cache worker for cache directory md-supplier (C:\Users\Home\.gradle\caches\6.7.1\md-supplier)" [_thread_blocked, id=5096, stack(0x000000c8b5200000,0x000000c8b5300000)]
  0x0000026f691d3000 JavaThread "Cache worker for cache directory md-rule (C:\Users\Home\.gradle\caches\6.7.1\md-rule)" [_thread_blocked, id=2532, stack(0x000000c8b5300000,0x000000c8b5400000)]
  0x0000026f691cd000 JavaThread "Cache worker for execution history cache (C:\Users\Home\.gradle\caches\6.7.1\executionHistory)" [_thread_blocked, id=6280, stack(0x000000c8b5400000,0x000000c8b5500000)]
  0x0000026f691ce000 JavaThread "jar transforms" [_thread_blocked, id=1852, stack(0x000000c8b5500000,0x000000c8b5600000)]
  0x0000026f6787c000 JavaThread "Cache worker for file content cache (C:\Users\Home\.gradle\caches\6.7.1\fileContent)" [_thread_blocked, id=3204, stack(0x000000c8b5600000,0x000000c8b5700000)]
  0x0000026f67879000 JavaThread "Cache worker for Build Output Cleanup Cache (D:\AndroidProjects\TipTime\.gradle\buildOutputCleanup)" [_thread_blocked, id=8208, stack(0x000000c8b5700000,0x000000c8b5800000)]
  0x0000026f6787f800 JavaThread "Build operations" [_thread_blocked, id=1068, stack(0x000000c8b5800000,0x000000c8b5900000)]
  0x0000026f6787b800 JavaThread "Build operations Thread 2" [_thread_blocked, id=2628, stack(0x000000c8b5900000,0x000000c8b5a00000)]
  0x0000026f67879800 JavaThread "Build operations Thread 3" [_thread_blocked, id=6908, stack(0x000000c8b5a00000,0x000000c8b5b00000)]
  0x0000026f67880000 JavaThread "Build operations Thread 4" [_thread_blocked, id=4124, stack(0x000000c8b5b00000,0x000000c8b5c00000)]
  0x0000026f6787a800 JavaThread "jar transforms Thread 2" [_thread_blocked, id=8584, stack(0x000000c8b5c00000,0x000000c8b5d00000)]
  0x0000026f67883800 JavaThread "jar transforms Thread 3" [_thread_blocked, id=1700, stack(0x000000c8b5d00000,0x000000c8b5e00000)]
  0x0000026f67886800 JavaThread "jar transforms Thread 4" [_thread_blocked, id=8572, stack(0x000000c8b5e00000,0x000000c8b5f00000)]
  0x0000026f67882000 JavaThread "jar transforms Thread 5" [_thread_blocked, id=8956, stack(0x000000c8b5f00000,0x000000c8b6000000)]
  0x0000026f67881000 JavaThread "jar transforms Thread 6" [_thread_blocked, id=3436, stack(0x000000c8b6000000,0x000000c8b6100000)]
  0x0000026f67885000 JavaThread "jar transforms Thread 7" [_thread_blocked, id=1864, stack(0x000000c8b6100000,0x000000c8b6200000)]
  0x0000026f67884800 JavaThread "jar transforms Thread 8" [_thread_blocked, id=2548, stack(0x000000c8b6200000,0x000000c8b6300000)]
  0x0000026f67882800 JavaThread "jar transforms Thread 9" [_thread_blocked, id=8528, stack(0x000000c8b6300000,0x000000c8b6400000)]
  0x0000026f67886000 JavaThread "jar transforms Thread 10" [_thread_blocked, id=7976, stack(0x000000c8b6400000,0x000000c8b6500000)]
  0x0000026f67887800 JavaThread "jar transforms Thread 11" [_thread_blocked, id=3696, stack(0x000000c8b6500000,0x000000c8b6600000)]
  0x0000026f6997e000 JavaThread "jar transforms Thread 12" [_thread_blocked, id=9156, stack(0x000000c8b6600000,0x000000c8b6700000)]
  0x0000026f69978800 JavaThread "jar transforms Thread 13" [_thread_blocked, id=2536, stack(0x000000c8b6700000,0x000000c8b6800000)]
  0x0000026f6997a000 JavaThread "jar transforms Thread 14" [_thread_blocked, id=5068, stack(0x000000c8b6800000,0x000000c8b6900000)]
  0x0000026f6997b000 JavaThread "jar transforms Thread 15" [_thread_blocked, id=8604, stack(0x000000c8b6900000,0x000000c8b6a00000)]
  0x0000026f6997b800 JavaThread "jar transforms Thread 16" [_thread_blocked, id=6524, stack(0x000000c8b6a00000,0x000000c8b6b00000)]
  0x0000026f6997c800 JavaThread "jar transforms Thread 17" [_thread_blocked, id=5440, stack(0x000000c8b6b00000,0x000000c8b6c00000)]
  0x0000026f6997d800 JavaThread "jar transforms Thread 18" [_thread_blocked, id=420, stack(0x000000c8b6c00000,0x000000c8b6d00000)]
  0x0000026f69979800 JavaThread "jar transforms Thread 19" [_thread_blocked, id=1272, stack(0x000000c8b6d00000,0x000000c8b6e00000)]
  0x0000026f69984800 JavaThread "jar transforms Thread 20" [_thread_blocked, id=1908, stack(0x000000c8b6e00000,0x000000c8b6f00000)]
  0x0000026f69980800 JavaThread "jar transforms Thread 21" [_thread_blocked, id=7036, stack(0x000000c8b6f00000,0x000000c8b7000000)]
  0x0000026f69980000 JavaThread "jar transforms Thread 22" [_thread_blocked, id=3260, stack(0x000000c8b7000000,0x000000c8b7100000)]
  0x0000026f6997f000 JavaThread "jar transforms Thread 23" [_thread_blocked, id=5928, stack(0x000000c8b7100000,0x000000c8b7200000)]
  0x0000026f69986800 JavaThread "jar transforms Thread 24" [_thread_blocked, id=2820, stack(0x000000c8b7200000,0x000000c8b7300000)]
  0x0000026f69987000 JavaThread "jar transforms Thread 25" [_thread_blocked, id=6112, stack(0x000000c8b7300000,0x000000c8b7400000)]
  0x0000026f69981800 JavaThread "jar transforms Thread 26" [_thread_blocked, id=6424, stack(0x000000c8b7400000,0x000000c8b7500000)]
  0x0000026f69982800 JavaThread "jar transforms Thread 27" [_thread_blocked, id=7636, stack(0x000000c8b7500000,0x000000c8b7600000)]
  0x0000026f69983000 JavaThread "jar transforms Thread 28" [_thread_blocked, id=2100, stack(0x000000c8b7600000,0x000000c8b7700000)]
  0x0000026f69984000 JavaThread "jar transforms Thread 29" [_thread_blocked, id=332, stack(0x000000c8b7700000,0x000000c8b7800000)]
  0x0000026f69985800 JavaThread "jar transforms Thread 30" [_thread_blocked, id=7340, stack(0x000000c8b7800000,0x000000c8b7900000)]
  0x0000026f67f76800 JavaThread "jar transforms Thread 31" [_thread_blocked, id=3404, stack(0x000000c8b7900000,0x000000c8b7a00000)]
  0x0000026f67f77800 JavaThread "jar transforms Thread 32" [_thread_blocked, id=4444, stack(0x000000c8b7a00000,0x000000c8b7b00000)]
  0x0000026f67f72000 JavaThread "jar transforms Thread 33" [_thread_blocked, id=5964, stack(0x000000c8b7b00000,0x000000c8b7c00000)]
  0x0000026f67f72800 JavaThread "jar transforms Thread 34" [_thread_blocked, id=7776, stack(0x000000c8b7c00000,0x000000c8b7d00000)]
  0x0000026f67f76000 JavaThread "jar transforms Thread 35" [_thread_blocked, id=120, stack(0x000000c8b7d00000,0x000000c8b7e00000)]
  0x0000026f67f74800 JavaThread "jar transforms Thread 36" [_thread_blocked, id=3720, stack(0x000000c8b7e00000,0x000000c8b7f00000)]
  0x0000026f67f78800 JavaThread "jar transforms Thread 37" [_thread_blocked, id=1704, stack(0x000000c8b7f00000,0x000000c8b8000000)]
  0x0000026f67f79000 JavaThread "jar transforms Thread 38" [_thread_blocked, id=7384, stack(0x000000c8b8000000,0x000000c8b8100000)]
  0x0000026f67f73800 JavaThread "jar transforms Thread 39" [_thread_blocked, id=5948, stack(0x000000c8b8100000,0x000000c8b8200000)]
  0x0000026f67f7a000 JavaThread "jar transforms Thread 40" [_thread_blocked, id=672, stack(0x000000c8b8200000,0x000000c8b8300000)]
  0x0000026f67f7b000 JavaThread "jar transforms Thread 41" [_thread_blocked, id=5472, stack(0x000000c8b8300000,0x000000c8b8400000)]
  0x0000026f67f75000 JavaThread "jar transforms Thread 42" [_thread_blocked, id=3320, stack(0x000000c8b8400000,0x000000c8b8500000)]
  0x0000026f67f7b800 JavaThread "jar transforms Thread 43" [_thread_blocked, id=5980, stack(0x000000c8b8500000,0x000000c8b8600000)]
  0x0000026f67f7c800 JavaThread "jar transforms Thread 44" [_thread_blocked, id=4220, stack(0x000000c8b8600000,0x000000c8b8700000)]
  0x0000026f67f80800 JavaThread "jar transforms Thread 45" [_thread_blocked, id=8744, stack(0x000000c8b8700000,0x000000c8b8800000)]
  0x0000026f67f7f000 JavaThread "jar transforms Thread 46" [_thread_blocked, id=3156, stack(0x000000c8b8800000,0x000000c8b8900000)]
  0x0000026f67f7d800 JavaThread "jar transforms Thread 47" [_thread_blocked, id=4708, stack(0x000000c8b8900000,0x000000c8b8a00000)]
  0x0000026f67f7e000 JavaThread "jar transforms Thread 48" [_thread_blocked, id=2116, stack(0x000000c8b8a00000,0x000000c8b8b00000)]
  0x0000026f67f7f800 JavaThread "jar transforms Thread 49" [_thread_blocked, id=8696, stack(0x000000c8b8b00000,0x000000c8b8c00000)]
  0x0000026f6b972800 JavaThread "jar transforms Thread 50" [_thread_blocked, id=2664, stack(0x000000c8b8c00000,0x000000c8b8d00000)]
  0x0000026f6b973000 JavaThread "jar transforms Thread 51" [_thread_blocked, id=4548, stack(0x000000c8b8d00000,0x000000c8b8e00000)]
  0x0000026f6b974000 JavaThread "jar transforms Thread 52" [_thread_blocked, id=5772, stack(0x000000c8b8e00000,0x000000c8b8f00000)]
  0x0000026f6b974800 JavaThread "jar transforms Thread 53" [_thread_blocked, id=384, stack(0x000000c8b8f00000,0x000000c8b9000000)]
  0x0000026f6b975800 JavaThread "jar transforms Thread 54" [_thread_blocked, id=7024, stack(0x000000c8b9000000,0x000000c8b9100000)]
  0x0000026f6b971800 JavaThread "jar transforms Thread 55" [_thread_blocked, id=1552, stack(0x000000c8b9100000,0x000000c8b9200000)]
  0x0000026f6b976800 JavaThread "jar transforms Thread 56" [_thread_blocked, id=3196, stack(0x000000c8b9200000,0x000000c8b9300000)]
  0x0000026f6b970800 JavaThread "jar transforms Thread 57" [_thread_blocked, id=5908, stack(0x000000c8b9300000,0x000000c8b9400000)]
  0x0000026f6b978000 JavaThread "jar transforms Thread 58" [_thread_blocked, id=5688, stack(0x000000c8b9400000,0x000000c8b9500000)]
  0x0000026f6b97d000 JavaThread "jar transforms Thread 59" [_thread_blocked, id=2816, stack(0x000000c8b9500000,0x000000c8b9600000)]
  0x0000026f6b979000 JavaThread "jar transforms Thread 60" [_thread_blocked, id=4036, stack(0x000000c8b9600000,0x000000c8b9700000)]
  0x0000026f6b97a800 JavaThread "jar transforms Thread 61" [_thread_blocked, id=1896, stack(0x000000c8b9700000,0x000000c8b9800000)]
  0x0000026f6b97c000 JavaThread "jar transforms Thread 62" [_thread_blocked, id=3532, stack(0x000000c8b9800000,0x000000c8b9900000)]
  0x0000026f6b97b800 JavaThread "jar transforms Thread 63" [_thread_blocked, id=3200, stack(0x000000c8b9900000,0x000000c8b9a00000)]
  0x0000026f6b979800 JavaThread "jar transforms Thread 64" [_thread_blocked, id=5036, stack(0x000000c8b9a00000,0x000000c8b9b00000)]
  0x0000026f6b977000 JavaThread "jar transforms Thread 65" [_thread_blocked, id=5380, stack(0x000000c8b9b00000,0x000000c8b9c00000)]
  0x0000026f6b97e800 JavaThread "jar transforms Thread 66" [_thread_blocked, id=2528, stack(0x000000c8b9c00000,0x000000c8b9d00000)]
  0x0000026f6b97d800 JavaThread "jar transforms Thread 67" [_thread_blocked, id=5564, stack(0x000000c8b9d00000,0x000000c8b9e00000)]
  0x0000026f6b97f800 JavaThread "jar transforms Thread 68" [_thread_blocked, id=3980, stack(0x000000c8b9e00000,0x000000c8b9f00000)]
  0x0000026f6b433800 JavaThread "jar transforms Thread 69" [_thread_blocked, id=5708, stack(0x000000c8b9f00000,0x000000c8ba000000)]
  0x0000026f6b435000 JavaThread "jar transforms Thread 70" [_thread_blocked, id=1860, stack(0x000000c8ba000000,0x000000c8ba100000)]
  0x0000026f6b436000 JavaThread "jar transforms Thread 71" [_thread_blocked, id=840, stack(0x000000c8ba100000,0x000000c8ba200000)]
  0x0000026f6b430800 JavaThread "jar transforms Thread 72" [_thread_blocked, id=3056, stack(0x000000c8ba200000,0x000000c8ba300000)]
  0x0000026f6b432800 JavaThread "jar transforms Thread 73" [_thread_blocked, id=2220, stack(0x000000c8ba300000,0x000000c8ba400000)]
  0x0000026f6b434800 JavaThread "jar transforms Thread 74" [_thread_blocked, id=7040, stack(0x000000c8ba400000,0x000000c8ba500000)]
  0x0000026f6b437000 JavaThread "jar transforms Thread 75" [_thread_blocked, id=7528, stack(0x000000c8ba500000,0x000000c8ba600000)]
  0x0000026f6b431000 JavaThread "jar transforms Thread 76" [_thread_blocked, id=536, stack(0x000000c8ba600000,0x000000c8ba700000)]
  0x0000026f6b437800 JavaThread "jar transforms Thread 77" [_thread_blocked, id=2284, stack(0x000000c8ba700000,0x000000c8ba800000)]
  0x0000026f6b432000 JavaThread "jar transforms Thread 78" [_thread_blocked, id=6496, stack(0x000000c8ba800000,0x000000c8ba900000)]
  0x0000026f6b43e000 JavaThread "jar transforms Thread 79" [_thread_blocked, id=2476, stack(0x000000c8ba900000,0x000000c8baa00000)]
  0x0000026f6b43b000 JavaThread "jar transforms Thread 80" [_thread_blocked, id=5116, stack(0x000000c8baa00000,0x000000c8bab00000)]
  0x0000026f6b438800 JavaThread "jar transforms Thread 81" [_thread_blocked, id=5436, stack(0x000000c8bab00000,0x000000c8bac00000)]
  0x0000026f6b439800 JavaThread "jar transforms Thread 82" [_thread_blocked, id=4832, stack(0x000000c8bac00000,0x000000c8bad00000)]
  0x0000026f6b43f000 JavaThread "jar transforms Thread 83" [_thread_blocked, id=8328, stack(0x000000c8bad00000,0x000000c8bae00000)]
  0x0000026f6b43b800 JavaThread "jar transforms Thread 84" [_thread_blocked, id=8812, stack(0x000000c8bae00000,0x000000c8baf00000)]
  0x0000026f6b43a000 JavaThread "jar transforms Thread 85" [_thread_blocked, id=180, stack(0x000000c8baf00000,0x000000c8bb000000)]
  0x0000026f6b43c800 JavaThread "jar transforms Thread 86" [_thread_blocked, id=6540, stack(0x000000c8bb000000,0x000000c8bb100000)]
  0x0000026f6b43d800 JavaThread "jar transforms Thread 87" [_thread_blocked, id=4068, stack(0x000000c8bb100000,0x000000c8bb200000)]
  0x0000026f6baa6000 JavaThread "jar transforms Thread 88" [_thread_blocked, id=8392, stack(0x000000c8bb200000,0x000000c8bb300000)]
  0x0000026f6baa7000 JavaThread "jar transforms Thread 89" [_thread_blocked, id=6980, stack(0x000000c8bb300000,0x000000c8bb400000)]
  0x0000026f6baa7800 JavaThread "jar transforms Thread 90" [_thread_blocked, id=844, stack(0x000000c8bb400000,0x000000c8bb500000)]
  0x0000026f6baa9000 JavaThread "jar transforms Thread 91" [_thread_blocked, id=6408, stack(0x000000c8bb500000,0x000000c8bb600000)]
  0x0000026f6baa4800 JavaThread "jar transforms Thread 92" [_thread_blocked, id=8264, stack(0x000000c8bb600000,0x000000c8bb700000)]
  0x0000026f6baa8800 JavaThread "jar transforms Thread 93" [_thread_blocked, id=1492, stack(0x000000c8bb700000,0x000000c8bb800000)]
  0x0000026f6baa3800 JavaThread "jar transforms Thread 94" [_thread_blocked, id=5788, stack(0x000000c8bb800000,0x000000c8bb900000)]
  0x0000026f6baaa000 JavaThread "jar transforms Thread 95" [_thread_blocked, id=2000, stack(0x000000c8bb900000,0x000000c8bba00000)]
  0x0000026f6baab000 JavaThread "jar transforms Thread 96" [_thread_blocked, id=8832, stack(0x000000c8bba00000,0x000000c8bbb00000)]
  0x0000026f6baa5000 JavaThread "jar transforms Thread 97" [_thread_blocked, id=2812, stack(0x000000c8bbb00000,0x000000c8bbc00000)]
  0x0000026f6baaf000 JavaThread "jar transforms Thread 98" [_thread_blocked, id=4576, stack(0x000000c8bbc00000,0x000000c8bbd00000)]
  0x0000026f6bab0000 JavaThread "jar transforms Thread 99" [_thread_blocked, id=8212, stack(0x000000c8bbd00000,0x000000c8bbe00000)]
  0x0000026f6baac800 JavaThread "jar transforms Thread 100" [_thread_blocked, id=8260, stack(0x000000c8bbe00000,0x000000c8bbf00000)]
  0x0000026f6bab0800 JavaThread "jar transforms Thread 101" [_thread_blocked, id=2276, stack(0x000000c8bbf00000,0x000000c8bc000000)]
  0x0000026f6bab1800 JavaThread "jar transforms Thread 102" [_thread_blocked, id=1232, stack(0x000000c8bc000000,0x000000c8bc100000)]
  0x0000026f6baad800 JavaThread "jar transforms Thread 103" [_thread_blocked, id=1204, stack(0x000000c8bc100000,0x000000c8bc200000)]
  0x0000026f6baab800 JavaThread "jar transforms Thread 104" [_thread_blocked, id=4228, stack(0x000000c8bc200000,0x000000c8bc300000)]
  0x0000026f6baae000 JavaThread "jar transforms Thread 105" [_thread_blocked, id=9152, stack(0x000000c8bc300000,0x000000c8bc400000)]
  0x0000026f6bab2000 JavaThread "jar transforms Thread 106" [_thread_blocked, id=5384, stack(0x000000c8bc400000,0x000000c8bc500000)]
  0x0000026f6b4ea800 JavaThread "jar transforms Thread 107" [_thread_blocked, id=3548, stack(0x000000c8bc500000,0x000000c8bc600000)]
  0x0000026f6b4eb800 JavaThread "jar transforms Thread 108" [_thread_blocked, id=2500, stack(0x000000c8bc600000,0x000000c8bc700000)]
  0x0000026f6b4ec800 JavaThread "jar transforms Thread 109" [_thread_blocked, id=4156, stack(0x000000c8bc700000,0x000000c8bc800000)]
  0x0000026f6b4ed000 JavaThread "jar transforms Thread 110" [_thread_blocked, id=3368, stack(0x000000c8bc800000,0x000000c8bc900000)]
  0x0000026f6b4ee000 JavaThread "jar transforms Thread 111" [_thread_blocked, id=3560, stack(0x000000c8bc900000,0x000000c8bca00000)]
  0x0000026f6b4e8000 JavaThread "jar transforms Thread 112" [_thread_blocked, id=8908, stack(0x000000c8bca00000,0x000000c8bcb00000)]
  0x0000026f6b4ea000 JavaThread "jar transforms Thread 113" [_thread_blocked, id=5252, stack(0x000000c8bcb00000,0x000000c8bcc00000)]
  0x0000026f6b4ee800 JavaThread "jar transforms Thread 114" [_thread_blocked, id=352, stack(0x000000c8bcc00000,0x000000c8bcd00000)]
  0x0000026f6b4e9000 JavaThread "jar transforms Thread 115" [_thread_blocked, id=3032, stack(0x000000c8bcd00000,0x000000c8bce00000)]
  0x0000026f6b4f3000 JavaThread "jar transforms Thread 116" [_thread_blocked, id=640, stack(0x000000c8bce00000,0x000000c8bcf00000)]
  0x0000026f6b4ef800 JavaThread "jar transforms Thread 117" [_thread_blocked, id=3728, stack(0x000000c8bcf00000,0x000000c8bd000000)]
  0x0000026f6b4f4800 JavaThread "jar transforms Thread 118" [_thread_blocked, id=6900, stack(0x000000c8bd000000,0x000000c8bd100000)]
  0x0000026f6b4f6000 JavaThread "jar transforms Thread 119" [_thread_blocked, id=3252, stack(0x000000c8bd100000,0x000000c8bd200000)]
  0x0000026f6b4f0800 JavaThread "Memory manager" [_thread_blocked, id=4988, stack(0x000000c8bd200000,0x000000c8bd300000)]

Other Threads:
  0x0000026f66940000 VMThread "VM Thread" [stack: 0x000000c8b3200000,0x000000c8b3300000] [id=7956]
  0x0000026f67451000 WatcherThread [stack: 0x000000c8b3c00000,0x000000c8b3d00000] [id=6488]
  0x0000026f4afc4800 GCTaskThread "GC Thread#0" [stack: 0x000000c8b2d00000,0x000000c8b2e00000] [id=5696]
  0x0000026f67617000 GCTaskThread "GC Thread#1" [stack: 0x000000c8b3e00000,0x000000c8b3f00000] [id=836]
  0x0000026f68be1000 GCTaskThread "GC Thread#2" [stack: 0x000000c8b4a00000,0x000000c8b4b00000] [id=8076]
  0x0000026f68c35800 GCTaskThread "GC Thread#3" [stack: 0x000000c8b4b00000,0x000000c8b4c00000] [id=6080]
  0x0000026f4aff5800 ConcurrentGCThread "G1 Main Marker" [stack: 0x000000c8b2e00000,0x000000c8b2f00000] [id=3908]
  0x0000026f4aff7000 ConcurrentGCThread "G1 Conc#0" [stack: 0x000000c8b2f00000,0x000000c8b3000000] [id=7808]
  0x0000026f4b054000 ConcurrentGCThread "G1 Refine#0" [stack: 0x000000c8b3000000,0x000000c8b3100000] [id=804]
  0x0000026f4b055000 ConcurrentGCThread "G1 Young RemSet Sampling" [stack: 0x000000c8b3100000,0x000000c8b3200000] [id=5048]

Threads with active compile tasks:
C2 CompilerThread0  13527 6090       4       java.lang.invoke.MethodType::makeImpl (108 bytes)
C2 CompilerThread1  13528 6117       4       groovy.lang.MetaClassImpl$1MOPIter::methodNameAction (325 bytes)

VM state:not at safepoint (normal execution)

VM Mutex/Monitor currently owned by a thread: None

Heap address: 0x0000000080000000, size: 2048 MB, Compressed Oops mode: 32-bit
Narrow klass base: 0x0000000000000000, Narrow klass shift: 3
Compressed class space size: 1073741824 Address: 0x0000000100000000

Heap:
 garbage-first heap   total 133120K, used 69833K [0x0000000080000000, 0x0000000100000000)
  region size 1024K, 22 young (22528K), 6 survivors (6144K)
 Metaspace       used 67156K, capacity 68640K, committed 68992K, reserved 1110016K
  class space    used 8691K, capacity 9229K, committed 9344K, reserved 1048576K
Heap Regions: E=young(eden), S=young(survivor), O=old, HS=humongous(starts), HC=humongous(continues), CS=collection set, F=free, A=archive, TAMS=top-at-mark-start (previous, next)
|   0|0x0000000080000000, 0x0000000080100000, 0x0000000080100000|100%| O|  |TAMS 0x0000000080100000, 0x0000000080000000| Untracked 
|   1|0x0000000080100000, 0x0000000080200000, 0x0000000080200000|100%| O|  |TAMS 0x0000000080200000, 0x0000000080100000| Untracked 
|   2|0x0000000080200000, 0x0000000080300000, 0x0000000080300000|100%| O|  |TAMS 0x0000000080300000, 0x0000000080200000| Untracked 
|   3|0x0000000080300000, 0x0000000080400000, 0x0000000080400000|100%|HS|  |TAMS 0x0000000080400000, 0x0000000080300000| Complete 
|   4|0x0000000080400000, 0x0000000080500000, 0x0000000080500000|100%|HC|  |TAMS 0x0000000080500000, 0x0000000080400000| Complete 
|   5|0x0000000080500000, 0x0000000080600000, 0x0000000080600000|100%|HC|  |TAMS 0x0000000080600000, 0x0000000080500000| Complete 
|   6|0x0000000080600000, 0x0000000080700000, 0x0000000080700000|100%| O|  |TAMS 0x0000000080700000, 0x0000000080600000| Untracked 
|   7|0x0000000080700000, 0x0000000080800000, 0x0000000080800000|100%| O|  |TAMS 0x0000000080800000, 0x0000000080700000| Untracked 
|   8|0x0000000080800000, 0x0000000080900000, 0x0000000080900000|100%| O|  |TAMS 0x0000000080900000, 0x0000000080800000| Untracked 
|   9|0x0000000080900000, 0x0000000080a00000, 0x0000000080a00000|100%| O|  |TAMS 0x0000000080a00000, 0x0000000080900000| Untracked 
|  10|0x0000000080a00000, 0x0000000080b00000, 0x0000000080b00000|100%| O|  |TAMS 0x0000000080b00000, 0x0000000080a00000| Untracked 
|  11|0x0000000080b00000, 0x0000000080c00000, 0x0000000080c00000|100%| O|  |TAMS 0x0000000080c00000, 0x0000000080b00000| Untracked 
|  12|0x0000000080c00000, 0x0000000080d00000, 0x0000000080d00000|100%| O|  |TAMS 0x0000000080d00000, 0x0000000080c00000| Untracked 
|  13|0x0000000080d00000, 0x0000000080e00000, 0x0000000080e00000|100%| O|  |TAMS 0x0000000080e00000, 0x0000000080d00000| Untracked 
|  14|0x0000000080e00000, 0x0000000080f00000, 0x0000000080f00000|100%| O|  |TAMS 0x0000000080f00000, 0x0000000080e00000| Untracked 
|  15|0x0000000080f00000, 0x0000000081000000, 0x0000000081000000|100%| O|  |TAMS 0x0000000081000000, 0x0000000080f00000| Untracked 
|  16|0x0000000081000000, 0x0000000081100000, 0x0000000081100000|100%| O|  |TAMS 0x0000000081100000, 0x0000000081000000| Untracked 
|  17|0x0000000081100000, 0x0000000081200000, 0x0000000081200000|100%| O|  |TAMS 0x0000000081200000, 0x0000000081100000| Untracked 
|  18|0x0000000081200000, 0x0000000081300000, 0x0000000081300000|100%| O|  |TAMS 0x0000000081300000, 0x0000000081200000| Untracked 
|  19|0x0000000081300000, 0x0000000081400000, 0x0000000081400000|100%| O|  |TAMS 0x0000000081400000, 0x0000000081300000| Untracked 
|  20|0x0000000081400000, 0x0000000081500000, 0x0000000081500000|100%| O|  |TAMS 0x0000000081500000, 0x0000000081400000| Untracked 
|  21|0x0000000081500000, 0x0000000081600000, 0x0000000081600000|100%| O|  |TAMS 0x0000000081600000, 0x0000000081500000| Untracked 
|  22|0x0000000081600000, 0x0000000081700000, 0x0000000081700000|100%| O|  |TAMS 0x0000000081700000, 0x0000000081600000| Untracked 
|  23|0x0000000081700000, 0x0000000081800000, 0x0000000081800000|100%|HS|  |TAMS 0x0000000081800000, 0x0000000081700000| Complete 
|  24|0x0000000081800000, 0x0000000081900000, 0x0000000081900000|100%|HS|  |TAMS 0x0000000081900000, 0x0000000081800000| Complete 
|  25|0x0000000081900000, 0x0000000081a00000, 0x0000000081a00000|100%|HS|  |TAMS 0x0000000081a00000, 0x0000000081900000| Complete 
|  26|0x0000000081a00000, 0x0000000081b00000, 0x0000000081b00000|100%|HC|  |TAMS 0x0000000081b00000, 0x0000000081a00000| Complete 
|  27|0x0000000081b00000, 0x0000000081c00000, 0x0000000081c00000|100%|HC|  |TAMS 0x0000000081c00000, 0x0000000081b00000| Complete 
|  28|0x0000000081c00000, 0x0000000081d00000, 0x0000000081d00000|100%|HS|  |TAMS 0x0000000081d00000, 0x0000000081c00000| Complete 
|  29|0x0000000081d00000, 0x0000000081e00000, 0x0000000081e00000|100%|HC|  |TAMS 0x0000000081e00000, 0x0000000081d00000| Complete 
|  30|0x0000000081e00000, 0x0000000081f00000, 0x0000000081f00000|100%| O|  |TAMS 0x0000000081f00000, 0x0000000081e00000| Untracked 
|  31|0x0000000081f00000, 0x0000000082000000, 0x0000000082000000|100%| O|  |TAMS 0x0000000082000000, 0x0000000081f00000| Untracked 
|  32|0x0000000082000000, 0x0000000082100000, 0x0000000082100000|100%| O|  |TAMS 0x0000000082100000, 0x0000000082000000| Untracked 
|  33|0x0000000082100000, 0x0000000082200000, 0x0000000082200000|100%| O|  |TAMS 0x0000000082200000, 0x0000000082100000| Untracked 
|  34|0x0000000082200000, 0x0000000082300000, 0x0000000082300000|100%| O|  |TAMS 0x0000000082300000, 0x0000000082200000| Untracked 
|  35|0x0000000082300000, 0x0000000082400000, 0x0000000082400000|100%| O|  |TAMS 0x0000000082400000, 0x0000000082300000| Untracked 
|  36|0x0000000082400000, 0x0000000082500000, 0x0000000082500000|100%| O|  |TAMS 0x0000000082500000, 0x0000000082400000| Untracked 
|  37|0x0000000082500000, 0x0000000082600000, 0x0000000082600000|100%| O|  |TAMS 0x0000000082600000, 0x0000000082500000| Untracked 
|  38|0x0000000082600000, 0x0000000082700000, 0x0000000082700000|100%| O|  |TAMS 0x0000000082700000, 0x0000000082600000| Untracked 
|  39|0x0000000082700000, 0x0000000082800000, 0x0000000082800000|100%| O|  |TAMS 0x0000000082800000, 0x0000000082700000| Untracked 
|  40|0x0000000082800000, 0x0000000082900000, 0x0000000082900000|100%| O|  |TAMS 0x0000000082900000, 0x0000000082800000| Untracked 
|  41|0x0000000082900000, 0x0000000082a00000, 0x0000000082a00000|100%| O|  |TAMS 0x0000000082a00000, 0x0000000082900000| Untracked 
|  42|0x0000000082a00000, 0x0000000082b00000, 0x0000000082b00000|100%| O|  |TAMS 0x0000000082a00000, 0x0000000082a00000| Untracked 
|  43|0x0000000082b00000, 0x0000000082c00000, 0x0000000082c00000|100%| O|  |TAMS 0x0000000082c00000, 0x0000000082b00000| Untracked 
|  44|0x0000000082c00000, 0x0000000082d00000, 0x0000000082d00000|100%| O|  |TAMS 0x0000000082c0a400, 0x0000000082c00000| Untracked 
|  45|0x0000000082d00000, 0x0000000082e00000, 0x0000000082e00000|100%| O|  |TAMS 0x0000000082d00000, 0x0000000082d00000| Untracked 
|  46|0x0000000082e00000, 0x0000000082f00000, 0x0000000082f00000|100%| O|  |TAMS 0x0000000082e00000, 0x0000000082e00000| Untracked 
|  47|0x0000000082f00000, 0x0000000082f90c00, 0x0000000083000000| 56%| O|  |TAMS 0x0000000082f00000, 0x0000000082f00000| Untracked 
|  48|0x0000000083000000, 0x0000000083000000, 0x0000000083100000|  0%| F|  |TAMS 0x0000000083000000, 0x0000000083000000| Untracked 
|  49|0x0000000083100000, 0x0000000083100000, 0x0000000083200000|  0%| F|  |TAMS 0x0000000083100000, 0x0000000083100000| Untracked 
|  50|0x0000000083200000, 0x0000000083200000, 0x0000000083300000|  0%| F|  |TAMS 0x0000000083200000, 0x0000000083200000| Untracked 
|  51|0x0000000083300000, 0x0000000083300000, 0x0000000083400000|  0%| F|  |TAMS 0x0000000083300000, 0x0000000083300000| Untracked 
|  52|0x0000000083400000, 0x0000000083400000, 0x0000000083500000|  0%| F|  |TAMS 0x0000000083400000, 0x0000000083400000| Untracked 
|  53|0x0000000083500000, 0x0000000083500000, 0x0000000083600000|  0%| F|  |TAMS 0x0000000083500000, 0x0000000083500000| Untracked 
|  54|0x0000000083600000, 0x0000000083600000, 0x0000000083700000|  0%| F|  |TAMS 0x0000000083600000, 0x0000000083600000| Untracked 
|  55|0x0000000083700000, 0x0000000083700000, 0x0000000083800000|  0%| F|  |TAMS 0x0000000083700000, 0x0000000083700000| Untracked 
|  56|0x0000000083800000, 0x0000000083800000, 0x0000000083900000|  0%| F|  |TAMS 0x0000000083800000, 0x0000000083800000| Untracked 
|  57|0x0000000083900000, 0x0000000083900000, 0x0000000083a00000|  0%| F|  |TAMS 0x0000000083900000, 0x0000000083900000| Untracked 
|  58|0x0000000083a00000, 0x0000000083a00000, 0x0000000083b00000|  0%| F|  |TAMS 0x0000000083a00000, 0x0000000083a00000| Untracked 
|  59|0x0000000083b00000, 0x0000000083b00000, 0x0000000083c00000|  0%| F|  |TAMS 0x0000000083b00000, 0x0000000083b00000| Untracked 
|  60|0x0000000083c00000, 0x0000000083c00000, 0x0000000083d00000|  0%| F|  |TAMS 0x0000000083c00000, 0x0000000083c00000| Untracked 
|  61|0x0000000083d00000, 0x0000000083d00000, 0x0000000083e00000|  0%| F|  |TAMS 0x0000000083d00000, 0x0000000083d00000| Untracked 
|  62|0x0000000083e00000, 0x0000000083e00000, 0x0000000083f00000|  0%| F|  |TAMS 0x0000000083e00000, 0x0000000083e00000| Untracked 
|  63|0x0000000083f00000, 0x0000000083f00000, 0x0000000084000000|  0%| F|  |TAMS 0x0000000083f00000, 0x0000000083f00000| Untracked 
|  64|0x0000000084000000, 0x0000000084000000, 0x0000000084100000|  0%| F|  |TAMS 0x0000000084000000, 0x0000000084000000| Untracked 
|  65|0x0000000084100000, 0x0000000084100000, 0x0000000084200000|  0%| F|  |TAMS 0x0000000084100000, 0x0000000084100000| Untracked 
|  66|0x0000000084200000, 0x0000000084200000, 0x0000000084300000|  0%| F|  |TAMS 0x0000000084200000, 0x0000000084200000| Untracked 
|  67|0x0000000084300000, 0x0000000084300000, 0x0000000084400000|  0%| F|  |TAMS 0x0000000084300000, 0x0000000084300000| Untracked 
|  68|0x0000000084400000, 0x0000000084400000, 0x0000000084500000|  0%| F|  |TAMS 0x0000000084400000, 0x0000000084400000| Untracked 
|  69|0x0000000084500000, 0x0000000084500000, 0x0000000084600000|  0%| F|  |TAMS 0x0000000084500000, 0x0000000084500000| Untracked 
|  70|0x0000000084600000, 0x0000000084600000, 0x0000000084700000|  0%| F|  |TAMS 0x0000000084600000, 0x0000000084600000| Untracked 
|  71|0x0000000084700000, 0x0000000084700000, 0x0000000084800000|  0%| F|  |TAMS 0x0000000084700000, 0x0000000084700000| Untracked 
|  72|0x0000000084800000, 0x0000000084800000, 0x0000000084900000|  0%| F|  |TAMS 0x0000000084800000, 0x0000000084800000| Untracked 
|  73|0x0000000084900000, 0x0000000084900000, 0x0000000084a00000|  0%| F|  |TAMS 0x0000000084900000, 0x0000000084900000| Untracked 
|  74|0x0000000084a00000, 0x0000000084a00000, 0x0000000084b00000|  0%| F|  |TAMS 0x0000000084a00000, 0x0000000084a00000| Untracked 
|  75|0x0000000084b00000, 0x0000000084b00000, 0x0000000084c00000|  0%| F|  |TAMS 0x0000000084b00000, 0x0000000084b00000| Untracked 
|  76|0x0000000084c00000, 0x0000000084c00000, 0x0000000084d00000|  0%| F|  |TAMS 0x0000000084c00000, 0x0000000084c00000| Untracked 
|  77|0x0000000084d00000, 0x0000000084d00000, 0x0000000084e00000|  0%| F|  |TAMS 0x0000000084d00000, 0x0000000084d00000| Untracked 
|  78|0x0000000084e00000, 0x0000000084e00000, 0x0000000084f00000|  0%| F|  |TAMS 0x0000000084e00000, 0x0000000084e00000| Untracked 
|  79|0x0000000084f00000, 0x0000000084f00000, 0x0000000085000000|  0%| F|  |TAMS 0x0000000084f00000, 0x0000000084f00000| Untracked 
|  80|0x0000000085000000, 0x00000000850a1a00, 0x0000000085100000| 63%| S|CS|TAMS 0x0000000085000000, 0x0000000085000000| Complete 
|  81|0x0000000085100000, 0x0000000085200000, 0x0000000085200000|100%| S|CS|TAMS 0x0000000085100000, 0x0000000085100000| Complete 
|  82|0x0000000085200000, 0x0000000085300000, 0x0000000085300000|100%| S|CS|TAMS 0x0000000085200000, 0x0000000085200000| Complete 
|  83|0x0000000085300000, 0x0000000085400000, 0x0000000085400000|100%| S|CS|TAMS 0x0000000085300000, 0x0000000085300000| Complete 
|  84|0x0000000085400000, 0x0000000085500000, 0x0000000085500000|100%| S|CS|TAMS 0x0000000085400000, 0x0000000085400000| Complete 
|  85|0x0000000085500000, 0x0000000085600000, 0x0000000085600000|100%| S|CS|TAMS 0x0000000085500000, 0x0000000085500000| Complete 
|  86|0x0000000085600000, 0x0000000085600000, 0x0000000085700000|  0%| F|  |TAMS 0x0000000085600000, 0x0000000085600000| Untracked 
|  87|0x0000000085700000, 0x0000000085700000, 0x0000000085800000|  0%| F|  |TAMS 0x0000000085700000, 0x0000000085700000| Untracked 
|  88|0x0000000085800000, 0x0000000085800000, 0x0000000085900000|  0%| F|  |TAMS 0x0000000085800000, 0x0000000085800000| Untracked 
|  89|0x0000000085900000, 0x0000000085900000, 0x0000000085a00000|  0%| F|  |TAMS 0x0000000085900000, 0x0000000085900000| Untracked 
|  90|0x0000000085a00000, 0x0000000085a00000, 0x0000000085b00000|  0%| F|  |TAMS 0x0000000085a00000, 0x0000000085a00000| Untracked 
|  91|0x0000000085b00000, 0x0000000085b00000, 0x0000000085c00000|  0%| F|  |TAMS 0x0000000085b00000, 0x0000000085b00000| Untracked 
|  92|0x0000000085c00000, 0x0000000085c00000, 0x0000000085d00000|  0%| F|  |TAMS 0x0000000085c00000, 0x0000000085c00000| Untracked 
|  93|0x0000000085d00000, 0x0000000085d00000, 0x0000000085e00000|  0%| F|  |TAMS 0x0000000085d00000, 0x0000000085d00000| Untracked 
|  94|0x0000000085e00000, 0x0000000085e00000, 0x0000000085f00000|  0%| F|  |TAMS 0x0000000085e00000, 0x0000000085e00000| Untracked 
|  95|0x0000000085f00000, 0x0000000085f00000, 0x0000000086000000|  0%| F|  |TAMS 0x0000000085f00000, 0x0000000085f00000| Untracked 
|  96|0x0000000086000000, 0x0000000086000000, 0x0000000086100000|  0%| F|  |TAMS 0x0000000086000000, 0x0000000086000000| Untracked 
|  97|0x0000000086100000, 0x0000000086100000, 0x0000000086200000|  0%| F|  |TAMS 0x0000000086100000, 0x0000000086100000| Untracked 
|  98|0x0000000086200000, 0x0000000086200000, 0x0000000086300000|  0%| F|  |TAMS 0x0000000086200000, 0x0000000086200000| Untracked 
|  99|0x0000000086300000, 0x0000000086300000, 0x0000000086400000|  0%| F|  |TAMS 0x0000000086300000, 0x0000000086300000| Untracked 
| 100|0x0000000086400000, 0x0000000086400000, 0x0000000086500000|  0%| F|  |TAMS 0x0000000086400000, 0x0000000086400000| Untracked 
| 101|0x0000000086500000, 0x0000000086500000, 0x0000000086600000|  0%| F|  |TAMS 0x0000000086500000, 0x0000000086500000| Untracked 
| 102|0x0000000086600000, 0x0000000086600000, 0x0000000086700000|  0%| F|  |TAMS 0x0000000086600000, 0x0000000086600000| Untracked 
| 103|0x0000000086700000, 0x0000000086700000, 0x0000000086800000|  0%| F|  |TAMS 0x0000000086700000, 0x0000000086700000| Untracked 
| 104|0x0000000086800000, 0x0000000086800000, 0x0000000086900000|  0%| F|  |TAMS 0x0000000086800000, 0x0000000086800000| Untracked 
| 105|0x0000000086900000, 0x0000000086900000, 0x0000000086a00000|  0%| F|  |TAMS 0x0000000086900000, 0x0000000086900000| Untracked 
| 106|0x0000000086a00000, 0x0000000086a00000, 0x0000000086b00000|  0%| F|  |TAMS 0x0000000086a00000, 0x0000000086a00000| Untracked 
| 107|0x0000000086b00000, 0x0000000086b00000, 0x0000000086c00000|  0%| F|  |TAMS 0x0000000086b00000, 0x0000000086b00000| Untracked 
| 108|0x0000000086c00000, 0x0000000086c00000, 0x0000000086d00000|  0%| F|  |TAMS 0x0000000086c00000, 0x0000000086c00000| Untracked 
| 109|0x0000000086d00000, 0x0000000086d00000, 0x0000000086e00000|  0%| F|  |TAMS 0x0000000086d00000, 0x0000000086d00000| Untracked 
| 110|0x0000000086e00000, 0x0000000086e00000, 0x0000000086f00000|  0%| F|  |TAMS 0x0000000086e00000, 0x0000000086e00000| Untracked 
| 111|0x0000000086f00000, 0x0000000086f00000, 0x0000000087000000|  0%| F|  |TAMS 0x0000000086f00000, 0x0000000086f00000| Untracked 
| 112|0x0000000087000000, 0x0000000087000000, 0x0000000087100000|  0%| F|  |TAMS 0x0000000087000000, 0x0000000087000000| Untracked 
| 113|0x0000000087100000, 0x0000000087100000, 0x0000000087200000|  0%| F|  |TAMS 0x0000000087100000, 0x0000000087100000| Untracked 
| 114|0x0000000087200000, 0x0000000087280800, 0x0000000087300000| 50%| E|  |TAMS 0x0000000087200000, 0x0000000087200000| Complete 
| 115|0x0000000087300000, 0x0000000087400000, 0x0000000087400000|100%| E|CS|TAMS 0x0000000087300000, 0x0000000087300000| Complete 
| 116|0x0000000087400000, 0x0000000087500000, 0x0000000087500000|100%| E|CS|TAMS 0x0000000087400000, 0x0000000087400000| Complete 
| 117|0x0000000087500000, 0x0000000087600000, 0x0000000087600000|100%| E|CS|TAMS 0x0000000087500000, 0x0000000087500000| Complete 
| 118|0x0000000087600000, 0x0000000087700000, 0x0000000087700000|100%| E|CS|TAMS 0x0000000087600000, 0x0000000087600000| Complete 
| 119|0x0000000087700000, 0x0000000087800000, 0x0000000087800000|100%| E|CS|TAMS 0x0000000087700000, 0x0000000087700000| Complete 
| 120|0x0000000087800000, 0x0000000087900000, 0x0000000087900000|100%| E|CS|TAMS 0x0000000087800000, 0x0000000087800000| Complete 
| 121|0x0000000087900000, 0x0000000087a00000, 0x0000000087a00000|100%| E|CS|TAMS 0x0000000087900000, 0x0000000087900000| Complete 
| 122|0x0000000087a00000, 0x0000000087b00000, 0x0000000087b00000|100%| E|CS|TAMS 0x0000000087a00000, 0x0000000087a00000| Complete 
| 123|0x0000000087b00000, 0x0000000087c00000, 0x0000000087c00000|100%| E|CS|TAMS 0x0000000087b00000, 0x0000000087b00000| Complete 
| 124|0x0000000087c00000, 0x0000000087d00000, 0x0000000087d00000|100%| E|CS|TAMS 0x0000000087c00000, 0x0000000087c00000| Complete 
| 125|0x0000000087d00000, 0x0000000087e00000, 0x0000000087e00000|100%| E|CS|TAMS 0x0000000087d00000, 0x0000000087d00000| Complete 
| 126|0x0000000087e00000, 0x0000000087f00000, 0x0000000087f00000|100%| E|CS|TAMS 0x0000000087e00000, 0x0000000087e00000| Complete 
| 127|0x0000000087f00000, 0x0000000088000000, 0x0000000088000000|100%| E|CS|TAMS 0x0000000087f00000, 0x0000000087f00000| Complete 
| 128|0x0000000088000000, 0x0000000088100000, 0x0000000088100000|100%| E|CS|TAMS 0x0000000088000000, 0x0000000088000000| Complete 
| 129|0x0000000088100000, 0x0000000088200000, 0x0000000088200000|100%| E|CS|TAMS 0x0000000088100000, 0x0000000088100000| Complete 

Card table byte_map: [0x0000026f5fb70000,0x0000026f5ff70000] _byte_map_base: 0x0000026f5f770000

Marking Bits (Prev, Next): (CMBitMap*) 0x0000026f4afecc70, (CMBitMap*) 0x0000026f4afecc38
 Prev Bits: [0x0000026f62370000, 0x0000026f64370000)
 Next Bits: [0x0000026f60370000, 0x0000026f62370000)

Polling page: 0x0000026f4b080000

Metaspace:

Usage:
  Non-class:     58.02 MB capacity,    57.10 MB ( 98%) used,   793.50 KB (  1%) free+waste,   148.44 KB ( <1%) overhead. 
      Class:      9.01 MB capacity,     8.49 MB ( 94%) used,   467.02 KB (  5%) free+waste,    69.50 KB ( <1%) overhead. 
       Both:     67.03 MB capacity,    65.59 MB ( 98%) used,     1.23 MB (  2%) free+waste,   217.94 KB ( <1%) overhead. 

Virtual space:
  Non-class space:       60.00 MB reserved,      58.25 MB ( 97%) committed 
      Class space:        1.00 GB reserved,       9.13 MB ( <1%) committed 
             Both:        1.06 GB reserved,      67.38 MB (  6%) committed 

Chunk freelists:
   Non-Class:  45.00 KB
       Class:  19.00 KB
        Both:  64.00 KB

MaxMetaspaceSize: 17179869184.00 GB
CompressedClassSpaceSize: 1.00 GB

CodeHeap 'non-profiled nmethods': size=120064Kb used=3241Kb max_used=3241Kb free=116822Kb
 bounds [0x0000026f57c10000, 0x0000026f57f40000, 0x0000026f5f150000]
CodeHeap 'profiled nmethods': size=120000Kb used=12698Kb max_used=12698Kb free=107301Kb
 bounds [0x0000026f506e0000, 0x0000026f51350000, 0x0000026f57c10000]
CodeHeap 'non-nmethods': size=5696Kb used=2237Kb max_used=2276Kb free=3458Kb
 bounds [0x0000026f50150000, 0x0000026f503c0000, 0x0000026f506e0000]
 total_blobs=6752 nmethods=5933 adapters=730
 compilation: enabled
              stopped_count=0, restarted_count=0
 full_count=0

Compilation events (20 events):
Event: 13.456 Thread 0x0000026f6696c800 6119       3       org.gradle.internal.event.DefaultListenerManager$EventBroadcast::getDispatch (16 bytes)
Event: 13.457 Thread 0x0000026f6696c800 nmethod 6119 0x0000026f5132b810 code [0x0000026f5132b9c0, 0x0000026f5132bb18]
Event: 13.460 Thread 0x0000026f6696c800 6120       3       org.gradle.api.internal.DefaultDomainObjectSet::beforeCollectionChanges (13 bytes)
Event: 13.461 Thread 0x0000026f6696c800 nmethod 6120 0x0000026f5132bb90 code [0x0000026f5132bd40, 0x0000026f5132bf48]
Event: 13.461 Thread 0x0000026f6696c800 6121       3       org.gradle.api.internal.artifacts.configurations.DefaultConfigurationContainer_Decorated::getMutationGuard (39 bytes)
Event: 13.462 Thread 0x0000026f6696c800 nmethod 6121 0x0000026f5132c010 code [0x0000026f5132c260, 0x0000026f5132cba8]
Event: 13.468 Thread 0x0000026f6696c800 6122       3       org.gradle.api.internal.tasks.AbstractTaskDependency::<init> (5 bytes)
Event: 13.468 Thread 0x0000026f6696c800 nmethod 6122 0x0000026f5132ce90 code [0x0000026f5132d040, 0x0000026f5132d198]
Event: 13.468 Thread 0x0000026f6696c800 6123       1       org.gradle.api.internal.artifacts.configurations.DefaultConfiguration::getAttributes (5 bytes)
Event: 13.468 Thread 0x0000026f6696c800 nmethod 6123 0x0000026f57f36f10 code [0x0000026f57f370c0, 0x0000026f57f37178]
Event: 13.471 Thread 0x0000026f6696c800 6124       3       java.util.LinkedList::addFirst (6 bytes)
Event: 13.471 Thread 0x0000026f6696c800 nmethod 6124 0x0000026f5132d290 code [0x0000026f5132d440, 0x0000026f5132d568]
Event: 13.471 Thread 0x0000026f6696c800 6125       3       java.util.LinkedList::linkFirst (59 bytes)
Event: 13.472 Thread 0x0000026f6696c800 nmethod 6125 0x0000026f5132d610 code [0x0000026f5132d7e0, 0x0000026f5132dc38]
Event: 13.479 Thread 0x0000026f6696c800 6126       3       kotlin.collections.CollectionsKt__CollectionsJVMKt::listOf (11 bytes)
Event: 13.479 Thread 0x0000026f6696c800 nmethod 6126 0x0000026f5132dd90 code [0x0000026f5132df80, 0x0000026f5132e348]
Event: 13.479 Thread 0x0000026f6696c800 6127       3       org.gradle.api.internal.artifacts.configurations.DefaultConfiguration$$Lambda$245/0x0000000100534840::validateMutation (9 bytes)
Event: 13.480 Thread 0x0000026f6696c800 nmethod 6127 0x0000026f5132e510 code [0x0000026f5132e700, 0x0000026f5132ea18]
Event: 13.480 Thread 0x0000026f6696c800 6128       3       org.gradle.api.internal.artifacts.configurations.DefaultConfiguration::validateParentMutation (24 bytes)
Event: 13.480 Thread 0x0000026f6696c800 nmethod 6128 0x0000026f5132eb90 code [0x0000026f5132ed60, 0x0000026f5132f038]

GC Heap History (20 events):
Event: 5.695 GC heap before
{Heap before GC invocations=10 (full 0):
 garbage-first heap   total 76800K, used 30587K [0x0000000080000000, 0x0000000100000000)
  region size 1024K, 15 young (15360K), 4 survivors (4096K)
 Metaspace       used 35051K, capacity 35771K, committed 35840K, reserved 1081344K
  class space    used 4559K, capacity 4822K, committed 4864K, reserved 1048576K
}
Event: 5.711 GC heap after
{Heap after GC invocations=11 (full 0):
 garbage-first heap   total 92160K, used 21887K [0x0000000080000000, 0x0000000100000000)
  region size 1024K, 4 young (4096K), 4 survivors (4096K)
 Metaspace       used 35051K, capacity 35771K, committed 35840K, reserved 1081344K
  class space    used 4559K, capacity 4822K, committed 4864K, reserved 1048576K
}
Event: 6.478 GC heap before
{Heap before GC invocations=12 (full 0):
 garbage-first heap   total 92160K, used 56703K [0x0000000080000000, 0x0000000100000000)
  region size 1024K, 35 young (35840K), 4 survivors (4096K)
 Metaspace       used 38619K, capacity 39515K, committed 39680K, reserved 1083392K
  class space    used 4967K, capacity 5272K, committed 5376K, reserved 1048576K
}
Event: 6.489 GC heap after
{Heap after GC invocations=13 (full 0):
 garbage-first heap   total 92160K, used 23415K [0x0000000080000000, 0x0000000100000000)
  region size 1024K, 4 young (4096K), 4 survivors (4096K)
 Metaspace       used 38619K, capacity 39515K, committed 39680K, reserved 1083392K
  class space    used 4967K, capacity 5272K, committed 5376K, reserved 1048576K
}
Event: 7.163 GC heap before
{Heap before GC invocations=13 (full 0):
 garbage-first heap   total 92160K, used 59255K [0x0000000080000000, 0x0000000100000000)
  region size 1024K, 39 young (39936K), 4 survivors (4096K)
 Metaspace       used 41260K, capacity 42142K, committed 42240K, reserved 1085440K
  class space    used 5276K, capacity 5574K, committed 5632K, reserved 1048576K
}
Event: 7.175 GC heap after
{Heap after GC invocations=14 (full 0):
 garbage-first heap   total 92160K, used 25843K [0x0000000080000000, 0x0000000100000000)
  region size 1024K, 4 young (4096K), 4 survivors (4096K)
 Metaspace       used 41260K, capacity 42142K, committed 42240K, reserved 1085440K
  class space    used 5276K, capacity 5574K, committed 5632K, reserved 1048576K
}
Event: 8.083 GC heap before
{Heap before GC invocations=14 (full 0):
 garbage-first heap   total 92160K, used 63731K [0x0000000080000000, 0x0000000100000000)
  region size 1024K, 41 young (41984K), 4 survivors (4096K)
 Metaspace       used 44268K, capacity 45307K, committed 45568K, reserved 1089536K
  class space    used 5681K, capacity 6057K, committed 6144K, reserved 1048576K
}
Event: 8.096 GC heap after
{Heap after GC invocations=15 (full 0):
 garbage-first heap   total 92160K, used 27855K [0x0000000080000000, 0x0000000100000000)
  region size 1024K, 5 young (5120K), 5 survivors (5120K)
 Metaspace       used 44268K, capacity 45307K, committed 45568K, reserved 1089536K
  class space    used 5681K, capacity 6057K, committed 6144K, reserved 1048576K
}
Event: 8.725 GC heap before
{Heap before GC invocations=15 (full 0):
 garbage-first heap   total 92160K, used 70863K [0x0000000080000000, 0x0000000100000000)
  region size 1024K, 41 young (41984K), 5 survivors (5120K)
 Metaspace       used 45183K, capacity 46339K, committed 46464K, reserved 1089536K
  class space    used 5794K, capacity 6167K, committed 6272K, reserved 1048576K
}
Event: 8.740 GC heap after
{Heap after GC invocations=16 (full 0):
 garbage-first heap   total 110592K, used 42864K [0x0000000080000000, 0x0000000100000000)
  region size 1024K, 6 young (6144K), 6 survivors (6144K)
 Metaspace       used 45183K, capacity 46339K, committed 46464K, reserved 1089536K
  class space    used 5794K, capacity 6167K, committed 6272K, reserved 1048576K
}
Event: 9.453 GC heap before
{Heap before GC invocations=16 (full 0):
 garbage-first heap   total 110592K, used 79728K [0x0000000080000000, 0x0000000100000000)
  region size 1024K, 42 young (43008K), 6 survivors (6144K)
 Metaspace       used 50526K, capacity 51773K, committed 51968K, reserved 1093632K
  class space    used 6419K, capacity 6810K, committed 6912K, reserved 1048576K
}
Event: 9.462 GC heap after
{Heap after GC invocations=17 (full 0):
 garbage-first heap   total 110592K, used 44453K [0x0000000080000000, 0x0000000100000000)
  region size 1024K, 2 young (2048K), 2 survivors (2048K)
 Metaspace       used 50526K, capacity 51773K, committed 51968K, reserved 1093632K
  class space    used 6419K, capacity 6810K, committed 6912K, reserved 1048576K
}
Event: 10.506 GC heap before
{Heap before GC invocations=17 (full 0):
 garbage-first heap   total 110592K, used 81317K [0x0000000080000000, 0x0000000100000000)
  region size 1024K, 39 young (39936K), 2 survivors (2048K)
 Metaspace       used 56164K, capacity 57572K, committed 57856K, reserved 1099776K
  class space    used 7140K, capacity 7648K, committed 7680K, reserved 1048576K
}
Event: 10.515 GC heap after
{Heap after GC invocations=18 (full 0):
 garbage-first heap   total 110592K, used 47238K [0x0000000080000000, 0x0000000100000000)
  region size 1024K, 5 young (5120K), 5 survivors (5120K)
 Metaspace       used 56164K, capacity 57572K, committed 57856K, reserved 1099776K
  class space    used 7140K, capacity 7648K, committed 7680K, reserved 1048576K
}
Event: 11.168 GC heap before
{Heap before GC invocations=18 (full 0):
 garbage-first heap   total 110592K, used 73862K [0x0000000080000000, 0x0000000100000000)
  region size 1024K, 32 young (32768K), 5 survivors (5120K)
 Metaspace       used 58579K, capacity 60005K, committed 60160K, reserved 1101824K
  class space    used 7434K, capacity 7957K, committed 8064K, reserved 1048576K
}
Event: 11.184 GC heap after
{Heap after GC invocations=19 (full 0):
 garbage-first heap   total 110592K, used 48984K [0x0000000080000000, 0x0000000100000000)
  region size 1024K, 5 young (5120K), 5 survivors (5120K)
 Metaspace       used 58579K, capacity 60005K, committed 60160K, reserved 1101824K
  class space    used 7434K, capacity 7957K, committed 8064K, reserved 1048576K
}
Event: 12.150 GC heap before
{Heap before GC invocations=20 (full 0):
 garbage-first heap   total 110592K, used 85848K [0x0000000080000000, 0x0000000100000000)
  region size 1024K, 41 young (41984K), 5 survivors (5120K)
 Metaspace       used 61615K, capacity 62970K, committed 63104K, reserved 1103872K
  class space    used 7817K, capacity 8301K, committed 8320K, reserved 1048576K
}
Event: 12.168 GC heap after
{Heap after GC invocations=21 (full 0):
 garbage-first heap   total 133120K, used 51352K [0x0000000080000000, 0x0000000100000000)
  region size 1024K, 5 young (5120K), 5 survivors (5120K)
 Metaspace       used 61615K, capacity 62970K, committed 63104K, reserved 1103872K
  class space    used 7817K, capacity 8301K, committed 8320K, reserved 1048576K
}
Event: 13.159 GC heap before
{Heap before GC invocations=21 (full 0):
 garbage-first heap   total 133120K, used 96408K [0x0000000080000000, 0x0000000100000000)
  region size 1024K, 49 young (50176K), 5 survivors (5120K)
 Metaspace       used 65737K, capacity 67232K, committed 67456K, reserved 1107968K
  class space    used 8505K, capacity 9019K, committed 9088K, reserved 1048576K
}
Event: 13.174 GC heap after
{Heap after GC invocations=22 (full 0):
 garbage-first heap   total 133120K, used 54473K [0x0000000080000000, 0x0000000100000000)
  region size 1024K, 6 young (6144K), 6 survivors (6144K)
 Metaspace       used 65737K, capacity 67232K, committed 67456K, reserved 1107968K
  class space    used 8505K, capacity 9019K, committed 9088K, reserved 1048576K
}

Deoptimization events (20 events):
Event: 11.781 Thread 0x0000026f67f0c800 Uncommon trap: trap_request=0xffffff4d fr.pc=0x0000026f57d5035c relative=0x00000000000049bc
Event: 11.781 Thread 0x0000026f67f0c800 Uncommon trap: reason=unstable_if action=reinterpret pc=0x0000026f57d5035c method=sun.net.www.protocol.jar.Handler.parseURL(Ljava/net/URL;Ljava/lang/String;II)V @ 116 c2
Event: 11.781 Thread 0x0000026f67f0c800 DEOPT PACKING pc=0x0000026f57d5035c sp=0x000000c8b46f9680
Event: 11.781 Thread 0x0000026f67f0c800 DEOPT UNPACKING pc=0x0000026f5017742f sp=0x000000c8b46f9578 mode 2
Event: 11.996 Thread 0x0000026f67f0c800 Uncommon trap: trap_request=0xffffff4d fr.pc=0x0000026f57e53658 relative=0x0000000000001938
Event: 11.996 Thread 0x0000026f67f0c800 Uncommon trap: reason=unstable_if action=reinterpret pc=0x0000026f57e53658 method=java.util.concurrent.ConcurrentHashMap.putVal(Ljava/lang/Object;Ljava/lang/Object;Z)Ljava/lang/Object; @ 245 c2
Event: 11.996 Thread 0x0000026f67f0c800 DEOPT PACKING pc=0x0000026f57e53658 sp=0x000000c8b46f8ad0
Event: 11.996 Thread 0x0000026f67f0c800 DEOPT UNPACKING pc=0x0000026f5017742f sp=0x000000c8b46f8a68 mode 2
Event: 12.222 Thread 0x0000026f67f0c800 Uncommon trap: trap_request=0xffffff4d fr.pc=0x0000026f57d8a5d0 relative=0x0000000000000bb0
Event: 12.222 Thread 0x0000026f67f0c800 Uncommon trap: reason=unstable_if action=reinterpret pc=0x0000026f57d8a5d0 method=org.codehaus.groovy.reflection.CachedMethod.compareToMethod(Ljava/lang/reflect/Method;)I @ 111 c2
Event: 12.222 Thread 0x0000026f67f0c800 DEOPT PACKING pc=0x0000026f57d8a5d0 sp=0x000000c8b46f6650
Event: 12.222 Thread 0x0000026f67f0c800 DEOPT UNPACKING pc=0x0000026f5017742f sp=0x000000c8b46f6590 mode 2
Event: 12.259 Thread 0x0000026f67f0c800 Uncommon trap: trap_request=0xffffff4d fr.pc=0x0000026f57d27fc4 relative=0x0000000000000964
Event: 12.259 Thread 0x0000026f67f0c800 Uncommon trap: reason=unstable_if action=reinterpret pc=0x0000026f57d27fc4 method=java.util.WeakHashMap.eq(Ljava/lang/Object;Ljava/lang/Object;)Z @ 2 c2
Event: 12.259 Thread 0x0000026f67f0c800 DEOPT PACKING pc=0x0000026f57d27fc4 sp=0x000000c8b46f4320
Event: 12.259 Thread 0x0000026f67f0c800 DEOPT UNPACKING pc=0x0000026f5017742f sp=0x000000c8b46f4290 mode 2
Event: 13.243 Thread 0x0000026f67f0c800 Uncommon trap: trap_request=0xfffffff4 fr.pc=0x0000026f57f2ab08 relative=0x0000000000000068
Event: 13.243 Thread 0x0000026f67f0c800 Uncommon trap: reason=null_check action=make_not_entrant pc=0x0000026f57f2ab08 method=java.lang.Class.isAnnotation()Z @ 1 c2
Event: 13.243 Thread 0x0000026f67f0c800 DEOPT PACKING pc=0x0000026f57f2ab08 sp=0x000000c8b46f9210
Event: 13.243 Thread 0x0000026f67f0c800 DEOPT UNPACKING pc=0x0000026f5017742f sp=0x000000c8b46f91a0 mode 2

Classes redefined (0 events):
No events

Internal exceptions (20 events):
Event: 12.328 Thread 0x0000026f67f0c800 Exception <a 'java/lang/ClassNotFoundException'{0x0000000087554e88}: java/lang/EnumCustomizer> (0x0000000087554e88) thrown at [./src/hotspot/share/classfile/systemDictionary.cpp, line 231]
Event: 12.330 Thread 0x0000026f67f0c800 Exception <a 'java/lang/ClassNotFoundException'{0x000000008757f7b0}: org/gradle/api/JavaVersionCustomizer> (0x000000008757f7b0) thrown at [./src/hotspot/share/classfile/systemDictionary.cpp, line 231]
Event: 12.336 Thread 0x0000026f67f0c800 Exception <a 'java/lang/ClassNotFoundException'{0x00000000875d2b08}: com/android/build/gradle/internal/CompileOptions_DecoratedBeanInfo> (0x00000000875d2b08) thrown at [./src/hotspot/share/classfile/systemDictionary.cpp, line 231]
Event: 12.337 Thread 0x0000026f67f0c800 Exception <a 'java/lang/ClassNotFoundException'{0x00000000875e96a0}: com/android/build/gradle/internal/CompileOptionsBeanInfo> (0x00000000875e96a0) thrown at [./src/hotspot/share/classfile/systemDictionary.cpp, line 231]
Event: 12.338 Thread 0x0000026f67f0c800 Exception <a 'java/lang/ClassNotFoundException'{0x0000000087400ec8}: com/android/build/gradle/internal/CompileOptionsCustomizer> (0x0000000087400ec8) thrown at [./src/hotspot/share/classfile/systemDictionary.cpp, line 231]
Event: 12.340 Thread 0x0000026f67f0c800 Exception <a 'java/lang/ClassNotFoundException'{0x0000000087424c18}: com/android/build/gradle/internal/CompileOptions_DecoratedCustomizer> (0x0000000087424c18) thrown at [./src/hotspot/share/classfile/systemDictionary.cpp, line 231]
Event: 12.365 Thread 0x0000026f67f0c800 Exception <a 'java/lang/ClassNotFoundException'{0x0000000087356fb0}: org/jetbrains/kotlin/gradle/dsl/KotlinJvmOptionsImplBeanInfo> (0x0000000087356fb0) thrown at [./src/hotspot/share/classfile/systemDictionary.cpp, line 231]
Event: 12.366 Thread 0x0000026f67f0c800 Exception <a 'java/lang/ClassNotFoundException'{0x000000008736eaa0}: org/jetbrains/kotlin/gradle/dsl/KotlinJvmOptionsBaseBeanInfo> (0x000000008736eaa0) thrown at [./src/hotspot/share/classfile/systemDictionary.cpp, line 231]
Event: 12.367 Thread 0x0000026f67f0c800 Exception <a 'java/lang/ClassNotFoundException'{0x0000000087386a08}: org/jetbrains/kotlin/gradle/dsl/KotlinJvmOptionsBaseCustomizer> (0x0000000087386a08) thrown at [./src/hotspot/share/classfile/systemDictionary.cpp, line 231]
Event: 12.369 Thread 0x0000026f67f0c800 Exception <a 'java/lang/ClassNotFoundException'{0x00000000873b6e78}: org/jetbrains/kotlin/gradle/dsl/KotlinJvmOptionsImplCustomizer> (0x00000000873b6e78) thrown at [./src/hotspot/share/classfile/systemDictionary.cpp, line 231]
Event: 13.443 Thread 0x0000026f67f0c800 Exception <a 'java/lang/ClassNotFoundException'{0x00000000876246e8}: com/android/build/gradle/internal/api/ApkVariantOutputImpl_DecoratedBeanInfo> (0x00000000876246e8) thrown at [./src/hotspot/share/classfile/systemDictionary.cpp, line 231]
Event: 13.444 Thread 0x0000026f67f0c800 Exception <a 'java/lang/ClassNotFoundException'{0x000000008763e820}: com/android/build/gradle/internal/api/ApkVariantOutputImplBeanInfo> (0x000000008763e820) thrown at [./src/hotspot/share/classfile/systemDictionary.cpp, line 231]
Event: 13.445 Thread 0x0000026f67f0c800 Exception <a 'java/lang/ClassNotFoundException'{0x0000000087655560}: com/android/build/gradle/internal/api/BaseVariantOutputImplBeanInfo> (0x0000000087655560) thrown at [./src/hotspot/share/classfile/systemDictionary.cpp, line 231]
Event: 13.445 Thread 0x0000026f67f0c800 Exception <a 'java/lang/ClassNotFoundException'{0x000000008766c2c8}: com/android/build/gradle/internal/api/BaseVariantOutputImplCustomizer> (0x000000008766c2c8) thrown at [./src/hotspot/share/classfile/systemDictionary.cpp, line 231]
Event: 13.447 Thread 0x0000026f67f0c800 Exception <a 'java/lang/ClassNotFoundException'{0x00000000876959e8}: com/android/build/gradle/internal/api/ApkVariantOutputImplCustomizer> (0x00000000876959e8) thrown at [./src/hotspot/share/classfile/systemDictionary.cpp, line 231]
Event: 13.448 Thread 0x0000026f67f0c800 Exception <a 'java/lang/ClassNotFoundException'{0x00000000876baea0}: com/android/build/gradle/internal/api/ApkVariantOutputImpl_DecoratedCustomizer> (0x00000000876baea0) thrown at [./src/hotspot/share/classfile/systemDictionary.cpp, line 231]
Event: 13.473 Thread 0x0000026f67f0c800 Exception <a 'java/lang/ClassNotFoundException'{0x0000000087422768}: com/android/build/gradle/internal/api/ReadOnlyBuildTypeBeanInfo> (0x0000000087422768) thrown at [./src/hotspot/share/classfile/systemDictionary.cpp, line 231]
Event: 13.473 Thread 0x0000026f67f0c800 Exception <a 'java/lang/ClassNotFoundException'{0x0000000087438660}: com/android/build/gradle/internal/api/ReadOnlyBaseConfigBeanInfo> (0x0000000087438660) thrown at [./src/hotspot/share/classfile/systemDictionary.cpp, line 231]
Event: 13.474 Thread 0x0000026f67f0c800 Exception <a 'java/lang/ClassNotFoundException'{0x000000008744ec80}: com/android/build/gradle/internal/api/ReadOnlyBaseConfigCustomizer> (0x000000008744ec80) thrown at [./src/hotspot/share/classfile/systemDictionary.cpp, line 231]
Event: 13.475 Thread 0x0000026f67f0c800 Exception <a 'java/lang/ClassNotFoundException'{0x0000000087475328}: com/android/build/gradle/internal/api/ReadOnlyBuildTypeCustomizer> (0x0000000087475328) thrown at [./src/hotspot/share/classfile/systemDictionary.cpp, line 231]

Events (20 events):
Event: 13.478 loading class org/jetbrains/kotlin/gradle/plugin/KotlinCompilation$DefaultImpls
Event: 13.478 loading class org/jetbrains/kotlin/gradle/plugin/KotlinCompilation$DefaultImpls done
Event: 13.483 loading class org/jetbrains/kotlin/gradle/plugin/AbstractAndroidProjectHandler$preprocessVariant$1
Event: 13.483 loading class org/jetbrains/kotlin/gradle/plugin/AbstractAndroidProjectHandler$preprocessVariant$1 done
Event: 13.483 loading class org/jetbrains/kotlin/gradle/tasks/KotlinCompile
Event: 13.483 loading class org/jetbrains/kotlin/gradle/tasks/KotlinCompile done
Event: 13.484 loading class org/jetbrains/kotlin/gradle/dsl/KotlinJvmCompile
Event: 13.484 loading class org/jetbrains/kotlin/gradle/dsl/KotlinJvmCompile done
Event: 13.484 loading class org/jetbrains/kotlin/gradle/dsl/KotlinCompile
Event: 13.484 loading class org/jetbrains/kotlin/gradle/dsl/KotlinCompile done
Event: 13.485 loading class org/jetbrains/kotlin/gradle/tasks/KotlinTasksProvider$registerKotlinJVMTask$result$1
Event: 13.485 loading class org/jetbrains/kotlin/gradle/tasks/KotlinTasksProvider$registerKotlinJVMTask$result$1 done
Event: 13.486 loading class org/jetbrains/kotlin/gradle/tasks/TasksProviderKt
Event: 13.486 loading class org/jetbrains/kotlin/gradle/tasks/TasksProviderKt done
Event: 13.487 loading class org/jetbrains/kotlin/gradle/tasks/TasksProviderKt$sam$org_gradle_api_Action$0
Event: 13.487 loading class org/jetbrains/kotlin/gradle/tasks/TasksProviderKt$sam$org_gradle_api_Action$0 done
Event: 13.488 loading class org/jetbrains/kotlin/gradle/tasks/KotlinTasksProvider$configure$1
Event: 13.488 loading class org/jetbrains/kotlin/gradle/tasks/KotlinTasksProvider$configure$1 done
Event: 13.488 loading class org/jetbrains/kotlin/gradle/plugin/RunOnceAfterEvaluatedKt
Event: 13.488 loading class org/jetbrains/kotlin/gradle/plugin/RunOnceAfterEvaluatedKt done


Dynamic libraries:
0x00007ff7ab3d0000 - 0x00007ff7ab3da000 	D:\Android\Android Studio\jre\bin\java.exe
0x00007ff9c18f0000 - 0x00007ff9c1add000 	C:\Windows\SYSTEM32\ntdll.dll
0x00007ff9c1010000 - 0x00007ff9c10c3000 	C:\Windows\System32\KERNEL32.DLL
0x00007ff9bda10000 - 0x00007ff9bdca5000 	C:\Windows\System32\KERNELBASE.dll
0x00007ff9be870000 - 0x00007ff9be96a000 	C:\Windows\System32\ucrtbase.dll
0x00007ff9b96a0000 - 0x00007ff9b96b9000 	D:\Android\Android Studio\jre\bin\jli.dll
0x00007ff9b8c70000 - 0x00007ff9b8c87000 	D:\Android\Android Studio\jre\bin\VCRUNTIME140.dll
0x00007ff9bf020000 - 0x00007ff9bf1b8000 	C:\Windows\System32\USER32.dll
0x00007ff9bd9f0000 - 0x00007ff9bda10000 	C:\Windows\System32\win32u.dll
0x00007ff9c1890000 - 0x00007ff9c18b9000 	C:\Windows\System32\GDI32.dll
0x00007ff9ada20000 - 0x00007ff9adc99000 	C:\Windows\WinSxS\amd64_microsoft.windows.common-controls_6595b64144ccf1df_6.0.17763.2061_none_de73cf545348ec45\COMCTL32.dll
0x00007ff9bdea0000 - 0x00007ff9be03c000 	C:\Windows\System32\gdi32full.dll
0x00007ff9bed30000 - 0x00007ff9bedce000 	C:\Windows\System32\msvcrt.dll
0x00007ff9be990000 - 0x00007ff9bea30000 	C:\Windows\System32\msvcp_win.dll
0x00007ff9c12c0000 - 0x00007ff9c15ed000 	C:\Windows\System32\combase.dll
0x00007ff9bef00000 - 0x00007ff9bf01f000 	C:\Windows\System32\RPCRT4.dll
0x00007ff9bea90000 - 0x00007ff9beb12000 	C:\Windows\System32\bcryptPrimitives.dll
0x00007ff9c0fe0000 - 0x00007ff9c100e000 	C:\Windows\System32\IMM32.DLL
0x00007ff9b7b40000 - 0x00007ff9b7bdd000 	D:\Android\Android Studio\jre\bin\msvcp140.dll
0x00007ff995c50000 - 0x00007ff99670c000 	D:\Android\Android Studio\jre\bin\server\jvm.dll
0x00007ff9c10d0000 - 0x00007ff9c1174000 	C:\Windows\System32\ADVAPI32.dll
0x00007ff9bec90000 - 0x00007ff9bed2e000 	C:\Windows\System32\sechost.dll
0x00007ff9bf800000 - 0x00007ff9bf808000 	C:\Windows\System32\PSAPI.DLL
0x00007ff9b1d90000 - 0x00007ff9b1d99000 	C:\Windows\SYSTEM32\WSOCK32.dll
0x00007ff9c1820000 - 0x00007ff9c188d000 	C:\Windows\System32\WS2_32.dll
0x00007ff9bb5d0000 - 0x00007ff9bb5f4000 	C:\Windows\SYSTEM32\WINMM.dll
0x00007ff9bc290000 - 0x00007ff9bc29a000 	C:\Windows\SYSTEM32\VERSION.dll
0x00007ff9bb570000 - 0x00007ff9bb59d000 	C:\Windows\SYSTEM32\winmmbase.dll
0x00007ff9bd9a0000 - 0x00007ff9bd9ea000 	C:\Windows\System32\cfgmgr32.dll
0x00007ff9bd8d0000 - 0x00007ff9bd8e1000 	C:\Windows\System32\kernel.appcore.dll
0x00007ff9a9ea0000 - 0x00007ff9a9eb1000 	D:\Android\Android Studio\jre\bin\verify.dll
0x00007ff9ac1a0000 - 0x00007ff9ac38d000 	C:\Windows\SYSTEM32\DBGHELP.DLL
0x00007ff9ac170000 - 0x00007ff9ac19a000 	C:\Windows\SYSTEM32\dbgcore.DLL
0x00007ff9987a0000 - 0x00007ff9987c9000 	D:\Android\Android Studio\jre\bin\java.dll
0x00007ff9a7b10000 - 0x00007ff9a7b1b000 	D:\Android\Android Studio\jre\bin\jimage.dll
0x00007ff9a75a0000 - 0x00007ff9a75b8000 	D:\Android\Android Studio\jre\bin\zip.dll
0x00007ff9bf8c0000 - 0x00007ff9c0db9000 	C:\Windows\System32\SHELL32.dll
0x00007ff9bf810000 - 0x00007ff9bf8b8000 	C:\Windows\System32\shcore.dll
0x00007ff9be120000 - 0x00007ff9be86b000 	C:\Windows\System32\windows.storage.dll
0x00007ff9bd970000 - 0x00007ff9bd994000 	C:\Windows\System32\profapi.dll
0x00007ff9bd910000 - 0x00007ff9bd96d000 	C:\Windows\System32\powrprof.dll
0x00007ff9c0e40000 - 0x00007ff9c0e92000 	C:\Windows\System32\shlwapi.dll
0x00007ff9be970000 - 0x00007ff9be987000 	C:\Windows\System32\cryptsp.dll
0x00007ff9a6380000 - 0x00007ff9a639a000 	D:\Android\Android Studio\jre\bin\net.dll
0x00007ff9b3be0000 - 0x00007ff9b3cd1000 	C:\Windows\SYSTEM32\WINHTTP.dll
0x00007ff9bd0a0000 - 0x00007ff9bd107000 	C:\Windows\system32\mswsock.dll
0x00007ff9a1720000 - 0x00007ff9a1734000 	D:\Android\Android Studio\jre\bin\nio.dll
0x00007ff9b9fb0000 - 0x00007ff9b9fd7000 	C:\Users\Home\.gradle\native\fdc75f09e3144964f2cf3f50f0aa648679c211496f362492102eb8c894070792\windows-amd64\native-platform.dll
0x00007ff9b6210000 - 0x00007ff9b63a6000 	C:\Users\Home\.gradle\native\12488b8bf47d2d4c9fbf2f6322a914ad602e24e48041cd04a747c6da556b65c4\windows-amd64\native-platform-file-events.dll
0x00007ff9a7a30000 - 0x00007ff9a7a3a000 	D:\Android\Android Studio\jre\bin\management.dll
0x00007ff9a75d0000 - 0x00007ff9a75dc000 	D:\Android\Android Studio\jre\bin\management_ext.dll
0x00007ff9bcc30000 - 0x00007ff9bcc63000 	C:\Windows\system32\rsaenh.dll
0x00007ff9be0f0000 - 0x00007ff9be116000 	C:\Windows\System32\bcrypt.dll
0x00007ff9bd7d0000 - 0x00007ff9bd7f9000 	C:\Windows\SYSTEM32\USERENV.dll
0x00007ff9bd270000 - 0x00007ff9bd27c000 	C:\Windows\SYSTEM32\CRYPTBASE.dll
0x00007ff9bcdc0000 - 0x00007ff9bcdfd000 	C:\Windows\SYSTEM32\IPHLPAPI.DLL
0x00007ff9c1180000 - 0x00007ff9c1188000 	C:\Windows\System32\NSI.dll
0x00007ff9b7280000 - 0x00007ff9b7296000 	C:\Windows\SYSTEM32\dhcpcsvc6.DLL
0x00007ff9b8d20000 - 0x00007ff9b8d3c000 	C:\Windows\SYSTEM32\dhcpcsvc.DLL
0x00007ff9bce00000 - 0x00007ff9bcec6000 	C:\Windows\SYSTEM32\DNSAPI.dll
0x00007ff9b8dd0000 - 0x00007ff9b8ddb000 	C:\Windows\SYSTEM32\WINNSI.DLL

dbghelp: loaded successfully - version: 4.0.5 - missing functions: none
symbol engine: initialized successfully - sym options: 0x614 - pdb path: .;D:\Android\Android Studio\jre\bin;C:\Windows\SYSTEM32;C:\Windows\WinSxS\amd64_microsoft.windows.common-controls_6595b64144ccf1df_6.0.17763.2061_none_de73cf545348ec45;D:\Android\Android Studio\jre\bin\server;C:\Users\Home\.gradle\native\fdc75f09e3144964f2cf3f50f0aa648679c211496f362492102eb8c894070792\windows-amd64;C:\Users\Home\.gradle\native\12488b8bf47d2d4c9fbf2f6322a914ad602e24e48041cd04a747c6da556b65c4\windows-amd64

VM Arguments:
jvm_args: --add-opens=java.base/java.util=ALL-UNNAMED --add-opens=java.base/java.lang=ALL-UNNAMED --add-opens=java.base/java.lang.invoke=ALL-UNNAMED --add-opens=java.prefs/java.util.prefs=ALL-UNNAMED -Xmx2048m -Dfile.encoding=UTF-8 -Duser.country=RU -Duser.language=ru -Duser.variant 
java_command: org.gradle.launcher.daemon.bootstrap.GradleDaemon 6.7.1
java_class_path (initial): C:\Users\Home\.gradle\wrapper\dists\gradle-6.7.1-bin\bwlcbys1h7rz3272sye1xwiv6\gradle-6.7.1\lib\gradle-launcher-6.7.1.jar
Launcher Type: SUN_STANDARD

[Global flags]
     intx CICompilerCount                          = 3                                         {product} {ergonomic}
     uint ConcGCThreads                            = 1                                         {product} {ergonomic}
     uint G1ConcRefinementThreads                  = 4                                         {product} {ergonomic}
   size_t G1HeapRegionSize                         = 1048576                                   {product} {ergonomic}
    uintx GCDrainStackTargetSize                   = 64                                        {product} {ergonomic}
   size_t InitialHeapSize                          = 65011712                                  {product} {ergonomic}
   size_t MarkStackSize                            = 4194304                                   {product} {ergonomic}
   size_t MaxHeapSize                              = 2147483648                                {product} {command line}
   size_t MaxNewSize                               = 1287651328                                {product} {ergonomic}
   size_t MinHeapDeltaBytes                        = 1048576                                   {product} {ergonomic}
    uintx NonNMethodCodeHeapSize                   = 5830732                                {pd product} {ergonomic}
    uintx NonProfiledCodeHeapSize                  = 122913754                              {pd product} {ergonomic}
    uintx ProfiledCodeHeapSize                     = 122913754                              {pd product} {ergonomic}
    uintx ReservedCodeCacheSize                    = 251658240                              {pd product} {ergonomic}
     bool SegmentedCodeCache                       = true                                      {product} {ergonomic}
     bool UseCompressedClassPointers               = true                                 {lp64_product} {ergonomic}
     bool UseCompressedOops                        = true                                 {lp64_product} {ergonomic}
     bool UseG1GC                                  = true                                      {product} {ergonomic}
     bool UseLargePagesIndividualAllocation        = false                                  {pd product} {ergonomic}

Logging:
Log output configuration:
 #0: stdout all=warning uptime,level,tags
 #1: stderr all=off uptime,level,tags

Environment Variables:
PATH=C:\Program Files (x86)\Common Files\Oracle\Java\javapath;C:\Windows\system32;C:\Windows;C:\Windows\System32\Wbem;C:\Windows\System32\WindowsPowerShell\v1.0\;C:\Windows\System32\OpenSSH\;D:\AndroidProjects\Git\cmd;C:\Users\Home\AppData\Local\Microsoft\WindowsApps;
USERNAME=Home
OS=Windows_NT
PROCESSOR_IDENTIFIER=Intel64 Family 6 Model 42 Stepping 7, GenuineIntel



---------------  S Y S T E M  ---------------

OS: Windows 10 , 64 bit Build 17763 (10.0.17763.2028)
OS uptime: 0 days 1:43 hours

CPU:total 4 (initial active 4) (2 cores per cpu, 2 threads per core) family 6 model 42 stepping 7, cmov, cx8, fxsr, mmx, sse, sse2, sse3, ssse3, sse4.1, sse4.2, popcnt, avx, clmul, ht, tsc, tscinvbit

Memory: 4k page, system-wide physical 3932M (387M free)
TotalPageFile size 4732M (AvailPageFile size 6M)
current process WorkingSet (physical memory assigned to process): 342M, peak: 342M
current process commit charge ("private bytes"): 374M, peak: 376M

vm_info: OpenJDK 64-Bit Server VM (11.0.8+10-b944.6842174) for windows-amd64 JRE (11.0.8+10-b944.6842174), built on Sep 19 2020 01:11:42 by "builder" with MS VC++ 14.0 (VS2015)

END.
