#
# There is insufficient memory for the Java Runtime Environment to continue.
# Native memory allocation (malloc) failed to allocate 1850416 bytes for Chunk::new
# Possible reasons:
#   The system is out of physical RAM or swap space
#   The process is running with CompressedOops enabled, and the Java Heap may be blocking the growth of the native heap
# Possible solutions:
#   Reduce memory load on the system
#   Increase physical memory or swap space
#   Check if swap backing store is full
#   Decrease Java heap size (-Xmx/-Xms)
#   Decrease number of Java threads
#   Decrease Java thread stack sizes (-Xss)
#   Set larger code cache with -XX:ReservedCodeCacheSize=
#   JVM is running with Unscaled Compressed Oops mode in which the Java heap is
#     placed in the first 4GB address space. The Java Heap base address is the
#     maximum limit for the native heap growth. Please use -XX:HeapBaseMinAddress
#     to set the Java Heap base and to place the Java Heap above 4GB virtual address.
# This output file may be truncated or incomplete.
#
#  Out of Memory Error (./src/hotspot/share/memory/arena.cpp:197), pid=3628, tid=9100
#
# JRE version: OpenJDK Runtime Environment (11.0.8+10) (build 11.0.8+10-b944.6842174)
# Java VM: OpenJDK 64-Bit Server VM (11.0.8+10-b944.6842174, mixed mode, tiered, compressed oops, g1 gc, windows-amd64)
# No core dump will be written. Minidumps are not enabled by default on client versions of Windows
#

---------------  S U M M A R Y ------------

Command Line: --add-opens=java.base/java.util=ALL-UNNAMED --add-opens=java.base/java.lang=ALL-UNNAMED --add-opens=java.base/java.lang.invoke=ALL-UNNAMED --add-opens=java.prefs/java.util.prefs=ALL-UNNAMED -Xmx2048m -Dfile.encoding=UTF-8 -Duser.country=RU -Duser.language=ru -Duser.variant org.gradle.launcher.daemon.bootstrap.GradleDaemon 6.7.1

Host: Intel(R) Core(TM) i3-2370M CPU @ 2.40GHz, 4 cores, 3G,  Windows 10 , 64 bit Build 17763 (10.0.17763.2028)
Time: Mon Aug  9 14:04:00 2021 RTZ 2 (ceia) elapsed time: 13 seconds (0d 0h 0m 13s)

---------------  T H R E A D  ---------------

Current thread (0x00000178e0362800):  JavaThread "C2 CompilerThread1" daemon [_thread_in_native, id=9100, stack(0x0000000e48f00000,0x0000000e49000000)]


Current CompileTask:
C2:  13541 6098       4       groovy.lang.MetaClassImpl$1MOPIter::methodNameAction (325 bytes)

Stack: [0x0000000e48f00000,0x0000000e49000000]
Native frames: (J=compiled Java code, j=interpreted, Vv=VM code, C=native code)
V  [jvm.dll+0x5de50a]
V  [jvm.dll+0x7122f5]
V  [jvm.dll+0x71384d]
V  [jvm.dll+0x713f03]
V  [jvm.dll+0x23e728]
V  [jvm.dll+0xb899c]
V  [jvm.dll+0xb8e9c]
V  [jvm.dll+0x35020b]
V  [jvm.dll+0x31dea3]
V  [jvm.dll+0x31d39a]
V  [jvm.dll+0x1f7702]
V  [jvm.dll+0x1f68d4]
V  [jvm.dll+0x17f32c]
V  [jvm.dll+0x205047]
V  [jvm.dll+0x203891]
V  [jvm.dll+0x6dad3f]
V  [jvm.dll+0x6d3895]
V  [jvm.dll+0x5dd4a6]
C  [ucrtbase.dll+0x2268a]
C  [KERNEL32.DLL+0x17974]
C  [ntdll.dll+0x5a2f1]


---------------  P R O C E S S  ---------------

Threads class SMR info:
_java_thread_list=0x00000178e5589a60, length=155, elements={
0x00000178c3ccb800, 0x00000178dd6fb000, 0x00000178dd6fc800, 0x00000178dd714800,
0x00000178dd717800, 0x00000178dd719800, 0x00000178dd724800, 0x00000178dd727000,
0x00000178de1cf800, 0x00000178de1dd000, 0x00000178df95e800, 0x00000178de3de000,
0x00000178df95e000, 0x00000178df4f1000, 0x00000178df4e3000, 0x00000178dfc02800,
0x00000178dfc03000, 0x00000178dfb8a000, 0x00000178dfaa4000, 0x00000178e011a000,
0x00000178e01f3800, 0x00000178e01f5000, 0x00000178e01f6000, 0x00000178e0362800,
0x00000178e01f4800, 0x00000178e01f0800, 0x00000178e01f7000, 0x00000178e01f1000,
0x00000178e01f2000, 0x00000178e01f2800, 0x00000178deda5800, 0x00000178deda2800,
0x00000178deda9000, 0x00000178deda4000, 0x00000178deda3800, 0x00000178dedad000,
0x00000178dedaa000, 0x00000178dedab800, 0x00000178dedae000, 0x00000178dedaa800,
0x00000178dedac800, 0x00000178dedb0800, 0x00000178dedae800, 0x00000178dedaf800,
0x00000178e404a800, 0x00000178e404b800, 0x00000178e404c800, 0x00000178e404d000,
0x00000178e404e000, 0x00000178e4048000, 0x00000178e404a000, 0x00000178e404e800,
0x00000178e4049000, 0x00000178e4053000, 0x00000178e4050800, 0x00000178e4051000,
0x00000178e4052000, 0x00000178e4054800, 0x00000178e4053800, 0x00000178e4055000,
0x00000178e404f800, 0x00000178e4056000, 0x00000178e4057000, 0x00000178e3df1000,
0x00000178e3dec000, 0x00000178e3df0000, 0x00000178e3ded000, 0x00000178e3def800,
0x00000178e3deb800, 0x00000178e3df2000, 0x00000178e3df2800, 0x00000178e3df3800,
0x00000178e3ded800, 0x00000178e3df4000, 0x00000178e3dee800, 0x00000178e3df8800,
0x00000178e3df6800, 0x00000178e3df5000, 0x00000178e3df7800, 0x00000178e3df9000,
0x00000178e3df6000, 0x00000178e3dfa000, 0x00000178e2434000, 0x00000178e2432000,
0x00000178e2432800, 0x00000178e2431000, 0x00000178e2433800, 0x00000178e2436800,
0x00000178e243a000, 0x00000178e2437800, 0x00000178e2436000, 0x00000178e2438800,
0x00000178e2439000, 0x00000178e243a800, 0x00000178e2435000, 0x00000178e243b800,
0x00000178e243e000, 0x00000178e243c800, 0x00000178e243d000, 0x00000178e243f000,
0x00000178e243f800, 0x00000178e34f5000, 0x00000178e34f4800, 0x00000178e34f0800,
0x00000178e34f7000, 0x00000178e34f3800, 0x00000178e34f6000, 0x00000178e34f1000,
0x00000178e34f7800, 0x00000178e34f2800, 0x00000178e34f2000, 0x00000178e34f9800,
0x00000178e34fb000, 0x00000178e34fa000, 0x00000178e34fb800, 0x00000178e34fc800,
0x00000178e34fd800, 0x00000178e34fe000, 0x00000178e34f8800, 0x00000178e34ff000,
0x00000178e2442000, 0x00000178e2441000, 0x00000178e2446000, 0x00000178e2447800,
0x00000178e2443800, 0x00000178e2445000, 0x00000178e2446800, 0x00000178e2448800,
0x00000178e2444000, 0x00000178e2442800, 0x00000178e244e000, 0x00000178e2449000,
0x00000178e244a800, 0x00000178e244a000, 0x00000178e244f800, 0x00000178e244b800,
0x00000178e244c800, 0x00000178e244d000, 0x00000178e244f000, 0x00000178e2547000,
0x00000178e2544000, 0x00000178e2548000, 0x00000178e2545000, 0x00000178e2545800,
0x00000178e2546800, 0x00000178e2542800, 0x00000178e2549000, 0x00000178e2543000,
0x00000178e254f800, 0x00000178e2549800, 0x00000178e254a800, 0x00000178e254b800,
0x00000178e2551000, 0x00000178e2550000, 0x00000178e254c000
}

Java Threads: ( => current thread )
  0x00000178c3ccb800 JavaThread "main" [_thread_blocked, id=1512, stack(0x0000000e46c00000,0x0000000e46d00000)]
  0x00000178dd6fb000 JavaThread "Reference Handler" daemon [_thread_blocked, id=3236, stack(0x0000000e47300000,0x0000000e47400000)]
  0x00000178dd6fc800 JavaThread "Finalizer" daemon [_thread_blocked, id=3856, stack(0x0000000e47400000,0x0000000e47500000)]
  0x00000178dd714800 JavaThread "Signal Dispatcher" daemon [_thread_blocked, id=5092, stack(0x0000000e47500000,0x0000000e47600000)]
  0x00000178dd717800 JavaThread "Attach Listener" daemon [_thread_blocked, id=6904, stack(0x0000000e47600000,0x0000000e47700000)]
  0x00000178dd719800 JavaThread "C2 CompilerThread0" daemon [_thread_in_native, id=8748, stack(0x0000000e47700000,0x0000000e47800000)]
  0x00000178dd724800 JavaThread "C1 CompilerThread0" daemon [_thread_in_native, id=4440, stack(0x0000000e47800000,0x0000000e47900000)]
  0x00000178dd727000 JavaThread "Sweeper thread" daemon [_thread_blocked, id=8036, stack(0x0000000e47900000,0x0000000e47a00000)]
  0x00000178de1cf800 JavaThread "Common-Cleaner" daemon [_thread_blocked, id=8808, stack(0x0000000e47a00000,0x0000000e47b00000)]
  0x00000178de1dd000 JavaThread "Service Thread" daemon [_thread_blocked, id=1940, stack(0x0000000e47b00000,0x0000000e47c00000)]
  0x00000178df95e800 JavaThread "Daemon health stats" [_thread_blocked, id=8596, stack(0x0000000e47f00000,0x0000000e48000000)]
  0x00000178de3de000 JavaThread "Incoming local TCP Connector on port 53600" [_thread_in_native, id=5312, stack(0x0000000e48300000,0x0000000e48400000)]
  0x00000178df95e000 JavaThread "Daemon periodic checks" [_thread_blocked, id=7324, stack(0x0000000e48400000,0x0000000e48500000)]
  0x00000178df4f1000 JavaThread "Daemon" [_thread_blocked, id=8912, stack(0x0000000e48500000,0x0000000e48600000)]
  0x00000178df4e3000 JavaThread "Handler for socket connection from /127.0.0.1:53600 to /127.0.0.1:53601" [_thread_in_native, id=8300, stack(0x0000000e48600000,0x0000000e48700000)]
  0x00000178dfc02800 JavaThread "Cancel handler" [_thread_blocked, id=7296, stack(0x0000000e48700000,0x0000000e48800000)]
  0x00000178dfc03000 JavaThread "Daemon worker" [_thread_in_vm, id=1212, stack(0x0000000e48800000,0x0000000e48900000)]
  0x00000178dfb8a000 JavaThread "Asynchronous log dispatcher for DefaultDaemonConnection: socket connection from /127.0.0.1:53600 to /127.0.0.1:53601" [_thread_blocked, id=2956, stack(0x0000000e48900000,0x0000000e48a00000)]
  0x00000178dfaa4000 JavaThread "Stdin handler" [_thread_blocked, id=2316, stack(0x0000000e48a00000,0x0000000e48b00000)]
  0x00000178e011a000 JavaThread "Thread-8" [_thread_blocked, id=4104, stack(0x0000000e48b00000,0x0000000e48c00000)]
  0x00000178e01f3800 JavaThread "Cache worker for file hash cache (C:\Users\Home\.gradle\caches\6.7.1\fileHashes)" [_thread_blocked, id=8504, stack(0x0000000e48c00000,0x0000000e48d00000)]
  0x00000178e01f5000 JavaThread "File lock request listener" [_thread_in_native, id=1192, stack(0x0000000e48d00000,0x0000000e48e00000)]
  0x00000178e01f6000 JavaThread "Cache worker for journal cache (C:\Users\Home\.gradle\caches\journal-1)" [_thread_blocked, id=4964, stack(0x0000000e48e00000,0x0000000e48f00000)]
=>0x00000178e0362800 JavaThread "C2 CompilerThread1" daemon [_thread_in_native, id=9100, stack(0x0000000e48f00000,0x0000000e49000000)]
  0x00000178e01f4800 JavaThread "Cache worker for file hash cache (D:\AndroidProjects\TipTime\.gradle\6.7.1\fileHashes)" [_thread_blocked, id=5760, stack(0x0000000e49000000,0x0000000e49100000)]
  0x00000178e01f0800 JavaThread "Cache worker for checksums cache (D:\AndroidProjects\TipTime\.gradle\checksums)" [_thread_blocked, id=4436, stack(0x0000000e49100000,0x0000000e49200000)]
  0x00000178e01f7000 JavaThread "Cache worker for cache directory md-supplier (C:\Users\Home\.gradle\caches\6.7.1\md-supplier)" [_thread_blocked, id=3832, stack(0x0000000e49200000,0x0000000e49300000)]
  0x00000178e01f1000 JavaThread "Cache worker for cache directory md-rule (C:\Users\Home\.gradle\caches\6.7.1\md-rule)" [_thread_blocked, id=1472, stack(0x0000000e49300000,0x0000000e49400000)]
  0x00000178e01f2000 JavaThread "Cache worker for execution history cache (C:\Users\Home\.gradle\caches\6.7.1\executionHistory)" [_thread_blocked, id=3996, stack(0x0000000e49400000,0x0000000e49500000)]
  0x00000178e01f2800 JavaThread "jar transforms" [_thread_blocked, id=2832, stack(0x0000000e49500000,0x0000000e49600000)]
  0x00000178deda5800 JavaThread "Cache worker for file content cache (C:\Users\Home\.gradle\caches\6.7.1\fileContent)" [_thread_blocked, id=8280, stack(0x0000000e49600000,0x0000000e49700000)]
  0x00000178deda2800 JavaThread "Cache worker for Build Output Cleanup Cache (D:\AndroidProjects\TipTime\.gradle\buildOutputCleanup)" [_thread_blocked, id=6924, stack(0x0000000e49700000,0x0000000e49800000)]
  0x00000178deda9000 JavaThread "Build operations" [_thread_blocked, id=912, stack(0x0000000e49800000,0x0000000e49900000)]
  0x00000178deda4000 JavaThread "Build operations Thread 2" [_thread_blocked, id=3332, stack(0x0000000e49900000,0x0000000e49a00000)]
  0x00000178deda3800 JavaThread "Build operations Thread 3" [_thread_blocked, id=3100, stack(0x0000000e49a00000,0x0000000e49b00000)]
  0x00000178dedad000 JavaThread "Build operations Thread 4" [_thread_blocked, id=2168, stack(0x0000000e49b00000,0x0000000e49c00000)]
  0x00000178dedaa000 JavaThread "jar transforms Thread 2" [_thread_blocked, id=5556, stack(0x0000000e49c00000,0x0000000e49d00000)]
  0x00000178dedab800 JavaThread "jar transforms Thread 3" [_thread_blocked, id=8184, stack(0x0000000e49d00000,0x0000000e49e00000)]
  0x00000178dedae000 JavaThread "jar transforms Thread 4" [_thread_blocked, id=7948, stack(0x0000000e49e00000,0x0000000e49f00000)]
  0x00000178dedaa800 JavaThread "jar transforms Thread 5" [_thread_blocked, id=7476, stack(0x0000000e49f00000,0x0000000e4a000000)]
  0x00000178dedac800 JavaThread "jar transforms Thread 6" [_thread_blocked, id=4308, stack(0x0000000e4a000000,0x0000000e4a100000)]
  0x00000178dedb0800 JavaThread "jar transforms Thread 7" [_thread_blocked, id=4024, stack(0x0000000e4a100000,0x0000000e4a200000)]
  0x00000178dedae800 JavaThread "jar transforms Thread 8" [_thread_blocked, id=3144, stack(0x0000000e4a200000,0x0000000e4a300000)]
  0x00000178dedaf800 JavaThread "jar transforms Thread 9" [_thread_blocked, id=4636, stack(0x0000000e4a300000,0x0000000e4a400000)]
  0x00000178e404a800 JavaThread "jar transforms Thread 10" [_thread_blocked, id=8144, stack(0x0000000e4a400000,0x0000000e4a500000)]
  0x00000178e404b800 JavaThread "jar transforms Thread 11" [_thread_blocked, id=8664, stack(0x0000000e4a500000,0x0000000e4a600000)]
  0x00000178e404c800 JavaThread "jar transforms Thread 12" [_thread_blocked, id=2588, stack(0x0000000e4a600000,0x0000000e4a700000)]
  0x00000178e404d000 JavaThread "jar transforms Thread 13" [_thread_blocked, id=5508, stack(0x0000000e4a700000,0x0000000e4a800000)]
  0x00000178e404e000 JavaThread "jar transforms Thread 14" [_thread_blocked, id=424, stack(0x0000000e4a800000,0x0000000e4a900000)]
  0x00000178e4048000 JavaThread "jar transforms Thread 15" [_thread_blocked, id=3816, stack(0x0000000e4a900000,0x0000000e4aa00000)]
  0x00000178e404a000 JavaThread "jar transforms Thread 16" [_thread_blocked, id=6140, stack(0x0000000e4aa00000,0x0000000e4ab00000)]
  0x00000178e404e800 JavaThread "jar transforms Thread 17" [_thread_blocked, id=312, stack(0x0000000e4ab00000,0x0000000e4ac00000)]
  0x00000178e4049000 JavaThread "jar transforms Thread 18" [_thread_blocked, id=4692, stack(0x0000000e4ac00000,0x0000000e4ad00000)]
  0x00000178e4053000 JavaThread "jar transforms Thread 19" [_thread_blocked, id=1220, stack(0x0000000e4ad00000,0x0000000e4ae00000)]
  0x00000178e4050800 JavaThread "jar transforms Thread 20" [_thread_blocked, id=636, stack(0x0000000e4ae00000,0x0000000e4af00000)]
  0x00000178e4051000 JavaThread "jar transforms Thread 21" [_thread_blocked, id=5952, stack(0x0000000e4af00000,0x0000000e4b000000)]
  0x00000178e4052000 JavaThread "jar transforms Thread 22" [_thread_blocked, id=4596, stack(0x0000000e4b000000,0x0000000e4b100000)]
  0x00000178e4054800 JavaThread "jar transforms Thread 23" [_thread_blocked, id=1924, stack(0x0000000e4b100000,0x0000000e4b200000)]
  0x00000178e4053800 JavaThread "jar transforms Thread 24" [_thread_blocked, id=5084, stack(0x0000000e4b200000,0x0000000e4b300000)]
  0x00000178e4055000 JavaThread "jar transforms Thread 25" [_thread_blocked, id=5364, stack(0x0000000e4b300000,0x0000000e4b400000)]
  0x00000178e404f800 JavaThread "jar transforms Thread 26" [_thread_blocked, id=6720, stack(0x0000000e4b400000,0x0000000e4b500000)]
  0x00000178e4056000 JavaThread "jar transforms Thread 27" [_thread_blocked, id=684, stack(0x0000000e4b500000,0x0000000e4b600000)]
  0x00000178e4057000 JavaThread "jar transforms Thread 28" [_thread_blocked, id=4296, stack(0x0000000e4b600000,0x0000000e4b700000)]
  0x00000178e3df1000 JavaThread "jar transforms Thread 29" [_thread_blocked, id=9192, stack(0x0000000e4b700000,0x0000000e4b800000)]
  0x00000178e3dec000 JavaThread "jar transforms Thread 30" [_thread_blocked, id=2560, stack(0x0000000e4b800000,0x0000000e4b900000)]
  0x00000178e3df0000 JavaThread "jar transforms Thread 31" [_thread_blocked, id=6912, stack(0x0000000e4b900000,0x0000000e4ba00000)]
  0x00000178e3ded000 JavaThread "jar transforms Thread 32" [_thread_blocked, id=2944, stack(0x0000000e4ba00000,0x0000000e4bb00000)]
  0x00000178e3def800 JavaThread "jar transforms Thread 33" [_thread_blocked, id=2968, stack(0x0000000e4bb00000,0x0000000e4bc00000)]
  0x00000178e3deb800 JavaThread "jar transforms Thread 34" [_thread_blocked, id=104, stack(0x0000000e4bc00000,0x0000000e4bd00000)]
  0x00000178e3df2000 JavaThread "jar transforms Thread 35" [_thread_blocked, id=4056, stack(0x0000000e4bd00000,0x0000000e4be00000)]
  0x00000178e3df2800 JavaThread "jar transforms Thread 36" [_thread_blocked, id=4100, stack(0x0000000e4be00000,0x0000000e4bf00000)]
  0x00000178e3df3800 JavaThread "jar transforms Thread 37" [_thread_blocked, id=6016, stack(0x0000000e4bf00000,0x0000000e4c000000)]
  0x00000178e3ded800 JavaThread "jar transforms Thread 38" [_thread_blocked, id=8224, stack(0x0000000e4c000000,0x0000000e4c100000)]
  0x00000178e3df4000 JavaThread "jar transforms Thread 39" [_thread_blocked, id=1132, stack(0x0000000e4c100000,0x0000000e4c200000)]
  0x00000178e3dee800 JavaThread "jar transforms Thread 40" [_thread_blocked, id=9120, stack(0x0000000e4c200000,0x0000000e4c300000)]
  0x00000178e3df8800 JavaThread "jar transforms Thread 41" [_thread_blocked, id=3012, stack(0x0000000e4c300000,0x0000000e4c400000)]
  0x00000178e3df6800 JavaThread "jar transforms Thread 42" [_thread_blocked, id=1948, stack(0x0000000e4c400000,0x0000000e4c500000)]
  0x00000178e3df5000 JavaThread "jar transforms Thread 43" [_thread_blocked, id=76, stack(0x0000000e4c500000,0x0000000e4c600000)]
  0x00000178e3df7800 JavaThread "jar transforms Thread 44" [_thread_blocked, id=532, stack(0x0000000e4c600000,0x0000000e4c700000)]
  0x00000178e3df9000 JavaThread "jar transforms Thread 45" [_thread_blocked, id=5756, stack(0x0000000e4c700000,0x0000000e4c800000)]
  0x00000178e3df6000 JavaThread "jar transforms Thread 46" [_thread_blocked, id=4876, stack(0x0000000e4c800000,0x0000000e4c900000)]
  0x00000178e3dfa000 JavaThread "jar transforms Thread 47" [_thread_blocked, id=7800, stack(0x0000000e4c900000,0x0000000e4ca00000)]
  0x00000178e2434000 JavaThread "jar transforms Thread 48" [_thread_blocked, id=7312, stack(0x0000000e4ca00000,0x0000000e4cb00000)]
  0x00000178e2432000 JavaThread "jar transforms Thread 49" [_thread_blocked, id=5208, stack(0x0000000e4cb00000,0x0000000e4cc00000)]
  0x00000178e2432800 JavaThread "jar transforms Thread 50" [_thread_blocked, id=704, stack(0x0000000e4cc00000,0x0000000e4cd00000)]
  0x00000178e2431000 JavaThread "jar transforms Thread 51" [_thread_blocked, id=1196, stack(0x0000000e4cd00000,0x0000000e4ce00000)]
  0x00000178e2433800 JavaThread "jar transforms Thread 52" [_thread_blocked, id=6896, stack(0x0000000e4ce00000,0x0000000e4cf00000)]
  0x00000178e2436800 JavaThread "jar transforms Thread 53" [_thread_blocked, id=9124, stack(0x0000000e4cf00000,0x0000000e4d000000)]
  0x00000178e243a000 JavaThread "jar transforms Thread 54" [_thread_blocked, id=1032, stack(0x0000000e4d000000,0x0000000e4d100000)]
  0x00000178e2437800 JavaThread "jar transforms Thread 55" [_thread_blocked, id=2656, stack(0x0000000e4d100000,0x0000000e4d200000)]
  0x00000178e2436000 JavaThread "jar transforms Thread 56" [_thread_blocked, id=5388, stack(0x0000000e4d200000,0x0000000e4d300000)]
  0x00000178e2438800 JavaThread "jar transforms Thread 57" [_thread_blocked, id=3500, stack(0x0000000e4d300000,0x0000000e4d400000)]
  0x00000178e2439000 JavaThread "jar transforms Thread 58" [_thread_blocked, id=1644, stack(0x0000000e4d400000,0x0000000e4d500000)]
  0x00000178e243a800 JavaThread "jar transforms Thread 59" [_thread_blocked, id=1892, stack(0x0000000e4d500000,0x0000000e4d600000)]
  0x00000178e2435000 JavaThread "jar transforms Thread 60" [_thread_blocked, id=5240, stack(0x0000000e4d600000,0x0000000e4d700000)]
  0x00000178e243b800 JavaThread "jar transforms Thread 61" [_thread_blocked, id=6476, stack(0x0000000e4d700000,0x0000000e4d800000)]
  0x00000178e243e000 JavaThread "jar transforms Thread 62" [_thread_blocked, id=1052, stack(0x0000000e4d800000,0x0000000e4d900000)]
  0x00000178e243c800 JavaThread "jar transforms Thread 63" [_thread_blocked, id=8304, stack(0x0000000e4d900000,0x0000000e4da00000)]
  0x00000178e243d000 JavaThread "jar transforms Thread 64" [_thread_blocked, id=7044, stack(0x0000000e4da00000,0x0000000e4db00000)]
  0x00000178e243f000 JavaThread "jar transforms Thread 65" [_thread_blocked, id=1524, stack(0x0000000e4db00000,0x0000000e4dc00000)]
  0x00000178e243f800 JavaThread "jar transforms Thread 66" [_thread_blocked, id=3528, stack(0x0000000e4dc00000,0x0000000e4dd00000)]
  0x00000178e34f5000 JavaThread "jar transforms Thread 67" [_thread_blocked, id=396, stack(0x0000000e4dd00000,0x0000000e4de00000)]
  0x00000178e34f4800 JavaThread "jar transforms Thread 68" [_thread_blocked, id=6560, stack(0x0000000e4de00000,0x0000000e4df00000)]
  0x00000178e34f0800 JavaThread "jar transforms Thread 69" [_thread_blocked, id=8532, stack(0x0000000e4df00000,0x0000000e4e000000)]
  0x00000178e34f7000 JavaThread "jar transforms Thread 70" [_thread_blocked, id=8104, stack(0x0000000e4e000000,0x0000000e4e100000)]
  0x00000178e34f3800 JavaThread "jar transforms Thread 71" [_thread_blocked, id=752, stack(0x0000000e4e100000,0x0000000e4e200000)]
  0x00000178e34f6000 JavaThread "jar transforms Thread 72" [_thread_blocked, id=8736, stack(0x0000000e4e200000,0x0000000e4e300000)]
  0x00000178e34f1000 JavaThread "jar transforms Thread 73" [_thread_blocked, id=6416, stack(0x0000000e4e300000,0x0000000e4e400000)]
  0x00000178e34f7800 JavaThread "jar transforms Thread 74" [_thread_blocked, id=8048, stack(0x0000000e4e400000,0x0000000e4e500000)]
  0x00000178e34f2800 JavaThread "jar transforms Thread 75" [_thread_blocked, id=5652, stack(0x0000000e4e500000,0x0000000e4e600000)]
  0x00000178e34f2000 JavaThread "jar transforms Thread 76" [_thread_blocked, id=1748, stack(0x0000000e4e600000,0x0000000e4e700000)]
  0x00000178e34f9800 JavaThread "jar transforms Thread 77" [_thread_blocked, id=8492, stack(0x0000000e4e700000,0x0000000e4e800000)]
  0x00000178e34fb000 JavaThread "jar transforms Thread 78" [_thread_blocked, id=6188, stack(0x0000000e4e800000,0x0000000e4e900000)]
  0x00000178e34fa000 JavaThread "jar transforms Thread 79" [_thread_blocked, id=1124, stack(0x0000000e4e900000,0x0000000e4ea00000)]
  0x00000178e34fb800 JavaThread "jar transforms Thread 80" [_thread_blocked, id=676, stack(0x0000000e4ea00000,0x0000000e4eb00000)]
  0x00000178e34fc800 JavaThread "jar transforms Thread 81" [_thread_blocked, id=7616, stack(0x0000000e4eb00000,0x0000000e4ec00000)]
  0x00000178e34fd800 JavaThread "jar transforms Thread 82" [_thread_blocked, id=1248, stack(0x0000000e4ec00000,0x0000000e4ed00000)]
  0x00000178e34fe000 JavaThread "jar transforms Thread 83" [_thread_blocked, id=2744, stack(0x0000000e4ed00000,0x0000000e4ee00000)]
  0x00000178e34f8800 JavaThread "jar transforms Thread 84" [_thread_blocked, id=7840, stack(0x0000000e4ee00000,0x0000000e4ef00000)]
  0x00000178e34ff000 JavaThread "jar transforms Thread 85" [_thread_blocked, id=376, stack(0x0000000e4ef00000,0x0000000e4f000000)]
  0x00000178e2442000 JavaThread "jar transforms Thread 86" [_thread_blocked, id=3524, stack(0x0000000e4f000000,0x0000000e4f100000)]
  0x00000178e2441000 JavaThread "jar transforms Thread 87" [_thread_blocked, id=7060, stack(0x0000000e4f100000,0x0000000e4f200000)]
  0x00000178e2446000 JavaThread "jar transforms Thread 88" [_thread_blocked, id=1128, stack(0x0000000e4f200000,0x0000000e4f300000)]
  0x00000178e2447800 JavaThread "jar transforms Thread 89" [_thread_blocked, id=8868, stack(0x0000000e4f300000,0x0000000e4f400000)]
  0x00000178e2443800 JavaThread "jar transforms Thread 90" [_thread_blocked, id=188, stack(0x0000000e4f400000,0x0000000e4f500000)]
  0x00000178e2445000 JavaThread "jar transforms Thread 91" [_thread_blocked, id=8384, stack(0x0000000e4f500000,0x0000000e4f600000)]
  0x00000178e2446800 JavaThread "jar transforms Thread 92" [_thread_blocked, id=924, stack(0x0000000e4f600000,0x0000000e4f700000)]
  0x00000178e2448800 JavaThread "jar transforms Thread 93" [_thread_blocked, id=3108, stack(0x0000000e4f700000,0x0000000e4f800000)]
  0x00000178e2444000 JavaThread "jar transforms Thread 94" [_thread_blocked, id=3680, stack(0x0000000e4f800000,0x0000000e4f900000)]
  0x00000178e2442800 JavaThread "jar transforms Thread 95" [_thread_blocked, id=8592, stack(0x0000000e4f900000,0x0000000e4fa00000)]
  0x00000178e244e000 JavaThread "jar transforms Thread 96" [_thread_blocked, id=4128, stack(0x0000000e4fa00000,0x0000000e4fb00000)]
  0x00000178e2449000 JavaThread "jar transforms Thread 97" [_thread_blocked, id=4580, stack(0x0000000e4fb00000,0x0000000e4fc00000)]
  0x00000178e244a800 JavaThread "jar transforms Thread 98" [_thread_blocked, id=1628, stack(0x0000000e4fc00000,0x0000000e4fd00000)]
  0x00000178e244a000 JavaThread "jar transforms Thread 99" [_thread_blocked, id=6468, stack(0x0000000e4fd00000,0x0000000e4fe00000)]
  0x00000178e244f800 JavaThread "jar transforms Thread 100" [_thread_blocked, id=6436, stack(0x0000000e4fe00000,0x0000000e4ff00000)]
  0x00000178e244b800 JavaThread "jar transforms Thread 101" [_thread_blocked, id=1240, stack(0x0000000e4ff00000,0x0000000e50000000)]
  0x00000178e244c800 JavaThread "jar transforms Thread 102" [_thread_blocked, id=8568, stack(0x0000000e50000000,0x0000000e50100000)]
  0x00000178e244d000 JavaThread "jar transforms Thread 103" [_thread_blocked, id=5448, stack(0x0000000e50100000,0x0000000e50200000)]
  0x00000178e244f000 JavaThread "jar transforms Thread 104" [_thread_blocked, id=4804, stack(0x0000000e50200000,0x0000000e50300000)]
  0x00000178e2547000 JavaThread "jar transforms Thread 105" [_thread_blocked, id=1376, stack(0x0000000e50300000,0x0000000e50400000)]
  0x00000178e2544000 JavaThread "jar transforms Thread 106" [_thread_blocked, id=6088, stack(0x0000000e50400000,0x0000000e50500000)]
  0x00000178e2548000 JavaThread "jar transforms Thread 107" [_thread_blocked, id=1556, stack(0x0000000e50500000,0x0000000e50600000)]
  0x00000178e2545000 JavaThread "jar transforms Thread 108" [_thread_blocked, id=3096, stack(0x0000000e50600000,0x0000000e50700000)]
  0x00000178e2545800 JavaThread "jar transforms Thread 109" [_thread_blocked, id=5108, stack(0x0000000e50700000,0x0000000e50800000)]
  0x00000178e2546800 JavaThread "jar transforms Thread 110" [_thread_blocked, id=8232, stack(0x0000000e50800000,0x0000000e50900000)]
  0x00000178e2542800 JavaThread "jar transforms Thread 111" [_thread_blocked, id=6192, stack(0x0000000e50900000,0x0000000e50a00000)]
  0x00000178e2549000 JavaThread "jar transforms Thread 112" [_thread_blocked, id=6700, stack(0x0000000e50a00000,0x0000000e50b00000)]
  0x00000178e2543000 JavaThread "jar transforms Thread 113" [_thread_blocked, id=6196, stack(0x0000000e50b00000,0x0000000e50c00000)]
  0x00000178e254f800 JavaThread "jar transforms Thread 114" [_thread_blocked, id=6300, stack(0x0000000e50c00000,0x0000000e50d00000)]
  0x00000178e2549800 JavaThread "jar transforms Thread 115" [_thread_blocked, id=7152, stack(0x0000000e50d00000,0x0000000e50e00000)]
  0x00000178e254a800 JavaThread "jar transforms Thread 116" [_thread_blocked, id=7996, stack(0x0000000e50e00000,0x0000000e50f00000)]
  0x00000178e254b800 JavaThread "jar transforms Thread 117" [_thread_blocked, id=9028, stack(0x0000000e50f00000,0x0000000e51000000)]
  0x00000178e2551000 JavaThread "jar transforms Thread 118" [_thread_blocked, id=5844, stack(0x0000000e51000000,0x0000000e51100000)]
  0x00000178e2550000 JavaThread "jar transforms Thread 119" [_thread_blocked, id=7736, stack(0x0000000e51100000,0x0000000e51200000)]
  0x00000178e254c000 JavaThread "Memory manager" [_thread_blocked, id=116, stack(0x0000000e51200000,0x0000000e51300000)]

Other Threads:
  0x00000178dd6f8000 VMThread "VM Thread" [stack: 0x0000000e47200000,0x0000000e47300000] [id=1244]
  0x00000178de1df000 WatcherThread [stack: 0x0000000e47c00000,0x0000000e47d00000] [id=3592]
  0x00000178c3ce5000 GCTaskThread "GC Thread#0" [stack: 0x0000000e46d00000,0x0000000e46e00000] [id=4076]
  0x00000178de315800 GCTaskThread "GC Thread#1" [stack: 0x0000000e47e00000,0x0000000e47f00000] [id=8548]
  0x00000178dfa34800 GCTaskThread "GC Thread#2" [stack: 0x0000000e48000000,0x0000000e48100000] [id=7880]
  0x00000178df9e8000 GCTaskThread "GC Thread#3" [stack: 0x0000000e48100000,0x0000000e48200000] [id=6352]
  0x00000178c3d17000 ConcurrentGCThread "G1 Main Marker" [stack: 0x0000000e46e00000,0x0000000e46f00000] [id=6292]
  0x00000178c3d18800 ConcurrentGCThread "G1 Conc#0" [stack: 0x0000000e46f00000,0x0000000e47000000] [id=3388]
  0x00000178c3d71800 ConcurrentGCThread "G1 Refine#0" [stack: 0x0000000e47000000,0x0000000e47100000] [id=2420]
  0x00000178c3d72800 ConcurrentGCThread "G1 Young RemSet Sampling" [stack: 0x0000000e47100000,0x0000000e47200000] [id=5352]

Threads with active compile tasks:
C2 CompilerThread0  13577 6161       4       java.lang.PublicMethods::merge (81 bytes)
C2 CompilerThread1  13577 6098       4       groovy.lang.MetaClassImpl$1MOPIter::methodNameAction (325 bytes)

VM state:not at safepoint (normal execution)

VM Mutex/Monitor currently owned by a thread: None

Heap address: 0x0000000080000000, size: 2048 MB, Compressed Oops mode: 32-bit
Narrow klass base: 0x0000000000000000, Narrow klass shift: 3
Compressed class space size: 1073741824 Address: 0x0000000100000000

Heap:
 garbage-first heap   total 133120K, used 78349K [0x0000000080000000, 0x0000000100000000)
  region size 1024K, 31 young (31744K), 6 survivors (6144K)
 Metaspace       used 67803K, capacity 69354K, committed 69504K, reserved 1110016K
  class space    used 8785K, capacity 9315K, committed 9344K, reserved 1048576K
Heap Regions: E=young(eden), S=young(survivor), O=old, HS=humongous(starts), HC=humongous(continues), CS=collection set, F=free, A=archive, TAMS=top-at-mark-start (previous, next)
|   0|0x0000000080000000, 0x0000000080100000, 0x0000000080100000|100%| O|  |TAMS 0x0000000080100000, 0x0000000080000000| Untracked 
|   1|0x0000000080100000, 0x0000000080200000, 0x0000000080200000|100%| O|  |TAMS 0x0000000080200000, 0x0000000080100000| Untracked 
|   2|0x0000000080200000, 0x0000000080300000, 0x0000000080300000|100%| O|  |TAMS 0x0000000080300000, 0x0000000080200000| Untracked 
|   3|0x0000000080300000, 0x0000000080400000, 0x0000000080400000|100%|HS|  |TAMS 0x0000000080400000, 0x0000000080300000| Complete 
|   4|0x0000000080400000, 0x0000000080500000, 0x0000000080500000|100%|HC|  |TAMS 0x0000000080500000, 0x0000000080400000| Complete 
|   5|0x0000000080500000, 0x0000000080600000, 0x0000000080600000|100%|HC|  |TAMS 0x0000000080600000, 0x0000000080500000| Complete 
|   6|0x0000000080600000, 0x0000000080700000, 0x0000000080700000|100%| O|  |TAMS 0x0000000080700000, 0x0000000080600000| Untracked 
|   7|0x0000000080700000, 0x0000000080800000, 0x0000000080800000|100%| O|  |TAMS 0x0000000080800000, 0x0000000080700000| Untracked 
|   8|0x0000000080800000, 0x0000000080900000, 0x0000000080900000|100%| O|  |TAMS 0x0000000080900000, 0x0000000080800000| Untracked 
|   9|0x0000000080900000, 0x0000000080a00000, 0x0000000080a00000|100%| O|  |TAMS 0x0000000080a00000, 0x0000000080900000| Untracked 
|  10|0x0000000080a00000, 0x0000000080b00000, 0x0000000080b00000|100%| O|  |TAMS 0x0000000080b00000, 0x0000000080a00000| Untracked 
|  11|0x0000000080b00000, 0x0000000080c00000, 0x0000000080c00000|100%| O|  |TAMS 0x0000000080c00000, 0x0000000080b00000| Untracked 
|  12|0x0000000080c00000, 0x0000000080d00000, 0x0000000080d00000|100%| O|  |TAMS 0x0000000080d00000, 0x0000000080c00000| Untracked 
|  13|0x0000000080d00000, 0x0000000080e00000, 0x0000000080e00000|100%| O|  |TAMS 0x0000000080e00000, 0x0000000080d00000| Untracked 
|  14|0x0000000080e00000, 0x0000000080f00000, 0x0000000080f00000|100%| O|  |TAMS 0x0000000080f00000, 0x0000000080e00000| Untracked 
|  15|0x0000000080f00000, 0x0000000081000000, 0x0000000081000000|100%| O|  |TAMS 0x0000000081000000, 0x0000000080f00000| Untracked 
|  16|0x0000000081000000, 0x0000000081100000, 0x0000000081100000|100%| O|  |TAMS 0x0000000081100000, 0x0000000081000000| Untracked 
|  17|0x0000000081100000, 0x0000000081200000, 0x0000000081200000|100%| O|  |TAMS 0x0000000081200000, 0x0000000081100000| Untracked 
|  18|0x0000000081200000, 0x0000000081300000, 0x0000000081300000|100%| O|  |TAMS 0x0000000081300000, 0x0000000081200000| Untracked 
|  19|0x0000000081300000, 0x0000000081400000, 0x0000000081400000|100%| O|  |TAMS 0x0000000081400000, 0x0000000081300000| Untracked 
|  20|0x0000000081400000, 0x0000000081500000, 0x0000000081500000|100%| O|  |TAMS 0x0000000081500000, 0x0000000081400000| Untracked 
|  21|0x0000000081500000, 0x0000000081600000, 0x0000000081600000|100%| O|  |TAMS 0x0000000081600000, 0x0000000081500000| Untracked 
|  22|0x0000000081600000, 0x0000000081700000, 0x0000000081700000|100%| O|  |TAMS 0x0000000081700000, 0x0000000081600000| Untracked 
|  23|0x0000000081700000, 0x0000000081800000, 0x0000000081800000|100%|HS|  |TAMS 0x0000000081800000, 0x0000000081700000| Complete 
|  24|0x0000000081800000, 0x0000000081900000, 0x0000000081900000|100%|HS|  |TAMS 0x0000000081900000, 0x0000000081800000| Complete 
|  25|0x0000000081900000, 0x0000000081a00000, 0x0000000081a00000|100%|HS|  |TAMS 0x0000000081a00000, 0x0000000081900000| Complete 
|  26|0x0000000081a00000, 0x0000000081b00000, 0x0000000081b00000|100%|HC|  |TAMS 0x0000000081b00000, 0x0000000081a00000| Complete 
|  27|0x0000000081b00000, 0x0000000081c00000, 0x0000000081c00000|100%|HC|  |TAMS 0x0000000081c00000, 0x0000000081b00000| Complete 
|  28|0x0000000081c00000, 0x0000000081d00000, 0x0000000081d00000|100%| O|  |TAMS 0x0000000081d00000, 0x0000000081c00000| Untracked 
|  29|0x0000000081d00000, 0x0000000081e00000, 0x0000000081e00000|100%| O|  |TAMS 0x0000000081e00000, 0x0000000081d00000| Untracked 
|  30|0x0000000081e00000, 0x0000000081f00000, 0x0000000081f00000|100%| O|  |TAMS 0x0000000081f00000, 0x0000000081e00000| Untracked 
|  31|0x0000000081f00000, 0x0000000082000000, 0x0000000082000000|100%|HS|  |TAMS 0x0000000082000000, 0x0000000081f00000| Complete 
|  32|0x0000000082000000, 0x0000000082100000, 0x0000000082100000|100%|HC|  |TAMS 0x0000000082100000, 0x0000000082000000| Complete 
|  33|0x0000000082100000, 0x0000000082200000, 0x0000000082200000|100%| O|  |TAMS 0x0000000082200000, 0x0000000082100000| Untracked 
|  34|0x0000000082200000, 0x0000000082300000, 0x0000000082300000|100%| O|  |TAMS 0x0000000082300000, 0x0000000082200000| Untracked 
|  35|0x0000000082300000, 0x0000000082400000, 0x0000000082400000|100%| O|  |TAMS 0x0000000082400000, 0x0000000082300000| Untracked 
|  36|0x0000000082400000, 0x0000000082500000, 0x0000000082500000|100%| O|  |TAMS 0x0000000082500000, 0x0000000082400000| Untracked 
|  37|0x0000000082500000, 0x0000000082600000, 0x0000000082600000|100%| O|  |TAMS 0x0000000082600000, 0x0000000082500000| Untracked 
|  38|0x0000000082600000, 0x0000000082700000, 0x0000000082700000|100%| O|  |TAMS 0x0000000082700000, 0x0000000082600000| Untracked 
|  39|0x0000000082700000, 0x0000000082800000, 0x0000000082800000|100%| O|  |TAMS 0x0000000082800000, 0x0000000082700000| Untracked 
|  40|0x0000000082800000, 0x0000000082900000, 0x0000000082900000|100%| O|  |TAMS 0x0000000082900000, 0x0000000082800000| Untracked 
|  41|0x0000000082900000, 0x0000000082a00000, 0x0000000082a00000|100%| O|  |TAMS 0x0000000082a00000, 0x0000000082900000| Untracked 
|  42|0x0000000082a00000, 0x0000000082b00000, 0x0000000082b00000|100%| O|  |TAMS 0x0000000082aa7200, 0x0000000082a00000| Untracked 
|  43|0x0000000082b00000, 0x0000000082c00000, 0x0000000082c00000|100%| O|  |TAMS 0x0000000082b00000, 0x0000000082b00000| Untracked 
|  44|0x0000000082c00000, 0x0000000082d00000, 0x0000000082d00000|100%| O|  |TAMS 0x0000000082c00000, 0x0000000082c00000| Untracked 
|  45|0x0000000082d00000, 0x0000000082e00000, 0x0000000082e00000|100%| O|  |TAMS 0x0000000082d00000, 0x0000000082d00000| Untracked 
|  46|0x0000000082e00000, 0x0000000082f00000, 0x0000000082f00000|100%| O|  |TAMS 0x0000000082e00000, 0x0000000082e00000| Untracked 
|  47|0x0000000082f00000, 0x0000000082f23400, 0x0000000083000000| 13%| O|  |TAMS 0x0000000082f00000, 0x0000000082f00000| Untracked 
|  48|0x0000000083000000, 0x0000000083000000, 0x0000000083100000|  0%| F|  |TAMS 0x0000000083000000, 0x0000000083000000| Untracked 
|  49|0x0000000083100000, 0x0000000083100000, 0x0000000083200000|  0%| F|  |TAMS 0x0000000083100000, 0x0000000083100000| Untracked 
|  50|0x0000000083200000, 0x0000000083200000, 0x0000000083300000|  0%| F|  |TAMS 0x0000000083200000, 0x0000000083200000| Untracked 
|  51|0x0000000083300000, 0x0000000083300000, 0x0000000083400000|  0%| F|  |TAMS 0x0000000083300000, 0x0000000083300000| Untracked 
|  52|0x0000000083400000, 0x0000000083400000, 0x0000000083500000|  0%| F|  |TAMS 0x0000000083400000, 0x0000000083400000| Untracked 
|  53|0x0000000083500000, 0x0000000083500000, 0x0000000083600000|  0%| F|  |TAMS 0x0000000083500000, 0x0000000083500000| Untracked 
|  54|0x0000000083600000, 0x0000000083600000, 0x0000000083700000|  0%| F|  |TAMS 0x0000000083600000, 0x0000000083600000| Untracked 
|  55|0x0000000083700000, 0x0000000083700000, 0x0000000083800000|  0%| F|  |TAMS 0x0000000083700000, 0x0000000083700000| Untracked 
|  56|0x0000000083800000, 0x0000000083800000, 0x0000000083900000|  0%| F|  |TAMS 0x0000000083800000, 0x0000000083800000| Untracked 
|  57|0x0000000083900000, 0x0000000083900000, 0x0000000083a00000|  0%| F|  |TAMS 0x0000000083900000, 0x0000000083900000| Untracked 
|  58|0x0000000083a00000, 0x0000000083a00000, 0x0000000083b00000|  0%| F|  |TAMS 0x0000000083a00000, 0x0000000083a00000| Untracked 
|  59|0x0000000083b00000, 0x0000000083b00000, 0x0000000083c00000|  0%| F|  |TAMS 0x0000000083b00000, 0x0000000083b00000| Untracked 
|  60|0x0000000083c00000, 0x0000000083c00000, 0x0000000083d00000|  0%| F|  |TAMS 0x0000000083c00000, 0x0000000083c00000| Untracked 
|  61|0x0000000083d00000, 0x0000000083d00000, 0x0000000083e00000|  0%| F|  |TAMS 0x0000000083d00000, 0x0000000083d00000| Untracked 
|  62|0x0000000083e00000, 0x0000000083e00000, 0x0000000083f00000|  0%| F|  |TAMS 0x0000000083e00000, 0x0000000083e00000| Untracked 
|  63|0x0000000083f00000, 0x0000000083f00000, 0x0000000084000000|  0%| F|  |TAMS 0x0000000083f00000, 0x0000000083f00000| Untracked 
|  64|0x0000000084000000, 0x0000000084000000, 0x0000000084100000|  0%| F|  |TAMS 0x0000000084000000, 0x0000000084000000| Untracked 
|  65|0x0000000084100000, 0x0000000084100000, 0x0000000084200000|  0%| F|  |TAMS 0x0000000084100000, 0x0000000084100000| Untracked 
|  66|0x0000000084200000, 0x0000000084200000, 0x0000000084300000|  0%| F|  |TAMS 0x0000000084200000, 0x0000000084200000| Untracked 
|  67|0x0000000084300000, 0x0000000084300000, 0x0000000084400000|  0%| F|  |TAMS 0x0000000084300000, 0x0000000084300000| Untracked 
|  68|0x0000000084400000, 0x0000000084400000, 0x0000000084500000|  0%| F|  |TAMS 0x0000000084400000, 0x0000000084400000| Untracked 
|  69|0x0000000084500000, 0x0000000084500000, 0x0000000084600000|  0%| F|  |TAMS 0x0000000084500000, 0x0000000084500000| Untracked 
|  70|0x0000000084600000, 0x0000000084600000, 0x0000000084700000|  0%| F|  |TAMS 0x0000000084600000, 0x0000000084600000| Untracked 
|  71|0x0000000084700000, 0x0000000084700000, 0x0000000084800000|  0%| F|  |TAMS 0x0000000084700000, 0x0000000084700000| Untracked 
|  72|0x0000000084800000, 0x0000000084800000, 0x0000000084900000|  0%| F|  |TAMS 0x0000000084800000, 0x0000000084800000| Untracked 
|  73|0x0000000084900000, 0x0000000084900000, 0x0000000084a00000|  0%| F|  |TAMS 0x0000000084900000, 0x0000000084900000| Untracked 
|  74|0x0000000084a00000, 0x0000000084a00000, 0x0000000084b00000|  0%| F|  |TAMS 0x0000000084a00000, 0x0000000084a00000| Untracked 
|  75|0x0000000084b00000, 0x0000000084b00000, 0x0000000084c00000|  0%| F|  |TAMS 0x0000000084b00000, 0x0000000084b00000| Untracked 
|  76|0x0000000084c00000, 0x0000000084c00000, 0x0000000084d00000|  0%| F|  |TAMS 0x0000000084c00000, 0x0000000084c00000| Untracked 
|  77|0x0000000084d00000, 0x0000000084d00000, 0x0000000084e00000|  0%| F|  |TAMS 0x0000000084d00000, 0x0000000084d00000| Untracked 
|  78|0x0000000084e00000, 0x0000000084e00000, 0x0000000084f00000|  0%| F|  |TAMS 0x0000000084e00000, 0x0000000084e00000| Untracked 
|  79|0x0000000084f00000, 0x0000000084f00000, 0x0000000085000000|  0%| F|  |TAMS 0x0000000084f00000, 0x0000000084f00000| Untracked 
|  80|0x0000000085000000, 0x0000000085000000, 0x0000000085100000|  0%| F|  |TAMS 0x0000000085000000, 0x0000000085000000| Untracked 
|  81|0x0000000085100000, 0x0000000085100000, 0x0000000085200000|  0%| F|  |TAMS 0x0000000085100000, 0x0000000085100000| Untracked 
|  82|0x0000000085200000, 0x0000000085260168, 0x0000000085300000| 37%| S|CS|TAMS 0x0000000085200000, 0x0000000085200000| Complete 
|  83|0x0000000085300000, 0x0000000085400000, 0x0000000085400000|100%| S|CS|TAMS 0x0000000085300000, 0x0000000085300000| Complete 
|  84|0x0000000085400000, 0x0000000085500000, 0x0000000085500000|100%| S|CS|TAMS 0x0000000085400000, 0x0000000085400000| Complete 
|  85|0x0000000085500000, 0x0000000085600000, 0x0000000085600000|100%| S|CS|TAMS 0x0000000085500000, 0x0000000085500000| Complete 
|  86|0x0000000085600000, 0x0000000085700000, 0x0000000085700000|100%| S|CS|TAMS 0x0000000085600000, 0x0000000085600000| Complete 
|  87|0x0000000085700000, 0x0000000085800000, 0x0000000085800000|100%| S|CS|TAMS 0x0000000085700000, 0x0000000085700000| Complete 
|  88|0x0000000085800000, 0x0000000085800000, 0x0000000085900000|  0%| F|  |TAMS 0x0000000085800000, 0x0000000085800000| Untracked 
|  89|0x0000000085900000, 0x0000000085900000, 0x0000000085a00000|  0%| F|  |TAMS 0x0000000085900000, 0x0000000085900000| Untracked 
|  90|0x0000000085a00000, 0x0000000085a00000, 0x0000000085b00000|  0%| F|  |TAMS 0x0000000085a00000, 0x0000000085a00000| Untracked 
|  91|0x0000000085b00000, 0x0000000085b00000, 0x0000000085c00000|  0%| F|  |TAMS 0x0000000085b00000, 0x0000000085b00000| Untracked 
|  92|0x0000000085c00000, 0x0000000085c00000, 0x0000000085d00000|  0%| F|  |TAMS 0x0000000085c00000, 0x0000000085c00000| Untracked 
|  93|0x0000000085d00000, 0x0000000085d00000, 0x0000000085e00000|  0%| F|  |TAMS 0x0000000085d00000, 0x0000000085d00000| Untracked 
|  94|0x0000000085e00000, 0x0000000085e00000, 0x0000000085f00000|  0%| F|  |TAMS 0x0000000085e00000, 0x0000000085e00000| Untracked 
|  95|0x0000000085f00000, 0x0000000085f00000, 0x0000000086000000|  0%| F|  |TAMS 0x0000000085f00000, 0x0000000085f00000| Untracked 
|  96|0x0000000086000000, 0x0000000086000000, 0x0000000086100000|  0%| F|  |TAMS 0x0000000086000000, 0x0000000086000000| Untracked 
|  97|0x0000000086100000, 0x0000000086100000, 0x0000000086200000|  0%| F|  |TAMS 0x0000000086100000, 0x0000000086100000| Untracked 
|  98|0x0000000086200000, 0x0000000086200000, 0x0000000086300000|  0%| F|  |TAMS 0x0000000086200000, 0x0000000086200000| Untracked 
|  99|0x0000000086300000, 0x0000000086300000, 0x0000000086400000|  0%| F|  |TAMS 0x0000000086300000, 0x0000000086300000| Untracked 
| 100|0x0000000086400000, 0x0000000086400000, 0x0000000086500000|  0%| F|  |TAMS 0x0000000086400000, 0x0000000086400000| Untracked 
| 101|0x0000000086500000, 0x0000000086500000, 0x0000000086600000|  0%| F|  |TAMS 0x0000000086500000, 0x0000000086500000| Untracked 
| 102|0x0000000086600000, 0x0000000086600000, 0x0000000086700000|  0%| F|  |TAMS 0x0000000086600000, 0x0000000086600000| Untracked 
| 103|0x0000000086700000, 0x0000000086700000, 0x0000000086800000|  0%| F|  |TAMS 0x0000000086700000, 0x0000000086700000| Untracked 
| 104|0x0000000086800000, 0x0000000086800000, 0x0000000086900000|  0%| F|  |TAMS 0x0000000086800000, 0x0000000086800000| Untracked 
| 105|0x0000000086900000, 0x0000000086980800, 0x0000000086a00000| 50%| E|  |TAMS 0x0000000086900000, 0x0000000086900000| Complete 
| 106|0x0000000086a00000, 0x0000000086b00000, 0x0000000086b00000|100%| E|CS|TAMS 0x0000000086a00000, 0x0000000086a00000| Complete 
| 107|0x0000000086b00000, 0x0000000086c00000, 0x0000000086c00000|100%| E|CS|TAMS 0x0000000086b00000, 0x0000000086b00000| Complete 
| 108|0x0000000086c00000, 0x0000000086d00000, 0x0000000086d00000|100%| E|CS|TAMS 0x0000000086c00000, 0x0000000086c00000| Complete 
| 109|0x0000000086d00000, 0x0000000086e00000, 0x0000000086e00000|100%| E|CS|TAMS 0x0000000086d00000, 0x0000000086d00000| Complete 
| 110|0x0000000086e00000, 0x0000000086f00000, 0x0000000086f00000|100%| E|CS|TAMS 0x0000000086e00000, 0x0000000086e00000| Complete 
| 111|0x0000000086f00000, 0x0000000087000000, 0x0000000087000000|100%| E|CS|TAMS 0x0000000086f00000, 0x0000000086f00000| Complete 
| 112|0x0000000087000000, 0x0000000087100000, 0x0000000087100000|100%| E|CS|TAMS 0x0000000087000000, 0x0000000087000000| Complete 
| 113|0x0000000087100000, 0x0000000087200000, 0x0000000087200000|100%| E|CS|TAMS 0x0000000087100000, 0x0000000087100000| Complete 
| 114|0x0000000087200000, 0x0000000087300000, 0x0000000087300000|100%| E|CS|TAMS 0x0000000087200000, 0x0000000087200000| Complete 
| 115|0x0000000087300000, 0x0000000087400000, 0x0000000087400000|100%| E|CS|TAMS 0x0000000087300000, 0x0000000087300000| Complete 
| 116|0x0000000087400000, 0x0000000087500000, 0x0000000087500000|100%| E|CS|TAMS 0x0000000087400000, 0x0000000087400000| Complete 
| 117|0x0000000087500000, 0x0000000087600000, 0x0000000087600000|100%| E|CS|TAMS 0x0000000087500000, 0x0000000087500000| Complete 
| 118|0x0000000087600000, 0x0000000087700000, 0x0000000087700000|100%| E|CS|TAMS 0x0000000087600000, 0x0000000087600000| Complete 
| 119|0x0000000087700000, 0x0000000087800000, 0x0000000087800000|100%| E|CS|TAMS 0x0000000087700000, 0x0000000087700000| Complete 
| 120|0x0000000087800000, 0x0000000087900000, 0x0000000087900000|100%| E|CS|TAMS 0x0000000087800000, 0x0000000087800000| Complete 
| 121|0x0000000087900000, 0x0000000087a00000, 0x0000000087a00000|100%| E|CS|TAMS 0x0000000087900000, 0x0000000087900000| Complete 
| 122|0x0000000087a00000, 0x0000000087b00000, 0x0000000087b00000|100%| E|CS|TAMS 0x0000000087a00000, 0x0000000087a00000| Complete 
| 123|0x0000000087b00000, 0x0000000087c00000, 0x0000000087c00000|100%| E|CS|TAMS 0x0000000087b00000, 0x0000000087b00000| Complete 
| 124|0x0000000087c00000, 0x0000000087d00000, 0x0000000087d00000|100%| E|CS|TAMS 0x0000000087c00000, 0x0000000087c00000| Complete 
| 125|0x0000000087d00000, 0x0000000087e00000, 0x0000000087e00000|100%| E|CS|TAMS 0x0000000087d00000, 0x0000000087d00000| Complete 
| 126|0x0000000087e00000, 0x0000000087f00000, 0x0000000087f00000|100%| E|CS|TAMS 0x0000000087e00000, 0x0000000087e00000| Complete 
| 127|0x0000000087f00000, 0x0000000088000000, 0x0000000088000000|100%| E|CS|TAMS 0x0000000087f00000, 0x0000000087f00000| Complete 
| 128|0x0000000088000000, 0x0000000088100000, 0x0000000088100000|100%| E|CS|TAMS 0x0000000088000000, 0x0000000088000000| Complete 
| 129|0x0000000088100000, 0x0000000088200000, 0x0000000088200000|100%| E|CS|TAMS 0x0000000088100000, 0x0000000088100000| Complete 

Card table byte_map: [0x00000178d6a40000,0x00000178d6e40000] _byte_map_base: 0x00000178d6640000

Marking Bits (Prev, Next): (CMBitMap*) 0x00000178c3d0d550, (CMBitMap*) 0x00000178c3d0d518
 Prev Bits: [0x00000178d9240000, 0x00000178db240000)
 Next Bits: [0x00000178d7240000, 0x00000178d9240000)

Polling page: 0x00000178c1b50000

Metaspace:

Usage:
  Non-class:     58.63 MB capacity,    57.64 MB ( 98%) used,   861.59 KB (  1%) free+waste,   151.50 KB ( <1%) overhead. 
      Class:      9.10 MB capacity,     8.58 MB ( 94%) used,   458.59 KB (  5%) free+waste,    71.00 KB ( <1%) overhead. 
       Both:     67.73 MB capacity,    66.22 MB ( 98%) used,     1.29 MB (  2%) free+waste,   222.50 KB ( <1%) overhead. 

Virtual space:
  Non-class space:       60.00 MB reserved,      58.75 MB ( 98%) committed 
      Class space:        1.00 GB reserved,       9.13 MB ( <1%) committed 
             Both:        1.06 GB reserved,      67.88 MB (  6%) committed 

Chunk freelists:
   Non-Class:  0 bytes
       Class:  0 bytes
        Both:  0 bytes

MaxMetaspaceSize: 17179869184.00 GB
CompressedClassSpaceSize: 1.00 GB

CodeHeap 'non-profiled nmethods': size=120064Kb used=3307Kb max_used=3307Kb free=116756Kb
 bounds [0x00000178cf100000, 0x00000178cf440000, 0x00000178d6640000]
CodeHeap 'profiled nmethods': size=120000Kb used=12876Kb max_used=12876Kb free=107124Kb
 bounds [0x00000178c7bd0000, 0x00000178c8870000, 0x00000178cf100000]
CodeHeap 'non-nmethods': size=5696Kb used=2235Kb max_used=2278Kb free=3460Kb
 bounds [0x00000178c7640000, 0x00000178c78b0000, 0x00000178c7bd0000]
 total_blobs=6809 nmethods=5990 adapters=730
 compilation: enabled
              stopped_count=0, restarted_count=0
 full_count=0

Compilation events (20 events):
Event: 13.518 Thread 0x00000178dd724800 6195       3       com.esotericsoftware.kryo.io.Input::require (220 bytes)
Event: 13.519 Thread 0x00000178dd724800 nmethod 6195 0x00000178c884a810 code [0x00000178c884ab00, 0x00000178c884b8b8]
Event: 13.520 Thread 0x00000178dd724800 6196       1       org.gradle.internal.component.external.model.ImmutableCapability::hashCode (5 bytes)
Event: 13.520 Thread 0x00000178dd724800 nmethod 6196 0x00000178cf439690 code [0x00000178cf439840, 0x00000178cf4398f8]
Event: 13.520 Thread 0x00000178dd724800 6197       3       org.gradle.api.internal.artifacts.result.DefaultResolvedVariantResult::<init> (28 bytes)
Event: 13.520 Thread 0x00000178dd724800 nmethod 6197 0x00000178c884be10 code [0x00000178c884bfe0, 0x00000178c884c288]
Event: 13.521 Thread 0x00000178dd724800 6198       3       org.gradle.api.internal.artifacts.result.DefaultResolvedVariantResult::computeHashCode (38 bytes)
Event: 13.521 Thread 0x00000178dd724800 nmethod 6198 0x00000178c884c390 code [0x00000178c884c580, 0x00000178c884c908]
Event: 13.522 Thread 0x00000178dd724800 6199       3       org.gradle.api.internal.artifacts.ivyservice.resolveengine.result.ComponentIdentifierSerializer$Implementation::access$000 (5 bytes)
Event: 13.522 Thread 0x00000178dd724800 nmethod 6199 0x00000178c884ca90 code [0x00000178c884cc40, 0x00000178c884cd58]
Event: 13.523 Thread 0x00000178dd724800 6200       3       org.gradle.internal.component.external.model.ImmutableCapability::<init> (58 bytes)
Event: 13.525 Thread 0x00000178dd724800 nmethod 6200 0x00000178c884ce10 code [0x00000178c884d0c0, 0x00000178c884dc88]
Event: 13.526 Thread 0x00000178dd724800 6201   !   3       com.google.common.util.concurrent.Uninterruptibles::getUninterruptibly (40 bytes)
Event: 13.526 Thread 0x00000178dd724800 nmethod 6201 0x00000178c884e190 code [0x00000178c884e380, 0x00000178c884e828]
Event: 13.526 Thread 0x00000178dd724800 6202       3       com.google.common.base.Stopwatch::elapsedNanos (32 bytes)
Event: 13.527 Thread 0x00000178dd724800 nmethod 6202 0x00000178c884ea10 code [0x00000178c884ebe0, 0x00000178c884ee28]
Event: 13.527 Thread 0x00000178dd724800 6203   !   3       com.google.common.cache.LocalCache$Segment::storeLoadedValue (371 bytes)
Event: 13.537 Thread 0x00000178dd724800 nmethod 6203 0x00000178c884ef10 code [0x00000178c884f6c0, 0x00000178c8853b48]
Event: 13.537 Thread 0x00000178dd724800 6204       3       org.gradle.api.internal.artifacts.DefaultImmutableModuleIdentifierFactory::module (74 bytes)
Event: 13.538 Thread 0x00000178dd724800 nmethod 6204 0x00000178c8856110 code [0x00000178c8856360, 0x00000178c8856d68]

GC Heap History (20 events):
Event: 5.676 GC heap before
{Heap before GC invocations=10 (full 0):
 garbage-first heap   total 76800K, used 25640K [0x0000000080000000, 0x0000000100000000)
  region size 1024K, 10 young (10240K), 5 survivors (5120K)
 Metaspace       used 35040K, capacity 35777K, committed 35840K, reserved 1081344K
  class space    used 4560K, capacity 4824K, committed 4864K, reserved 1048576K
}
Event: 5.691 GC heap after
{Heap after GC invocations=11 (full 0):
 garbage-first heap   total 92160K, used 22196K [0x0000000080000000, 0x0000000100000000)
  region size 1024K, 1 young (1024K), 1 survivors (1024K)
 Metaspace       used 35040K, capacity 35777K, committed 35840K, reserved 1081344K
  class space    used 4560K, capacity 4824K, committed 4864K, reserved 1048576K
}
Event: 6.466 GC heap before
{Heap before GC invocations=12 (full 0):
 garbage-first heap   total 92160K, used 55988K [0x0000000080000000, 0x0000000100000000)
  region size 1024K, 32 young (32768K), 1 survivors (1024K)
 Metaspace       used 38641K, capacity 39515K, committed 39680K, reserved 1083392K
  class space    used 4969K, capacity 5272K, committed 5376K, reserved 1048576K
}
Event: 6.472 GC heap after
{Heap after GC invocations=13 (full 0):
 garbage-first heap   total 92160K, used 23457K [0x0000000080000000, 0x0000000100000000)
  region size 1024K, 3 young (3072K), 3 survivors (3072K)
 Metaspace       used 38641K, capacity 39515K, committed 39680K, reserved 1083392K
  class space    used 4969K, capacity 5272K, committed 5376K, reserved 1048576K
}
Event: 7.073 GC heap before
{Heap before GC invocations=13 (full 0):
 garbage-first heap   total 92160K, used 57249K [0x0000000080000000, 0x0000000100000000)
  region size 1024K, 36 young (36864K), 3 survivors (3072K)
 Metaspace       used 41123K, capacity 41966K, committed 42240K, reserved 1085440K
  class space    used 5254K, capacity 5536K, committed 5632K, reserved 1048576K
}
Event: 7.082 GC heap after
{Heap after GC invocations=14 (full 0):
 garbage-first heap   total 92160K, used 25610K [0x0000000080000000, 0x0000000100000000)
  region size 1024K, 5 young (5120K), 5 survivors (5120K)
 Metaspace       used 41123K, capacity 41966K, committed 42240K, reserved 1085440K
  class space    used 5254K, capacity 5536K, committed 5632K, reserved 1048576K
}
Event: 8.010 GC heap before
{Heap before GC invocations=14 (full 0):
 garbage-first heap   total 92160K, used 60426K [0x0000000080000000, 0x0000000100000000)
  region size 1024K, 39 young (39936K), 5 survivors (5120K)
 Metaspace       used 43967K, capacity 45023K, committed 45184K, reserved 1089536K
  class space    used 5638K, capacity 6005K, committed 6016K, reserved 1048576K
}
Event: 8.024 GC heap after
{Heap after GC invocations=15 (full 0):
 garbage-first heap   total 92160K, used 27779K [0x0000000080000000, 0x0000000100000000)
  region size 1024K, 5 young (5120K), 5 survivors (5120K)
 Metaspace       used 43967K, capacity 45023K, committed 45184K, reserved 1089536K
  class space    used 5638K, capacity 6005K, committed 6016K, reserved 1048576K
}
Event: 8.550 GC heap before
{Heap before GC invocations=15 (full 0):
 garbage-first heap   total 92160K, used 67715K [0x0000000080000000, 0x0000000100000000)
  region size 1024K, 40 young (40960K), 5 survivors (5120K)
 Metaspace       used 44920K, capacity 46008K, committed 46080K, reserved 1089536K
  class space    used 5758K, capacity 6138K, committed 6144K, reserved 1048576K
}
Event: 8.564 GC heap after
{Heap after GC invocations=16 (full 0):
 garbage-first heap   total 110592K, used 36510K [0x0000000080000000, 0x0000000100000000)
  region size 1024K, 5 young (5120K), 5 survivors (5120K)
 Metaspace       used 44920K, capacity 46008K, committed 46080K, reserved 1089536K
  class space    used 5758K, capacity 6138K, committed 6144K, reserved 1048576K
}
Event: 9.281 GC heap before
{Heap before GC invocations=16 (full 0):
 garbage-first heap   total 110592K, used 78494K [0x0000000080000000, 0x0000000100000000)
  region size 1024K, 45 young (46080K), 5 survivors (5120K)
 Metaspace       used 49895K, capacity 51137K, committed 51328K, reserved 1093632K
  class space    used 6336K, capacity 6726K, committed 6784K, reserved 1048576K
}
Event: 9.293 GC heap after
{Heap after GC invocations=17 (full 0):
 garbage-first heap   total 110592K, used 43647K [0x0000000080000000, 0x0000000100000000)
  region size 1024K, 5 young (5120K), 5 survivors (5120K)
 Metaspace       used 49895K, capacity 51137K, committed 51328K, reserved 1093632K
  class space    used 6336K, capacity 6726K, committed 6784K, reserved 1048576K
}
Event: 10.356 GC heap before
{Heap before GC invocations=17 (full 0):
 garbage-first heap   total 110592K, used 80511K [0x0000000080000000, 0x0000000100000000)
  region size 1024K, 41 young (41984K), 5 survivors (5120K)
 Metaspace       used 55239K, capacity 56635K, committed 56704K, reserved 1097728K
  class space    used 7050K, capacity 7550K, committed 7552K, reserved 1048576K
}
Event: 10.365 GC heap after
{Heap after GC invocations=18 (full 0):
 garbage-first heap   total 110592K, used 45571K [0x0000000080000000, 0x0000000100000000)
  region size 1024K, 2 young (2048K), 2 survivors (2048K)
 Metaspace       used 55239K, capacity 56635K, committed 56704K, reserved 1097728K
  class space    used 7050K, capacity 7550K, committed 7552K, reserved 1048576K
}
Event: 11.049 GC heap before
{Heap before GC invocations=18 (full 0):
 garbage-first heap   total 110592K, used 78339K [0x0000000080000000, 0x0000000100000000)
  region size 1024K, 35 young (35840K), 2 survivors (2048K)
 Metaspace       used 58524K, capacity 59998K, committed 60160K, reserved 1101824K
  class space    used 7434K, capacity 7956K, committed 8064K, reserved 1048576K
}
Event: 11.061 GC heap after
{Heap after GC invocations=19 (full 0):
 garbage-first heap   total 110592K, used 48796K [0x0000000080000000, 0x0000000100000000)
  region size 1024K, 5 young (5120K), 5 survivors (5120K)
 Metaspace       used 58524K, capacity 59998K, committed 60160K, reserved 1101824K
  class space    used 7434K, capacity 7956K, committed 8064K, reserved 1048576K
}
Event: 12.018 GC heap before
{Heap before GC invocations=20 (full 0):
 garbage-first heap   total 110592K, used 84636K [0x0000000080000000, 0x0000000100000000)
  region size 1024K, 40 young (40960K), 5 survivors (5120K)
 Metaspace       used 61573K, capacity 62970K, committed 63104K, reserved 1103872K
  class space    used 7816K, capacity 8301K, committed 8320K, reserved 1048576K
}
Event: 12.036 GC heap after
{Heap after GC invocations=21 (full 0):
 garbage-first heap   total 133120K, used 50704K [0x0000000080000000, 0x0000000100000000)
  region size 1024K, 3 young (3072K), 3 survivors (3072K)
 Metaspace       used 61573K, capacity 62970K, committed 63104K, reserved 1103872K
  class space    used 7816K, capacity 8301K, committed 8320K, reserved 1048576K
}
Event: 12.835 GC heap before
{Heap before GC invocations=21 (full 0):
 garbage-first heap   total 133120K, used 93712K [0x0000000080000000, 0x0000000100000000)
  region size 1024K, 45 young (46080K), 3 survivors (3072K)
 Metaspace       used 65289K, capacity 66804K, committed 67072K, reserved 1107968K
  class space    used 8411K, capacity 8920K, committed 8960K, reserved 1048576K
}
Event: 12.848 GC heap after
{Heap after GC invocations=22 (full 0):
 garbage-first heap   total 133120K, used 53773K [0x0000000080000000, 0x0000000100000000)
  region size 1024K, 6 young (6144K), 6 survivors (6144K)
 Metaspace       used 65289K, capacity 66804K, committed 67072K, reserved 1107968K
  class space    used 8411K, capacity 8920K, committed 8960K, reserved 1048576K
}

Deoptimization events (20 events):
Event: 13.429 Thread 0x00000178dfc03000 Uncommon trap: trap_request=0xffffff4d fr.pc=0x00000178cf155c40 relative=0x00000000000005e0
Event: 13.429 Thread 0x00000178dfc03000 Uncommon trap: reason=unstable_if action=reinterpret pc=0x00000178cf155c40 method=java.lang.String.regionMatches(ZILjava/lang/String;II)Z @ 52 c2
Event: 13.429 Thread 0x00000178dfc03000 DEOPT PACKING pc=0x00000178cf155c40 sp=0x0000000e488f9430
Event: 13.429 Thread 0x00000178dfc03000 DEOPT UNPACKING pc=0x00000178c766742f sp=0x0000000e488f93e0 mode 2
Event: 13.429 Thread 0x00000178dfc03000 Uncommon trap: trap_request=0xffffff4d fr.pc=0x00000178cf16844c relative=0x000000000000040c
Event: 13.429 Thread 0x00000178dfc03000 Uncommon trap: reason=unstable_if action=reinterpret pc=0x00000178cf16844c method=java.lang.StringLatin1.regionMatchesCI([BI[BII)Z @ 66 c2
Event: 13.429 Thread 0x00000178dfc03000 DEOPT PACKING pc=0x00000178cf16844c sp=0x0000000e488f93a0
Event: 13.429 Thread 0x00000178dfc03000 DEOPT UNPACKING pc=0x00000178c766742f sp=0x0000000e488f9330 mode 2
Event: 13.478 Thread 0x00000178dfc03000 Uncommon trap: trap_request=0xffffff4d fr.pc=0x00000178cf267fd4 relative=0x0000000000000ad4
Event: 13.478 Thread 0x00000178dfc03000 Uncommon trap: reason=unstable_if action=reinterpret pc=0x00000178cf267fd4 method=sun.nio.fs.WindowsPathParser.isSlash(C)Z @ 9 c2
Event: 13.478 Thread 0x00000178dfc03000 DEOPT PACKING pc=0x00000178cf267fd4 sp=0x0000000e488fa340
Event: 13.478 Thread 0x00000178dfc03000 DEOPT UNPACKING pc=0x00000178c766742f sp=0x0000000e488fa2b0 mode 2
Event: 13.478 Thread 0x00000178dfc03000 Uncommon trap: trap_request=0xffffff4d fr.pc=0x00000178cf1183dc relative=0x000000000000003c
Event: 13.478 Thread 0x00000178dfc03000 Uncommon trap: reason=unstable_if action=reinterpret pc=0x00000178cf1183dc method=sun.nio.fs.WindowsPathParser.isSlash(C)Z @ 9 c2
Event: 13.478 Thread 0x00000178dfc03000 DEOPT PACKING pc=0x00000178cf1183dc sp=0x0000000e488fa320
Event: 13.478 Thread 0x00000178dfc03000 DEOPT UNPACKING pc=0x00000178c766742f sp=0x0000000e488fa2a8 mode 2
Event: 13.513 Thread 0x00000178dfc03000 Uncommon trap: trap_request=0xffffff4d fr.pc=0x00000178cf2d5360 relative=0x00000000000001a0
Event: 13.513 Thread 0x00000178dfc03000 Uncommon trap: reason=unstable_if action=reinterpret pc=0x00000178cf2d5360 method=com.esotericsoftware.kryo.io.Input.require(I)I @ 65 c2
Event: 13.513 Thread 0x00000178dfc03000 DEOPT PACKING pc=0x00000178cf2d5360 sp=0x0000000e488f90c0
Event: 13.513 Thread 0x00000178dfc03000 DEOPT UNPACKING pc=0x00000178c766742f sp=0x0000000e488f9070 mode 2

Classes redefined (0 events):
No events

Internal exceptions (20 events):
Event: 12.194 Thread 0x00000178dfc03000 Exception <a 'java/lang/ClassNotFoundException'{0x00000000874521e0}: java/lang/EnumCustomizer> (0x00000000874521e0) thrown at [./src/hotspot/share/classfile/systemDictionary.cpp, line 231]
Event: 12.195 Thread 0x00000178dfc03000 Exception <a 'java/lang/ClassNotFoundException'{0x000000008747cb08}: org/gradle/api/JavaVersionCustomizer> (0x000000008747cb08) thrown at [./src/hotspot/share/classfile/systemDictionary.cpp, line 231]
Event: 12.201 Thread 0x00000178dfc03000 Exception <a 'java/lang/ClassNotFoundException'{0x00000000874cfe38}: com/android/build/gradle/internal/CompileOptions_DecoratedBeanInfo> (0x00000000874cfe38) thrown at [./src/hotspot/share/classfile/systemDictionary.cpp, line 231]
Event: 12.201 Thread 0x00000178dfc03000 Exception <a 'java/lang/ClassNotFoundException'{0x00000000874e69d0}: com/android/build/gradle/internal/CompileOptionsBeanInfo> (0x00000000874e69d0) thrown at [./src/hotspot/share/classfile/systemDictionary.cpp, line 231]
Event: 12.202 Thread 0x00000178dfc03000 Exception <a 'java/lang/ClassNotFoundException'{0x00000000874fdd08}: com/android/build/gradle/internal/CompileOptionsCustomizer> (0x00000000874fdd08) thrown at [./src/hotspot/share/classfile/systemDictionary.cpp, line 231]
Event: 12.204 Thread 0x00000178dfc03000 Exception <a 'java/lang/ClassNotFoundException'{0x0000000087321f20}: com/android/build/gradle/internal/CompileOptions_DecoratedCustomizer> (0x0000000087321f20) thrown at [./src/hotspot/share/classfile/systemDictionary.cpp, line 231]
Event: 12.229 Thread 0x00000178dfc03000 Exception <a 'java/lang/ClassNotFoundException'{0x0000000087254710}: org/jetbrains/kotlin/gradle/dsl/KotlinJvmOptionsImplBeanInfo> (0x0000000087254710) thrown at [./src/hotspot/share/classfile/systemDictionary.cpp, line 231]
Event: 12.230 Thread 0x00000178dfc03000 Exception <a 'java/lang/ClassNotFoundException'{0x000000008726c200}: org/jetbrains/kotlin/gradle/dsl/KotlinJvmOptionsBaseBeanInfo> (0x000000008726c200) thrown at [./src/hotspot/share/classfile/systemDictionary.cpp, line 231]
Event: 12.232 Thread 0x00000178dfc03000 Exception <a 'java/lang/ClassNotFoundException'{0x0000000087284170}: org/jetbrains/kotlin/gradle/dsl/KotlinJvmOptionsBaseCustomizer> (0x0000000087284170) thrown at [./src/hotspot/share/classfile/systemDictionary.cpp, line 231]
Event: 12.234 Thread 0x00000178dfc03000 Exception <a 'java/lang/ClassNotFoundException'{0x00000000872b45e0}: org/jetbrains/kotlin/gradle/dsl/KotlinJvmOptionsImplCustomizer> (0x00000000872b45e0) thrown at [./src/hotspot/share/classfile/systemDictionary.cpp, line 231]
Event: 13.230 Thread 0x00000178dfc03000 Exception <a 'java/lang/ClassNotFoundException'{0x0000000087343d68}: com/android/build/gradle/internal/api/ApkVariantOutputImpl_DecoratedBeanInfo> (0x0000000087343d68) thrown at [./src/hotspot/share/classfile/systemDictionary.cpp, line 231]
Event: 13.231 Thread 0x00000178dfc03000 Exception <a 'java/lang/ClassNotFoundException'{0x000000008735dea0}: com/android/build/gradle/internal/api/ApkVariantOutputImplBeanInfo> (0x000000008735dea0) thrown at [./src/hotspot/share/classfile/systemDictionary.cpp, line 231]
Event: 13.232 Thread 0x00000178dfc03000 Exception <a 'java/lang/ClassNotFoundException'{0x0000000087374be0}: com/android/build/gradle/internal/api/BaseVariantOutputImplBeanInfo> (0x0000000087374be0) thrown at [./src/hotspot/share/classfile/systemDictionary.cpp, line 231]
Event: 13.233 Thread 0x00000178dfc03000 Exception <a 'java/lang/ClassNotFoundException'{0x000000008738bbd8}: com/android/build/gradle/internal/api/BaseVariantOutputImplCustomizer> (0x000000008738bbd8) thrown at [./src/hotspot/share/classfile/systemDictionary.cpp, line 231]
Event: 13.235 Thread 0x00000178dfc03000 Exception <a 'java/lang/ClassNotFoundException'{0x00000000873b5018}: com/android/build/gradle/internal/api/ApkVariantOutputImplCustomizer> (0x00000000873b5018) thrown at [./src/hotspot/share/classfile/systemDictionary.cpp, line 231]
Event: 13.237 Thread 0x00000178dfc03000 Exception <a 'java/lang/ClassNotFoundException'{0x00000000873da4d0}: com/android/build/gradle/internal/api/ApkVariantOutputImpl_DecoratedCustomizer> (0x00000000873da4d0) thrown at [./src/hotspot/share/classfile/systemDictionary.cpp, line 231]
Event: 13.271 Thread 0x00000178dfc03000 Exception <a 'java/lang/ClassNotFoundException'{0x0000000087143f60}: com/android/build/gradle/internal/api/ReadOnlyBuildTypeBeanInfo> (0x0000000087143f60) thrown at [./src/hotspot/share/classfile/systemDictionary.cpp, line 231]
Event: 13.271 Thread 0x00000178dfc03000 Exception <a 'java/lang/ClassNotFoundException'{0x0000000087159e58}: com/android/build/gradle/internal/api/ReadOnlyBaseConfigBeanInfo> (0x0000000087159e58) thrown at [./src/hotspot/share/classfile/systemDictionary.cpp, line 231]
Event: 13.272 Thread 0x00000178dfc03000 Exception <a 'java/lang/ClassNotFoundException'{0x0000000087170478}: com/android/build/gradle/internal/api/ReadOnlyBaseConfigCustomizer> (0x0000000087170478) thrown at [./src/hotspot/share/classfile/systemDictionary.cpp, line 231]
Event: 13.273 Thread 0x00000178dfc03000 Exception <a 'java/lang/ClassNotFoundException'{0x0000000087196da0}: com/android/build/gradle/internal/api/ReadOnlyBuildTypeCustomizer> (0x0000000087196da0) thrown at [./src/hotspot/share/classfile/systemDictionary.cpp, line 231]

Events (20 events):
Event: 13.498 loading class org/gradle/api/internal/artifacts/ivyservice/resolveengine/result/CachingDependencyResultFactory
Event: 13.498 loading class org/gradle/api/internal/artifacts/ivyservice/resolveengine/result/CachingDependencyResultFactory done
Event: 13.507 loading class org/gradle/api/internal/artifacts/ivyservice/resolveengine/result/CachingComponentSelectionDescriptorFactory$Key
Event: 13.507 loading class org/gradle/api/internal/artifacts/ivyservice/resolveengine/result/CachingComponentSelectionDescriptorFactory$Key done
Event: 13.508 loading class org/gradle/api/artifacts/result/ComponentSelectionCause
Event: 13.508 loading class org/gradle/api/artifacts/result/ComponentSelectionCause done
Event: 13.508 loading class org/gradle/api/artifacts/result/ComponentSelectionDescriptor
Event: 13.508 loading class org/gradle/api/artifacts/result/ComponentSelectionDescriptor done
Event: 13.508 loading class org/gradle/api/artifacts/result/ComponentSelectionCause
Event: 13.508 loading class org/gradle/api/artifacts/result/ComponentSelectionCause done
Event: 13.509 loading class org/gradle/api/internal/artifacts/ivyservice/resolveengine/result/DetachedComponentResult
Event: 13.509 loading class org/gradle/api/internal/artifacts/ivyservice/resolveengine/result/DetachedComponentResult done
Event: 13.510 loading class org/gradle/api/internal/artifacts/result/DefaultResolvedComponentResult
Event: 13.510 loading class org/gradle/api/internal/artifacts/result/DefaultResolvedComponentResult done
Event: 13.512 loading class org/gradle/api/internal/artifacts/result/ResolvedComponentResultInternal
Event: 13.512 loading class org/gradle/api/internal/artifacts/result/ResolvedComponentResultInternal done
Event: 13.514 loading class org/gradle/api/artifacts/result/ComponentSelectionCause
Event: 13.514 loading class org/gradle/api/artifacts/result/ComponentSelectionCause done
Event: 13.515 loading class org/gradle/api/artifacts/result/ComponentSelectionCause
Event: 13.515 loading class org/gradle/api/artifacts/result/ComponentSelectionCause done


Dynamic libraries:
0x00007ff7ab3d0000 - 0x00007ff7ab3da000 	D:\Android\Android Studio\jre\bin\java.exe
0x00007ff9c18f0000 - 0x00007ff9c1add000 	C:\Windows\SYSTEM32\ntdll.dll
0x00007ff9c1010000 - 0x00007ff9c10c3000 	C:\Windows\System32\KERNEL32.DLL
0x00007ff9bda10000 - 0x00007ff9bdca5000 	C:\Windows\System32\KERNELBASE.dll
0x00007ff9be870000 - 0x00007ff9be96a000 	C:\Windows\System32\ucrtbase.dll
0x00007ff9b8c70000 - 0x00007ff9b8c87000 	D:\Android\Android Studio\jre\bin\VCRUNTIME140.dll
0x00007ff9b96a0000 - 0x00007ff9b96b9000 	D:\Android\Android Studio\jre\bin\jli.dll
0x00007ff9bf020000 - 0x00007ff9bf1b8000 	C:\Windows\System32\USER32.dll
0x00007ff9ada20000 - 0x00007ff9adc99000 	C:\Windows\WinSxS\amd64_microsoft.windows.common-controls_6595b64144ccf1df_6.0.17763.2061_none_de73cf545348ec45\COMCTL32.dll
0x00007ff9bd9f0000 - 0x00007ff9bda10000 	C:\Windows\System32\win32u.dll
0x00007ff9bed30000 - 0x00007ff9bedce000 	C:\Windows\System32\msvcrt.dll
0x00007ff9c1890000 - 0x00007ff9c18b9000 	C:\Windows\System32\GDI32.dll
0x00007ff9bdea0000 - 0x00007ff9be03c000 	C:\Windows\System32\gdi32full.dll
0x00007ff9be990000 - 0x00007ff9bea30000 	C:\Windows\System32\msvcp_win.dll
0x00007ff9c12c0000 - 0x00007ff9c15ed000 	C:\Windows\System32\combase.dll
0x00007ff9bef00000 - 0x00007ff9bf01f000 	C:\Windows\System32\RPCRT4.dll
0x00007ff9bea90000 - 0x00007ff9beb12000 	C:\Windows\System32\bcryptPrimitives.dll
0x00007ff9c0fe0000 - 0x00007ff9c100e000 	C:\Windows\System32\IMM32.DLL
0x00007ff9b7b40000 - 0x00007ff9b7bdd000 	D:\Android\Android Studio\jre\bin\msvcp140.dll
0x00007ff995c50000 - 0x00007ff99670c000 	D:\Android\Android Studio\jre\bin\server\jvm.dll
0x00007ff9c10d0000 - 0x00007ff9c1174000 	C:\Windows\System32\ADVAPI32.dll
0x00007ff9bec90000 - 0x00007ff9bed2e000 	C:\Windows\System32\sechost.dll
0x00007ff9bf800000 - 0x00007ff9bf808000 	C:\Windows\System32\PSAPI.DLL
0x00007ff9bb5d0000 - 0x00007ff9bb5f4000 	C:\Windows\SYSTEM32\WINMM.dll
0x00007ff9bc290000 - 0x00007ff9bc29a000 	C:\Windows\SYSTEM32\VERSION.dll
0x00007ff9b1d90000 - 0x00007ff9b1d99000 	C:\Windows\SYSTEM32\WSOCK32.dll
0x00007ff9c1820000 - 0x00007ff9c188d000 	C:\Windows\System32\WS2_32.dll
0x00007ff9bb570000 - 0x00007ff9bb59d000 	C:\Windows\SYSTEM32\WINMMBASE.dll
0x00007ff9bd9a0000 - 0x00007ff9bd9ea000 	C:\Windows\System32\cfgmgr32.dll
0x00007ff9bd8d0000 - 0x00007ff9bd8e1000 	C:\Windows\System32\kernel.appcore.dll
0x00007ff9a9ea0000 - 0x00007ff9a9eb1000 	D:\Android\Android Studio\jre\bin\verify.dll
0x00007ff9ac1a0000 - 0x00007ff9ac38d000 	C:\Windows\SYSTEM32\DBGHELP.DLL
0x00007ff9ac170000 - 0x00007ff9ac19a000 	C:\Windows\SYSTEM32\dbgcore.DLL
0x00007ff9987a0000 - 0x00007ff9987c9000 	D:\Android\Android Studio\jre\bin\java.dll
0x00007ff9a7b10000 - 0x00007ff9a7b1b000 	D:\Android\Android Studio\jre\bin\jimage.dll
0x00007ff9a75a0000 - 0x00007ff9a75b8000 	D:\Android\Android Studio\jre\bin\zip.dll
0x00007ff9bf8c0000 - 0x00007ff9c0db9000 	C:\Windows\System32\SHELL32.dll
0x00007ff9bf810000 - 0x00007ff9bf8b8000 	C:\Windows\System32\shcore.dll
0x00007ff9be120000 - 0x00007ff9be86b000 	C:\Windows\System32\windows.storage.dll
0x00007ff9bd970000 - 0x00007ff9bd994000 	C:\Windows\System32\profapi.dll
0x00007ff9bd910000 - 0x00007ff9bd96d000 	C:\Windows\System32\powrprof.dll
0x00007ff9c0e40000 - 0x00007ff9c0e92000 	C:\Windows\System32\shlwapi.dll
0x00007ff9be970000 - 0x00007ff9be987000 	C:\Windows\System32\cryptsp.dll
0x00007ff9a6380000 - 0x00007ff9a639a000 	D:\Android\Android Studio\jre\bin\net.dll
0x00007ff9b3be0000 - 0x00007ff9b3cd1000 	C:\Windows\SYSTEM32\WINHTTP.dll
0x00007ff9bd0a0000 - 0x00007ff9bd107000 	C:\Windows\system32\mswsock.dll
0x00007ff9a1720000 - 0x00007ff9a1734000 	D:\Android\Android Studio\jre\bin\nio.dll
0x00007ff9b9fb0000 - 0x00007ff9b9fd7000 	C:\Users\Home\.gradle\native\fdc75f09e3144964f2cf3f50f0aa648679c211496f362492102eb8c894070792\windows-amd64\native-platform.dll
0x00007ff9b6210000 - 0x00007ff9b63a6000 	C:\Users\Home\.gradle\native\12488b8bf47d2d4c9fbf2f6322a914ad602e24e48041cd04a747c6da556b65c4\windows-amd64\native-platform-file-events.dll
0x00007ff9a7a30000 - 0x00007ff9a7a3a000 	D:\Android\Android Studio\jre\bin\management.dll
0x00007ff9a75d0000 - 0x00007ff9a75dc000 	D:\Android\Android Studio\jre\bin\management_ext.dll
0x00007ff9bcc30000 - 0x00007ff9bcc63000 	C:\Windows\system32\rsaenh.dll
0x00007ff9be0f0000 - 0x00007ff9be116000 	C:\Windows\System32\bcrypt.dll
0x00007ff9bd7d0000 - 0x00007ff9bd7f9000 	C:\Windows\SYSTEM32\USERENV.dll
0x00007ff9bd270000 - 0x00007ff9bd27c000 	C:\Windows\SYSTEM32\CRYPTBASE.dll
0x00007ff9bcdc0000 - 0x00007ff9bcdfd000 	C:\Windows\SYSTEM32\IPHLPAPI.DLL
0x00007ff9c1180000 - 0x00007ff9c1188000 	C:\Windows\System32\NSI.dll
0x00007ff9b7280000 - 0x00007ff9b7296000 	C:\Windows\SYSTEM32\dhcpcsvc6.DLL
0x00007ff9b8d20000 - 0x00007ff9b8d3c000 	C:\Windows\SYSTEM32\dhcpcsvc.DLL
0x00007ff9bce00000 - 0x00007ff9bcec6000 	C:\Windows\SYSTEM32\DNSAPI.dll
0x00007ff9b8dd0000 - 0x00007ff9b8ddb000 	C:\Windows\SYSTEM32\WINNSI.DLL

dbghelp: loaded successfully - version: 4.0.5 - missing functions: none
symbol engine: initialized successfully - sym options: 0x614 - pdb path: .;D:\Android\Android Studio\jre\bin;C:\Windows\SYSTEM32;C:\Windows\WinSxS\amd64_microsoft.windows.common-controls_6595b64144ccf1df_6.0.17763.2061_none_de73cf545348ec45;D:\Android\Android Studio\jre\bin\server;C:\Users\Home\.gradle\native\fdc75f09e3144964f2cf3f50f0aa648679c211496f362492102eb8c894070792\windows-amd64;C:\Users\Home\.gradle\native\12488b8bf47d2d4c9fbf2f6322a914ad602e24e48041cd04a747c6da556b65c4\windows-amd64

VM Arguments:
jvm_args: --add-opens=java.base/java.util=ALL-UNNAMED --add-opens=java.base/java.lang=ALL-UNNAMED --add-opens=java.base/java.lang.invoke=ALL-UNNAMED --add-opens=java.prefs/java.util.prefs=ALL-UNNAMED -Xmx2048m -Dfile.encoding=UTF-8 -Duser.country=RU -Duser.language=ru -Duser.variant 
java_command: org.gradle.launcher.daemon.bootstrap.GradleDaemon 6.7.1
java_class_path (initial): C:\Users\Home\.gradle\wrapper\dists\gradle-6.7.1-bin\bwlcbys1h7rz3272sye1xwiv6\gradle-6.7.1\lib\gradle-launcher-6.7.1.jar
Launcher Type: SUN_STANDARD

[Global flags]
     intx CICompilerCount                          = 3                                         {product} {ergonomic}
     uint ConcGCThreads                            = 1                                         {product} {ergonomic}
     uint G1ConcRefinementThreads                  = 4                                         {product} {ergonomic}
   size_t G1HeapRegionSize                         = 1048576                                   {product} {ergonomic}
    uintx GCDrainStackTargetSize                   = 64                                        {product} {ergonomic}
   size_t InitialHeapSize                          = 65011712                                  {product} {ergonomic}
   size_t MarkStackSize                            = 4194304                                   {product} {ergonomic}
   size_t MaxHeapSize                              = 2147483648                                {product} {command line}
   size_t MaxNewSize                               = 1287651328                                {product} {ergonomic}
   size_t MinHeapDeltaBytes                        = 1048576                                   {product} {ergonomic}
    uintx NonNMethodCodeHeapSize                   = 5830732                                {pd product} {ergonomic}
    uintx NonProfiledCodeHeapSize                  = 122913754                              {pd product} {ergonomic}
    uintx ProfiledCodeHeapSize                     = 122913754                              {pd product} {ergonomic}
    uintx ReservedCodeCacheSize                    = 251658240                              {pd product} {ergonomic}
     bool SegmentedCodeCache                       = true                                      {product} {ergonomic}
     bool UseCompressedClassPointers               = true                                 {lp64_product} {ergonomic}
     bool UseCompressedOops                        = true                                 {lp64_product} {ergonomic}
     bool UseG1GC                                  = true                                      {product} {ergonomic}
     bool UseLargePagesIndividualAllocation        = false                                  {pd product} {ergonomic}

Logging:
Log output configuration:
 #0: stdout all=warning uptime,level,tags
 #1: stderr all=off uptime,level,tags

Environment Variables:
PATH=C:\Program Files (x86)\Common Files\Oracle\Java\javapath;C:\Windows\system32;C:\Windows;C:\Windows\System32\Wbem;C:\Windows\System32\WindowsPowerShell\v1.0\;C:\Windows\System32\OpenSSH\;D:\AndroidProjects\Git\cmd;C:\Users\Home\AppData\Local\Microsoft\WindowsApps;
USERNAME=Home
OS=Windows_NT
PROCESSOR_IDENTIFIER=Intel64 Family 6 Model 42 Stepping 7, GenuineIntel



---------------  S Y S T E M  ---------------

OS: Windows 10 , 64 bit Build 17763 (10.0.17763.2028)
OS uptime: 0 days 1:44 hours

CPU:total 4 (initial active 4) (2 cores per cpu, 2 threads per core) family 6 model 42 stepping 7, cmov, cx8, fxsr, mmx, sse, sse2, sse3, ssse3, sse4.1, sse4.2, popcnt, avx, clmul, ht, tsc, tscinvbit

Memory: 4k page, system-wide physical 3932M (395M free)
TotalPageFile size 4732M (AvailPageFile size 4M)
current process WorkingSet (physical memory assigned to process): 339M, peak: 339M
current process commit charge ("private bytes"): 371M, peak: 373M

vm_info: OpenJDK 64-Bit Server VM (11.0.8+10-b944.6842174) for windows-amd64 JRE (11.0.8+10-b944.6842174), built on Sep 19 2020 01:11:42 by "builder" with MS VC++ 14.0 (VS2015)

END.
