#
# There is insufficient memory for the Java Runtime Environment to continue.
# Native memory allocation (mmap) failed to map 57671680 bytes for Failed to commit area from 0x000000008c400000 to 0x000000008fb00000 of length 57671680.
# Possible reasons:
#   The system is out of physical RAM or swap space
#   The process is running with CompressedOops enabled, and the Java Heap may be blocking the growth of the native heap
# Possible solutions:
#   Reduce memory load on the system
#   Increase physical memory or swap space
#   Check if swap backing store is full
#   Decrease Java heap size (-Xmx/-Xms)
#   Decrease number of Java threads
#   Decrease Java thread stack sizes (-Xss)
#   Set larger code cache with -XX:ReservedCodeCacheSize=
#   JVM is running with Unscaled Compressed Oops mode in which the Java heap is
#     placed in the first 4GB address space. The Java Heap base address is the
#     maximum limit for the native heap growth. Please use -XX:HeapBaseMinAddress
#     to set the Java Heap base and to place the Java Heap above 4GB virtual address.
# This output file may be truncated or incomplete.
#
#  Out of Memory Error (./src/hotspot/os/windows/os_windows.cpp:3303), pid=4524, tid=4360
#
# JRE version: OpenJDK Runtime Environment (11.0.8+10) (build 11.0.8+10-b944.6842174)
# Java VM: OpenJDK 64-Bit Server VM (11.0.8+10-b944.6842174, mixed mode, tiered, compressed oops, g1 gc, windows-amd64)
# No core dump will be written. Minidumps are not enabled by default on client versions of Windows
#

---------------  S U M M A R Y ------------

Command Line: --add-opens=java.base/java.util=ALL-UNNAMED --add-opens=java.base/java.lang=ALL-UNNAMED --add-opens=java.base/java.lang.invoke=ALL-UNNAMED --add-opens=java.prefs/java.util.prefs=ALL-UNNAMED -Xmx2048m -Dfile.encoding=UTF-8 -Duser.country=RU -Duser.language=ru -Duser.variant org.gradle.launcher.daemon.bootstrap.GradleDaemon 6.7.1

Host: Intel(R) Core(TM) i3-2370M CPU @ 2.40GHz, 4 cores, 3G,  Windows 10 , 64 bit Build 17763 (10.0.17763.2028)
Time: Mon Aug  9 16:18:50 2021 RTZ 2 (ceia) elapsed time: 5641 seconds (0d 1h 34m 1s)

---------------  T H R E A D  ---------------

Current thread (0x00000242f3ef5000):  VMThread "VM Thread" [stack: 0x0000008126800000,0x0000008126900000] [id=4360]

Stack: [0x0000008126800000,0x0000008126900000]
[error occurred during error reporting (printing stack bounds), id 0xc0000005, EXCEPTION_ACCESS_VIOLATION (0xc0000005) at pc=0x00000242dde40dad]

Native frames: (J=compiled Java code, j=interpreted, Vv=VM code, C=native code)
V  [jvm.dll+0x5de50a]
V  [jvm.dll+0x7122f5]
V  [jvm.dll+0x71384d]
V  [jvm.dll+0x713e65]
V  [jvm.dll+0x713e1b]
V  [jvm.dll+0x5dd958]
V  [jvm.dll+0x5de0f8]
C  [ntdll.dll+0xa4a2f]
C  [ntdll.dll+0x4cef]
C  [ntdll.dll+0xa379e]
C  0x00000242dde40dad

VM_Operation (0x0000008130ffd380): G1CollectForAllocation, mode: safepoint, requested by thread 0x00000242fc5da000


---------------  P R O C E S S  ---------------

Threads class SMR info:
_java_thread_list=0x00000242fc80e620, length=169, elements={
0x00000242da4ca800, 0x00000242f3ef8000, 0x00000242f3efb800, 0x00000242f3f14000,
0x00000242f3f16800, 0x00000242f3f17800, 0x00000242f48cd000, 0x00000242f48d3000,
0x00000242f49c4000, 0x00000242f49ca000, 0x00000242f5f96000, 0x00000242f650c800,
0x00000242f64ab000, 0x00000242f6597000, 0x00000242f6596000, 0x00000242f6597800,
0x00000242f6594800, 0x00000242f9421000, 0x00000242f4d09000, 0x00000242f4d0d000,
0x00000242f4d0e000, 0x00000242f9424000, 0x00000242f9425000, 0x0000024285e1a800,
0x0000024285e1f000, 0x0000024285e20000, 0x0000024285e1b000, 0x0000024285e21000,
0x0000024285e21800, 0x0000024285e1c000, 0x0000024285e22800, 0x0000024285e1c800,
0x0000024285e23800, 0x0000024285e24000, 0x00000242f909c000, 0x0000024285e1e800,
0x0000024285e25000, 0x0000024285e25800, 0x0000024285e29000, 0x0000024285e26800,
0x0000024285e27800, 0x0000024285e28000, 0x00000242f4d05000, 0x00000242f4d05800,
0x00000242f4d01800, 0x00000242f4d07800, 0x00000242f4d06800, 0x00000242f4d08000,
0x00000242f4d02800, 0x00000242f4d03000, 0x00000242f4d09800, 0x00000242f4d04000,
0x00000242f4d0c000, 0x00000242f4d10800, 0x00000242f4d0e800, 0x00000242f4d0f800,
0x00000242f4d0a800, 0x00000242f4d0b800, 0x00000242f941d000, 0x00000242f941d800,
0x00000242f9421800, 0x00000242f9420000, 0x00000242f941f000, 0x00000242f941e800,
0x00000242f941c000, 0x00000242f9422800, 0x00000242f9427800, 0x00000242f9423800,
0x00000242f9429000, 0x00000242f9426000, 0x00000242f9426800, 0x00000242f942a000,
0x00000242f9428000, 0x00000242f6598800, 0x00000242f6595000, 0x00000242f6592800,
0x00000242f6599800, 0x00000242f6593800, 0x00000242f6b1e800, 0x00000242f6b1f000,
0x00000242f6b1c800, 0x00000242f6b1b000, 0x00000242f6b20000, 0x00000242f6b21000,
0x00000242f6b1d800, 0x00000242f6b1c000, 0x00000242f6b22800, 0x00000242f6b25800,
0x00000242f6b24000, 0x00000242f6b27800, 0x00000242f6b23800, 0x00000242f6b25000,
0x00000242f6b21800, 0x00000242f6b28000, 0x00000242f6b29000, 0x00000242f6b26800,
0x00000242f6b2a000, 0x00000242ff1e9800, 0x00000242ff1e7000, 0x00000242ff1ea800,
0x00000242ff1ec000, 0x00000242ff1eb800, 0x00000242ff1ed000, 0x00000242ff1ee000,
0x00000242ff1e9000, 0x00000242ff1e8000, 0x00000242ff1f1000, 0x00000242ff1f4800,
0x00000242ff1f0000, 0x00000242ff1ee800, 0x00000242ff1f5000, 0x00000242ff1f2800,
0x00000242ff1f3800, 0x00000242ff1ef800, 0x00000242ff1f6000, 0x00000242ff1f2000,
0x00000242fcdb9000, 0x00000242fcdb7800, 0x00000242fcdb6800, 0x00000242fcdb8800,
0x00000242fcdb5000, 0x00000242fcdba000, 0x00000242fcdbb000, 0x00000242fcdbb800,
0x00000242fcdb6000, 0x00000242fcdc0800, 0x00000242fcdbc800, 0x00000242fcdbf800,
0x00000242fcdc3000, 0x00000242fcdbe000, 0x00000242fcdc2000, 0x00000242fcdbf000,
0x00000242fcdbd800, 0x00000242fcdc4000, 0x00000242fcdc1800, 0x00000242fd16c000,
0x00000242fd168000, 0x00000242fd169000, 0x00000242fd16d000, 0x00000242fd167000,
0x00000242fd16d800, 0x00000242fd16b800, 0x00000242fd16e800, 0x00000242fd16f800,
0x00000242fd169800, 0x00000242fd170000, 0x00000242fd16a800, 0x00000242fd171000,
0x00000242fd173800, 0x00000242fd175000, 0x00000242fd176000, 0x00000242fd172000,
0x00000242fd172800, 0x00000242fd174000, 0x00000242fc5cc000, 0x00000242fc5cd000,
0x00000242fc5cf800, 0x00000242fc5cd800, 0x00000242fc5d1000, 0x00000242fc5cb800,
0x00000242fc5d2000, 0x00000242fc5d0000, 0x00000242fc5d3800, 0x00000242fc5d2800,
0x00000242fc5ce800, 0x00000242fc5d9000, 0x00000242fc5da000, 0x00000242fc5d4800,
0x00000242fc5d5000
}

Java Threads: ( => current thread )
  0x00000242da4ca800 JavaThread "main" [_thread_blocked, id=7044, stack(0x0000008126200000,0x0000008126300000)]
  0x00000242f3ef8000 JavaThread "Reference Handler" daemon [_thread_blocked, id=6952, stack(0x0000008126900000,0x0000008126a00000)]
  0x00000242f3efb800 JavaThread "Finalizer" daemon [_thread_blocked, id=4384, stack(0x0000008126a00000,0x0000008126b00000)]
  0x00000242f3f14000 JavaThread "Signal Dispatcher" daemon [_thread_blocked, id=4996, stack(0x0000008126b00000,0x0000008126c00000)]
  0x00000242f3f16800 JavaThread "Attach Listener" daemon [_thread_blocked, id=3224, stack(0x0000008126c00000,0x0000008126d00000)]
  0x00000242f3f17800 JavaThread "C2 CompilerThread0" daemon [_thread_in_native, id=2444, stack(0x0000008126d00000,0x0000008126e00000)]
  0x00000242f48cd000 JavaThread "C1 CompilerThread0" daemon [_thread_blocked, id=5492, stack(0x0000008126e00000,0x0000008126f00000)]
  0x00000242f48d3000 JavaThread "Sweeper thread" daemon [_thread_blocked, id=420, stack(0x0000008126f00000,0x0000008127000000)]
  0x00000242f49c4000 JavaThread "Common-Cleaner" daemon [_thread_blocked, id=6100, stack(0x0000008127000000,0x0000008127100000)]
  0x00000242f49ca000 JavaThread "Service Thread" daemon [_thread_blocked, id=3336, stack(0x0000008127100000,0x0000008127200000)]
  0x00000242f5f96000 JavaThread "Daemon health stats" [_thread_blocked, id=7100, stack(0x0000008127400000,0x0000008127500000)]
  0x00000242f650c800 JavaThread "Incoming local TCP Connector on port 49736" [_thread_in_native, id=4548, stack(0x0000008127700000,0x0000008127800000)]
  0x00000242f64ab000 JavaThread "Daemon periodic checks" [_thread_blocked, id=6652, stack(0x0000008127900000,0x0000008127a00000)]
  0x00000242f6597000 JavaThread "Cache worker for file hash cache (C:\Users\Home\.gradle\caches\6.7.1\fileHashes)" [_thread_blocked, id=3748, stack(0x0000008128200000,0x0000008128300000)]
  0x00000242f6596000 JavaThread "File lock request listener" [_thread_in_native, id=7144, stack(0x0000008128300000,0x0000008128400000)]
  0x00000242f6597800 JavaThread "Cache worker for journal cache (C:\Users\Home\.gradle\caches\journal-1)" [_thread_blocked, id=6880, stack(0x0000008128400000,0x0000008128500000)]
  0x00000242f6594800 JavaThread "Cache worker for execution history cache (C:\Users\Home\.gradle\caches\6.7.1\executionHistory)" [_thread_blocked, id=1092, stack(0x0000008128a00000,0x0000008128b00000)]
  0x00000242f9421000 JavaThread "Cache worker for file content cache (C:\Users\Home\.gradle\caches\6.7.1\fileContent)" [_thread_blocked, id=6296, stack(0x0000008128c00000,0x0000008128d00000)]
  0x00000242f4d09000 JavaThread "Memory manager" [_thread_blocked, id=1640, stack(0x0000008130800000,0x0000008130900000)]
  0x00000242f4d0d000 JavaThread "RMI Scheduler(0)" daemon [_thread_blocked, id=4372, stack(0x0000008126000000,0x0000008126100000)]
  0x00000242f4d0e000 JavaThread "RMI TCP Accept-0" daemon [_thread_in_native, id=2200, stack(0x0000008129c00000,0x0000008129d00000)]
  0x00000242f9424000 JavaThread "Cache worker for Java compile cache (C:\Users\Home\.gradle\caches\6.7.1\javaCompile)" [_thread_blocked, id=6280, stack(0x0000008127600000,0x0000008127700000)]
  0x00000242f9425000 JavaThread "ForkJoinPool.commonPool-worker-3" daemon [_thread_blocked, id=936, stack(0x0000008129e00000,0x0000008129f00000)]
  0x0000024285e1a800 JavaThread "Daemon Thread 3" [_thread_blocked, id=1372, stack(0x0000008125f00000,0x0000008126000000)]
  0x0000024285e1f000 JavaThread "Handler for socket connection from /127.0.0.1:49736 to /127.0.0.1:59675" [_thread_in_native, id=5656, stack(0x0000008126100000,0x0000008126200000)]
  0x0000024285e20000 JavaThread "Cancel handler" [_thread_blocked, id=2244, stack(0x0000008127500000,0x0000008127600000)]
  0x0000024285e1b000 JavaThread "Daemon worker Thread 3" [_thread_blocked, id=4916, stack(0x0000008127800000,0x0000008127900000)]
  0x0000024285e21000 JavaThread "Asynchronous log dispatcher for DefaultDaemonConnection: socket connection from /127.0.0.1:49736 to /127.0.0.1:59675" [_thread_blocked, id=6704, stack(0x0000008127c00000,0x0000008127d00000)]
  0x0000024285e21800 JavaThread "Stdin handler" [_thread_blocked, id=1384, stack(0x0000008127d00000,0x0000008127e00000)]
  0x0000024285e1c000 JavaThread "Thread-299" [_thread_blocked, id=3760, stack(0x0000008127e00000,0x0000008127f00000)]
  0x0000024285e22800 JavaThread "Cache worker for file hash cache (D:\AndroidProjects\TipTime\.gradle\6.7.1\fileHashes)" [_thread_blocked, id=2948, stack(0x0000008127f00000,0x0000008128000000)]
  0x0000024285e1c800 JavaThread "Cache worker for checksums cache (D:\AndroidProjects\TipTime\.gradle\checksums)" [_thread_blocked, id=2580, stack(0x0000008128000000,0x0000008128100000)]
  0x0000024285e23800 JavaThread "Cache worker for cache directory md-supplier (C:\Users\Home\.gradle\caches\6.7.1\md-supplier)" [_thread_blocked, id=1468, stack(0x0000008128100000,0x0000008128200000)]
  0x0000024285e24000 JavaThread "Cache worker for cache directory md-rule (C:\Users\Home\.gradle\caches\6.7.1\md-rule)" [_thread_blocked, id=4776, stack(0x0000008128500000,0x0000008128600000)]
  0x00000242f909c000 JavaThread "C2 CompilerThread1" daemon [_thread_in_native, id=3656, stack(0x0000008128600000,0x0000008128700000)]
  0x0000024285e1e800 JavaThread "Cache worker for Build Output Cleanup Cache (D:\AndroidProjects\TipTime\.gradle\buildOutputCleanup)" [_thread_blocked, id=4544, stack(0x0000008128700000,0x0000008128800000)]
  0x0000024285e25000 JavaThread "Build operations" [_thread_blocked, id=5056, stack(0x0000008128800000,0x0000008128900000)]
  0x0000024285e25800 JavaThread "Build operations Thread 2" [_thread_blocked, id=1608, stack(0x0000008128900000,0x0000008128a00000)]
  0x0000024285e29000 JavaThread "Build operations Thread 3" [_thread_blocked, id=2096, stack(0x0000008128b00000,0x0000008128c00000)]
  0x0000024285e26800 JavaThread "Build operations Thread 4" [_thread_blocked, id=4300, stack(0x0000008128d00000,0x0000008128e00000)]
  0x0000024285e27800 JavaThread "jar transforms Thread 239" [_thread_blocked, id=4724, stack(0x0000008128e00000,0x0000008128f00000)]
  0x0000024285e28000 JavaThread "jar transforms Thread 240" [_thread_blocked, id=5932, stack(0x0000008128f00000,0x0000008129000000)]
  0x00000242f4d05000 JavaThread "jar transforms Thread 241" [_thread_blocked, id=4492, stack(0x0000008129000000,0x0000008129100000)]
  0x00000242f4d05800 JavaThread "jar transforms Thread 242" [_thread_blocked, id=6836, stack(0x0000008129100000,0x0000008129200000)]
  0x00000242f4d01800 JavaThread "jar transforms Thread 243" [_thread_blocked, id=1948, stack(0x0000008129200000,0x0000008129300000)]
  0x00000242f4d07800 JavaThread "jar transforms Thread 244" [_thread_blocked, id=4104, stack(0x0000008129300000,0x0000008129400000)]
  0x00000242f4d06800 JavaThread "jar transforms Thread 245" [_thread_blocked, id=1992, stack(0x0000008129400000,0x0000008129500000)]
  0x00000242f4d08000 JavaThread "jar transforms Thread 246" [_thread_blocked, id=6664, stack(0x0000008129500000,0x0000008129600000)]
  0x00000242f4d02800 JavaThread "jar transforms Thread 247" [_thread_blocked, id=2572, stack(0x0000008129600000,0x0000008129700000)]
  0x00000242f4d03000 JavaThread "jar transforms Thread 248" [_thread_blocked, id=6828, stack(0x0000008129700000,0x0000008129800000)]
  0x00000242f4d09800 JavaThread "jar transforms Thread 249" [_thread_blocked, id=372, stack(0x0000008129800000,0x0000008129900000)]
  0x00000242f4d04000 JavaThread "jar transforms Thread 250" [_thread_blocked, id=5716, stack(0x0000008129900000,0x0000008129a00000)]
  0x00000242f4d0c000 JavaThread "jar transforms Thread 251" [_thread_blocked, id=2892, stack(0x0000008129a00000,0x0000008129b00000)]
  0x00000242f4d10800 JavaThread "jar transforms Thread 252" [_thread_blocked, id=3284, stack(0x0000008129b00000,0x0000008129c00000)]
  0x00000242f4d0e800 JavaThread "jar transforms Thread 253" [_thread_blocked, id=3988, stack(0x0000008129d00000,0x0000008129e00000)]
  0x00000242f4d0f800 JavaThread "jar transforms Thread 254" [_thread_blocked, id=1440, stack(0x0000008129f00000,0x000000812a000000)]
  0x00000242f4d0a800 JavaThread "jar transforms Thread 255" [_thread_blocked, id=5576, stack(0x000000812a000000,0x000000812a100000)]
  0x00000242f4d0b800 JavaThread "jar transforms Thread 256" [_thread_blocked, id=3500, stack(0x000000812a100000,0x000000812a200000)]
  0x00000242f941d000 JavaThread "jar transforms Thread 257" [_thread_blocked, id=3924, stack(0x000000812a200000,0x000000812a300000)]
  0x00000242f941d800 JavaThread "jar transforms Thread 258" [_thread_blocked, id=3892, stack(0x000000812a300000,0x000000812a400000)]
  0x00000242f9421800 JavaThread "jar transforms Thread 259" [_thread_blocked, id=1824, stack(0x000000812a400000,0x000000812a500000)]
  0x00000242f9420000 JavaThread "jar transforms Thread 260" [_thread_blocked, id=2176, stack(0x000000812a500000,0x000000812a600000)]
  0x00000242f941f000 JavaThread "jar transforms Thread 261" [_thread_blocked, id=7040, stack(0x000000812a600000,0x000000812a700000)]
  0x00000242f941e800 JavaThread "jar transforms Thread 262" [_thread_blocked, id=4280, stack(0x000000812a700000,0x000000812a800000)]
  0x00000242f941c000 JavaThread "jar transforms Thread 263" [_thread_blocked, id=2744, stack(0x000000812a800000,0x000000812a900000)]
  0x00000242f9422800 JavaThread "jar transforms Thread 264" [_thread_blocked, id=2000, stack(0x000000812a900000,0x000000812aa00000)]
  0x00000242f9427800 JavaThread "jar transforms Thread 265" [_thread_blocked, id=3344, stack(0x000000812aa00000,0x000000812ab00000)]
  0x00000242f9423800 JavaThread "jar transforms Thread 266" [_thread_blocked, id=4156, stack(0x000000812ab00000,0x000000812ac00000)]
  0x00000242f9429000 JavaThread "jar transforms Thread 267" [_thread_blocked, id=6276, stack(0x000000812ac00000,0x000000812ad00000)]
  0x00000242f9426000 JavaThread "jar transforms Thread 268" [_thread_blocked, id=5216, stack(0x000000812ad00000,0x000000812ae00000)]
  0x00000242f9426800 JavaThread "jar transforms Thread 269" [_thread_blocked, id=1008, stack(0x000000812ae00000,0x000000812af00000)]
  0x00000242f942a000 JavaThread "jar transforms Thread 270" [_thread_blocked, id=1400, stack(0x000000812af00000,0x000000812b000000)]
  0x00000242f9428000 JavaThread "jar transforms Thread 271" [_thread_blocked, id=6500, stack(0x000000812b000000,0x000000812b100000)]
  0x00000242f6598800 JavaThread "jar transforms Thread 272" [_thread_blocked, id=680, stack(0x000000812b100000,0x000000812b200000)]
  0x00000242f6595000 JavaThread "jar transforms Thread 273" [_thread_blocked, id=5484, stack(0x000000812b200000,0x000000812b300000)]
  0x00000242f6592800 JavaThread "jar transforms Thread 274" [_thread_blocked, id=1816, stack(0x000000812b300000,0x000000812b400000)]
  0x00000242f6599800 JavaThread "jar transforms Thread 275" [_thread_blocked, id=1960, stack(0x000000812b400000,0x000000812b500000)]
  0x00000242f6593800 JavaThread "jar transforms Thread 276" [_thread_blocked, id=2288, stack(0x000000812b500000,0x000000812b600000)]
  0x00000242f6b1e800 JavaThread "jar transforms Thread 277" [_thread_blocked, id=4004, stack(0x000000812b600000,0x000000812b700000)]
  0x00000242f6b1f000 JavaThread "jar transforms Thread 278" [_thread_blocked, id=104, stack(0x000000812b700000,0x000000812b800000)]
  0x00000242f6b1c800 JavaThread "jar transforms Thread 279" [_thread_blocked, id=3704, stack(0x000000812b800000,0x000000812b900000)]
  0x00000242f6b1b000 JavaThread "jar transforms Thread 280" [_thread_blocked, id=300, stack(0x000000812b900000,0x000000812ba00000)]
  0x00000242f6b20000 JavaThread "jar transforms Thread 281" [_thread_blocked, id=1324, stack(0x000000812ba00000,0x000000812bb00000)]
  0x00000242f6b21000 JavaThread "jar transforms Thread 282" [_thread_blocked, id=5956, stack(0x000000812bb00000,0x000000812bc00000)]
  0x00000242f6b1d800 JavaThread "jar transforms Thread 283" [_thread_blocked, id=1040, stack(0x000000812bc00000,0x000000812bd00000)]
  0x00000242f6b1c000 JavaThread "jar transforms Thread 284" [_thread_blocked, id=1988, stack(0x000000812bd00000,0x000000812be00000)]
  0x00000242f6b22800 JavaThread "jar transforms Thread 285" [_thread_blocked, id=5860, stack(0x000000812be00000,0x000000812bf00000)]
  0x00000242f6b25800 JavaThread "jar transforms Thread 286" [_thread_blocked, id=4844, stack(0x000000812bf00000,0x000000812c000000)]
  0x00000242f6b24000 JavaThread "jar transforms Thread 287" [_thread_blocked, id=1052, stack(0x000000812c000000,0x000000812c100000)]
  0x00000242f6b27800 JavaThread "jar transforms Thread 288" [_thread_blocked, id=1560, stack(0x000000812c100000,0x000000812c200000)]
  0x00000242f6b23800 JavaThread "jar transforms Thread 289" [_thread_blocked, id=188, stack(0x000000812c200000,0x000000812c300000)]
  0x00000242f6b25000 JavaThread "jar transforms Thread 290" [_thread_blocked, id=6532, stack(0x000000812c300000,0x000000812c400000)]
  0x00000242f6b21800 JavaThread "jar transforms Thread 291" [_thread_blocked, id=1436, stack(0x000000812c400000,0x000000812c500000)]
  0x00000242f6b28000 JavaThread "jar transforms Thread 292" [_thread_blocked, id=5500, stack(0x000000812c500000,0x000000812c600000)]
  0x00000242f6b29000 JavaThread "jar transforms Thread 293" [_thread_blocked, id=6208, stack(0x000000812c600000,0x000000812c700000)]
  0x00000242f6b26800 JavaThread "jar transforms Thread 294" [_thread_blocked, id=2532, stack(0x000000812c700000,0x000000812c800000)]
  0x00000242f6b2a000 JavaThread "jar transforms Thread 295" [_thread_blocked, id=5688, stack(0x000000812c800000,0x000000812c900000)]
  0x00000242ff1e9800 JavaThread "jar transforms Thread 296" [_thread_blocked, id=2844, stack(0x000000812c900000,0x000000812ca00000)]
  0x00000242ff1e7000 JavaThread "jar transforms Thread 297" [_thread_blocked, id=5680, stack(0x000000812ca00000,0x000000812cb00000)]
  0x00000242ff1ea800 JavaThread "jar transforms Thread 298" [_thread_blocked, id=1644, stack(0x000000812cb00000,0x000000812cc00000)]
  0x00000242ff1ec000 JavaThread "jar transforms Thread 299" [_thread_blocked, id=4760, stack(0x000000812cc00000,0x000000812cd00000)]
  0x00000242ff1eb800 JavaThread "jar transforms Thread 300" [_thread_blocked, id=3816, stack(0x000000812cd00000,0x000000812ce00000)]
  0x00000242ff1ed000 JavaThread "jar transforms Thread 301" [_thread_blocked, id=2168, stack(0x000000812ce00000,0x000000812cf00000)]
  0x00000242ff1ee000 JavaThread "jar transforms Thread 302" [_thread_blocked, id=6384, stack(0x000000812cf00000,0x000000812d000000)]
  0x00000242ff1e9000 JavaThread "jar transforms Thread 303" [_thread_blocked, id=1856, stack(0x000000812d000000,0x000000812d100000)]
  0x00000242ff1e8000 JavaThread "jar transforms Thread 304" [_thread_blocked, id=3756, stack(0x000000812d100000,0x000000812d200000)]
  0x00000242ff1f1000 JavaThread "jar transforms Thread 305" [_thread_blocked, id=2980, stack(0x000000812d200000,0x000000812d300000)]
  0x00000242ff1f4800 JavaThread "jar transforms Thread 306" [_thread_blocked, id=1784, stack(0x000000812d300000,0x000000812d400000)]
  0x00000242ff1f0000 JavaThread "jar transforms Thread 307" [_thread_blocked, id=4340, stack(0x000000812d400000,0x000000812d500000)]
  0x00000242ff1ee800 JavaThread "jar transforms Thread 308" [_thread_blocked, id=1596, stack(0x000000812d500000,0x000000812d600000)]
  0x00000242ff1f5000 JavaThread "jar transforms Thread 309" [_thread_blocked, id=896, stack(0x000000812d600000,0x000000812d700000)]
  0x00000242ff1f2800 JavaThread "jar transforms Thread 310" [_thread_blocked, id=5320, stack(0x000000812d700000,0x000000812d800000)]
  0x00000242ff1f3800 JavaThread "jar transforms Thread 311" [_thread_blocked, id=6080, stack(0x000000812d800000,0x000000812d900000)]
  0x00000242ff1ef800 JavaThread "jar transforms Thread 312" [_thread_blocked, id=1000, stack(0x000000812d900000,0x000000812da00000)]
  0x00000242ff1f6000 JavaThread "jar transforms Thread 313" [_thread_blocked, id=2348, stack(0x000000812da00000,0x000000812db00000)]
  0x00000242ff1f2000 JavaThread "jar transforms Thread 314" [_thread_blocked, id=3280, stack(0x000000812db00000,0x000000812dc00000)]
  0x00000242fcdb9000 JavaThread "jar transforms Thread 315" [_thread_blocked, id=5184, stack(0x000000812dc00000,0x000000812dd00000)]
  0x00000242fcdb7800 JavaThread "jar transforms Thread 316" [_thread_blocked, id=5900, stack(0x000000812dd00000,0x000000812de00000)]
  0x00000242fcdb6800 JavaThread "jar transforms Thread 317" [_thread_blocked, id=4424, stack(0x000000812de00000,0x000000812df00000)]
  0x00000242fcdb8800 JavaThread "jar transforms Thread 318" [_thread_blocked, id=6548, stack(0x000000812df00000,0x000000812e000000)]
  0x00000242fcdb5000 JavaThread "jar transforms Thread 319" [_thread_blocked, id=2092, stack(0x000000812e000000,0x000000812e100000)]
  0x00000242fcdba000 JavaThread "jar transforms Thread 320" [_thread_blocked, id=3832, stack(0x000000812e100000,0x000000812e200000)]
  0x00000242fcdbb000 JavaThread "jar transforms Thread 321" [_thread_blocked, id=3932, stack(0x000000812e200000,0x000000812e300000)]
  0x00000242fcdbb800 JavaThread "jar transforms Thread 322" [_thread_blocked, id=804, stack(0x000000812e300000,0x000000812e400000)]
  0x00000242fcdb6000 JavaThread "jar transforms Thread 323" [_thread_blocked, id=3596, stack(0x000000812e400000,0x000000812e500000)]
  0x00000242fcdc0800 JavaThread "jar transforms Thread 324" [_thread_blocked, id=6596, stack(0x000000812e500000,0x000000812e600000)]
  0x00000242fcdbc800 JavaThread "jar transforms Thread 325" [_thread_blocked, id=2872, stack(0x000000812e600000,0x000000812e700000)]
  0x00000242fcdbf800 JavaThread "jar transforms Thread 326" [_thread_blocked, id=7012, stack(0x000000812e700000,0x000000812e800000)]
  0x00000242fcdc3000 JavaThread "jar transforms Thread 327" [_thread_blocked, id=6668, stack(0x000000812e800000,0x000000812e900000)]
  0x00000242fcdbe000 JavaThread "jar transforms Thread 328" [_thread_blocked, id=632, stack(0x000000812e900000,0x000000812ea00000)]
  0x00000242fcdc2000 JavaThread "jar transforms Thread 329" [_thread_blocked, id=1616, stack(0x000000812ea00000,0x000000812eb00000)]
  0x00000242fcdbf000 JavaThread "jar transforms Thread 330" [_thread_blocked, id=4332, stack(0x000000812eb00000,0x000000812ec00000)]
  0x00000242fcdbd800 JavaThread "jar transforms Thread 331" [_thread_blocked, id=4464, stack(0x000000812ec00000,0x000000812ed00000)]
  0x00000242fcdc4000 JavaThread "jar transforms Thread 332" [_thread_blocked, id=6540, stack(0x000000812ed00000,0x000000812ee00000)]
  0x00000242fcdc1800 JavaThread "jar transforms Thread 333" [_thread_blocked, id=3364, stack(0x000000812ee00000,0x000000812ef00000)]
  0x00000242fd16c000 JavaThread "jar transforms Thread 334" [_thread_blocked, id=5704, stack(0x000000812ef00000,0x000000812f000000)]
  0x00000242fd168000 JavaThread "jar transforms Thread 335" [_thread_blocked, id=940, stack(0x000000812f000000,0x000000812f100000)]
  0x00000242fd169000 JavaThread "jar transforms Thread 336" [_thread_blocked, id=1200, stack(0x000000812f100000,0x000000812f200000)]
  0x00000242fd16d000 JavaThread "jar transforms Thread 337" [_thread_blocked, id=1184, stack(0x000000812f200000,0x000000812f300000)]
  0x00000242fd167000 JavaThread "jar transforms Thread 338" [_thread_blocked, id=3648, stack(0x000000812f300000,0x000000812f400000)]
  0x00000242fd16d800 JavaThread "jar transforms Thread 339" [_thread_blocked, id=252, stack(0x000000812f400000,0x000000812f500000)]
  0x00000242fd16b800 JavaThread "jar transforms Thread 340" [_thread_blocked, id=1636, stack(0x000000812f500000,0x000000812f600000)]
  0x00000242fd16e800 JavaThread "jar transforms Thread 341" [_thread_blocked, id=1316, stack(0x000000812f600000,0x000000812f700000)]
  0x00000242fd16f800 JavaThread "jar transforms Thread 342" [_thread_blocked, id=2464, stack(0x000000812f700000,0x000000812f800000)]
  0x00000242fd169800 JavaThread "jar transforms Thread 343" [_thread_blocked, id=1284, stack(0x000000812f800000,0x000000812f900000)]
  0x00000242fd170000 JavaThread "jar transforms Thread 344" [_thread_blocked, id=6188, stack(0x000000812f900000,0x000000812fa00000)]
  0x00000242fd16a800 JavaThread "jar transforms Thread 345" [_thread_blocked, id=6992, stack(0x000000812fa00000,0x000000812fb00000)]
  0x00000242fd171000 JavaThread "jar transforms Thread 346" [_thread_blocked, id=2008, stack(0x000000812fb00000,0x000000812fc00000)]
  0x00000242fd173800 JavaThread "jar transforms Thread 347" [_thread_blocked, id=5928, stack(0x000000812fc00000,0x000000812fd00000)]
  0x00000242fd175000 JavaThread "jar transforms Thread 348" [_thread_blocked, id=2196, stack(0x000000812fd00000,0x000000812fe00000)]
  0x00000242fd176000 JavaThread "jar transforms Thread 349" [_thread_blocked, id=6184, stack(0x000000812fe00000,0x000000812ff00000)]
  0x00000242fd172000 JavaThread "jar transforms Thread 350" [_thread_blocked, id=4324, stack(0x000000812ff00000,0x0000008130000000)]
  0x00000242fd172800 JavaThread "jar transforms Thread 351" [_thread_blocked, id=3360, stack(0x0000008130000000,0x0000008130100000)]
  0x00000242fd174000 JavaThread "jar transforms Thread 352" [_thread_blocked, id=1304, stack(0x0000008130100000,0x0000008130200000)]
  0x00000242fc5cc000 JavaThread "jar transforms Thread 353" [_thread_blocked, id=3120, stack(0x0000008130200000,0x0000008130300000)]
  0x00000242fc5cd000 JavaThread "jar transforms Thread 354" [_thread_blocked, id=4696, stack(0x0000008130300000,0x0000008130400000)]
  0x00000242fc5cf800 JavaThread "jar transforms Thread 355" [_thread_blocked, id=3192, stack(0x0000008130400000,0x0000008130500000)]
  0x00000242fc5cd800 JavaThread "jar transforms Thread 356" [_thread_blocked, id=192, stack(0x0000008130500000,0x0000008130600000)]
  0x00000242fc5d1000 JavaThread "jar transforms Thread 357" [_thread_blocked, id=5552, stack(0x0000008130600000,0x0000008130700000)]
  0x00000242fc5cb800 JavaThread "build event listener" [_thread_blocked, id=6620, stack(0x0000008130700000,0x0000008130800000)]
  0x00000242fc5d2000 JavaThread "build event listener" [_thread_blocked, id=3232, stack(0x0000008130900000,0x0000008130a00000)]
  0x00000242fc5d0000 JavaThread "Execution worker for ':'" [_thread_blocked, id=3100, stack(0x0000008130a00000,0x0000008130b00000)]
  0x00000242fc5d3800 JavaThread "Execution worker for ':' Thread 2" [_thread_blocked, id=4128, stack(0x0000008130b00000,0x0000008130c00000)]
  0x00000242fc5d2800 JavaThread "Execution worker for ':' Thread 3" [_thread_blocked, id=2044, stack(0x0000008130c00000,0x0000008130d00000)]
  0x00000242fc5ce800 JavaThread "Cache worker for execution history cache (D:\AndroidProjects\TipTime\.gradle\6.7.1\executionHistory)" [_thread_blocked, id=396, stack(0x0000008130d00000,0x0000008130e00000)]
  0x00000242fc5d9000 JavaThread "WorkerExecutor Queue" [_thread_blocked, id=1692, stack(0x0000008130e00000,0x0000008130f00000)]
  0x00000242fc5da000 JavaThread "WorkerExecutor Queue Thread 2" [_thread_blocked, id=6676, stack(0x0000008130f00000,0x0000008131000000)]
  0x00000242fc5d4800 JavaThread "WorkerExecutor Queue Thread 3" [_thread_blocked, id=7068, stack(0x0000008131000000,0x0000008131100000)]
  0x00000242fc5d5000 JavaThread "WorkerExecutor Queue Thread 4" [_thread_blocked, id=424, stack(0x0000008131100000,0x0000008131200000)]

Other Threads:
=>0x00000242f3ef5000 VMThread "VM Thread" [stack: 0x0000008126800000,0x0000008126900000] [id=4360]
  0x00000242f49f5000 WatcherThread [stack: 0x0000008127200000,0x0000008127300000] [id=1048]
  0x00000242da4e4000 GCTaskThread "GC Thread#0" [stack: 0x0000008126300000,0x0000008126400000] [id=5808]
  0x00000242f4fc2000 GCTaskThread "GC Thread#1" [stack: 0x0000008127300000,0x0000008127400000] [id=6220]
  0x00000242f63ff000 GCTaskThread "GC Thread#2" [stack: 0x0000008127a00000,0x0000008127b00000] [id=3736]
  0x00000242f5df8000 GCTaskThread "GC Thread#3" [stack: 0x0000008127b00000,0x0000008127c00000] [id=2604]
  0x00000242da514800 ConcurrentGCThread "G1 Main Marker" [stack: 0x0000008126400000,0x0000008126500000] [id=6148]
  0x00000242da517000 ConcurrentGCThread "G1 Conc#0" [stack: 0x0000008126500000,0x0000008126600000] [id=2664]
  0x00000242da56e800 ConcurrentGCThread "G1 Refine#0" [stack: 0x0000008126600000,0x0000008126700000] [id=6788]
  0x00000242da570800 ConcurrentGCThread "G1 Young RemSet Sampling" [stack: 0x0000008126700000,0x0000008126800000] [id=6812]

Threads with active compile tasks:
C2 CompilerThread05641723 19806       4       com.android.utils.XmlUtils::append (647 bytes)
C1 CompilerThread05641723 20109       2       com.android.aaptcompiler.ResourceTable::addResourceImpl (963 bytes)
C2 CompilerThread15641723 19841   !   4       java.io.ObjectOutputStream::writeObject0 (619 bytes)

VM state:at safepoint (normal execution)

VM Mutex/Monitor currently owned by a thread:  ([mutex/lock_event])
[0x00000242da4c97e0] Threads_lock - owner thread: 0x00000242f3ef5000
[0x00000242da4c9900] Heap_lock - owner thread: 0x00000242fc5da000

Heap address: 0x0000000080000000, size: 2048 MB, Compressed Oops mode: 32-bit
Narrow klass base: 0x0000000000000000, Narrow klass shift: 3
Compressed class space size: 1073741824 Address: 0x0000000100000000

Heap:
 garbage-first heap   total 257024K, used 138701K [0x0000000080000000, 0x0000000100000000)
  region size 1024K, 1 young (1024K), 1 survivors (1024K)
 Metaspace       used 139067K, capacity 142081K, committed 143056K, reserved 1173504K
  class space    used 17111K, capacity 18219K, committed 18432K, reserved 1048576K
Heap Regions: E=young(eden), S=young(survivor), O=old, HS=humongous(starts), HC=humongous(continues), CS=collection set, F=free, A=archive, TAMS=top-at-mark-start (previous, next)
|   0|0x0000000080000000, 0x0000000080100000, 0x0000000080100000|100%| O|  |TAMS 0x0000000080100000, 0x0000000080000000| Untracked 
|   1|0x0000000080100000, 0x0000000080200000, 0x0000000080200000|100%| O|  |TAMS 0x0000000080200000, 0x0000000080100000| Untracked 
|   2|0x0000000080200000, 0x0000000080300000, 0x0000000080300000|100%| O|  |TAMS 0x0000000080300000, 0x0000000080200000| Complete 
|   3|0x0000000080300000, 0x0000000080400000, 0x0000000080400000|100%|HS|  |TAMS 0x0000000080400000, 0x0000000080300000| Complete 
|   4|0x0000000080400000, 0x0000000080500000, 0x0000000080500000|100%|HC|  |TAMS 0x0000000080500000, 0x0000000080400000| Complete 
|   5|0x0000000080500000, 0x0000000080600000, 0x0000000080600000|100%|HC|  |TAMS 0x0000000080600000, 0x0000000080500000| Complete 
|   6|0x0000000080600000, 0x0000000080700000, 0x0000000080700000|100%| O|  |TAMS 0x0000000080700000, 0x0000000080600000| Untracked 
|   7|0x0000000080700000, 0x0000000080800000, 0x0000000080800000|100%| O|  |TAMS 0x0000000080800000, 0x0000000080700000| Untracked 
|   8|0x0000000080800000, 0x0000000080900000, 0x0000000080900000|100%| O|  |TAMS 0x0000000080900000, 0x0000000080800000| Complete 
|   9|0x0000000080900000, 0x0000000080a00000, 0x0000000080a00000|100%| O|  |TAMS 0x0000000080a00000, 0x0000000080900000| Complete 
|  10|0x0000000080a00000, 0x0000000080b00000, 0x0000000080b00000|100%| O|  |TAMS 0x0000000080b00000, 0x0000000080a00000| Untracked 
|  11|0x0000000080b00000, 0x0000000080c00000, 0x0000000080c00000|100%| O|  |TAMS 0x0000000080c00000, 0x0000000080b00000| Untracked 
|  12|0x0000000080c00000, 0x0000000080d00000, 0x0000000080d00000|100%| O|  |TAMS 0x0000000080d00000, 0x0000000080c00000| Untracked 
|  13|0x0000000080d00000, 0x0000000080e00000, 0x0000000080e00000|100%| O|  |TAMS 0x0000000080e00000, 0x0000000080d00000| Untracked 
|  14|0x0000000080e00000, 0x0000000080f00000, 0x0000000080f00000|100%| O|  |TAMS 0x0000000080f00000, 0x0000000080e00000| Complete 
|  15|0x0000000080f00000, 0x0000000081000000, 0x0000000081000000|100%| O|  |TAMS 0x0000000081000000, 0x0000000080f00000| Complete 
|  16|0x0000000081000000, 0x0000000081100000, 0x0000000081100000|100%| O|  |TAMS 0x0000000081100000, 0x0000000081000000| Complete 
|  17|0x0000000081100000, 0x0000000081200000, 0x0000000081200000|100%| O|  |TAMS 0x0000000081200000, 0x0000000081100000| Untracked 
|  18|0x0000000081200000, 0x0000000081300000, 0x0000000081300000|100%| O|  |TAMS 0x0000000081300000, 0x0000000081200000| Complete 
|  19|0x0000000081300000, 0x0000000081400000, 0x0000000081400000|100%| O|  |TAMS 0x0000000081400000, 0x0000000081300000| Complete 
|  20|0x0000000081400000, 0x0000000081500000, 0x0000000081500000|100%| O|  |TAMS 0x0000000081500000, 0x0000000081400000| Complete 
|  21|0x0000000081500000, 0x0000000081600000, 0x0000000081600000|100%| O|  |TAMS 0x0000000081600000, 0x0000000081500000| Complete 
|  22|0x0000000081600000, 0x0000000081700000, 0x0000000081700000|100%| O|  |TAMS 0x0000000081700000, 0x0000000081600000| Complete 
|  23|0x0000000081700000, 0x0000000081800000, 0x0000000081800000|100%| O|  |TAMS 0x0000000081800000, 0x0000000081700000| Complete 
|  24|0x0000000081800000, 0x0000000081900000, 0x0000000081900000|100%| O|  |TAMS 0x0000000081900000, 0x0000000081800000| Complete 
|  25|0x0000000081900000, 0x0000000081a00000, 0x0000000081a00000|100%|HS|  |TAMS 0x0000000081a00000, 0x0000000081900000| Complete 
|  26|0x0000000081a00000, 0x0000000081b00000, 0x0000000081b00000|100%|HS|  |TAMS 0x0000000081b00000, 0x0000000081a00000| Complete 
|  27|0x0000000081b00000, 0x0000000081c00000, 0x0000000081c00000|100%|HS|  |TAMS 0x0000000081c00000, 0x0000000081b00000| Complete 
|  28|0x0000000081c00000, 0x0000000081d00000, 0x0000000081d00000|100%|HC|  |TAMS 0x0000000081d00000, 0x0000000081c00000| Complete 
|  29|0x0000000081d00000, 0x0000000081e00000, 0x0000000081e00000|100%|HC|  |TAMS 0x0000000081e00000, 0x0000000081d00000| Complete 
|  30|0x0000000081e00000, 0x0000000081f00000, 0x0000000081f00000|100%|HS|  |TAMS 0x0000000081f00000, 0x0000000081e00000| Complete 
|  31|0x0000000081f00000, 0x0000000082000000, 0x0000000082000000|100%|HC|  |TAMS 0x0000000082000000, 0x0000000081f00000| Complete 
|  32|0x0000000082000000, 0x0000000082100000, 0x0000000082100000|100%| O|  |TAMS 0x0000000082100000, 0x0000000082000000| Complete 
|  33|0x0000000082100000, 0x0000000082200000, 0x0000000082200000|100%| O|  |TAMS 0x0000000082200000, 0x0000000082100000| Complete 
|  34|0x0000000082200000, 0x0000000082300000, 0x0000000082300000|100%| O|  |TAMS 0x0000000082200000, 0x0000000082200000| Untracked 
|  35|0x0000000082300000, 0x0000000082400000, 0x0000000082400000|100%| O|  |TAMS 0x0000000082400000, 0x0000000082300000| Untracked 
|  36|0x0000000082400000, 0x0000000082500000, 0x0000000082500000|100%| O|  |TAMS 0x0000000082500000, 0x0000000082400000| Untracked 
|  37|0x0000000082500000, 0x0000000082600000, 0x0000000082600000|100%| O|  |TAMS 0x0000000082600000, 0x0000000082500000| Untracked 
|  38|0x0000000082600000, 0x0000000082700000, 0x0000000082700000|100%| O|  |TAMS 0x0000000082700000, 0x0000000082600000| Complete 
|  39|0x0000000082700000, 0x0000000082800000, 0x0000000082800000|100%| O|  |TAMS 0x0000000082800000, 0x0000000082700000| Untracked 
|  40|0x0000000082800000, 0x0000000082900000, 0x0000000082900000|100%| O|  |TAMS 0x0000000082900000, 0x0000000082800000| Complete 
|  41|0x0000000082900000, 0x0000000082a00000, 0x0000000082a00000|100%| O|  |TAMS 0x0000000082a00000, 0x0000000082900000| Complete 
|  42|0x0000000082a00000, 0x0000000082b00000, 0x0000000082b00000|100%| O|  |TAMS 0x0000000082b00000, 0x0000000082a00000| Untracked 
|  43|0x0000000082b00000, 0x0000000082c00000, 0x0000000082c00000|100%| O|  |TAMS 0x0000000082c00000, 0x0000000082b00000| Untracked 
|  44|0x0000000082c00000, 0x0000000082d00000, 0x0000000082d00000|100%| O|  |TAMS 0x0000000082d00000, 0x0000000082c00000| Untracked 
|  45|0x0000000082d00000, 0x0000000082e00000, 0x0000000082e00000|100%| O|  |TAMS 0x0000000082e00000, 0x0000000082d00000| Untracked 
|  46|0x0000000082e00000, 0x0000000082f00000, 0x0000000082f00000|100%| O|  |TAMS 0x0000000082f00000, 0x0000000082e00000| Complete 
|  47|0x0000000082f00000, 0x0000000083000000, 0x0000000083000000|100%| O|  |TAMS 0x0000000083000000, 0x0000000082f00000| Complete 
|  48|0x0000000083000000, 0x0000000083100000, 0x0000000083100000|100%| O|  |TAMS 0x0000000083100000, 0x0000000083000000| Untracked 
|  49|0x0000000083100000, 0x0000000083200000, 0x0000000083200000|100%| O|  |TAMS 0x0000000083200000, 0x0000000083100000| Complete 
|  50|0x0000000083200000, 0x0000000083300000, 0x0000000083300000|100%| O|  |TAMS 0x0000000083300000, 0x0000000083200000| Untracked 
|  51|0x0000000083300000, 0x0000000083400000, 0x0000000083400000|100%| O|  |TAMS 0x0000000083400000, 0x0000000083300000| Untracked 
|  52|0x0000000083400000, 0x0000000083500000, 0x0000000083500000|100%| O|  |TAMS 0x0000000083500000, 0x0000000083400000| Untracked 
|  53|0x0000000083500000, 0x0000000083600000, 0x0000000083600000|100%| O|  |TAMS 0x0000000083600000, 0x0000000083500000| Untracked 
|  54|0x0000000083600000, 0x0000000083700000, 0x0000000083700000|100%| O|  |TAMS 0x0000000083700000, 0x0000000083600000| Untracked 
|  55|0x0000000083700000, 0x0000000083800000, 0x0000000083800000|100%| O|  |TAMS 0x0000000083800000, 0x0000000083700000| Untracked 
|  56|0x0000000083800000, 0x0000000083900000, 0x0000000083900000|100%| O|  |TAMS 0x0000000083900000, 0x0000000083800000| Complete 
|  57|0x0000000083900000, 0x0000000083a00000, 0x0000000083a00000|100%| O|  |TAMS 0x0000000083a00000, 0x0000000083900000| Complete 
|  58|0x0000000083a00000, 0x0000000083b00000, 0x0000000083b00000|100%| O|  |TAMS 0x0000000083b00000, 0x0000000083a00000| Untracked 
|  59|0x0000000083b00000, 0x0000000083c00000, 0x0000000083c00000|100%| O|  |TAMS 0x0000000083c00000, 0x0000000083b00000| Untracked 
|  60|0x0000000083c00000, 0x0000000083d00000, 0x0000000083d00000|100%| O|  |TAMS 0x0000000083d00000, 0x0000000083c00000| Untracked 
|  61|0x0000000083d00000, 0x0000000083e00000, 0x0000000083e00000|100%| O|  |TAMS 0x0000000083e00000, 0x0000000083d00000| Untracked 
|  62|0x0000000083e00000, 0x0000000083f00000, 0x0000000083f00000|100%| O|  |TAMS 0x0000000083f00000, 0x0000000083e00000| Untracked 
|  63|0x0000000083f00000, 0x0000000084000000, 0x0000000084000000|100%|HS|  |TAMS 0x0000000084000000, 0x0000000083f00000| Complete 
|  64|0x0000000084000000, 0x0000000084100000, 0x0000000084100000|100%| O|  |TAMS 0x0000000084100000, 0x0000000084000000| Untracked 
|  65|0x0000000084100000, 0x0000000084200000, 0x0000000084200000|100%| O|  |TAMS 0x0000000084200000, 0x0000000084100000| Untracked 
|  66|0x0000000084200000, 0x0000000084300000, 0x0000000084300000|100%| O|  |TAMS 0x0000000084300000, 0x0000000084200000| Untracked 
|  67|0x0000000084300000, 0x0000000084400000, 0x0000000084400000|100%| O|  |TAMS 0x0000000084400000, 0x0000000084300000| Untracked 
|  68|0x0000000084400000, 0x0000000084500000, 0x0000000084500000|100%| O|  |TAMS 0x0000000084500000, 0x0000000084400000| Untracked 
|  69|0x0000000084500000, 0x0000000084600000, 0x0000000084600000|100%| O|  |TAMS 0x0000000084600000, 0x0000000084500000| Untracked 
|  70|0x0000000084600000, 0x0000000084700000, 0x0000000084700000|100%| O|  |TAMS 0x0000000084700000, 0x0000000084600000| Complete 
|  71|0x0000000084700000, 0x0000000084800000, 0x0000000084800000|100%| O|  |TAMS 0x0000000084800000, 0x0000000084700000| Untracked 
|  72|0x0000000084800000, 0x0000000084900000, 0x0000000084900000|100%| O|  |TAMS 0x0000000084900000, 0x0000000084800000| Untracked 
|  73|0x0000000084900000, 0x0000000084a00000, 0x0000000084a00000|100%| O|  |TAMS 0x0000000084900000, 0x0000000084900000| Untracked 
|  74|0x0000000084a00000, 0x0000000084b00000, 0x0000000084b00000|100%| O|  |TAMS 0x0000000084b00000, 0x0000000084a00000| Untracked 
|  75|0x0000000084b00000, 0x0000000084c00000, 0x0000000084c00000|100%| O|  |TAMS 0x0000000084c00000, 0x0000000084b00000| Untracked 
|  76|0x0000000084c00000, 0x0000000084d00000, 0x0000000084d00000|100%| O|  |TAMS 0x0000000084d00000, 0x0000000084c00000| Untracked 
|  77|0x0000000084d00000, 0x0000000084e00000, 0x0000000084e00000|100%| O|  |TAMS 0x0000000084e00000, 0x0000000084d00000| Untracked 
|  78|0x0000000084e00000, 0x0000000084f00000, 0x0000000084f00000|100%| O|  |TAMS 0x0000000084f00000, 0x0000000084e00000| Untracked 
|  79|0x0000000084f00000, 0x0000000085000000, 0x0000000085000000|100%| O|  |TAMS 0x0000000085000000, 0x0000000084f00000| Untracked 
|  80|0x0000000085000000, 0x0000000085100000, 0x0000000085100000|100%| O|  |TAMS 0x0000000085100000, 0x0000000085000000| Complete 
|  81|0x0000000085100000, 0x0000000085200000, 0x0000000085200000|100%|HS|  |TAMS 0x0000000085200000, 0x0000000085100000| Complete 
|  82|0x0000000085200000, 0x0000000085300000, 0x0000000085300000|100%|HC|  |TAMS 0x0000000085300000, 0x0000000085200000| Complete 
|  83|0x0000000085300000, 0x0000000085400000, 0x0000000085400000|100%| O|  |TAMS 0x0000000085300000, 0x0000000085300000| Untracked 
|  84|0x0000000085400000, 0x0000000085500000, 0x0000000085500000|100%| O|  |TAMS 0x0000000085500000, 0x0000000085400000| Untracked 
|  85|0x0000000085500000, 0x0000000085600000, 0x0000000085600000|100%| O|  |TAMS 0x0000000085600000, 0x0000000085500000| Untracked 
|  86|0x0000000085600000, 0x0000000085700000, 0x0000000085700000|100%|HS|  |TAMS 0x0000000085700000, 0x0000000085600000| Complete 
|  87|0x0000000085700000, 0x0000000085800000, 0x0000000085800000|100%|HC|  |TAMS 0x0000000085800000, 0x0000000085700000| Complete 
|  88|0x0000000085800000, 0x0000000085900000, 0x0000000085900000|100%|HC|  |TAMS 0x0000000085900000, 0x0000000085800000| Complete 
|  89|0x0000000085900000, 0x0000000085a00000, 0x0000000085a00000|100%| O|  |TAMS 0x0000000085a00000, 0x0000000085900000| Untracked 
|  90|0x0000000085a00000, 0x0000000085b00000, 0x0000000085b00000|100%| O|  |TAMS 0x0000000085b00000, 0x0000000085a00000| Untracked 
|  91|0x0000000085b00000, 0x0000000085c00000, 0x0000000085c00000|100%| O|  |TAMS 0x0000000085c00000, 0x0000000085b00000| Complete 
|  92|0x0000000085c00000, 0x0000000085d00000, 0x0000000085d00000|100%| O|  |TAMS 0x0000000085d00000, 0x0000000085c00000| Complete 
|  93|0x0000000085d00000, 0x0000000085e00000, 0x0000000085e00000|100%| O|  |TAMS 0x0000000085e00000, 0x0000000085d00000| Complete 
|  94|0x0000000085e00000, 0x0000000085f00000, 0x0000000085f00000|100%| O|  |TAMS 0x0000000085f00000, 0x0000000085e00000| Untracked 
|  95|0x0000000085f00000, 0x0000000086000000, 0x0000000086000000|100%| O|  |TAMS 0x0000000086000000, 0x0000000085f00000| Complete 
|  96|0x0000000086000000, 0x0000000086100000, 0x0000000086100000|100%|HS|  |TAMS 0x0000000086100000, 0x0000000086000000| Complete 
|  97|0x0000000086100000, 0x0000000086200000, 0x0000000086200000|100%|HC|  |TAMS 0x0000000086200000, 0x0000000086100000| Complete 
|  98|0x0000000086200000, 0x0000000086300000, 0x0000000086300000|100%|HC|  |TAMS 0x0000000086300000, 0x0000000086200000| Complete 
|  99|0x0000000086300000, 0x0000000086400000, 0x0000000086400000|100%|HC|  |TAMS 0x0000000086400000, 0x0000000086300000| Complete 
| 100|0x0000000086400000, 0x0000000086500000, 0x0000000086500000|100%| O|  |TAMS 0x0000000086500000, 0x0000000086400000| Untracked 
| 101|0x0000000086500000, 0x0000000086600000, 0x0000000086600000|100%|HS|  |TAMS 0x0000000086600000, 0x0000000086500000| Complete 
| 102|0x0000000086600000, 0x0000000086700000, 0x0000000086700000|100%|HC|  |TAMS 0x0000000086700000, 0x0000000086600000| Complete 
| 103|0x0000000086700000, 0x0000000086800000, 0x0000000086800000|100%|HC|  |TAMS 0x0000000086800000, 0x0000000086700000| Complete 
| 104|0x0000000086800000, 0x0000000086900000, 0x0000000086900000|100%|HC|  |TAMS 0x0000000086900000, 0x0000000086800000| Complete 
| 105|0x0000000086900000, 0x0000000086a00000, 0x0000000086a00000|100%|HS|  |TAMS 0x0000000086a00000, 0x0000000086900000| Complete 
| 106|0x0000000086a00000, 0x0000000086b00000, 0x0000000086b00000|100%|HC|  |TAMS 0x0000000086b00000, 0x0000000086a00000| Complete 
| 107|0x0000000086b00000, 0x0000000086c00000, 0x0000000086c00000|100%|HC|  |TAMS 0x0000000086c00000, 0x0000000086b00000| Complete 
| 108|0x0000000086c00000, 0x0000000086d00000, 0x0000000086d00000|100%| O|  |TAMS 0x0000000086d00000, 0x0000000086c00000| Untracked 
| 109|0x0000000086d00000, 0x0000000086e00000, 0x0000000086e00000|100%| O|  |TAMS 0x0000000086e00000, 0x0000000086d00000| Untracked 
| 110|0x0000000086e00000, 0x0000000086f00000, 0x0000000086f00000|100%| O|  |TAMS 0x0000000086e00000, 0x0000000086e00000| Untracked 
| 111|0x0000000086f00000, 0x0000000087000000, 0x0000000087000000|100%| O|  |TAMS 0x0000000086f00000, 0x0000000086f00000| Untracked 
| 112|0x0000000087000000, 0x0000000087100000, 0x0000000087100000|100%| O|  |TAMS 0x0000000087100000, 0x0000000087000000| Complete 
| 113|0x0000000087100000, 0x0000000087200000, 0x0000000087200000|100%| O|  |TAMS 0x0000000087200000, 0x0000000087100000| Untracked 
| 114|0x0000000087200000, 0x0000000087300000, 0x0000000087300000|100%| O|  |TAMS 0x0000000087300000, 0x0000000087200000| Untracked 
| 115|0x0000000087300000, 0x0000000087400000, 0x0000000087400000|100%| O|  |TAMS 0x0000000087400000, 0x0000000087300000| Complete 
| 116|0x0000000087400000, 0x0000000087500000, 0x0000000087500000|100%| O|  |TAMS 0x0000000087500000, 0x0000000087400000| Complete 
| 117|0x0000000087500000, 0x0000000087600000, 0x0000000087600000|100%| O|  |TAMS 0x0000000087600000, 0x0000000087500000| Untracked 
| 118|0x0000000087600000, 0x0000000087700000, 0x0000000087700000|100%| O|  |TAMS 0x0000000087700000, 0x0000000087600000| Complete 
| 119|0x0000000087700000, 0x0000000087800000, 0x0000000087800000|100%| O|  |TAMS 0x0000000087800000, 0x0000000087700000| Untracked 
| 120|0x0000000087800000, 0x0000000087900000, 0x0000000087900000|100%| O|  |TAMS 0x0000000087900000, 0x0000000087800000| Untracked 
| 121|0x0000000087900000, 0x0000000087900000, 0x0000000087a00000|  0%| F|  |TAMS 0x0000000087900000, 0x0000000087900000| Untracked 
| 122|0x0000000087a00000, 0x0000000087b00000, 0x0000000087b00000|100%| O|  |TAMS 0x0000000087b00000, 0x0000000087a00000| Untracked 
| 123|0x0000000087b00000, 0x0000000087c00000, 0x0000000087c00000|100%| O|  |TAMS 0x0000000087c00000, 0x0000000087b00000| Untracked 
| 124|0x0000000087c00000, 0x0000000087d00000, 0x0000000087d00000|100%| O|  |TAMS 0x0000000087d00000, 0x0000000087c00000| Complete 
| 125|0x0000000087d00000, 0x0000000087e00000, 0x0000000087e00000|100%| O|  |TAMS 0x0000000087e00000, 0x0000000087d00000| Untracked 
| 126|0x0000000087e00000, 0x0000000087f00000, 0x0000000087f00000|100%| O|  |TAMS 0x0000000087f00000, 0x0000000087e00000| Complete 
| 127|0x0000000087f00000, 0x0000000088000000, 0x0000000088000000|100%| O|  |TAMS 0x0000000088000000, 0x0000000087f00000| Untracked 
| 128|0x0000000088000000, 0x0000000088100000, 0x0000000088100000|100%| O|  |TAMS 0x0000000088100000, 0x0000000088000000| Untracked 
| 129|0x0000000088100000, 0x0000000088200000, 0x0000000088200000|100%| O|  |TAMS 0x0000000088200000, 0x0000000088100000| Untracked 
| 130|0x0000000088200000, 0x0000000088300000, 0x0000000088300000|100%| O|  |TAMS 0x0000000088300000, 0x0000000088200000| Untracked 
| 131|0x0000000088300000, 0x0000000088387800, 0x0000000088400000| 52%| O|  |TAMS 0x0000000088300000, 0x0000000088300000| Untracked 
| 132|0x0000000088400000, 0x0000000088400000, 0x0000000088500000|  0%| F|  |TAMS 0x0000000088400000, 0x0000000088400000| Untracked 
| 133|0x0000000088500000, 0x0000000088500000, 0x0000000088600000|  0%| F|  |TAMS 0x0000000088500000, 0x0000000088500000| Untracked 
| 134|0x0000000088600000, 0x0000000088600000, 0x0000000088700000|  0%| F|  |TAMS 0x0000000088600000, 0x0000000088600000| Untracked 
| 135|0x0000000088700000, 0x0000000088700000, 0x0000000088800000|  0%| F|  |TAMS 0x0000000088700000, 0x0000000088700000| Untracked 
| 136|0x0000000088800000, 0x0000000088800000, 0x0000000088900000|  0%| F|  |TAMS 0x0000000088800000, 0x0000000088800000| Untracked 
| 137|0x0000000088900000, 0x0000000088a00000, 0x0000000088a00000|100%| O|  |TAMS 0x0000000088a00000, 0x0000000088900000| Untracked 
| 138|0x0000000088a00000, 0x0000000088b00000, 0x0000000088b00000|100%| O|  |TAMS 0x0000000088b00000, 0x0000000088a00000| Untracked 
| 139|0x0000000088b00000, 0x0000000088c00000, 0x0000000088c00000|100%| O|  |TAMS 0x0000000088c00000, 0x0000000088b00000| Untracked 
| 140|0x0000000088c00000, 0x0000000088d00000, 0x0000000088d00000|100%| O|  |TAMS 0x0000000088c75800, 0x0000000088c00000| Untracked 
| 141|0x0000000088d00000, 0x0000000088d00000, 0x0000000088e00000|  0%| F|  |TAMS 0x0000000088d00000, 0x0000000088d00000| Untracked 
| 142|0x0000000088e00000, 0x0000000088e00000, 0x0000000088f00000|  0%| F|  |TAMS 0x0000000088e00000, 0x0000000088e00000| Untracked 
| 143|0x0000000088f00000, 0x0000000088f00000, 0x0000000089000000|  0%| F|  |TAMS 0x0000000088f00000, 0x0000000088f00000| Untracked 
| 144|0x0000000089000000, 0x0000000089000000, 0x0000000089100000|  0%| F|  |TAMS 0x0000000089000000, 0x0000000089000000| Untracked 
| 145|0x0000000089100000, 0x0000000089100000, 0x0000000089200000|  0%| F|  |TAMS 0x0000000089100000, 0x0000000089100000| Untracked 
| 146|0x0000000089200000, 0x0000000089200000, 0x0000000089300000|  0%| F|  |TAMS 0x0000000089200000, 0x0000000089200000| Untracked 
| 147|0x0000000089300000, 0x0000000089300000, 0x0000000089400000|  0%| F|  |TAMS 0x0000000089300000, 0x0000000089300000| Untracked 
| 148|0x0000000089400000, 0x0000000089400000, 0x0000000089500000|  0%| F|  |TAMS 0x0000000089400000, 0x0000000089400000| Untracked 
| 149|0x0000000089500000, 0x0000000089500000, 0x0000000089600000|  0%| F|  |TAMS 0x0000000089500000, 0x0000000089500000| Untracked 
| 150|0x0000000089600000, 0x0000000089600000, 0x0000000089700000|  0%| F|  |TAMS 0x0000000089600000, 0x0000000089600000| Untracked 
| 151|0x0000000089700000, 0x0000000089700000, 0x0000000089800000|  0%| F|  |TAMS 0x0000000089700000, 0x0000000089700000| Untracked 
| 152|0x0000000089800000, 0x0000000089800000, 0x0000000089900000|  0%| F|  |TAMS 0x0000000089800000, 0x0000000089800000| Untracked 
| 153|0x0000000089900000, 0x0000000089900000, 0x0000000089a00000|  0%| F|  |TAMS 0x0000000089900000, 0x0000000089900000| Untracked 
| 154|0x0000000089a00000, 0x0000000089a00000, 0x0000000089b00000|  0%| F|  |TAMS 0x0000000089a00000, 0x0000000089a00000| Untracked 
| 155|0x0000000089b00000, 0x0000000089b00000, 0x0000000089c00000|  0%| F|  |TAMS 0x0000000089b00000, 0x0000000089b00000| Untracked 
| 156|0x0000000089c00000, 0x0000000089c00000, 0x0000000089d00000|  0%| F|  |TAMS 0x0000000089c00000, 0x0000000089c00000| Untracked 
| 157|0x0000000089d00000, 0x0000000089d00000, 0x0000000089e00000|  0%| F|  |TAMS 0x0000000089d00000, 0x0000000089d00000| Untracked 
| 158|0x0000000089e00000, 0x0000000089e00000, 0x0000000089f00000|  0%| F|  |TAMS 0x0000000089e00000, 0x0000000089e00000| Untracked 
| 159|0x0000000089f00000, 0x0000000089f00000, 0x000000008a000000|  0%| F|  |TAMS 0x0000000089f00000, 0x0000000089f00000| Untracked 
| 160|0x000000008a000000, 0x000000008a000000, 0x000000008a100000|  0%| F|  |TAMS 0x000000008a000000, 0x000000008a000000| Untracked 
| 161|0x000000008a100000, 0x000000008a100000, 0x000000008a200000|  0%| F|  |TAMS 0x000000008a100000, 0x000000008a100000| Untracked 
| 162|0x000000008a200000, 0x000000008a200000, 0x000000008a300000|  0%| F|  |TAMS 0x000000008a200000, 0x000000008a200000| Untracked 
| 163|0x000000008a300000, 0x000000008a300000, 0x000000008a400000|  0%| F|  |TAMS 0x000000008a300000, 0x000000008a300000| Untracked 
| 164|0x000000008a400000, 0x000000008a400000, 0x000000008a500000|  0%| F|  |TAMS 0x000000008a400000, 0x000000008a400000| Untracked 
| 165|0x000000008a500000, 0x000000008a500000, 0x000000008a600000|  0%| F|  |TAMS 0x000000008a500000, 0x000000008a500000| Untracked 
| 166|0x000000008a600000, 0x000000008a600000, 0x000000008a700000|  0%| F|  |TAMS 0x000000008a600000, 0x000000008a600000| Untracked 
| 167|0x000000008a700000, 0x000000008a700000, 0x000000008a800000|  0%| F|  |TAMS 0x000000008a700000, 0x000000008a700000| Untracked 
| 168|0x000000008a800000, 0x000000008a800000, 0x000000008a900000|  0%| F|  |TAMS 0x000000008a800000, 0x000000008a800000| Untracked 
| 169|0x000000008a900000, 0x000000008a900000, 0x000000008aa00000|  0%| F|  |TAMS 0x000000008a900000, 0x000000008a900000| Untracked 
| 170|0x000000008aa00000, 0x000000008aa00000, 0x000000008ab00000|  0%| F|  |TAMS 0x000000008aa00000, 0x000000008aa00000| Untracked 
| 171|0x000000008ab00000, 0x000000008ab00000, 0x000000008ac00000|  0%| F|  |TAMS 0x000000008ab00000, 0x000000008ab00000| Untracked 
| 172|0x000000008ac00000, 0x000000008ac00000, 0x000000008ad00000|  0%| F|  |TAMS 0x000000008ac00000, 0x000000008ac00000| Untracked 
| 173|0x000000008ad00000, 0x000000008ad00000, 0x000000008ae00000|  0%| F|  |TAMS 0x000000008ad00000, 0x000000008ad00000| Untracked 
| 174|0x000000008ae00000, 0x000000008ae00000, 0x000000008af00000|  0%| F|  |TAMS 0x000000008ae00000, 0x000000008ae00000| Untracked 
| 175|0x000000008af00000, 0x000000008af00000, 0x000000008b000000|  0%| F|  |TAMS 0x000000008af00000, 0x000000008af00000| Untracked 
| 176|0x000000008b000000, 0x000000008b000000, 0x000000008b100000|  0%| F|  |TAMS 0x000000008b000000, 0x000000008b000000| Untracked 
| 177|0x000000008b100000, 0x000000008b100000, 0x000000008b200000|  0%| F|  |TAMS 0x000000008b100000, 0x000000008b100000| Untracked 
| 178|0x000000008b200000, 0x000000008b200000, 0x000000008b300000|  0%| F|  |TAMS 0x000000008b200000, 0x000000008b200000| Untracked 
| 179|0x000000008b300000, 0x000000008b300000, 0x000000008b400000|  0%| F|  |TAMS 0x000000008b300000, 0x000000008b300000| Untracked 
| 180|0x000000008b400000, 0x000000008b400000, 0x000000008b500000|  0%| F|  |TAMS 0x000000008b400000, 0x000000008b400000| Untracked 
| 181|0x000000008b500000, 0x000000008b500000, 0x000000008b600000|  0%| F|  |TAMS 0x000000008b500000, 0x000000008b500000| Untracked 
| 182|0x000000008b600000, 0x000000008b600000, 0x000000008b700000|  0%| F|  |TAMS 0x000000008b600000, 0x000000008b600000| Untracked 
| 183|0x000000008b700000, 0x000000008b700000, 0x000000008b800000|  0%| F|  |TAMS 0x000000008b700000, 0x000000008b700000| Untracked 
| 184|0x000000008b800000, 0x000000008b800000, 0x000000008b900000|  0%| F|  |TAMS 0x000000008b800000, 0x000000008b800000| Untracked 
| 185|0x000000008b900000, 0x000000008b900000, 0x000000008ba00000|  0%| F|  |TAMS 0x000000008b900000, 0x000000008b900000| Untracked 
| 186|0x000000008ba00000, 0x000000008ba00000, 0x000000008bb00000|  0%| F|  |TAMS 0x000000008ba00000, 0x000000008ba00000| Untracked 
| 187|0x000000008bb00000, 0x000000008bb00000, 0x000000008bc00000|  0%| F|  |TAMS 0x000000008bb00000, 0x000000008bb00000| Untracked 
| 188|0x000000008bc00000, 0x000000008bc00000, 0x000000008bd00000|  0%| F|  |TAMS 0x000000008bc00000, 0x000000008bc00000| Untracked 
| 189|0x000000008bd00000, 0x000000008bdebc00, 0x000000008be00000| 92%| S|CS|TAMS 0x000000008bd00000, 0x000000008bd00000| Complete 
| 190|0x000000008be00000, 0x000000008be00000, 0x000000008bf00000|  0%| F|  |TAMS 0x000000008be00000, 0x000000008be00000| Untracked 
| 191|0x000000008bf00000, 0x000000008bf00000, 0x000000008c000000|  0%| F|  |TAMS 0x000000008bf00000, 0x000000008bf00000| Untracked 
| 192|0x000000008c000000, 0x000000008c000000, 0x000000008c100000|  0%| F|  |TAMS 0x000000008c000000, 0x000000008c000000| Untracked 
| 193|0x000000008c100000, 0x000000008c100000, 0x000000008c200000|  0%| F|  |TAMS 0x000000008c100000, 0x000000008c100000| Untracked 
| 194|0x000000008c200000, 0x000000008c200000, 0x000000008c300000|  0%| F|  |TAMS 0x000000008c200000, 0x000000008c200000| Untracked 
| 195|0x000000008c300000, 0x000000008c300000, 0x000000008c400000|  0%| F|  |TAMS 0x000000008c300000, 0x000000008c300000| Untracked 

Card table byte_map: [0x00000242ed240000,0x00000242ed640000] _byte_map_base: 0x00000242ece40000

Marking Bits (Prev, Next): (CMBitMap*) 0x00000242da50bcd8, (CMBitMap*) 0x00000242da50bd10
 Prev Bits: [0x00000242eda40000, 0x00000242efa40000)
 Next Bits: [0x00000242efa40000, 0x00000242f1a40000)

Polling page: 0x00000242d8370000

Metaspace:

Usage:
  Non-class:    120.96 MB capacity,   119.10 MB ( 98%) used,     1.52 MB (  1%) free+waste,   350.31 KB ( <1%) overhead. 
      Class:     17.79 MB capacity,    16.71 MB ( 94%) used,   952.65 KB (  5%) free+waste,   155.19 KB ( <1%) overhead. 
       Both:    138.75 MB capacity,   135.81 MB ( 98%) used,     2.45 MB (  2%) free+waste,   505.50 KB ( <1%) overhead. 

Virtual space:
  Non-class space:      122.00 MB reserved,     121.70 MB (>99%) committed 
      Class space:        1.00 GB reserved,      18.00 MB (  2%) committed 
             Both:        1.12 GB reserved,     139.70 MB ( 12%) committed 

Chunk freelists:
   Non-Class:  570.00 KB
       Class:  181.00 KB
        Both:  751.00 KB

MaxMetaspaceSize: 17179869184.00 GB
CompressedClassSpaceSize: 1.00 GB

CodeHeap 'non-profiled nmethods': size=120064Kb used=11402Kb max_used=11402Kb free=108661Kb
 bounds [0x00000242e5900000, 0x00000242e6430000, 0x00000242ece40000]
CodeHeap 'profiled nmethods': size=120000Kb used=38190Kb max_used=38190Kb free=81809Kb
 bounds [0x00000242de3d0000, 0x00000242e0950000, 0x00000242e5900000]
CodeHeap 'non-nmethods': size=5696Kb used=2420Kb max_used=2476Kb free=3275Kb
 bounds [0x00000242dde40000, 0x00000242de0b0000, 0x00000242de3d0000]
 total_blobs=18279 nmethods=17201 adapters=987
 compilation: enabled
              stopped_count=0, restarted_count=0
 full_count=0

Compilation events (20 events):
Event: 5641.611 Thread 0x00000242f48cd000 nmethod 20102 0x00000242e6428a90 code [0x00000242e6428c40, 0x00000242e6428cf8]
Event: 5641.611 Thread 0x00000242f48cd000 20103       1       com.android.aaptcompiler.StyleString::getSpans (5 bytes)
Event: 5641.611 Thread 0x00000242f48cd000 nmethod 20103 0x00000242e6428d90 code [0x00000242e6428f40, 0x00000242e6428ff8]
Event: 5641.612 Thread 0x00000242f48cd000 20104       2       java.lang.StringLatin1$CharsSpliterator::tryAdvance (60 bytes)
Event: 5641.612 Thread 0x00000242f48cd000 nmethod 20104 0x00000242e0937590 code [0x00000242e0937760, 0x00000242e09379b8]
Event: 5641.613 Thread 0x00000242f48cd000 20105       2       com.android.aaptcompiler.TableExtractor::extractResource (1972 bytes)
Event: 5641.634 Thread 0x00000242f48cd000 nmethod 20105 0x00000242e0937b10 code [0x00000242e09387a0, 0x00000242e093dc68]
Event: 5641.634 Thread 0x00000242f48cd000 20107       2       com.android.aaptcompiler.XmlStringBuilder::append (494 bytes)
Event: 5641.639 Thread 0x00000242f48cd000 nmethod 20107 0x00000242e0940410 code [0x00000242e09407e0, 0x00000242e09416d8]
Event: 5641.639 Thread 0x00000242f48cd000 20115       2       com.sun.org.apache.xerces.internal.util.NamespaceSupport::<init> (81 bytes)
Event: 5641.640 Thread 0x00000242f48cd000 nmethod 20115 0x00000242e0941f90 code [0x00000242e09421c0, 0x00000242e0942798]
Event: 5641.640 Thread 0x00000242f48cd000 20120       2       kotlin.text.StringsKt__StringsJVMKt::regionMatches (43 bytes)
Event: 5641.641 Thread 0x00000242f48cd000 nmethod 20120 0x00000242e0942a10 code [0x00000242e0942be0, 0x00000242e0942db8]
Event: 5641.641 Thread 0x00000242f48cd000 20117       2       com.android.aaptcompiler.ResourceTablePackage::findGroup (285 bytes)
Event: 5641.643 Thread 0x00000242f48cd000 nmethod 20117 0x00000242e0942f10 code [0x00000242e09431a0, 0x00000242e09439d8]
Event: 5641.643 Thread 0x00000242f48cd000 20119       2       kotlin.ranges.IntRange::<init> (8 bytes)
Event: 5641.643 Thread 0x00000242f48cd000 nmethod 20119 0x00000242e0943e90 code [0x00000242e0944040, 0x00000242e0944148]
Event: 5641.643 Thread 0x00000242f48cd000 20121       1       com.android.aaptcompiler.android.UnitEntry::getName (5 bytes)
Event: 5641.643 Thread 0x00000242f48cd000 nmethod 20121 0x00000242e6429090 code [0x00000242e6429240, 0x00000242e64292f8]
Event: 5641.643 Thread 0x00000242f48cd000 20109       2       com.android.aaptcompiler.ResourceTable::addResourceImpl (963 bytes)

GC Heap History (20 events):
Event: 5636.818 GC heap after
{Heap after GC invocations=121 (full 0):
 garbage-first heap   total 200704K, used 114022K [0x0000000080000000, 0x0000000100000000)
  region size 1024K, 1 young (1024K), 1 survivors (1024K)
 Metaspace       used 135033K, capacity 138000K, committed 139088K, reserved 1171456K
  class space    used 16716K, capacity 17785K, committed 18048K, reserved 1048576K
}
Event: 5636.982 GC heap before
{Heap before GC invocations=121 (full 0):
 garbage-first heap   total 200704K, used 121190K [0x0000000080000000, 0x0000000100000000)
  region size 1024K, 9 young (9216K), 1 survivors (1024K)
 Metaspace       used 135092K, capacity 138064K, committed 139344K, reserved 1171456K
  class space    used 16716K, capacity 17785K, committed 18048K, reserved 1048576K
}
Event: 5637.004 GC heap after
{Heap after GC invocations=122 (full 0):
 garbage-first heap   total 200704K, used 113978K [0x0000000080000000, 0x0000000100000000)
  region size 1024K, 1 young (1024K), 1 survivors (1024K)
 Metaspace       used 135092K, capacity 138064K, committed 139344K, reserved 1171456K
  class space    used 16716K, capacity 17785K, committed 18048K, reserved 1048576K
}
Event: 5637.766 GC heap before
{Heap before GC invocations=122 (full 0):
 garbage-first heap   total 200704K, used 155962K [0x0000000080000000, 0x0000000100000000)
  region size 1024K, 43 young (44032K), 1 survivors (1024K)
 Metaspace       used 135178K, capacity 138129K, committed 139344K, reserved 1171456K
  class space    used 16716K, capacity 17785K, committed 18048K, reserved 1048576K
}
Event: 5637.782 GC heap after
{Heap after GC invocations=123 (full 0):
 garbage-first heap   total 200704K, used 120992K [0x0000000080000000, 0x0000000100000000)
  region size 1024K, 6 young (6144K), 6 survivors (6144K)
 Metaspace       used 135178K, capacity 138129K, committed 139344K, reserved 1171456K
  class space    used 16716K, capacity 17785K, committed 18048K, reserved 1048576K
}
Event: 5638.657 GC heap before
{Heap before GC invocations=124 (full 0):
 garbage-first heap   total 200704K, used 166048K [0x0000000080000000, 0x0000000100000000)
  region size 1024K, 47 young (48128K), 6 survivors (6144K)
 Metaspace       used 135330K, capacity 138323K, committed 139600K, reserved 1171456K
  class space    used 16716K, capacity 17785K, committed 18048K, reserved 1048576K
}
Event: 5638.691 GC heap after
{Heap after GC invocations=125 (full 0):
 garbage-first heap   total 200704K, used 130949K [0x0000000080000000, 0x0000000100000000)
  region size 1024K, 6 young (6144K), 6 survivors (6144K)
 Metaspace       used 135330K, capacity 138323K, committed 139600K, reserved 1171456K
  class space    used 16716K, capacity 17785K, committed 18048K, reserved 1048576K
}
Event: 5638.772 GC heap before
{Heap before GC invocations=125 (full 0):
 garbage-first heap   total 200704K, used 134021K [0x0000000080000000, 0x0000000100000000)
  region size 1024K, 9 young (9216K), 6 survivors (6144K)
 Metaspace       used 135409K, capacity 138328K, committed 139600K, reserved 1171456K
  class space    used 16727K, capacity 17787K, committed 18048K, reserved 1048576K
}
Event: 5638.802 GC heap after
{Heap after GC invocations=126 (full 0):
 garbage-first heap   total 200704K, used 129556K [0x0000000080000000, 0x0000000100000000)
  region size 1024K, 1 young (1024K), 1 survivors (1024K)
 Metaspace       used 135409K, capacity 138328K, committed 139600K, reserved 1171456K
  class space    used 16727K, capacity 17787K, committed 18048K, reserved 1048576K
}
Event: 5639.070 GC heap before
{Heap before GC invocations=126 (full 0):
 garbage-first heap   total 200704K, used 139796K [0x0000000080000000, 0x0000000100000000)
  region size 1024K, 13 young (13312K), 1 survivors (1024K)
 Metaspace       used 135732K, capacity 138736K, committed 139984K, reserved 1171456K
  class space    used 16758K, capacity 17839K, committed 18176K, reserved 1048576K
}
Event: 5639.082 GC heap after
{Heap after GC invocations=127 (full 0):
 garbage-first heap   total 200704K, used 130133K [0x0000000080000000, 0x0000000100000000)
  region size 1024K, 2 young (2048K), 2 survivors (2048K)
 Metaspace       used 135732K, capacity 138736K, committed 139984K, reserved 1171456K
  class space    used 16758K, capacity 17839K, committed 18176K, reserved 1048576K
}
Event: 5640.349 GC heap before
{Heap before GC invocations=128 (full 0):
 garbage-first heap   total 200704K, used 174165K [0x0000000080000000, 0x0000000100000000)
  region size 1024K, 37 young (37888K), 2 survivors (2048K)
 Metaspace       used 137776K, capacity 140816K, committed 141776K, reserved 1173504K
  class space    used 17020K, capacity 18147K, committed 18432K, reserved 1048576K
}
Event: 5640.382 GC heap after
{Heap after GC invocations=129 (full 0):
 garbage-first heap   total 200704K, used 134469K [0x0000000080000000, 0x0000000100000000)
  region size 1024K, 5 young (5120K), 5 survivors (5120K)
 Metaspace       used 137776K, capacity 140816K, committed 141776K, reserved 1173504K
  class space    used 17020K, capacity 18147K, committed 18432K, reserved 1048576K
}
Event: 5640.496 GC heap before
{Heap before GC invocations=129 (full 0):
 garbage-first heap   total 200704K, used 144709K [0x0000000080000000, 0x0000000100000000)
  region size 1024K, 9 young (9216K), 5 survivors (5120K)
 Metaspace       used 137779K, capacity 140816K, committed 141776K, reserved 1173504K
  class space    used 17020K, capacity 18147K, committed 18432K, reserved 1048576K
}
Event: 5640.530 GC heap after
{Heap after GC invocations=130 (full 0):
 garbage-first heap   total 200704K, used 139734K [0x0000000080000000, 0x0000000100000000)
  region size 1024K, 2 young (2048K), 2 survivors (2048K)
 Metaspace       used 137779K, capacity 140816K, committed 141776K, reserved 1173504K
  class space    used 17020K, capacity 18147K, committed 18432K, reserved 1048576K
}
Event: 5640.543 GC heap before
{Heap before GC invocations=130 (full 0):
 garbage-first heap   total 200704K, used 139734K [0x0000000080000000, 0x0000000100000000)
  region size 1024K, 3 young (3072K), 2 survivors (2048K)
 Metaspace       used 137779K, capacity 140816K, committed 141776K, reserved 1173504K
  class space    used 17020K, capacity 18147K, committed 18432K, reserved 1048576K
}
Event: 5640.558 GC heap after
{Heap after GC invocations=131 (full 0):
 garbage-first heap   total 200704K, used 139982K [0x0000000080000000, 0x0000000100000000)
  region size 1024K, 3 young (3072K), 3 survivors (3072K)
 Metaspace       used 137779K, capacity 140816K, committed 141776K, reserved 1173504K
  class space    used 17020K, capacity 18147K, committed 18432K, reserved 1048576K
}
Event: 5641.383 GC heap before
{Heap before GC invocations=132 (full 0):
 garbage-first heap   total 200704K, used 164558K [0x0000000080000000, 0x0000000100000000)
  region size 1024K, 20 young (20480K), 3 survivors (3072K)
 Metaspace       used 138128K, capacity 141184K, committed 142032K, reserved 1173504K
  class space    used 17045K, capacity 18155K, committed 18432K, reserved 1048576K
}
Event: 5641.396 GC heap after
{Heap after GC invocations=133 (full 0):
 garbage-first heap   total 200704K, used 138641K [0x0000000080000000, 0x0000000100000000)
  region size 1024K, 3 young (3072K), 3 survivors (3072K)
 Metaspace       used 138128K, capacity 141184K, committed 142032K, reserved 1173504K
  class space    used 17045K, capacity 18155K, committed 18432K, reserved 1048576K
}
Event: 5641.651 GC heap before
{Heap before GC invocations=133 (full 0):
 garbage-first heap   total 200704K, used 143761K [0x0000000080000000, 0x0000000100000000)
  region size 1024K, 9 young (9216K), 3 survivors (3072K)
 Metaspace       used 139067K, capacity 142081K, committed 143056K, reserved 1173504K
  class space    used 17111K, capacity 18219K, committed 18432K, reserved 1048576K
}

Deoptimization events (20 events):
Event: 5641.412 Thread 0x00000242fc5d9000 Uncommon trap: trap_request=0xffffff4d fr.pc=0x00000242e5cb5cb8 relative=0x0000000000000a18
Event: 5641.412 Thread 0x00000242fc5d9000 Uncommon trap: reason=unstable_if action=reinterpret pc=0x00000242e5cb5cb8 method=com.sun.org.apache.xerces.internal.impl.io.UTF8Reader.read([CII)I @ 500 c2
Event: 5641.412 Thread 0x00000242fc5d9000 DEOPT PACKING pc=0x00000242e5cb5cb8 sp=0x0000008130efde30
Event: 5641.412 Thread 0x00000242fc5d9000 DEOPT UNPACKING pc=0x00000242dde6742f sp=0x0000008130efdd78 mode 2
Event: 5641.418 Thread 0x00000242fc5d9000 Uncommon trap: trap_request=0xffffff4d fr.pc=0x00000242e5cacc08 relative=0x0000000000000808
Event: 5641.418 Thread 0x00000242fc5d9000 Uncommon trap: reason=unstable_if action=reinterpret pc=0x00000242e5cacc08 method=com.sun.org.apache.xerces.internal.impl.io.UTF8Reader.read([CII)I @ 500 c2
Event: 5641.418 Thread 0x00000242fc5d9000 DEOPT PACKING pc=0x00000242e5cacc08 sp=0x0000008130efde30
Event: 5641.418 Thread 0x00000242fc5d9000 DEOPT UNPACKING pc=0x00000242dde6742f sp=0x0000008130efdd78 mode 2
Event: 5641.440 Thread 0x00000242fc5d9000 Uncommon trap: trap_request=0xffffff4d fr.pc=0x00000242e590cee4 relative=0x0000000000000044
Event: 5641.440 Thread 0x00000242fc5d9000 Uncommon trap: reason=unstable_if action=reinterpret pc=0x00000242e590cee4 method=java.lang.CharacterData.of(I)Ljava/lang/CharacterData; @ 4 c2
Event: 5641.440 Thread 0x00000242fc5d9000 DEOPT PACKING pc=0x00000242e590cee4 sp=0x0000008130efdb40
Event: 5641.440 Thread 0x00000242fc5d9000 DEOPT UNPACKING pc=0x00000242dde6742f sp=0x0000008130efdad8 mode 2
Event: 5641.493 Thread 0x00000242fc5da000 DEOPT PACKING pc=0x00000242de668071 sp=0x0000008130ffd810
Event: 5641.493 Thread 0x00000242fc5da000 DEOPT UNPACKING pc=0x00000242dde6724e sp=0x0000008130ffccc8 mode 0
Event: 5641.504 Thread 0x00000242fc5d9000 Uncommon trap: trap_request=0xffffff4d fr.pc=0x00000242e5a3fa1c relative=0x000000000000007c
Event: 5641.504 Thread 0x00000242fc5d9000 Uncommon trap: reason=unstable_if action=reinterpret pc=0x00000242e5a3fa1c method=java.lang.String.codePointAt(I)I @ 4 c2
Event: 5641.504 Thread 0x00000242fc5d9000 DEOPT PACKING pc=0x00000242e5a3fa1c sp=0x0000008130efddb0
Event: 5641.504 Thread 0x00000242fc5d9000 DEOPT UNPACKING pc=0x00000242dde6742f sp=0x0000008130efdd58 mode 2
Event: 5641.644 Thread 0x00000242fc5da000 DEOPT PACKING pc=0x00000242de668071 sp=0x0000008130ffd7a0
Event: 5641.644 Thread 0x00000242fc5da000 DEOPT UNPACKING pc=0x00000242dde6724e sp=0x0000008130ffcc58 mode 0

Classes redefined (0 events):
No events

Internal exceptions (20 events):
Event: 5638.888 Thread 0x00000242fc5d2800 Exception <a 'java/lang/NoSuchMethodError'{0x000000008be93e40}: <clinit>> (0x000000008be93e40) thrown at [./src/hotspot/share/prims/jni.cpp, line 1362]
Event: 5638.896 Thread 0x00000242fc5d2800 Exception <a 'java/lang/NoSuchMethodError'{0x000000008bef9a70}: <clinit>> (0x000000008bef9a70) thrown at [./src/hotspot/share/prims/jni.cpp, line 1362]
Event: 5638.897 Thread 0x00000242fc5d2800 Exception <a 'java/lang/NoSuchMethodError'{0x000000008befc390}: <clinit>> (0x000000008befc390) thrown at [./src/hotspot/share/prims/jni.cpp, line 1362]
Event: 5638.897 Thread 0x00000242fc5d2800 Exception <a 'java/lang/NoSuchMethodError'{0x000000008bd00f60}: <clinit>> (0x000000008bd00f60) thrown at [./src/hotspot/share/prims/jni.cpp, line 1362]
Event: 5638.897 Thread 0x00000242fc5d2800 Exception <a 'java/lang/NoSuchMethodError'{0x000000008bd0bf98}: <clinit>> (0x000000008bd0bf98) thrown at [./src/hotspot/share/prims/jni.cpp, line 1362]
Event: 5638.901 Thread 0x00000242fc5d2800 Exception <a 'java/lang/NoSuchMethodError'{0x000000008bd5e3d8}: <clinit>> (0x000000008bd5e3d8) thrown at [./src/hotspot/share/prims/jni.cpp, line 1362]
Event: 5638.903 Thread 0x00000242fc5d2800 Exception <a 'java/lang/NoSuchMethodError'{0x000000008bd90250}: <clinit>> (0x000000008bd90250) thrown at [./src/hotspot/share/prims/jni.cpp, line 1362]
Event: 5638.904 Thread 0x00000242fc5d2800 Exception <a 'java/lang/NoSuchMethodError'{0x000000008bd936b8}: <clinit>> (0x000000008bd936b8) thrown at [./src/hotspot/share/prims/jni.cpp, line 1362]
Event: 5638.904 Thread 0x00000242fc5d2800 Exception <a 'java/lang/NoSuchMethodError'{0x000000008bd96328}: <clinit>> (0x000000008bd96328) thrown at [./src/hotspot/share/prims/jni.cpp, line 1362]
Event: 5638.905 Thread 0x00000242fc5d2800 Exception <a 'java/lang/NoSuchMethodError'{0x000000008bdae338}: <clinit>> (0x000000008bdae338) thrown at [./src/hotspot/share/prims/jni.cpp, line 1362]
Event: 5638.906 Thread 0x00000242fc5d2800 Exception <a 'java/lang/NoSuchMethodError'{0x000000008bdc5658}: <clinit>> (0x000000008bdc5658) thrown at [./src/hotspot/share/prims/jni.cpp, line 1362]
Event: 5638.907 Thread 0x00000242fc5d2800 Exception <a 'java/lang/NoSuchMethodError'{0x000000008bdda0d8}: <clinit>> (0x000000008bdda0d8) thrown at [./src/hotspot/share/prims/jni.cpp, line 1362]
Event: 5638.910 Thread 0x00000242fc5d2800 Exception <a 'java/lang/NoSuchMethodError'{0x000000008bdf9bb8}: <clinit>> (0x000000008bdf9bb8) thrown at [./src/hotspot/share/prims/jni.cpp, line 1362]
Event: 5638.913 Thread 0x00000242fc5d2800 Exception <a 'java/lang/NoSuchMethodError'{0x000000008bc1bd40}: <clinit>> (0x000000008bc1bd40) thrown at [./src/hotspot/share/prims/jni.cpp, line 1362]
Event: 5638.914 Thread 0x00000242fc5d2800 Exception <a 'java/lang/NoSuchMethodError'{0x000000008bc2e870}: <clinit>> (0x000000008bc2e870) thrown at [./src/hotspot/share/prims/jni.cpp, line 1362]
Event: 5639.031 Thread 0x00000242fc5d2800 Implicit null exception at 0x00000242e5a097ef to 0x00000242e5a09e2c
Event: 5640.432 Thread 0x00000242fc5d2800 Implicit null exception at 0x00000242e63f01be to 0x00000242e63f4a94
Event: 5640.432 Thread 0x00000242fc5d2800 Implicit null exception at 0x00000242e63f01be to 0x00000242e63f4a94
Event: 5640.543 Thread 0x00000242fc5d2800 Implicit null exception at 0x00000242e63f01be to 0x00000242e63f4a94
Event: 5640.638 Thread 0x00000242fc5d2800 Exception <a 'java/lang/NoSuchMethodError'{0x000000008bf10ee0}: <clinit>> (0x000000008bf10ee0) thrown at [./src/hotspot/share/prims/jni.cpp, line 1362]

Events (20 events):
Event: 5641.613 loading class com/android/aapt/Resources$ToolFingerprint$Builder done
Event: 5641.618 loading class com/android/aaptcompiler/ToolFingerprint
Event: 5641.618 loading class com/android/aaptcompiler/ToolFingerprint done
Event: 5641.630 loading class com/android/aaptcompiler/FloatParsingKt
Event: 5641.630 loading class com/android/aaptcompiler/FloatParsingKt done
Event: 5641.632 loading class com/android/aaptcompiler/FloatConstantsKt
Event: 5641.632 loading class com/android/aaptcompiler/FloatConstantsKt done
Event: 5641.633 loading class kotlin/jvm/internal/FloatCompanionObject
Event: 5641.633 loading class kotlin/jvm/internal/FloatCompanionObject done
Event: 5641.633 loading class kotlin/jvm/internal/FloatCompanionObject
Event: 5641.633 loading class kotlin/jvm/internal/FloatCompanionObject done
Event: 5641.634 loading class com/android/aapt/Resources$PackageIdOrBuilder
Event: 5641.634 loading class com/android/aapt/Resources$PackageIdOrBuilder done
Event: 5641.635 loading class com/android/aaptcompiler/ResourceUtilsKt$WhenMappings
Event: 5641.635 loading class com/android/aaptcompiler/ResourceUtilsKt$WhenMappings done
Event: 5641.645 loading class com/android/aapt/Resources$Package$1
Event: 5641.645 loading class com/android/aapt/Resources$Package$1 done
Event: 5641.645 Executing VM operation: RevokeBias
Event: 5641.646 Executing VM operation: RevokeBias done
Event: 5641.651 Executing VM operation: G1CollectForAllocation


Dynamic libraries:
0x00007ff653060000 - 0x00007ff65306a000 	D:\Android\Android Studio\jre\bin\java.exe
0x00007ff8612a0000 - 0x00007ff86148d000 	C:\Windows\SYSTEM32\ntdll.dll
0x00007ff860800000 - 0x00007ff8608b3000 	C:\Windows\System32\KERNEL32.DLL
0x00007ff85e110000 - 0x00007ff85e3a5000 	C:\Windows\System32\KERNELBASE.dll
0x00007ff85d540000 - 0x00007ff85d63a000 	C:\Windows\System32\ucrtbase.dll
0x00007ff845e80000 - 0x00007ff845e99000 	D:\Android\Android Studio\jre\bin\jli.dll
0x00007ff860a70000 - 0x00007ff860c08000 	C:\Windows\System32\USER32.dll
0x00007ff85d8b0000 - 0x00007ff85d8d0000 	C:\Windows\System32\win32u.dll
0x00007ff85efa0000 - 0x00007ff85efc9000 	C:\Windows\System32\GDI32.dll
0x00007ff85d670000 - 0x00007ff85d80c000 	C:\Windows\System32\gdi32full.dll
0x00007ff85d810000 - 0x00007ff85d8b0000 	C:\Windows\System32\msvcp_win.dll
0x00007ff83da00000 - 0x00007ff83da17000 	D:\Android\Android Studio\jre\bin\VCRUNTIME140.dll
0x00007ff84e500000 - 0x00007ff84e779000 	C:\Windows\WinSxS\amd64_microsoft.windows.common-controls_6595b64144ccf1df_6.0.17763.2061_none_de73cf545348ec45\COMCTL32.dll
0x00007ff8608c0000 - 0x00007ff86095e000 	C:\Windows\System32\msvcrt.dll
0x00007ff85ec70000 - 0x00007ff85ef9d000 	C:\Windows\System32\combase.dll
0x00007ff85e830000 - 0x00007ff85e94f000 	C:\Windows\System32\RPCRT4.dll
0x00007ff85e020000 - 0x00007ff85e0a2000 	C:\Windows\System32\bcryptPrimitives.dll
0x00007ff85e780000 - 0x00007ff85e7ae000 	C:\Windows\System32\IMM32.DLL
0x00007ff833000000 - 0x00007ff83309d000 	D:\Android\Android Studio\jre\bin\msvcp140.dll
0x00007ff834290000 - 0x00007ff834d4c000 	D:\Android\Android Studio\jre\bin\server\jvm.dll
0x00007ff85eb40000 - 0x00007ff85ebe4000 	C:\Windows\System32\ADVAPI32.dll
0x00007ff85e950000 - 0x00007ff85e9ee000 	C:\Windows\System32\sechost.dll
0x00007ff85ea50000 - 0x00007ff85ea58000 	C:\Windows\System32\PSAPI.DLL
0x00007ff8590f0000 - 0x00007ff8590f9000 	C:\Windows\SYSTEM32\WSOCK32.dll
0x00007ff861200000 - 0x00007ff86126d000 	C:\Windows\System32\WS2_32.dll
0x00007ff85ae60000 - 0x00007ff85ae84000 	C:\Windows\SYSTEM32\WINMM.dll
0x00007ff85bdc0000 - 0x00007ff85bdca000 	C:\Windows\SYSTEM32\VERSION.dll
0x00007ff85ae30000 - 0x00007ff85ae5d000 	C:\Windows\SYSTEM32\WINMMBASE.dll
0x00007ff85e460000 - 0x00007ff85e4aa000 	C:\Windows\System32\cfgmgr32.dll
0x00007ff85d2e0000 - 0x00007ff85d2f1000 	C:\Windows\System32\kernel.appcore.dll
0x00007ff857300000 - 0x00007ff857311000 	D:\Android\Android Studio\jre\bin\verify.dll
0x00007ff84c310000 - 0x00007ff84c4fd000 	C:\Windows\SYSTEM32\DBGHELP.DLL
0x00007ff84c560000 - 0x00007ff84c58a000 	C:\Windows\SYSTEM32\dbgcore.DLL
0x00007ff855880000 - 0x00007ff8558a9000 	D:\Android\Android Studio\jre\bin\java.dll
0x00007ff856ec0000 - 0x00007ff856ecb000 	D:\Android\Android Studio\jre\bin\jimage.dll
0x00007ff855860000 - 0x00007ff855878000 	D:\Android\Android Studio\jre\bin\zip.dll
0x00007ff85efd0000 - 0x00007ff8604c9000 	C:\Windows\System32\SHELL32.dll
0x00007ff85e6d0000 - 0x00007ff85e778000 	C:\Windows\System32\shcore.dll
0x00007ff85d8d0000 - 0x00007ff85e01b000 	C:\Windows\System32\windows.storage.dll
0x00007ff85d320000 - 0x00007ff85d344000 	C:\Windows\System32\profapi.dll
0x00007ff85d280000 - 0x00007ff85d2dd000 	C:\Windows\System32\powrprof.dll
0x00007ff860960000 - 0x00007ff8609b2000 	C:\Windows\System32\shlwapi.dll
0x00007ff85e4b0000 - 0x00007ff85e4c7000 	C:\Windows\System32\cryptsp.dll
0x00007ff852420000 - 0x00007ff85243a000 	D:\Android\Android Studio\jre\bin\net.dll
0x00007ff854280000 - 0x00007ff854371000 	C:\Windows\SYSTEM32\WINHTTP.dll
0x00007ff85ca50000 - 0x00007ff85cab7000 	C:\Windows\system32\mswsock.dll
0x00007ff852400000 - 0x00007ff852414000 	D:\Android\Android Studio\jre\bin\nio.dll
0x00007ff85bcf0000 - 0x00007ff85bd17000 	C:\Users\Home\.gradle\native\fdc75f09e3144964f2cf3f50f0aa648679c211496f362492102eb8c894070792\windows-amd64\native-platform.dll
0x00007ff8327b0000 - 0x00007ff832946000 	C:\Users\Home\.gradle\native\12488b8bf47d2d4c9fbf2f6322a914ad602e24e48041cd04a747c6da556b65c4\windows-amd64\native-platform-file-events.dll
0x00007ff851860000 - 0x00007ff85186a000 	D:\Android\Android Studio\jre\bin\management.dll
0x00007ff847b60000 - 0x00007ff847b6c000 	D:\Android\Android Studio\jre\bin\management_ext.dll
0x00007ff85c5e0000 - 0x00007ff85c613000 	C:\Windows\system32\rsaenh.dll
0x00007ff85d640000 - 0x00007ff85d666000 	C:\Windows\System32\bcrypt.dll
0x00007ff85d180000 - 0x00007ff85d1a9000 	C:\Windows\SYSTEM32\USERENV.dll
0x00007ff85cc20000 - 0x00007ff85cc2c000 	C:\Windows\SYSTEM32\CRYPTBASE.dll
0x00007ff85c770000 - 0x00007ff85c7ad000 	C:\Windows\SYSTEM32\IPHLPAPI.DLL
0x00007ff85ea60000 - 0x00007ff85ea68000 	C:\Windows\System32\NSI.dll
0x00007ff855840000 - 0x00007ff855856000 	C:\Windows\SYSTEM32\dhcpcsvc6.DLL
0x00007ff856f60000 - 0x00007ff856f7c000 	C:\Windows\SYSTEM32\dhcpcsvc.DLL
0x00007ff85c7b0000 - 0x00007ff85c876000 	C:\Windows\SYSTEM32\DNSAPI.dll
0x00007ff8585f0000 - 0x00007ff8585fb000 	C:\Windows\SYSTEM32\WINNSI.DLL
0x00007ff83df40000 - 0x00007ff83df67000 	D:\Android\Android Studio\jre\bin\sunec.dll
0x00007ff8531c0000 - 0x00007ff8531ca000 	C:\Windows\System32\rasadhlp.dll
0x00007ff854200000 - 0x00007ff854279000 	C:\Windows\System32\fwpuclnt.dll
0x00007ff85bd20000 - 0x00007ff85bd3e000 	C:\Users\Home\AppData\Local\Temp\native-platform13406861709408778223dir\native-platform.dll
0x00007ff85bd70000 - 0x00007ff85bd78000 	D:\Android\Android Studio\jre\bin\rmi.dll

dbghelp: loaded successfully - version: 4.0.5 - missing functions: none
symbol engine: initialized successfully - sym options: 0x614 - pdb path: .;D:\Android\Android Studio\jre\bin;C:\Windows\SYSTEM32;C:\Windows\WinSxS\amd64_microsoft.windows.common-controls_6595b64144ccf1df_6.0.17763.2061_none_de73cf545348ec45;D:\Android\Android Studio\jre\bin\server;C:\Users\Home\.gradle\native\fdc75f09e3144964f2cf3f50f0aa648679c211496f362492102eb8c894070792\windows-amd64;C:\Users\Home\.gradle\native\12488b8bf47d2d4c9fbf2f6322a914ad602e24e48041cd04a747c6da556b65c4\windows-amd64;C:\Users\Home\AppData\Local\Temp\native-platform13406861709408778223dir

VM Arguments:
jvm_args: --add-opens=java.base/java.util=ALL-UNNAMED --add-opens=java.base/java.lang=ALL-UNNAMED --add-opens=java.base/java.lang.invoke=ALL-UNNAMED --add-opens=java.prefs/java.util.prefs=ALL-UNNAMED -Xmx2048m -Dfile.encoding=UTF-8 -Duser.country=RU -Duser.language=ru -Duser.variant 
java_command: org.gradle.launcher.daemon.bootstrap.GradleDaemon 6.7.1
java_class_path (initial): C:\Users\Home\.gradle\wrapper\dists\gradle-6.7.1-bin\bwlcbys1h7rz3272sye1xwiv6\gradle-6.7.1\lib\gradle-launcher-6.7.1.jar
Launcher Type: SUN_STANDARD

[Global flags]
     intx CICompilerCount                          = 3                                         {product} {ergonomic}
     uint ConcGCThreads                            = 1                                         {product} {ergonomic}
     uint G1ConcRefinementThreads                  = 4                                         {product} {ergonomic}
   size_t G1HeapRegionSize                         = 1048576                                   {product} {ergonomic}
    uintx GCDrainStackTargetSize                   = 64                                        {product} {ergonomic}
   size_t InitialHeapSize                          = 65011712                                  {product} {ergonomic}
   size_t MarkStackSize                            = 4194304                                   {product} {ergonomic}
   size_t MaxHeapSize                              = 2147483648                                {product} {command line}
   size_t MaxNewSize                               = 1287651328                                {product} {ergonomic}
   size_t MinHeapDeltaBytes                        = 1048576                                   {product} {ergonomic}
    uintx NonNMethodCodeHeapSize                   = 5830732                                {pd product} {ergonomic}
    uintx NonProfiledCodeHeapSize                  = 122913754                              {pd product} {ergonomic}
    uintx ProfiledCodeHeapSize                     = 122913754                              {pd product} {ergonomic}
    uintx ReservedCodeCacheSize                    = 251658240                              {pd product} {ergonomic}
     bool SegmentedCodeCache                       = true                                      {product} {ergonomic}
     bool UseCompressedClassPointers               = true                                 {lp64_product} {ergonomic}
     bool UseCompressedOops                        = true                                 {lp64_product} {ergonomic}
     bool UseG1GC                                  = true                                      {product} {ergonomic}
     bool UseLargePagesIndividualAllocation        = false                                  {pd product} {ergonomic}

Logging:
Log output configuration:
 #0: stdout all=warning uptime,level,tags
 #1: stderr all=off uptime,level,tags

Environment Variables:
PATH=C:\Program Files (x86)\Common Files\Oracle\Java\javapath;C:\Windows\system32;C:\Windows;C:\Windows\System32\Wbem;C:\Windows\System32\WindowsPowerShell\v1.0\;C:\Windows\System32\OpenSSH\;D:\AndroidProjects\Git\cmd;C:\Users\Home\AppData\Local\Microsoft\WindowsApps;
USERNAME=Home
OS=Windows_NT
PROCESSOR_IDENTIFIER=Intel64 Family 6 Model 42 Stepping 7, GenuineIntel



---------------  S Y S T E M  ---------------

OS: Windows 10 , 64 bit Build 17763 (10.0.17763.2028)
OS uptime: 0 days 1:37 hours

CPU:total 4 (initial active 4) (2 cores per cpu, 2 threads per core) family 6 model 42 stepping 7, cmov, cx8, fxsr, mmx, sse, sse2, sse3, ssse3, sse4.1, sse4.2, popcnt, avx, clmul, ht, tsc, tscinvbit

Memory: 4k page, system-wide physical 3932M (429M free)
TotalPageFile size 4732M (AvailPageFile size 57M)
current process WorkingSet (physical memory assigned to process): 472M, peak: 492M
current process commit charge ("private bytes"): 591M, peak: 644M

vm_info: OpenJDK 64-Bit Server VM (11.0.8+10-b944.6842174) for windows-amd64 JRE (11.0.8+10-b944.6842174), built on Sep 19 2020 01:11:42 by "builder" with MS VC++ 14.0 (VS2015)

END.
